{"type":"operationStart","subtype":"render","name":"ReportView.pdf","previousOperationId":null,"profileId":"MIosa08aFfo0VS6D","timestamp":1645809594419,"id":"2hh5t36o9u1ed9k","operationId":"c5nmb45yqa0shat"}
{"type":"log","timestamp":1645809594419,"level":"info","message":"Starting rendering request 21 (user: null)","meta":{"rootId":"04883wed5a371nt","id":"04883wed5a371nt"},"id":"cfsgy101i74hs0k","operationId":"honok1fn910ph1a","previousOperationId":"c5nmb45yqa0shat"}
{"type":"log","timestamp":1645809594419,"level":"info","message":"Rendering template { name: ReportView.pdf, recipe: chrome-pdf, engine: handlebars, preview: true }","meta":{"rootId":"04883wed5a371nt","id":"04883wed5a371nt"},"id":"137pcwr3ufu0nxo","operationId":"wuu7ad8ctqo3iqm","previousOperationId":"c5nmb45yqa0shat"}
{"type":"log","timestamp":1645809594420,"level":"debug","message":"Data item not defined for this template.","meta":{"rootId":"04883wed5a371nt","id":"04883wed5a371nt"},"id":"r9ar5z3dy0djsb2","operationId":"nzzsq88xpultl7y","previousOperationId":"c5nmb45yqa0shat"}
{"type":"log","timestamp":1645809594422,"level":"debug","message":"Executing script view-script (beforeRender)","meta":{"rootId":"04883wed5a371nt","id":"04883wed5a371nt"},"id":"02duilad3ndodzf","operationId":"ci0bcgcpjcz2dv5","previousOperationId":"c5nmb45yqa0shat"}
{"type":"operationStart","subtype":"scriptsBeforeRender","name":"scripts beforeRender","timestamp":1645809594431,"id":"hj323pvm30kfiwj","previousEventId":"2hh5t36o9u1ed9k","operationId":"vrsn4qllnl73yr5","previousOperationId":"c5nmb45yqa0shat"}
{"type":"operationStart","subtype":"script","name":"scripts view-script","previousOperationId":"vrsn4qllnl73yr5","timestamp":1645809594431,"id":"3e1edl4ail99e7l","previousEventId":"hj323pvm30kfiwj","operationId":"w56fqeefh7qqszl"}
{"type":"operationEnd","operationId":"w56fqeefh7qqszl","timestamp":1645809594436,"id":"hlzz1ify228vb6d","previousEventId":"2hh5t36o9u1ed9k","previousOperationId":"c5nmb45yqa0shat"}
{"type":"operationEnd","operationId":"vrsn4qllnl73yr5","timestamp":1645809594436,"id":"eifg9bgwucqp5ab","previousEventId":"hlzz1ify228vb6d","previousOperationId":"c5nmb45yqa0shat"}
{"type":"log","timestamp":1645809594436,"level":"debug","message":"Base url not specified, skipping its injection.","meta":{"rootId":"04883wed5a371nt","id":"04883wed5a371nt"},"id":"ttb63awv0is95xj","operationId":"umndzup8d3pwa95","previousOperationId":"vrsn4qllnl73yr5"}
{"type":"operationStart","subtype":"engine","name":"handlebars","timestamp":1645809594436,"id":"wga32its1n7ey59","previousEventId":"eifg9bgwucqp5ab","operationId":"m4yl1srszdovvmy","previousOperationId":"vrsn4qllnl73yr5"}
{"type":"log","timestamp":1645809594436,"level":"debug","message":"Rendering engine handlebars","meta":{"rootId":"04883wed5a371nt","id":"04883wed5a371nt"},"id":"5jgvjmerupl5x0w","operationId":"dlmzg8em46csgvr","previousOperationId":"m4yl1srszdovvmy"}
{"type":"operationEnd","operationId":"m4yl1srszdovvmy","timestamp":1645809594448,"id":"kbbctn1r1kygglq","previousEventId":"wga32its1n7ey59","previousOperationId":"m4yl1srszdovvmy"}
{"type":"operationStart","subtype":"recipe","name":"chrome-pdf","timestamp":1645809594448,"id":"bgh32nh062qgimt","previousEventId":"kbbctn1r1kygglq","operationId":"fnhvqw4jhmt1twu","previousOperationId":"m4yl1srszdovvmy"}
{"type":"log","timestamp":1645809594448,"level":"debug","message":"Executing recipe chrome-pdf","meta":{"rootId":"04883wed5a371nt","id":"04883wed5a371nt"},"id":"fxw3xmetvh53z7m","operationId":"xe3xflk04m28a4b","previousOperationId":"fnhvqw4jhmt1twu"}
{"type":"log","timestamp":1645809594452,"level":"debug","message":"Converting with chrome HeadlessChrome/98.0.4758.0 using chrome-pool strategy","meta":{"rootId":"04883wed5a371nt","id":"04883wed5a371nt"},"id":"5jdcgxhog6ye20e","operationId":"mx4911czdvq7xnn","previousOperationId":"fnhvqw4jhmt1twu"}
{"type":"log","timestamp":1645809594546,"level":"debug","message":"Page request: GET (document) file:///C:/Users/ALUMNA~4/AppData/Local/Temp/jsreport/autocleanup/ba5c28ea-5f65-4eb6-8973-c93e0f9761e4-chrome-pdf.html","meta":{"rootId":"04883wed5a371nt","id":"04883wed5a371nt"},"id":"73fhind9fewoqau","operationId":"b3rep7jxeeoy7ir","previousOperationId":"fnhvqw4jhmt1twu"}
{"type":"log","timestamp":1645809594569,"level":"debug","message":"Page request finished: GET (document) file:///C:/Users/ALUMNA~4/AppData/Local/Temp/jsreport/autocleanup/ba5c28ea-5f65-4eb6-8973-c93e0f9761e4-chrome-pdf.html","meta":{"rootId":"04883wed5a371nt","id":"04883wed5a371nt"},"id":"kuomieybs68rnuw","operationId":"d553ruhobkw3zet","previousOperationId":"fnhvqw4jhmt1twu"}
{"type":"log","timestamp":1645809594572,"level":"debug","message":"Page request: GET (stylesheet) https://cdnjs.cloudflare.com/ajax/libs/metro/4.1.5/css/metro.min.css","meta":{"rootId":"04883wed5a371nt","id":"04883wed5a371nt"},"id":"tzwjlof09rqb8rt","operationId":"qm3e5j3j4br762o","previousOperationId":"fnhvqw4jhmt1twu"}
{"type":"log","timestamp":1645809594572,"level":"debug","message":"Page request: GET (script) https://cdnjs.cloudflare.com/ajax/libs/Chart.js/2.7.2/Chart.min.js","meta":{"rootId":"04883wed5a371nt","id":"04883wed5a371nt"},"id":"bnhl9ugdnt4kzbq","operationId":"nrlsegh6ntxrsc0","previousOperationId":"fnhvqw4jhmt1twu"}
{"type":"log","timestamp":1645809594572,"level":"debug","message":"Page request: GET (script) http://code.jquery.com/jquery-1.11.0.min.js","meta":{"rootId":"04883wed5a371nt","id":"04883wed5a371nt"},"id":"s214m1ggspot9k0","operationId":"cu6savfpmvt4no3","previousOperationId":"fnhvqw4jhmt1twu"}
{"type":"log","timestamp":1645809594572,"level":"debug","message":"Page request: GET (script) http://cdnjs.cloudflare.com/ajax/libs/flot/0.8.1/jquery.flot.min.js","meta":{"rootId":"04883wed5a371nt","id":"04883wed5a371nt"},"id":"d360bpl2t2qjkxo","operationId":"2kusyyacng8m176","previousOperationId":"fnhvqw4jhmt1twu"}
{"type":"log","timestamp":1645809594575,"level":"warn","message":"Page request failed: GET (script) 307 http://cdnjs.cloudflare.com/ajax/libs/flot/0.8.1/jquery.flot.min.js (redirect to: https://cdnjs.cloudflare.com/ajax/libs/flot/0.8.1/jquery.flot.min.js)","meta":{"rootId":"04883wed5a371nt","id":"04883wed5a371nt"},"id":"unih83we36msv2t","operationId":"wr4b7rmz2bildmj","previousOperationId":"fnhvqw4jhmt1twu"}
{"type":"log","timestamp":1645809594575,"level":"debug","message":"Page request: GET (script) https://cdnjs.cloudflare.com/ajax/libs/flot/0.8.1/jquery.flot.min.js (redirect from: http://cdnjs.cloudflare.com/ajax/libs/flot/0.8.1/jquery.flot.min.js)","meta":{"rootId":"04883wed5a371nt","id":"04883wed5a371nt"},"id":"mzupixouii5nmto","operationId":"7x8z9eacagzrf1b","previousOperationId":"fnhvqw4jhmt1twu"}
{"type":"log","timestamp":1645809594579,"level":"debug","message":"Page request finished: GET (script) 200 http://code.jquery.com/jquery-1.11.0.min.js","meta":{"rootId":"04883wed5a371nt","id":"04883wed5a371nt"},"id":"boap25a4k5ky8ou","operationId":"we9abrqotasyluk","previousOperationId":"fnhvqw4jhmt1twu"}
{"type":"log","timestamp":1645809594579,"level":"debug","message":"Page request finished: GET (script) 200 https://cdnjs.cloudflare.com/ajax/libs/Chart.js/2.7.2/Chart.min.js","meta":{"rootId":"04883wed5a371nt","id":"04883wed5a371nt"},"id":"8ihzpu1pdcizng2","operationId":"0c829gvz13thy57","previousOperationId":"fnhvqw4jhmt1twu"}
{"type":"log","timestamp":1645809594601,"level":"debug","message":"Page request finished: GET (stylesheet) 200 https://cdnjs.cloudflare.com/ajax/libs/metro/4.1.5/css/metro.min.css","meta":{"rootId":"04883wed5a371nt","id":"04883wed5a371nt"},"id":"i9hb4y9pj8a09jy","operationId":"tfkaof9fw03k32h","previousOperationId":"fnhvqw4jhmt1twu"}
{"type":"log","timestamp":1645809594601,"level":"debug","message":"Page request finished: GET (script) 200 https://cdnjs.cloudflare.com/ajax/libs/flot/0.8.1/jquery.flot.min.js","meta":{"rootId":"04883wed5a371nt","id":"04883wed5a371nt"},"id":"q12amghbn9eups9","operationId":"gc01eopajau8syj","previousOperationId":"fnhvqw4jhmt1twu"}
{"type":"log","timestamp":1645809594616,"level":"warn","message":"Page error: SyntaxError: Unexpected end of input","meta":{"rootId":"04883wed5a371nt","id":"04883wed5a371nt"},"id":"shbh8f2sjq7ys3s","operationId":"uomlt5ealfp2eda","previousOperationId":"fnhvqw4jhmt1twu"}
{"type":"log","timestamp":1645809594649,"level":"debug","message":"Running chrome with params {\"printBackground\":true,\"displayHeaderFooter\":true,\"timeout\":60000,\"margin\":{}}","meta":{"rootId":"04883wed5a371nt","id":"04883wed5a371nt"},"id":"suitznxm86su2ju","operationId":"bunyybhjpuvr6fm","previousOperationId":"fnhvqw4jhmt1twu"}
{"type":"operationEnd","operationId":"fnhvqw4jhmt1twu","timestamp":1645809594794,"id":"vetjz9o5rag8h0o","previousEventId":"bgh32nh062qgimt","previousOperationId":"fnhvqw4jhmt1twu"}
{"type":"log","timestamp":1645809594794,"level":"debug","message":"Skipping storing report.","meta":{"rootId":"04883wed5a371nt","id":"04883wed5a371nt"},"id":"2gacvibhvuwayad","operationId":"j8yqhrqrhp9pz3s","previousOperationId":"fnhvqw4jhmt1twu"}
{"type":"log","timestamp":1645809594794,"level":"info","message":"Rendering request 21 finished in 375 ms","meta":{"rootId":"04883wed5a371nt","id":"04883wed5a371nt"},"id":"72zxlaraem2bkjp","operationId":"7qwxtgvmu8b5tz2","previousOperationId":"fnhvqw4jhmt1twu"}
{"type":"operationEnd","subtype":"render","operationId":"c5nmb45yqa0shat","timestamp":1645809594794,"id":"aqomec4ucykx8hv","previousEventId":"vetjz9o5rag8h0o","previousOperationId":"fnhvqw4jhmt1twu"}
