{"type":"operationStart","subtype":"render","name":"ReportView.pdf","previousOperationId":null,"profileId":"CHoOXSw6vKYis2lS","timestamp":1645809327025,"id":"btgg80bn9amhehf","operationId":"5lju56mrdoolhes"}
{"type":"log","timestamp":1645809327025,"level":"info","message":"Starting rendering request 14 (user: null)","meta":{"rootId":"2kwxmzlxa4uz4bi","id":"2kwxmzlxa4uz4bi"},"id":"exnsroyqwg1gquk","operationId":"iqpm9kbvt83pm4o","previousOperationId":"5lju56mrdoolhes"}
{"type":"log","timestamp":1645809327025,"level":"info","message":"Rendering template { name: ReportView.pdf, recipe: chrome-pdf, engine: handlebars, preview: true }","meta":{"rootId":"2kwxmzlxa4uz4bi","id":"2kwxmzlxa4uz4bi"},"id":"9lkji2473guxp81","operationId":"oxm4ocms7299dj5","previousOperationId":"5lju56mrdoolhes"}
{"type":"log","timestamp":1645809327026,"level":"debug","message":"Data item not defined for this template.","meta":{"rootId":"2kwxmzlxa4uz4bi","id":"2kwxmzlxa4uz4bi"},"id":"dlf32b8r9chw66z","operationId":"lo3m882s5lk1hmm","previousOperationId":"5lju56mrdoolhes"}
{"type":"log","timestamp":1645809327027,"level":"debug","message":"Executing script view-script (beforeRender)","meta":{"rootId":"2kwxmzlxa4uz4bi","id":"2kwxmzlxa4uz4bi"},"id":"m4myetrljmrd1kv","operationId":"xjis7h28vxqu5o0","previousOperationId":"5lju56mrdoolhes"}
{"type":"operationStart","subtype":"scriptsBeforeRender","name":"scripts beforeRender","timestamp":1645809327038,"id":"pa0hz29ees6il1y","previousEventId":"btgg80bn9amhehf","operationId":"wefxou9zibdm03o","previousOperationId":"5lju56mrdoolhes"}
{"type":"operationStart","subtype":"script","name":"scripts view-script","previousOperationId":"wefxou9zibdm03o","timestamp":1645809327038,"id":"zriqsqfp8c9suw2","previousEventId":"pa0hz29ees6il1y","operationId":"mfekyik1l3qjq2t"}
{"type":"operationEnd","operationId":"mfekyik1l3qjq2t","timestamp":1645809327042,"id":"vwh544rr9i0t3wn","previousEventId":"btgg80bn9amhehf","previousOperationId":"5lju56mrdoolhes"}
{"type":"operationEnd","operationId":"wefxou9zibdm03o","timestamp":1645809327042,"id":"m7s9q93c9cgme20","previousEventId":"vwh544rr9i0t3wn","previousOperationId":"5lju56mrdoolhes"}
{"type":"log","timestamp":1645809327042,"level":"debug","message":"Base url not specified, skipping its injection.","meta":{"rootId":"2kwxmzlxa4uz4bi","id":"2kwxmzlxa4uz4bi"},"id":"hn0qok72f76roev","operationId":"yunt0k3ru5fnfle","previousOperationId":"wefxou9zibdm03o"}
{"type":"operationStart","subtype":"engine","name":"handlebars","timestamp":1645809327042,"id":"qb707d449o2ywhc","previousEventId":"m7s9q93c9cgme20","operationId":"0hleea6ks7y8q6i","previousOperationId":"wefxou9zibdm03o"}
{"type":"log","timestamp":1645809327042,"level":"debug","message":"Rendering engine handlebars","meta":{"rootId":"2kwxmzlxa4uz4bi","id":"2kwxmzlxa4uz4bi"},"id":"6gmjkt3xj77w5xv","operationId":"oo5p1w0vs68tkyh","previousOperationId":"0hleea6ks7y8q6i"}
{"type":"operationEnd","operationId":"0hleea6ks7y8q6i","timestamp":1645809327056,"id":"2a3wociovnblyqp","previousEventId":"qb707d449o2ywhc","previousOperationId":"0hleea6ks7y8q6i"}
{"type":"operationStart","subtype":"recipe","name":"chrome-pdf","timestamp":1645809327056,"id":"u3nd58i8a0kmwkg","previousEventId":"2a3wociovnblyqp","operationId":"h0l0g6gc06scgxg","previousOperationId":"0hleea6ks7y8q6i"}
{"type":"log","timestamp":1645809327056,"level":"debug","message":"Executing recipe chrome-pdf","meta":{"rootId":"2kwxmzlxa4uz4bi","id":"2kwxmzlxa4uz4bi"},"id":"g0ni8xz559ca7b9","operationId":"ms6myrcew21dr45","previousOperationId":"h0l0g6gc06scgxg"}
{"type":"log","timestamp":1645809327059,"level":"debug","message":"Converting with chrome HeadlessChrome/98.0.4758.0 using chrome-pool strategy","meta":{"rootId":"2kwxmzlxa4uz4bi","id":"2kwxmzlxa4uz4bi"},"id":"l2tnq37fgg0nv1w","operationId":"4y3qbmsp9cwz7p2","previousOperationId":"h0l0g6gc06scgxg"}
{"type":"log","timestamp":1645809327157,"level":"debug","message":"Page request: GET (document) file:///C:/Users/ALUMNA~4/AppData/Local/Temp/jsreport/autocleanup/bdb706a8-0c66-41df-9373-4b6a550c1498-chrome-pdf.html","meta":{"rootId":"2kwxmzlxa4uz4bi","id":"2kwxmzlxa4uz4bi"},"id":"yzxarwrc1sp3kxy","operationId":"1uxdionwmh3zups","previousOperationId":"h0l0g6gc06scgxg"}
{"type":"log","timestamp":1645809327175,"level":"debug","message":"Page request finished: GET (document) file:///C:/Users/ALUMNA~4/AppData/Local/Temp/jsreport/autocleanup/bdb706a8-0c66-41df-9373-4b6a550c1498-chrome-pdf.html","meta":{"rootId":"2kwxmzlxa4uz4bi","id":"2kwxmzlxa4uz4bi"},"id":"mcqk049fr9i506q","operationId":"z3mqgtx09nmoa0a","previousOperationId":"h0l0g6gc06scgxg"}
{"type":"log","timestamp":1645809327176,"level":"debug","message":"Page request: GET (stylesheet) https://cdnjs.cloudflare.com/ajax/libs/metro/4.1.5/css/metro.min.css","meta":{"rootId":"2kwxmzlxa4uz4bi","id":"2kwxmzlxa4uz4bi"},"id":"c4tpdur03065mx8","operationId":"qpf7j6ri30kipec","previousOperationId":"h0l0g6gc06scgxg"}
{"type":"log","timestamp":1645809327176,"level":"debug","message":"Page request: GET (script) https://cdnjs.cloudflare.com/ajax/libs/Chart.js/2.7.2/Chart.min.js","meta":{"rootId":"2kwxmzlxa4uz4bi","id":"2kwxmzlxa4uz4bi"},"id":"ukhl6dv1kxti7tz","operationId":"d0dbhu9yfwfurqn","previousOperationId":"h0l0g6gc06scgxg"}
{"type":"log","timestamp":1645809327182,"level":"debug","message":"Page request finished: GET (script) 200 https://cdnjs.cloudflare.com/ajax/libs/Chart.js/2.7.2/Chart.min.js","meta":{"rootId":"2kwxmzlxa4uz4bi","id":"2kwxmzlxa4uz4bi"},"id":"hfxz6jgd5ur3t9x","operationId":"r0yc7fkh0wqca4m","previousOperationId":"h0l0g6gc06scgxg"}
{"type":"log","timestamp":1645809327201,"level":"debug","message":"Page request finished: GET (stylesheet) 200 https://cdnjs.cloudflare.com/ajax/libs/metro/4.1.5/css/metro.min.css","meta":{"rootId":"2kwxmzlxa4uz4bi","id":"2kwxmzlxa4uz4bi"},"id":"26l1badz9u2xeb6","operationId":"249uivsq9q28phz","previousOperationId":"h0l0g6gc06scgxg"}
{"type":"log","timestamp":1645809327209,"level":"warn","message":"Page error: ReferenceError: $ is not defined\n    at file:///C:/Users/ALUMNA~4/AppData/Local/Temp/jsreport/autocleanup/bdb706a8-0c66-41df-9373-4b6a550c1498-chrome-pdf.html:52:1","meta":{"rootId":"2kwxmzlxa4uz4bi","id":"2kwxmzlxa4uz4bi"},"id":"vazbcgn0pob95lv","operationId":"zbspipgiu8t4xqq","previousOperationId":"h0l0g6gc06scgxg"}
{"type":"log","timestamp":1645809327237,"level":"debug","message":"Running chrome with params {\"printBackground\":true,\"displayHeaderFooter\":true,\"timeout\":60000,\"margin\":{}}","meta":{"rootId":"2kwxmzlxa4uz4bi","id":"2kwxmzlxa4uz4bi"},"id":"8o8wnn6tmew61yb","operationId":"lu154nar1pcw4o4","previousOperationId":"h0l0g6gc06scgxg"}
{"type":"operationEnd","operationId":"h0l0g6gc06scgxg","timestamp":1645809327373,"id":"c3r6lac5t58qi39","previousEventId":"u3nd58i8a0kmwkg","previousOperationId":"h0l0g6gc06scgxg"}
{"type":"log","timestamp":1645809327373,"level":"debug","message":"Skipping storing report.","meta":{"rootId":"2kwxmzlxa4uz4bi","id":"2kwxmzlxa4uz4bi"},"id":"1ak80hzrlcnedhp","operationId":"n4axhq51utu5adv","previousOperationId":"h0l0g6gc06scgxg"}
{"type":"log","timestamp":1645809327373,"level":"info","message":"Rendering request 14 finished in 348 ms","meta":{"rootId":"2kwxmzlxa4uz4bi","id":"2kwxmzlxa4uz4bi"},"id":"6gywgztn0hcdwpz","operationId":"g8fk6ut6oso4tmi","previousOperationId":"h0l0g6gc06scgxg"}
{"type":"operationEnd","subtype":"render","operationId":"5lju56mrdoolhes","timestamp":1645809327373,"id":"hx4v0btp4x5oddk","previousEventId":"c3r6lac5t58qi39","previousOperationId":"h0l0g6gc06scgxg"}
