{"type":"operationStart","subtype":"render","name":"ReportView.pdf","previousOperationId":null,"profileId":"ERUXUVpiHeQT1iXI","timestamp":1645809361297,"id":"txzryv5wit73y6m","operationId":"aj2vnqu2d3dz4ku"}
{"type":"log","timestamp":1645809361297,"level":"info","message":"Starting rendering request 17 (user: null)","meta":{"rootId":"2sw3nbjf3etly25","id":"2sw3nbjf3etly25"},"id":"vwrsfsclox3svvh","operationId":"crpyw7fzdw5soj8","previousOperationId":"aj2vnqu2d3dz4ku"}
{"type":"log","timestamp":1645809361297,"level":"info","message":"Rendering template { name: ReportView.pdf, recipe: chrome-pdf, engine: handlebars, preview: true }","meta":{"rootId":"2sw3nbjf3etly25","id":"2sw3nbjf3etly25"},"id":"sm128m9k4w4nszo","operationId":"npebtsmconw8ynm","previousOperationId":"aj2vnqu2d3dz4ku"}
{"type":"log","timestamp":1645809361298,"level":"debug","message":"Data item not defined for this template.","meta":{"rootId":"2sw3nbjf3etly25","id":"2sw3nbjf3etly25"},"id":"qa2jffz2u9ug1qz","operationId":"1i9vd7ztb2mth65","previousOperationId":"aj2vnqu2d3dz4ku"}
{"type":"log","timestamp":1645809361300,"level":"debug","message":"Executing script view-script (beforeRender)","meta":{"rootId":"2sw3nbjf3etly25","id":"2sw3nbjf3etly25"},"id":"d305e7xytfj2elc","operationId":"0nhrapb178mlq0k","previousOperationId":"aj2vnqu2d3dz4ku"}
{"type":"operationStart","subtype":"scriptsBeforeRender","name":"scripts beforeRender","timestamp":1645809361313,"id":"o1clya98cc1c6j0","previousEventId":"txzryv5wit73y6m","operationId":"ncojimqnm0kp7ea","previousOperationId":"aj2vnqu2d3dz4ku"}
{"type":"operationStart","subtype":"script","name":"scripts view-script","previousOperationId":"ncojimqnm0kp7ea","timestamp":1645809361313,"id":"h1jq2ew1u8obado","previousEventId":"o1clya98cc1c6j0","operationId":"azlpf0ogzkeyk7m"}
{"type":"operationEnd","operationId":"azlpf0ogzkeyk7m","timestamp":1645809361317,"id":"htji3xdk4kqpmou","previousEventId":"txzryv5wit73y6m","previousOperationId":"aj2vnqu2d3dz4ku"}
{"type":"operationEnd","operationId":"ncojimqnm0kp7ea","timestamp":1645809361317,"id":"zbqn2tq9c7ghcsn","previousEventId":"htji3xdk4kqpmou","previousOperationId":"aj2vnqu2d3dz4ku"}
{"type":"log","timestamp":1645809361317,"level":"debug","message":"Base url not specified, skipping its injection.","meta":{"rootId":"2sw3nbjf3etly25","id":"2sw3nbjf3etly25"},"id":"wt9o5s4mz3obrhe","operationId":"yne4op6u7xtu3r4","previousOperationId":"ncojimqnm0kp7ea"}
{"type":"operationStart","subtype":"engine","name":"handlebars","timestamp":1645809361317,"id":"rjj3zgolke5mk7z","previousEventId":"zbqn2tq9c7ghcsn","operationId":"rqym8xej2kyr3fs","previousOperationId":"ncojimqnm0kp7ea"}
{"type":"log","timestamp":1645809361317,"level":"debug","message":"Rendering engine handlebars","meta":{"rootId":"2sw3nbjf3etly25","id":"2sw3nbjf3etly25"},"id":"ow8nij5wu9k88db","operationId":"ze869tf1n8chyof","previousOperationId":"rqym8xej2kyr3fs"}
{"type":"operationEnd","operationId":"rqym8xej2kyr3fs","timestamp":1645809361330,"id":"8m285w2e7hu9s40","previousEventId":"rjj3zgolke5mk7z","previousOperationId":"rqym8xej2kyr3fs"}
{"type":"operationStart","subtype":"recipe","name":"chrome-pdf","timestamp":1645809361330,"id":"mqhp6vkr9plf2m3","previousEventId":"8m285w2e7hu9s40","operationId":"zwvoy8pck9fxqxk","previousOperationId":"rqym8xej2kyr3fs"}
{"type":"log","timestamp":1645809361330,"level":"debug","message":"Executing recipe chrome-pdf","meta":{"rootId":"2sw3nbjf3etly25","id":"2sw3nbjf3etly25"},"id":"cv63yy3z3cyrbef","operationId":"99c9l60uek0mlj9","previousOperationId":"zwvoy8pck9fxqxk"}
{"type":"log","timestamp":1645809361333,"level":"debug","message":"Converting with chrome HeadlessChrome/98.0.4758.0 using chrome-pool strategy","meta":{"rootId":"2sw3nbjf3etly25","id":"2sw3nbjf3etly25"},"id":"y5k71l5h49ryr2l","operationId":"7cv781m8qc1rv3l","previousOperationId":"zwvoy8pck9fxqxk"}
{"type":"log","timestamp":1645809361427,"level":"debug","message":"Page request: GET (document) file:///C:/Users/ALUMNA~4/AppData/Local/Temp/jsreport/autocleanup/4e9fce16-3d60-45be-94c6-5ad7311f82ff-chrome-pdf.html","meta":{"rootId":"2sw3nbjf3etly25","id":"2sw3nbjf3etly25"},"id":"g4u57e2428d18k5","operationId":"egbtcbosch3yv1e","previousOperationId":"zwvoy8pck9fxqxk"}
{"type":"log","timestamp":1645809361439,"level":"debug","message":"Page request finished: GET (document) file:///C:/Users/ALUMNA~4/AppData/Local/Temp/jsreport/autocleanup/4e9fce16-3d60-45be-94c6-5ad7311f82ff-chrome-pdf.html","meta":{"rootId":"2sw3nbjf3etly25","id":"2sw3nbjf3etly25"},"id":"0898hjant32ue0c","operationId":"6wd7vlyswuhom5h","previousOperationId":"zwvoy8pck9fxqxk"}
{"type":"log","timestamp":1645809361439,"level":"debug","message":"Page request: GET (stylesheet) https://cdnjs.cloudflare.com/ajax/libs/metro/4.1.5/css/metro.min.css","meta":{"rootId":"2sw3nbjf3etly25","id":"2sw3nbjf3etly25"},"id":"3zlpxk9p4f9gb9i","operationId":"6yx0pwxdqccxiet","previousOperationId":"zwvoy8pck9fxqxk"}
{"type":"log","timestamp":1645809361439,"level":"debug","message":"Page request: GET (script) https://cdnjs.cloudflare.com/ajax/libs/Chart.js/2.7.2/Chart.min.js","meta":{"rootId":"2sw3nbjf3etly25","id":"2sw3nbjf3etly25"},"id":"eonhi2601zg9xlo","operationId":"frhl9pv9cha6grs","previousOperationId":"zwvoy8pck9fxqxk"}
{"type":"log","timestamp":1645809361468,"level":"debug","message":"Page request finished: GET (stylesheet) 200 https://cdnjs.cloudflare.com/ajax/libs/metro/4.1.5/css/metro.min.css","meta":{"rootId":"2sw3nbjf3etly25","id":"2sw3nbjf3etly25"},"id":"w736wl04cr1dgxc","operationId":"ih6wbmu34hssf6c","previousOperationId":"zwvoy8pck9fxqxk"}
{"type":"log","timestamp":1645809361470,"level":"debug","message":"Page request finished: GET (script) 200 https://cdnjs.cloudflare.com/ajax/libs/Chart.js/2.7.2/Chart.min.js","meta":{"rootId":"2sw3nbjf3etly25","id":"2sw3nbjf3etly25"},"id":"d7xiokvq96zgox9","operationId":"sbawh2s7a9kvpkm","previousOperationId":"zwvoy8pck9fxqxk"}
{"type":"log","timestamp":1645809361479,"level":"warn","message":"Page error: TypeError: Cannot read properties of null (reading 'length')\n    at Object.acquireContext (https://cdnjs.cloudflare.com/ajax/libs/Chart.js/2.7.2/Chart.min.js:10:122612)\n    at t.construct (https://cdnjs.cloudflare.com/ajax/libs/Chart.js/2.7.2/Chart.min.js:10:53710)\n    at new t (https://cdnjs.cloudflare.com/ajax/libs/Chart.js/2.7.2/Chart.min.js:10:78025)\n    at file:///C:/Users/ALUMNA~4/AppData/Local/Temp/jsreport/autocleanup/4e9fce16-3d60-45be-94c6-5ad7311f82ff-chrome-pdf.html:61:16","meta":{"rootId":"2sw3nbjf3etly25","id":"2sw3nbjf3etly25"},"id":"hhpx57fed1fsfgg","operationId":"pau0olfcudj2rav","previousOperationId":"zwvoy8pck9fxqxk"}
{"type":"log","timestamp":1645809361507,"level":"debug","message":"Running chrome with params {\"printBackground\":true,\"displayHeaderFooter\":true,\"timeout\":60000,\"margin\":{}}","meta":{"rootId":"2sw3nbjf3etly25","id":"2sw3nbjf3etly25"},"id":"6u3o4xjmu78t7ex","operationId":"1asfku7nc9gqtkq","previousOperationId":"zwvoy8pck9fxqxk"}
{"type":"operationEnd","operationId":"zwvoy8pck9fxqxk","timestamp":1645809361647,"id":"cu2vv3sf0v3vnlb","previousEventId":"mqhp6vkr9plf2m3","previousOperationId":"zwvoy8pck9fxqxk"}
{"type":"log","timestamp":1645809361647,"level":"debug","message":"Skipping storing report.","meta":{"rootId":"2sw3nbjf3etly25","id":"2sw3nbjf3etly25"},"id":"82l7n7d0epcxctm","operationId":"9d9pt0hz7ffrprc","previousOperationId":"zwvoy8pck9fxqxk"}
{"type":"log","timestamp":1645809361647,"level":"info","message":"Rendering request 17 finished in 350 ms","meta":{"rootId":"2sw3nbjf3etly25","id":"2sw3nbjf3etly25"},"id":"jbdnjih2zcxqi3d","operationId":"frm36z9a8faxzh1","previousOperationId":"zwvoy8pck9fxqxk"}
{"type":"operationEnd","subtype":"render","operationId":"aj2vnqu2d3dz4ku","timestamp":1645809361647,"id":"qq7fk5r2v8lkw7b","previousEventId":"cu2vv3sf0v3vnlb","previousOperationId":"zwvoy8pck9fxqxk"}
