{"type":"operationStart","subtype":"render","name":"ReportView.pdf","previousOperationId":null,"profileId":"ySUbcqSeidnSTAYj","timestamp":1645809352868,"id":"y70fbgzoqzc3dyx","operationId":"4jvxvw587m2tei6"}
{"type":"log","timestamp":1645809352868,"level":"info","message":"Starting rendering request 16 (user: null)","meta":{"rootId":"6ir5hmapj5p2b4p","id":"6ir5hmapj5p2b4p"},"id":"9rkvapb6jxjkwi0","operationId":"fy8b6j55gmerxe6","previousOperationId":"4jvxvw587m2tei6"}
{"type":"log","timestamp":1645809352868,"level":"info","message":"Rendering template { name: ReportView.pdf, recipe: chrome-pdf, engine: handlebars, preview: true }","meta":{"rootId":"6ir5hmapj5p2b4p","id":"6ir5hmapj5p2b4p"},"id":"5hqg3czxobp7mnu","operationId":"kytweb5mq95vo9m","previousOperationId":"4jvxvw587m2tei6"}
{"type":"log","timestamp":1645809352868,"level":"debug","message":"Data item not defined for this template.","meta":{"rootId":"6ir5hmapj5p2b4p","id":"6ir5hmapj5p2b4p"},"id":"q19yc17y2k75alh","operationId":"6k2xxbc3vjbl6tp","previousOperationId":"4jvxvw587m2tei6"}
{"type":"log","timestamp":1645809352870,"level":"debug","message":"Executing script view-script (beforeRender)","meta":{"rootId":"6ir5hmapj5p2b4p","id":"6ir5hmapj5p2b4p"},"id":"59q8sxxykylfnxy","operationId":"fb6idfp94pgsoep","previousOperationId":"4jvxvw587m2tei6"}
{"type":"operationStart","subtype":"scriptsBeforeRender","name":"scripts beforeRender","timestamp":1645809352881,"id":"9s7cv6t7tjj65i9","previousEventId":"y70fbgzoqzc3dyx","operationId":"zo0pm1bie1w3alg","previousOperationId":"4jvxvw587m2tei6"}
{"type":"operationStart","subtype":"script","name":"scripts view-script","previousOperationId":"zo0pm1bie1w3alg","timestamp":1645809352881,"id":"wegfk99cu3fa91r","previousEventId":"9s7cv6t7tjj65i9","operationId":"bj06qmn77bdoqqc"}
{"type":"operationEnd","operationId":"bj06qmn77bdoqqc","timestamp":1645809352885,"id":"0rx7ycmivtpj1ks","previousEventId":"y70fbgzoqzc3dyx","previousOperationId":"4jvxvw587m2tei6"}
{"type":"operationEnd","operationId":"zo0pm1bie1w3alg","timestamp":1645809352885,"id":"o7mj3l6j2kv2v98","previousEventId":"0rx7ycmivtpj1ks","previousOperationId":"4jvxvw587m2tei6"}
{"type":"log","timestamp":1645809352885,"level":"debug","message":"Base url not specified, skipping its injection.","meta":{"rootId":"6ir5hmapj5p2b4p","id":"6ir5hmapj5p2b4p"},"id":"2bjvuh754fspixf","operationId":"1nz7j106loybtky","previousOperationId":"zo0pm1bie1w3alg"}
{"type":"operationStart","subtype":"engine","name":"handlebars","timestamp":1645809352885,"id":"6c68pw6ur0hpfkk","previousEventId":"o7mj3l6j2kv2v98","operationId":"ei3gug4g34syfvw","previousOperationId":"zo0pm1bie1w3alg"}
{"type":"log","timestamp":1645809352885,"level":"debug","message":"Rendering engine handlebars","meta":{"rootId":"6ir5hmapj5p2b4p","id":"6ir5hmapj5p2b4p"},"id":"zeho39zd07j7hhk","operationId":"topwpugn6h4p20j","previousOperationId":"ei3gug4g34syfvw"}
{"type":"operationEnd","operationId":"ei3gug4g34syfvw","timestamp":1645809352900,"id":"j8r5pz0l1z3c8kc","previousEventId":"6c68pw6ur0hpfkk","previousOperationId":"ei3gug4g34syfvw"}
{"type":"operationStart","subtype":"recipe","name":"chrome-pdf","timestamp":1645809352900,"id":"vdbrk0qwaoahzll","previousEventId":"j8r5pz0l1z3c8kc","operationId":"p1rtpai6e800jzr","previousOperationId":"ei3gug4g34syfvw"}
{"type":"log","timestamp":1645809352900,"level":"debug","message":"Executing recipe chrome-pdf","meta":{"rootId":"6ir5hmapj5p2b4p","id":"6ir5hmapj5p2b4p"},"id":"xy4j935ffv0z5to","operationId":"ze7v77fazq2j6jn","previousOperationId":"p1rtpai6e800jzr"}
{"type":"log","timestamp":1645809352903,"level":"debug","message":"Converting with chrome HeadlessChrome/98.0.4758.0 using chrome-pool strategy","meta":{"rootId":"6ir5hmapj5p2b4p","id":"6ir5hmapj5p2b4p"},"id":"1i58ypnfryu4151","operationId":"kioda2fnq0nern9","previousOperationId":"p1rtpai6e800jzr"}
{"type":"log","timestamp":1645809352993,"level":"debug","message":"Page request: GET (document) file:///C:/Users/ALUMNA~4/AppData/Local/Temp/jsreport/autocleanup/be2d0dea-2d1f-49b9-8d60-c820ede31717-chrome-pdf.html","meta":{"rootId":"6ir5hmapj5p2b4p","id":"6ir5hmapj5p2b4p"},"id":"ucdcccqzzsub7nu","operationId":"8pnwnburtao1k15","previousOperationId":"p1rtpai6e800jzr"}
{"type":"log","timestamp":1645809353012,"level":"debug","message":"Page request finished: GET (document) file:///C:/Users/ALUMNA~4/AppData/Local/Temp/jsreport/autocleanup/be2d0dea-2d1f-49b9-8d60-c820ede31717-chrome-pdf.html","meta":{"rootId":"6ir5hmapj5p2b4p","id":"6ir5hmapj5p2b4p"},"id":"tn89mc7mdq56h4h","operationId":"91bw3hz0t3selkt","previousOperationId":"p1rtpai6e800jzr"}
{"type":"log","timestamp":1645809353014,"level":"debug","message":"Page request: GET (stylesheet) https://cdnjs.cloudflare.com/ajax/libs/metro/4.1.5/css/metro.min.css","meta":{"rootId":"6ir5hmapj5p2b4p","id":"6ir5hmapj5p2b4p"},"id":"cwgbp1yrjkhnj9l","operationId":"iprjwfbvvnf3drd","previousOperationId":"p1rtpai6e800jzr"}
{"type":"log","timestamp":1645809353014,"level":"debug","message":"Page request: GET (script) https://cdnjs.cloudflare.com/ajax/libs/Chart.js/2.7.2/Chart.min.js","meta":{"rootId":"6ir5hmapj5p2b4p","id":"6ir5hmapj5p2b4p"},"id":"dthn3c7319w6j27","operationId":"y1on961ts34sabz","previousOperationId":"p1rtpai6e800jzr"}
{"type":"log","timestamp":1645809353020,"level":"debug","message":"Page request finished: GET (script) 200 https://cdnjs.cloudflare.com/ajax/libs/Chart.js/2.7.2/Chart.min.js","meta":{"rootId":"6ir5hmapj5p2b4p","id":"6ir5hmapj5p2b4p"},"id":"073cw5jcr6nizdw","operationId":"z6ygy3cezklz75b","previousOperationId":"p1rtpai6e800jzr"}
{"type":"log","timestamp":1645809353040,"level":"debug","message":"Page request finished: GET (stylesheet) 200 https://cdnjs.cloudflare.com/ajax/libs/metro/4.1.5/css/metro.min.css","meta":{"rootId":"6ir5hmapj5p2b4p","id":"6ir5hmapj5p2b4p"},"id":"ok666hfmv7iqbpz","operationId":"ev2kgvo3ybw6va9","previousOperationId":"p1rtpai6e800jzr"}
{"type":"log","timestamp":1645809353050,"level":"warn","message":"Page error: TypeError: Cannot read properties of null (reading 'length')\n    at Object.acquireContext (https://cdnjs.cloudflare.com/ajax/libs/Chart.js/2.7.2/Chart.min.js:10:122612)\n    at t.construct (https://cdnjs.cloudflare.com/ajax/libs/Chart.js/2.7.2/Chart.min.js:10:53710)\n    at new t (https://cdnjs.cloudflare.com/ajax/libs/Chart.js/2.7.2/Chart.min.js:10:78025)\n    at file:///C:/Users/ALUMNA~4/AppData/Local/Temp/jsreport/autocleanup/be2d0dea-2d1f-49b9-8d60-c820ede31717-chrome-pdf.html:61:16","meta":{"rootId":"6ir5hmapj5p2b4p","id":"6ir5hmapj5p2b4p"},"id":"ge3denp9yehxr7m","operationId":"8i9hwbs64eb70i0","previousOperationId":"p1rtpai6e800jzr"}
{"type":"log","timestamp":1645809353079,"level":"debug","message":"Running chrome with params {\"printBackground\":true,\"displayHeaderFooter\":true,\"timeout\":60000,\"margin\":{}}","meta":{"rootId":"6ir5hmapj5p2b4p","id":"6ir5hmapj5p2b4p"},"id":"tc4gmdulq3syshw","operationId":"dsn0h589xhgqg22","previousOperationId":"p1rtpai6e800jzr"}
{"type":"operationEnd","operationId":"p1rtpai6e800jzr","timestamp":1645809353213,"id":"2e3iu42kkpinjww","previousEventId":"vdbrk0qwaoahzll","previousOperationId":"p1rtpai6e800jzr"}
{"type":"log","timestamp":1645809353213,"level":"debug","message":"Skipping storing report.","meta":{"rootId":"6ir5hmapj5p2b4p","id":"6ir5hmapj5p2b4p"},"id":"gue6hqtdfnucofz","operationId":"cbtcnx3iskos245","previousOperationId":"p1rtpai6e800jzr"}
{"type":"log","timestamp":1645809353214,"level":"info","message":"Rendering request 16 finished in 346 ms","meta":{"rootId":"6ir5hmapj5p2b4p","id":"6ir5hmapj5p2b4p"},"id":"bxo53pvvhy2h84d","operationId":"1qzevbwl73k5vj3","previousOperationId":"p1rtpai6e800jzr"}
{"type":"operationEnd","subtype":"render","operationId":"4jvxvw587m2tei6","timestamp":1645809353214,"id":"5ds9vyb57cv68ve","previousEventId":"2e3iu42kkpinjww","previousOperationId":"p1rtpai6e800jzr"}
