{"type":"operationStart","subtype":"render","name":"ReportView.pdf","previousOperationId":null,"profileId":"FPeIXTD0AfTo0WhH","timestamp":1645809729635,"id":"dxj0g04cmvdgqjn","operationId":"9gnuve7tge37jhc"}
{"type":"log","timestamp":1645809729635,"level":"info","message":"Starting rendering request 26 (user: null)","meta":{"rootId":"9x82e0plp1x5ed1","id":"9x82e0plp1x5ed1"},"id":"iinrfsi006xi5bp","operationId":"bgyb188nb83oc2j","previousOperationId":"9gnuve7tge37jhc"}
{"type":"log","timestamp":1645809729635,"level":"info","message":"Rendering template { name: ReportView.pdf, recipe: chrome-pdf, engine: handlebars, preview: true }","meta":{"rootId":"9x82e0plp1x5ed1","id":"9x82e0plp1x5ed1"},"id":"qa57y6gvj4sp0dt","operationId":"qyc2rwbyi94avny","previousOperationId":"9gnuve7tge37jhc"}
{"type":"log","timestamp":1645809729636,"level":"debug","message":"Data item not defined for this template.","meta":{"rootId":"9x82e0plp1x5ed1","id":"9x82e0plp1x5ed1"},"id":"pzeabwyb34tsirb","operationId":"nnoetxqwdoqorhf","previousOperationId":"9gnuve7tge37jhc"}
{"type":"log","timestamp":1645809729638,"level":"debug","message":"Executing script view-script (beforeRender)","meta":{"rootId":"9x82e0plp1x5ed1","id":"9x82e0plp1x5ed1"},"id":"7ic2dtbbpbu4ls6","operationId":"nekpx3vcpaytd1n","previousOperationId":"9gnuve7tge37jhc"}
{"type":"operationStart","subtype":"scriptsBeforeRender","name":"scripts beforeRender","timestamp":1645809729648,"id":"kafwrnuxotahs18","previousEventId":"dxj0g04cmvdgqjn","operationId":"tclxrd7kb7kulm5","previousOperationId":"9gnuve7tge37jhc"}
{"type":"operationStart","subtype":"script","name":"scripts view-script","previousOperationId":"tclxrd7kb7kulm5","timestamp":1645809729648,"id":"djzlvem7ps5ybi0","previousEventId":"kafwrnuxotahs18","operationId":"d5um93rmuavhzht"}
{"type":"operationEnd","operationId":"d5um93rmuavhzht","timestamp":1645809729653,"id":"kcx9872noox4iy5","previousEventId":"dxj0g04cmvdgqjn","previousOperationId":"9gnuve7tge37jhc"}
{"type":"operationEnd","operationId":"tclxrd7kb7kulm5","timestamp":1645809729653,"id":"31s9i3wyasucvzm","previousEventId":"kcx9872noox4iy5","previousOperationId":"9gnuve7tge37jhc"}
{"type":"log","timestamp":1645809729653,"level":"debug","message":"Base url not specified, skipping its injection.","meta":{"rootId":"9x82e0plp1x5ed1","id":"9x82e0plp1x5ed1"},"id":"z8uxr3bsryy32k2","operationId":"g7vu1z5rioms2l0","previousOperationId":"tclxrd7kb7kulm5"}
{"type":"operationStart","subtype":"engine","name":"handlebars","timestamp":1645809729653,"id":"19bv26n9bxe9inm","previousEventId":"31s9i3wyasucvzm","operationId":"79qgedo73u49tdu","previousOperationId":"tclxrd7kb7kulm5"}
{"type":"log","timestamp":1645809729653,"level":"debug","message":"Rendering engine handlebars","meta":{"rootId":"9x82e0plp1x5ed1","id":"9x82e0plp1x5ed1"},"id":"ltyjpbnievndcew","operationId":"28iyeccy8z55nlg","previousOperationId":"79qgedo73u49tdu"}
{"type":"operationEnd","operationId":"79qgedo73u49tdu","timestamp":1645809729664,"id":"b10ndq8r7l7aoa5","previousEventId":"19bv26n9bxe9inm","previousOperationId":"79qgedo73u49tdu"}
{"type":"operationStart","subtype":"recipe","name":"chrome-pdf","timestamp":1645809729664,"id":"w8629dl215cbnzm","previousEventId":"b10ndq8r7l7aoa5","operationId":"ropwjvc48216l2b","previousOperationId":"79qgedo73u49tdu"}
{"type":"log","timestamp":1645809729664,"level":"debug","message":"Executing recipe chrome-pdf","meta":{"rootId":"9x82e0plp1x5ed1","id":"9x82e0plp1x5ed1"},"id":"05xggy9htx8akx0","operationId":"l9l4ujhd369wxc3","previousOperationId":"ropwjvc48216l2b"}
{"type":"log","timestamp":1645809729668,"level":"debug","message":"Converting with chrome HeadlessChrome/98.0.4758.0 using chrome-pool strategy","meta":{"rootId":"9x82e0plp1x5ed1","id":"9x82e0plp1x5ed1"},"id":"inlk1vauzc4y714","operationId":"6z19diu9mklrl5r","previousOperationId":"ropwjvc48216l2b"}
{"type":"log","timestamp":1645809729758,"level":"debug","message":"Page request: GET (document) file:///C:/Users/ALUMNA~4/AppData/Local/Temp/jsreport/autocleanup/e6aaad8b-19a0-4925-94e2-4055e1b77a06-chrome-pdf.html","meta":{"rootId":"9x82e0plp1x5ed1","id":"9x82e0plp1x5ed1"},"id":"frtpamm9rhm8y62","operationId":"d0dhfaumb2gapca","previousOperationId":"ropwjvc48216l2b"}
{"type":"log","timestamp":1645809729770,"level":"debug","message":"Page request finished: GET (document) file:///C:/Users/ALUMNA~4/AppData/Local/Temp/jsreport/autocleanup/e6aaad8b-19a0-4925-94e2-4055e1b77a06-chrome-pdf.html","meta":{"rootId":"9x82e0plp1x5ed1","id":"9x82e0plp1x5ed1"},"id":"93e3vypf6htrnew","operationId":"q0a9j60defwk7jv","previousOperationId":"ropwjvc48216l2b"}
{"type":"log","timestamp":1645809729770,"level":"debug","message":"Page request: GET (stylesheet) https://cdnjs.cloudflare.com/ajax/libs/metro/4.1.5/css/metro.min.css","meta":{"rootId":"9x82e0plp1x5ed1","id":"9x82e0plp1x5ed1"},"id":"antixi9q01vssg5","operationId":"whthtqtb2cfdo2h","previousOperationId":"ropwjvc48216l2b"}
{"type":"log","timestamp":1645809729770,"level":"debug","message":"Page request: GET (script) https://canvasjs.com/assets/script/canvasjs.min.js","meta":{"rootId":"9x82e0plp1x5ed1","id":"9x82e0plp1x5ed1"},"id":"9zydmgvjjbl8flo","operationId":"4yg877051h73l8p","previousOperationId":"ropwjvc48216l2b"}
{"type":"log","timestamp":1645809729795,"level":"debug","message":"Page request finished: GET (stylesheet) 200 https://cdnjs.cloudflare.com/ajax/libs/metro/4.1.5/css/metro.min.css","meta":{"rootId":"9x82e0plp1x5ed1","id":"9x82e0plp1x5ed1"},"id":"b6o7zinzp8vihdh","operationId":"m9y6rnbqhswh470","previousOperationId":"ropwjvc48216l2b"}
{"type":"log","timestamp":1645809729897,"level":"debug","message":"Page request finished: GET (script) 200 https://canvasjs.com/assets/script/canvasjs.min.js","meta":{"rootId":"9x82e0plp1x5ed1","id":"9x82e0plp1x5ed1"},"id":"jp2vzw3hxkpo9kd","operationId":"t4p2lf9tb8jb793","previousOperationId":"ropwjvc48216l2b"}
{"type":"log","timestamp":1645809730019,"level":"debug","message":"Running chrome with params {\"printBackground\":true,\"displayHeaderFooter\":true,\"timeout\":60000,\"margin\":{}}","meta":{"rootId":"9x82e0plp1x5ed1","id":"9x82e0plp1x5ed1"},"id":"pghn7nmm35x8esy","operationId":"4h6eshbakk1uf8c","previousOperationId":"ropwjvc48216l2b"}
{"type":"operationEnd","operationId":"ropwjvc48216l2b","timestamp":1645809730165,"id":"4u02rvs8okid7ln","previousEventId":"w8629dl215cbnzm","previousOperationId":"ropwjvc48216l2b"}
{"type":"log","timestamp":1645809730165,"level":"debug","message":"Skipping storing report.","meta":{"rootId":"9x82e0plp1x5ed1","id":"9x82e0plp1x5ed1"},"id":"kx29j7kjy2hgsuj","operationId":"w03uv0mjeyna859","previousOperationId":"ropwjvc48216l2b"}
{"type":"log","timestamp":1645809730165,"level":"info","message":"Rendering request 26 finished in 530 ms","meta":{"rootId":"9x82e0plp1x5ed1","id":"9x82e0plp1x5ed1"},"id":"psf9rmr4jkj6okv","operationId":"8rjxpv954heck4k","previousOperationId":"ropwjvc48216l2b"}
{"type":"operationEnd","subtype":"render","operationId":"9gnuve7tge37jhc","timestamp":1645809730165,"id":"lmigf7fc3kvj7ro","previousEventId":"4u02rvs8okid7ln","previousOperationId":"ropwjvc48216l2b"}
