{"type":"operationStart","subtype":"render","name":"ReportView.pdf","previousOperationId":null,"profileId":"fQEUAnRiI2TJma5F","timestamp":1645809310631,"id":"w2qebq2d7he2g5l","operationId":"nhtnp6dpr88nqf7"}
{"type":"log","timestamp":1645809310631,"level":"info","message":"Starting rendering request 13 (user: null)","meta":{"rootId":"fr8kyai6v1a36c9","id":"fr8kyai6v1a36c9"},"id":"sjxpio59rbvspn0","operationId":"gbfgec8geo2jgnu","previousOperationId":"nhtnp6dpr88nqf7"}
{"type":"log","timestamp":1645809310631,"level":"info","message":"Rendering template { name: ReportView.pdf, recipe: chrome-pdf, engine: handlebars, preview: true }","meta":{"rootId":"fr8kyai6v1a36c9","id":"fr8kyai6v1a36c9"},"id":"wzpojn51mdy8jyy","operationId":"vvkxesaqu1e3n4e","previousOperationId":"nhtnp6dpr88nqf7"}
{"type":"log","timestamp":1645809310632,"level":"debug","message":"Data item not defined for this template.","meta":{"rootId":"fr8kyai6v1a36c9","id":"fr8kyai6v1a36c9"},"id":"qppkloyzfmxr84e","operationId":"8tz9gjrbrymci1m","previousOperationId":"nhtnp6dpr88nqf7"}
{"type":"log","timestamp":1645809310637,"level":"debug","message":"Executing script view-script (beforeRender)","meta":{"rootId":"fr8kyai6v1a36c9","id":"fr8kyai6v1a36c9"},"id":"ofyi3mn87jmgxvl","operationId":"uxtvkmunmer6ymv","previousOperationId":"nhtnp6dpr88nqf7"}
{"type":"operationStart","subtype":"scriptsBeforeRender","name":"scripts beforeRender","timestamp":1645809310647,"id":"869kkoqjgnq81ni","previousEventId":"w2qebq2d7he2g5l","operationId":"ayyy4jarltdk9n2","previousOperationId":"nhtnp6dpr88nqf7"}
{"type":"operationStart","subtype":"script","name":"scripts view-script","previousOperationId":"ayyy4jarltdk9n2","timestamp":1645809310647,"id":"sya6aagw0qjw8ge","previousEventId":"869kkoqjgnq81ni","operationId":"208xsr3fuyb7q5v"}
{"type":"operationEnd","operationId":"208xsr3fuyb7q5v","timestamp":1645809310652,"id":"058zvqmgfuw2qdl","previousEventId":"w2qebq2d7he2g5l","previousOperationId":"nhtnp6dpr88nqf7"}
{"type":"operationEnd","operationId":"ayyy4jarltdk9n2","timestamp":1645809310652,"id":"gtui73226b30vbp","previousEventId":"058zvqmgfuw2qdl","previousOperationId":"nhtnp6dpr88nqf7"}
{"type":"log","timestamp":1645809310652,"level":"debug","message":"Base url not specified, skipping its injection.","meta":{"rootId":"fr8kyai6v1a36c9","id":"fr8kyai6v1a36c9"},"id":"wx2zakk6t9cqu9z","operationId":"o6dampmvuu62kir","previousOperationId":"ayyy4jarltdk9n2"}
{"type":"operationStart","subtype":"engine","name":"handlebars","timestamp":1645809310652,"id":"pf3x8mrki0b3ejm","previousEventId":"gtui73226b30vbp","operationId":"khxko347yt88ycd","previousOperationId":"ayyy4jarltdk9n2"}
{"type":"log","timestamp":1645809310652,"level":"debug","message":"Rendering engine handlebars","meta":{"rootId":"fr8kyai6v1a36c9","id":"fr8kyai6v1a36c9"},"id":"pyrfjqlg962nldx","operationId":"ec8394rysmhv3li","previousOperationId":"khxko347yt88ycd"}
{"type":"operationEnd","operationId":"khxko347yt88ycd","timestamp":1645809310667,"id":"16rwda6dkwb8s3z","previousEventId":"pf3x8mrki0b3ejm","previousOperationId":"khxko347yt88ycd"}
{"type":"operationStart","subtype":"recipe","name":"chrome-pdf","timestamp":1645809310667,"id":"5f218yhbsahz9k1","previousEventId":"16rwda6dkwb8s3z","operationId":"qp99oym1lh920bs","previousOperationId":"khxko347yt88ycd"}
{"type":"log","timestamp":1645809310667,"level":"debug","message":"Executing recipe chrome-pdf","meta":{"rootId":"fr8kyai6v1a36c9","id":"fr8kyai6v1a36c9"},"id":"t98dw8d3fx4dsjr","operationId":"srrq41kwbvtdo3f","previousOperationId":"qp99oym1lh920bs"}
{"type":"log","timestamp":1645809310670,"level":"debug","message":"Converting with chrome HeadlessChrome/98.0.4758.0 using chrome-pool strategy","meta":{"rootId":"fr8kyai6v1a36c9","id":"fr8kyai6v1a36c9"},"id":"wqf3okt422mo884","operationId":"hqwh07s9bf03p1m","previousOperationId":"qp99oym1lh920bs"}
{"type":"log","timestamp":1645809310764,"level":"debug","message":"Page request: GET (document) file:///C:/Users/ALUMNA~4/AppData/Local/Temp/jsreport/autocleanup/953c9d32-3174-48eb-b9b3-53053acb5bcc-chrome-pdf.html","meta":{"rootId":"fr8kyai6v1a36c9","id":"fr8kyai6v1a36c9"},"id":"u46tyhll0stxemw","operationId":"36vlcyyjzwkvcbi","previousOperationId":"qp99oym1lh920bs"}
{"type":"log","timestamp":1645809310784,"level":"debug","message":"Page request finished: GET (document) file:///C:/Users/ALUMNA~4/AppData/Local/Temp/jsreport/autocleanup/953c9d32-3174-48eb-b9b3-53053acb5bcc-chrome-pdf.html","meta":{"rootId":"fr8kyai6v1a36c9","id":"fr8kyai6v1a36c9"},"id":"v7ixllzsshddeue","operationId":"btrup3hx81v92b0","previousOperationId":"qp99oym1lh920bs"}
{"type":"log","timestamp":1645809310785,"level":"debug","message":"Page request: GET (stylesheet) https://cdnjs.cloudflare.com/ajax/libs/metro/4.1.5/css/metro.min.css","meta":{"rootId":"fr8kyai6v1a36c9","id":"fr8kyai6v1a36c9"},"id":"19m5yqgp63l8uv9","operationId":"pph1c4coa1oixfg","previousOperationId":"qp99oym1lh920bs"}
{"type":"log","timestamp":1645809310786,"level":"debug","message":"Page request: GET (script) https://cdnjs.cloudflare.com/ajax/libs/Chart.js/2.7.2/Chart.min.js","meta":{"rootId":"fr8kyai6v1a36c9","id":"fr8kyai6v1a36c9"},"id":"dw60tjdv9of3jxn","operationId":"spiz3m1i8j01rfy","previousOperationId":"qp99oym1lh920bs"}
{"type":"log","timestamp":1645809310791,"level":"debug","message":"Page request finished: GET (script) 200 https://cdnjs.cloudflare.com/ajax/libs/Chart.js/2.7.2/Chart.min.js","meta":{"rootId":"fr8kyai6v1a36c9","id":"fr8kyai6v1a36c9"},"id":"xpe34pcttvg3vxf","operationId":"oxofq4b2d1sfk4o","previousOperationId":"qp99oym1lh920bs"}
{"type":"log","timestamp":1645809310810,"level":"debug","message":"Page request finished: GET (stylesheet) 200 https://cdnjs.cloudflare.com/ajax/libs/metro/4.1.5/css/metro.min.css","meta":{"rootId":"fr8kyai6v1a36c9","id":"fr8kyai6v1a36c9"},"id":"zsyf2c89apc3al8","operationId":"0hb3beryunjedpt","previousOperationId":"qp99oym1lh920bs"}
{"type":"log","timestamp":1645809310818,"level":"warn","message":"Page error: ReferenceError: $ is not defined\n    at file:///C:/Users/ALUMNA~4/AppData/Local/Temp/jsreport/autocleanup/953c9d32-3174-48eb-b9b3-53053acb5bcc-chrome-pdf.html:52:1","meta":{"rootId":"fr8kyai6v1a36c9","id":"fr8kyai6v1a36c9"},"id":"burs02fgi82dojd","operationId":"kvjz461wjvzj361","previousOperationId":"qp99oym1lh920bs"}
{"type":"log","timestamp":1645809310847,"level":"debug","message":"Running chrome with params {\"printBackground\":true,\"displayHeaderFooter\":true,\"timeout\":60000,\"margin\":{}}","meta":{"rootId":"fr8kyai6v1a36c9","id":"fr8kyai6v1a36c9"},"id":"vhtt5ad1g0tfnag","operationId":"b7uk6a3nfga99kl","previousOperationId":"qp99oym1lh920bs"}
{"type":"operationEnd","operationId":"qp99oym1lh920bs","timestamp":1645809310984,"id":"ylhdr0bl7apt5x9","previousEventId":"5f218yhbsahz9k1","previousOperationId":"qp99oym1lh920bs"}
{"type":"log","timestamp":1645809310984,"level":"debug","message":"Skipping storing report.","meta":{"rootId":"fr8kyai6v1a36c9","id":"fr8kyai6v1a36c9"},"id":"2pf4gqeuvy4rrf5","operationId":"flg6vt94z9kwxmj","previousOperationId":"qp99oym1lh920bs"}
{"type":"log","timestamp":1645809310984,"level":"info","message":"Rendering request 13 finished in 353 ms","meta":{"rootId":"fr8kyai6v1a36c9","id":"fr8kyai6v1a36c9"},"id":"uso15h8xc5kinzk","operationId":"0jyozlmz0u6cx7o","previousOperationId":"qp99oym1lh920bs"}
{"type":"operationEnd","subtype":"render","operationId":"nhtnp6dpr88nqf7","timestamp":1645809310984,"id":"gdlyix13gqox9pf","previousEventId":"ylhdr0bl7apt5x9","previousOperationId":"qp99oym1lh920bs"}
