{"type":"operationStart","subtype":"render","name":"ReportView.pdf","previousOperationId":null,"profileId":"JtyE7HxMM0AARWON","timestamp":1645809700609,"id":"n71uic7sro44tfm","operationId":"ijrax2ji0wcdyy9"}
{"type":"log","timestamp":1645809700609,"level":"info","message":"Starting rendering request 25 (user: null)","meta":{"rootId":"h7r91wb38nznjip","id":"h7r91wb38nznjip"},"id":"pmvc11g1jji57l2","operationId":"p3a1crwe65xi10b","previousOperationId":"ijrax2ji0wcdyy9"}
{"type":"log","timestamp":1645809700610,"level":"info","message":"Rendering template { name: ReportView.pdf, recipe: chrome-pdf, engine: handlebars, preview: true }","meta":{"rootId":"h7r91wb38nznjip","id":"h7r91wb38nznjip"},"id":"psk5dxzbpt2ql72","operationId":"4o9c21ha29kqr4h","previousOperationId":"ijrax2ji0wcdyy9"}
{"type":"log","timestamp":1645809700611,"level":"debug","message":"Data item not defined for this template.","meta":{"rootId":"h7r91wb38nznjip","id":"h7r91wb38nznjip"},"id":"6sxvq3w853vc4wq","operationId":"g7ebsxvd0fvua26","previousOperationId":"ijrax2ji0wcdyy9"}
{"type":"log","timestamp":1645809700613,"level":"debug","message":"Executing script view-script (beforeRender)","meta":{"rootId":"h7r91wb38nznjip","id":"h7r91wb38nznjip"},"id":"zhij0las3evm02s","operationId":"82hf6zhxehcytwy","previousOperationId":"ijrax2ji0wcdyy9"}
{"type":"operationStart","subtype":"scriptsBeforeRender","name":"scripts beforeRender","timestamp":1645809700625,"id":"gat19d6e95rygc6","previousEventId":"n71uic7sro44tfm","operationId":"07lyoujtmiue9rt","previousOperationId":"ijrax2ji0wcdyy9"}
{"type":"operationStart","subtype":"script","name":"scripts view-script","previousOperationId":"07lyoujtmiue9rt","timestamp":1645809700625,"id":"awx8dqjvs3oo7lx","previousEventId":"gat19d6e95rygc6","operationId":"0bn16sszh4fq8ef"}
{"type":"operationEnd","operationId":"0bn16sszh4fq8ef","timestamp":1645809700629,"id":"sw7yzwvk8y77agc","previousEventId":"n71uic7sro44tfm","previousOperationId":"ijrax2ji0wcdyy9"}
{"type":"operationEnd","operationId":"07lyoujtmiue9rt","timestamp":1645809700629,"id":"ryazykwg1ei4uln","previousEventId":"sw7yzwvk8y77agc","previousOperationId":"ijrax2ji0wcdyy9"}
{"type":"log","timestamp":1645809700629,"level":"debug","message":"Base url not specified, skipping its injection.","meta":{"rootId":"h7r91wb38nznjip","id":"h7r91wb38nznjip"},"id":"o1g4d00g8abfhwy","operationId":"07j180gka0mdauj","previousOperationId":"07lyoujtmiue9rt"}
{"type":"operationStart","subtype":"engine","name":"handlebars","timestamp":1645809700629,"id":"hnvhfwkccnfgp0p","previousEventId":"ryazykwg1ei4uln","operationId":"odqh9d682pxya32","previousOperationId":"07lyoujtmiue9rt"}
{"type":"log","timestamp":1645809700629,"level":"debug","message":"Rendering engine handlebars","meta":{"rootId":"h7r91wb38nznjip","id":"h7r91wb38nznjip"},"id":"c4j4g63dkw1vri5","operationId":"lkdvn4zqpem6btr","previousOperationId":"odqh9d682pxya32"}
{"type":"operationEnd","operationId":"odqh9d682pxya32","timestamp":1645809700644,"id":"v1620jtq1p2ij4e","previousEventId":"hnvhfwkccnfgp0p","previousOperationId":"odqh9d682pxya32"}
{"type":"operationStart","subtype":"recipe","name":"chrome-pdf","timestamp":1645809700644,"id":"m085jioncrlqkm1","previousEventId":"v1620jtq1p2ij4e","operationId":"5njdgcicq9y88wd","previousOperationId":"odqh9d682pxya32"}
{"type":"log","timestamp":1645809700644,"level":"debug","message":"Executing recipe chrome-pdf","meta":{"rootId":"h7r91wb38nznjip","id":"h7r91wb38nznjip"},"id":"vqgrhrqpwomnvru","operationId":"r9bs39j254rmnen","previousOperationId":"5njdgcicq9y88wd"}
{"type":"log","timestamp":1645809700648,"level":"debug","message":"Converting with chrome HeadlessChrome/98.0.4758.0 using chrome-pool strategy","meta":{"rootId":"h7r91wb38nznjip","id":"h7r91wb38nznjip"},"id":"s2vzrg941rzis81","operationId":"r1q1pbbtejdz1cg","previousOperationId":"5njdgcicq9y88wd"}
{"type":"log","timestamp":1645809700738,"level":"debug","message":"Page request: GET (document) file:///C:/Users/ALUMNA~4/AppData/Local/Temp/jsreport/autocleanup/b793c682-7de5-4e8c-a911-193f2088935b-chrome-pdf.html","meta":{"rootId":"h7r91wb38nznjip","id":"h7r91wb38nznjip"},"id":"3kpxl3rkfvab3uq","operationId":"knzluh87w555z3b","previousOperationId":"5njdgcicq9y88wd"}
{"type":"log","timestamp":1645809700757,"level":"debug","message":"Page request finished: GET (document) file:///C:/Users/ALUMNA~4/AppData/Local/Temp/jsreport/autocleanup/b793c682-7de5-4e8c-a911-193f2088935b-chrome-pdf.html","meta":{"rootId":"h7r91wb38nznjip","id":"h7r91wb38nznjip"},"id":"cb708ecgqodrfh9","operationId":"6ynlgwkxrnxj70p","previousOperationId":"5njdgcicq9y88wd"}
{"type":"log","timestamp":1645809700758,"level":"debug","message":"Page request: GET (stylesheet) https://cdnjs.cloudflare.com/ajax/libs/metro/4.1.5/css/metro.min.css","meta":{"rootId":"h7r91wb38nznjip","id":"h7r91wb38nznjip"},"id":"obvsfo8eam79vnx","operationId":"s10yx213nbddp22","previousOperationId":"5njdgcicq9y88wd"}
{"type":"log","timestamp":1645809700758,"level":"debug","message":"Page request: GET (script) https://canvasjs.com/assets/script/canvasjs.min.js","meta":{"rootId":"h7r91wb38nznjip","id":"h7r91wb38nznjip"},"id":"8e3thzzd3w2a76r","operationId":"tczuf4vvzaukc7z","previousOperationId":"5njdgcicq9y88wd"}
{"type":"log","timestamp":1645809700784,"level":"debug","message":"Page request finished: GET (stylesheet) 200 https://cdnjs.cloudflare.com/ajax/libs/metro/4.1.5/css/metro.min.css","meta":{"rootId":"h7r91wb38nznjip","id":"h7r91wb38nznjip"},"id":"jexyk9a8lv5eeaj","operationId":"4i7hy3ylhe5kwmh","previousOperationId":"5njdgcicq9y88wd"}
{"type":"log","timestamp":1645809700918,"level":"debug","message":"Page request finished: GET (script) 200 https://canvasjs.com/assets/script/canvasjs.min.js","meta":{"rootId":"h7r91wb38nznjip","id":"h7r91wb38nznjip"},"id":"t3mnqlayc75nssl","operationId":"6s2xi8blr3qam6n","previousOperationId":"5njdgcicq9y88wd"}
{"type":"log","timestamp":1645809701044,"level":"debug","message":"Running chrome with params {\"printBackground\":true,\"displayHeaderFooter\":true,\"timeout\":60000,\"margin\":{}}","meta":{"rootId":"h7r91wb38nznjip","id":"h7r91wb38nznjip"},"id":"8zf5vquila61rph","operationId":"gvceee0xvnr0hru","previousOperationId":"5njdgcicq9y88wd"}
{"type":"operationEnd","operationId":"5njdgcicq9y88wd","timestamp":1645809701191,"id":"p6e9x8ls2x2fbhk","previousEventId":"m085jioncrlqkm1","previousOperationId":"5njdgcicq9y88wd"}
{"type":"log","timestamp":1645809701192,"level":"debug","message":"Skipping storing report.","meta":{"rootId":"h7r91wb38nznjip","id":"h7r91wb38nznjip"},"id":"7098y1wh512m4dc","operationId":"d79i7v88d7vn4u7","previousOperationId":"5njdgcicq9y88wd"}
{"type":"log","timestamp":1645809701192,"level":"info","message":"Rendering request 25 finished in 583 ms","meta":{"rootId":"h7r91wb38nznjip","id":"h7r91wb38nznjip"},"id":"27kfgp68v2asuhj","operationId":"5icklo7q1e1z360","previousOperationId":"5njdgcicq9y88wd"}
{"type":"operationEnd","subtype":"render","operationId":"ijrax2ji0wcdyy9","timestamp":1645809701192,"id":"91fbs08yvmme7x8","previousEventId":"p6e9x8ls2x2fbhk","previousOperationId":"5njdgcicq9y88wd"}
