{"type":"operationStart","subtype":"render","name":"ReportView.pdf","previousOperationId":null,"profileId":"ZOveipTVTfehbTQa","timestamp":1645809790439,"id":"mqrwvo6tlg9e7jx","operationId":"7ur2aphzd8akdxr"}
{"type":"log","timestamp":1645809790439,"level":"info","message":"Starting rendering request 30 (user: null)","meta":{"rootId":"htloati230inyuh","id":"htloati230inyuh"},"id":"tk4ehvj2pnh9knf","operationId":"xryp8m1fczddfrh","previousOperationId":"7ur2aphzd8akdxr"}
{"type":"log","timestamp":1645809790439,"level":"info","message":"Rendering template { name: ReportView.pdf, recipe: chrome-pdf, engine: handlebars, preview: true }","meta":{"rootId":"htloati230inyuh","id":"htloati230inyuh"},"id":"rwyhn2zgsj8mwe5","operationId":"ui66eguulfez2qz","previousOperationId":"7ur2aphzd8akdxr"}
{"type":"log","timestamp":1645809790439,"level":"debug","message":"Data item not defined for this template.","meta":{"rootId":"htloati230inyuh","id":"htloati230inyuh"},"id":"5ibc4mqufxan082","operationId":"rxaowbqkzz0z356","previousOperationId":"7ur2aphzd8akdxr"}
{"type":"log","timestamp":1645809790445,"level":"debug","message":"Executing script view-script (beforeRender)","meta":{"rootId":"htloati230inyuh","id":"htloati230inyuh"},"id":"eji56rz9zkl8b8q","operationId":"63o71w638xo8tf5","previousOperationId":"7ur2aphzd8akdxr"}
{"type":"operationStart","subtype":"scriptsBeforeRender","name":"scripts beforeRender","timestamp":1645809790453,"id":"1im17ir0w0rl2pk","previousEventId":"mqrwvo6tlg9e7jx","operationId":"2qrgxuf1gstawoz","previousOperationId":"7ur2aphzd8akdxr"}
{"type":"operationStart","subtype":"script","name":"scripts view-script","previousOperationId":"2qrgxuf1gstawoz","timestamp":1645809790453,"id":"uvb687dqypea6l9","previousEventId":"1im17ir0w0rl2pk","operationId":"i6essi0eo50wodw"}
{"type":"operationEnd","operationId":"i6essi0eo50wodw","timestamp":1645809790455,"id":"si9uj004hlil86q","previousEventId":"mqrwvo6tlg9e7jx","previousOperationId":"7ur2aphzd8akdxr"}
{"type":"operationEnd","operationId":"2qrgxuf1gstawoz","timestamp":1645809790455,"id":"cvmern97lab16cb","previousEventId":"si9uj004hlil86q","previousOperationId":"7ur2aphzd8akdxr"}
{"type":"log","timestamp":1645809790455,"level":"debug","message":"Base url not specified, skipping its injection.","meta":{"rootId":"htloati230inyuh","id":"htloati230inyuh"},"id":"cyp7e22xnrqv04v","operationId":"9gi46iokz7au7h0","previousOperationId":"2qrgxuf1gstawoz"}
{"type":"operationStart","subtype":"engine","name":"handlebars","timestamp":1645809790456,"id":"676lly2m2j8es8x","previousEventId":"cvmern97lab16cb","operationId":"drm6ikyvpd8wyh1","previousOperationId":"2qrgxuf1gstawoz"}
{"type":"log","timestamp":1645809790456,"level":"debug","message":"Rendering engine handlebars","meta":{"rootId":"htloati230inyuh","id":"htloati230inyuh"},"id":"yqf0kid8wze4nch","operationId":"9lk5zteilpfis3y","previousOperationId":"drm6ikyvpd8wyh1"}
{"type":"operationEnd","operationId":"drm6ikyvpd8wyh1","timestamp":1645809790470,"id":"uxwq79kudcrb9tw","previousEventId":"676lly2m2j8es8x","previousOperationId":"drm6ikyvpd8wyh1"}
{"type":"operationStart","subtype":"recipe","name":"chrome-pdf","timestamp":1645809790470,"id":"vewuufxloqjo5mc","previousEventId":"uxwq79kudcrb9tw","operationId":"o0xjcv9z2pki4dm","previousOperationId":"drm6ikyvpd8wyh1"}
{"type":"log","timestamp":1645809790470,"level":"debug","message":"Executing recipe chrome-pdf","meta":{"rootId":"htloati230inyuh","id":"htloati230inyuh"},"id":"dyfwlzoawpliylg","operationId":"8yy0hki8vbmh5td","previousOperationId":"o0xjcv9z2pki4dm"}
{"type":"log","timestamp":1645809790473,"level":"debug","message":"Converting with chrome HeadlessChrome/98.0.4758.0 using chrome-pool strategy","meta":{"rootId":"htloati230inyuh","id":"htloati230inyuh"},"id":"5ijj4pw9pnag97i","operationId":"f8flkvmldsnz8w0","previousOperationId":"o0xjcv9z2pki4dm"}
{"type":"log","timestamp":1645809790567,"level":"debug","message":"Page request: GET (document) file:///C:/Users/ALUMNA~4/AppData/Local/Temp/jsreport/autocleanup/f12d2d3a-0d4e-4608-96dd-c63f8400416e-chrome-pdf.html","meta":{"rootId":"htloati230inyuh","id":"htloati230inyuh"},"id":"i8urc8lnrcpbia1","operationId":"fv1lkvax94h2v8r","previousOperationId":"o0xjcv9z2pki4dm"}
{"type":"log","timestamp":1645809790586,"level":"debug","message":"Page request finished: GET (document) file:///C:/Users/ALUMNA~4/AppData/Local/Temp/jsreport/autocleanup/f12d2d3a-0d4e-4608-96dd-c63f8400416e-chrome-pdf.html","meta":{"rootId":"htloati230inyuh","id":"htloati230inyuh"},"id":"wsneq2b6h09ky8x","operationId":"r9vq9typs7gomat","previousOperationId":"o0xjcv9z2pki4dm"}
{"type":"log","timestamp":1645809790587,"level":"debug","message":"Page request: GET (stylesheet) https://cdnjs.cloudflare.com/ajax/libs/metro/4.1.5/css/metro.min.css","meta":{"rootId":"htloati230inyuh","id":"htloati230inyuh"},"id":"hnkhpo8bcdbey0d","operationId":"unsxcef8i8xg756","previousOperationId":"o0xjcv9z2pki4dm"}
{"type":"log","timestamp":1645809790587,"level":"debug","message":"Page request: GET (script) https://canvasjs.com/assets/script/canvasjs.min.js","meta":{"rootId":"htloati230inyuh","id":"htloati230inyuh"},"id":"z9bxw7k0t28ypn8","operationId":"4gkzs46u75ze63p","previousOperationId":"o0xjcv9z2pki4dm"}
{"type":"log","timestamp":1645809790614,"level":"debug","message":"Page request finished: GET (stylesheet) 200 https://cdnjs.cloudflare.com/ajax/libs/metro/4.1.5/css/metro.min.css","meta":{"rootId":"htloati230inyuh","id":"htloati230inyuh"},"id":"u8fkuvugzvmws3q","operationId":"cvwq28pw4wy03go","previousOperationId":"o0xjcv9z2pki4dm"}
{"type":"log","timestamp":1645809790672,"level":"debug","message":"Page request finished: GET (script) 200 https://canvasjs.com/assets/script/canvasjs.min.js","meta":{"rootId":"htloati230inyuh","id":"htloati230inyuh"},"id":"5z15xm5yotjl4a5","operationId":"haphj930k2wdlya","previousOperationId":"o0xjcv9z2pki4dm"}
{"type":"log","timestamp":1645809790795,"level":"debug","message":"Running chrome with params {\"printBackground\":true,\"displayHeaderFooter\":true,\"timeout\":60000,\"margin\":{}}","meta":{"rootId":"htloati230inyuh","id":"htloati230inyuh"},"id":"ngqm9mm18t7f6rx","operationId":"v502nl2v1pcl5cc","previousOperationId":"o0xjcv9z2pki4dm"}
{"type":"operationEnd","operationId":"o0xjcv9z2pki4dm","timestamp":1645809790938,"id":"got2vcdgcyilp3w","previousEventId":"vewuufxloqjo5mc","previousOperationId":"o0xjcv9z2pki4dm"}
{"type":"log","timestamp":1645809790938,"level":"debug","message":"Skipping storing report.","meta":{"rootId":"htloati230inyuh","id":"htloati230inyuh"},"id":"gh9hdp892mgngy0","operationId":"4851dowtob111q5","previousOperationId":"o0xjcv9z2pki4dm"}
{"type":"log","timestamp":1645809790938,"level":"info","message":"Rendering request 30 finished in 499 ms","meta":{"rootId":"htloati230inyuh","id":"htloati230inyuh"},"id":"mz3ragely2n4zl5","operationId":"377drqiaavt3frn","previousOperationId":"o0xjcv9z2pki4dm"}
{"type":"operationEnd","subtype":"render","operationId":"7ur2aphzd8akdxr","timestamp":1645809790938,"id":"serioeqgbpilj1a","previousEventId":"got2vcdgcyilp3w","previousOperationId":"o0xjcv9z2pki4dm"}
