{"type":"operationStart","subtype":"render","name":"ReportView.pdf","previousOperationId":null,"profileId":"FtW7NeV82ZqbSwac","timestamp":1645809749858,"id":"g2t0vqh0w0anrxu","operationId":"2trxyrro7jfinj4"}
{"type":"log","timestamp":1645809749858,"level":"info","message":"Starting rendering request 27 (user: null)","meta":{"rootId":"i8l0vj0tprmch2q","id":"i8l0vj0tprmch2q"},"id":"k37smg0auk9j9li","operationId":"dv0tuqstv7tnlfl","previousOperationId":"2trxyrro7jfinj4"}
{"type":"log","timestamp":1645809749858,"level":"info","message":"Rendering template { name: ReportView.pdf, recipe: chrome-pdf, engine: handlebars, preview: true }","meta":{"rootId":"i8l0vj0tprmch2q","id":"i8l0vj0tprmch2q"},"id":"9euuyj7mlsq0xl5","operationId":"ku0s9cg2gq8c30s","previousOperationId":"2trxyrro7jfinj4"}
{"type":"log","timestamp":1645809749859,"level":"debug","message":"Data item not defined for this template.","meta":{"rootId":"i8l0vj0tprmch2q","id":"i8l0vj0tprmch2q"},"id":"mevd7x3qytuclc7","operationId":"38wb2i88jzh7q2a","previousOperationId":"2trxyrro7jfinj4"}
{"type":"log","timestamp":1645809749860,"level":"debug","message":"Executing script view-script (beforeRender)","meta":{"rootId":"i8l0vj0tprmch2q","id":"i8l0vj0tprmch2q"},"id":"ryr2l687cpw2edp","operationId":"3b27bim5w9bluej","previousOperationId":"2trxyrro7jfinj4"}
{"type":"operationStart","subtype":"scriptsBeforeRender","name":"scripts beforeRender","timestamp":1645809749872,"id":"xx5x1fykr896srl","previousEventId":"g2t0vqh0w0anrxu","operationId":"znwmdiz19xmzoln","previousOperationId":"2trxyrro7jfinj4"}
{"type":"operationStart","subtype":"script","name":"scripts view-script","previousOperationId":"znwmdiz19xmzoln","timestamp":1645809749872,"id":"iocqb57d74tefxc","previousEventId":"xx5x1fykr896srl","operationId":"237vw7b5fuuaera"}
{"type":"operationEnd","operationId":"237vw7b5fuuaera","timestamp":1645809749875,"id":"p8zmapii0ni9q4c","previousEventId":"g2t0vqh0w0anrxu","previousOperationId":"2trxyrro7jfinj4"}
{"type":"operationEnd","operationId":"znwmdiz19xmzoln","timestamp":1645809749875,"id":"he64bwgzit2x0v7","previousEventId":"p8zmapii0ni9q4c","previousOperationId":"2trxyrro7jfinj4"}
{"type":"log","timestamp":1645809749875,"level":"debug","message":"Base url not specified, skipping its injection.","meta":{"rootId":"i8l0vj0tprmch2q","id":"i8l0vj0tprmch2q"},"id":"w3mbksymsk7188s","operationId":"tkr94d2s9kvcr0l","previousOperationId":"znwmdiz19xmzoln"}
{"type":"operationStart","subtype":"engine","name":"handlebars","timestamp":1645809749875,"id":"mj2n1sgtip54cnf","previousEventId":"he64bwgzit2x0v7","operationId":"5cfgefihmeib7nz","previousOperationId":"znwmdiz19xmzoln"}
{"type":"log","timestamp":1645809749875,"level":"debug","message":"Rendering engine handlebars","meta":{"rootId":"i8l0vj0tprmch2q","id":"i8l0vj0tprmch2q"},"id":"jx6md5yyitd86m0","operationId":"8adfns59ttj91kw","previousOperationId":"5cfgefihmeib7nz"}
{"type":"operationEnd","operationId":"5cfgefihmeib7nz","timestamp":1645809749890,"id":"rpnmcp4sum37zdv","previousEventId":"mj2n1sgtip54cnf","previousOperationId":"5cfgefihmeib7nz"}
{"type":"operationStart","subtype":"recipe","name":"chrome-pdf","timestamp":1645809749890,"id":"mp7mehbcbup9tvv","previousEventId":"rpnmcp4sum37zdv","operationId":"m4ceevsir2qk2bw","previousOperationId":"5cfgefihmeib7nz"}
{"type":"log","timestamp":1645809749890,"level":"debug","message":"Executing recipe chrome-pdf","meta":{"rootId":"i8l0vj0tprmch2q","id":"i8l0vj0tprmch2q"},"id":"41l53m0tdpda8vq","operationId":"62l7agoum72cdf3","previousOperationId":"m4ceevsir2qk2bw"}
{"type":"log","timestamp":1645809749893,"level":"debug","message":"Converting with chrome HeadlessChrome/98.0.4758.0 using chrome-pool strategy","meta":{"rootId":"i8l0vj0tprmch2q","id":"i8l0vj0tprmch2q"},"id":"h9xotifvh0w4pq8","operationId":"14txt9eo6r52lxj","previousOperationId":"m4ceevsir2qk2bw"}
{"type":"log","timestamp":1645809749982,"level":"debug","message":"Page request: GET (document) file:///C:/Users/ALUMNA~4/AppData/Local/Temp/jsreport/autocleanup/fa67f852-2957-4765-beb3-3590ecb037c8-chrome-pdf.html","meta":{"rootId":"i8l0vj0tprmch2q","id":"i8l0vj0tprmch2q"},"id":"mwjjnakjrs415mp","operationId":"y2x4ikt9ia0p64p","previousOperationId":"m4ceevsir2qk2bw"}
{"type":"log","timestamp":1645809750001,"level":"debug","message":"Page request finished: GET (document) file:///C:/Users/ALUMNA~4/AppData/Local/Temp/jsreport/autocleanup/fa67f852-2957-4765-beb3-3590ecb037c8-chrome-pdf.html","meta":{"rootId":"i8l0vj0tprmch2q","id":"i8l0vj0tprmch2q"},"id":"9os828xafxakr0g","operationId":"a1bzk3ja9xcveu2","previousOperationId":"m4ceevsir2qk2bw"}
{"type":"log","timestamp":1645809750001,"level":"debug","message":"Page request: GET (stylesheet) https://cdnjs.cloudflare.com/ajax/libs/metro/4.1.5/css/metro.min.css","meta":{"rootId":"i8l0vj0tprmch2q","id":"i8l0vj0tprmch2q"},"id":"uo5k5pfudckjzkc","operationId":"ilvit8hp542fws6","previousOperationId":"m4ceevsir2qk2bw"}
{"type":"log","timestamp":1645809750002,"level":"debug","message":"Page request: GET (script) https://canvasjs.com/assets/script/canvasjs.min.js","meta":{"rootId":"i8l0vj0tprmch2q","id":"i8l0vj0tprmch2q"},"id":"6kp39ltrxsked9w","operationId":"sp86vbe2slm1sbx","previousOperationId":"m4ceevsir2qk2bw"}
{"type":"log","timestamp":1645809750026,"level":"debug","message":"Page request finished: GET (stylesheet) 200 https://cdnjs.cloudflare.com/ajax/libs/metro/4.1.5/css/metro.min.css","meta":{"rootId":"i8l0vj0tprmch2q","id":"i8l0vj0tprmch2q"},"id":"oi3cghdzfnocoek","operationId":"dp6f1jn5cnhtmrg","previousOperationId":"m4ceevsir2qk2bw"}
{"type":"log","timestamp":1645809750078,"level":"debug","message":"Page request finished: GET (script) 200 https://canvasjs.com/assets/script/canvasjs.min.js","meta":{"rootId":"i8l0vj0tprmch2q","id":"i8l0vj0tprmch2q"},"id":"o29qjpbvbirln1g","operationId":"kssxb3of5kaun6m","previousOperationId":"m4ceevsir2qk2bw"}
{"type":"log","timestamp":1645809750195,"level":"debug","message":"Running chrome with params {\"printBackground\":true,\"displayHeaderFooter\":true,\"timeout\":60000,\"margin\":{}}","meta":{"rootId":"i8l0vj0tprmch2q","id":"i8l0vj0tprmch2q"},"id":"z9x2upeq2uuye98","operationId":"myb3yw5ffkzfmdb","previousOperationId":"m4ceevsir2qk2bw"}
{"type":"operationEnd","operationId":"m4ceevsir2qk2bw","timestamp":1645809750341,"id":"5ru8rclih6vwto5","previousEventId":"mp7mehbcbup9tvv","previousOperationId":"m4ceevsir2qk2bw"}
{"type":"log","timestamp":1645809750341,"level":"debug","message":"Skipping storing report.","meta":{"rootId":"i8l0vj0tprmch2q","id":"i8l0vj0tprmch2q"},"id":"0gg7z24c2tlxql0","operationId":"iilox34bakgrak0","previousOperationId":"m4ceevsir2qk2bw"}
{"type":"log","timestamp":1645809750341,"level":"info","message":"Rendering request 27 finished in 483 ms","meta":{"rootId":"i8l0vj0tprmch2q","id":"i8l0vj0tprmch2q"},"id":"4ibwdgxxz6afsdc","operationId":"onw86xta2gb5rqi","previousOperationId":"m4ceevsir2qk2bw"}
{"type":"operationEnd","subtype":"render","operationId":"2trxyrro7jfinj4","timestamp":1645809750341,"id":"5a7ey952cslemfw","previousEventId":"5ru8rclih6vwto5","previousOperationId":"m4ceevsir2qk2bw"}
