{"type":"operationStart","subtype":"render","name":"ReportView.pdf","previousOperationId":null,"profileId":"DtRYceghOAFrSrE2","timestamp":1645809849987,"id":"dagtuv2jskau9bk","operationId":"rmnu7btgmsjgv35"}
{"type":"log","timestamp":1645809849988,"level":"info","message":"Starting rendering request 32 (user: null)","meta":{"rootId":"j83t6x6bimflfu4","id":"j83t6x6bimflfu4"},"id":"kugphzdmvkf3j9h","operationId":"qqb4tbglsarhjc2","previousOperationId":"rmnu7btgmsjgv35"}
{"type":"log","timestamp":1645809849988,"level":"info","message":"Rendering template { name: ReportView.pdf, recipe: chrome-pdf, engine: handlebars, preview: true }","meta":{"rootId":"j83t6x6bimflfu4","id":"j83t6x6bimflfu4"},"id":"v36rnlhrvc5fr10","operationId":"og7zfxvd6q5yl75","previousOperationId":"rmnu7btgmsjgv35"}
{"type":"log","timestamp":1645809849989,"level":"debug","message":"Data item not defined for this template.","meta":{"rootId":"j83t6x6bimflfu4","id":"j83t6x6bimflfu4"},"id":"4gpy0he2znbfvmm","operationId":"nesr1c6qesk3bbz","previousOperationId":"rmnu7btgmsjgv35"}
{"type":"log","timestamp":1645809849991,"level":"debug","message":"Executing script view-script (beforeRender)","meta":{"rootId":"j83t6x6bimflfu4","id":"j83t6x6bimflfu4"},"id":"xegc3bgnskt1fxe","operationId":"hpbc6ibc9l9cupb","previousOperationId":"rmnu7btgmsjgv35"}
{"type":"operationStart","subtype":"scriptsBeforeRender","name":"scripts beforeRender","timestamp":1645809850002,"id":"di64gnv1e2s9zdn","previousEventId":"dagtuv2jskau9bk","operationId":"78b5bx7zgah0udj","previousOperationId":"rmnu7btgmsjgv35"}
{"type":"operationStart","subtype":"script","name":"scripts view-script","previousOperationId":"78b5bx7zgah0udj","timestamp":1645809850002,"id":"3m7x7i15jya6l4w","previousEventId":"di64gnv1e2s9zdn","operationId":"lpymeuihduhpdxi"}
{"type":"operationEnd","operationId":"lpymeuihduhpdxi","timestamp":1645809850006,"id":"t94m5khm80rh9ot","previousEventId":"dagtuv2jskau9bk","previousOperationId":"rmnu7btgmsjgv35"}
{"type":"operationEnd","operationId":"78b5bx7zgah0udj","timestamp":1645809850006,"id":"fb1on70xoq0a7bd","previousEventId":"t94m5khm80rh9ot","previousOperationId":"rmnu7btgmsjgv35"}
{"type":"log","timestamp":1645809850006,"level":"debug","message":"Base url not specified, skipping its injection.","meta":{"rootId":"j83t6x6bimflfu4","id":"j83t6x6bimflfu4"},"id":"rcqchckuqy7taoy","operationId":"6281pvg6d63gfuz","previousOperationId":"78b5bx7zgah0udj"}
{"type":"operationStart","subtype":"engine","name":"handlebars","timestamp":1645809850006,"id":"zucjiq1hft79uyg","previousEventId":"fb1on70xoq0a7bd","operationId":"5badd14dz60ewzk","previousOperationId":"78b5bx7zgah0udj"}
{"type":"log","timestamp":1645809850006,"level":"debug","message":"Rendering engine handlebars","meta":{"rootId":"j83t6x6bimflfu4","id":"j83t6x6bimflfu4"},"id":"p5n116oxzv9wzlv","operationId":"vha1716jmy06myh","previousOperationId":"5badd14dz60ewzk"}
{"type":"operationEnd","operationId":"5badd14dz60ewzk","timestamp":1645809850019,"id":"1ci029izg8x57rr","previousEventId":"zucjiq1hft79uyg","previousOperationId":"5badd14dz60ewzk"}
{"type":"operationStart","subtype":"recipe","name":"chrome-pdf","timestamp":1645809850019,"id":"whck0ufak0rhv4k","previousEventId":"1ci029izg8x57rr","operationId":"d24okbz494qy6gm","previousOperationId":"5badd14dz60ewzk"}
{"type":"log","timestamp":1645809850019,"level":"debug","message":"Executing recipe chrome-pdf","meta":{"rootId":"j83t6x6bimflfu4","id":"j83t6x6bimflfu4"},"id":"2bgh3dmeqf44tk5","operationId":"rnhcq8qtupuuyei","previousOperationId":"d24okbz494qy6gm"}
{"type":"log","timestamp":1645809850024,"level":"debug","message":"Converting with chrome HeadlessChrome/98.0.4758.0 using chrome-pool strategy","meta":{"rootId":"j83t6x6bimflfu4","id":"j83t6x6bimflfu4"},"id":"bojaj3i2fs2az0b","operationId":"i0mi3cx9llv2f4r","previousOperationId":"d24okbz494qy6gm"}
{"type":"log","timestamp":1645809850116,"level":"debug","message":"Page request: GET (document) file:///C:/Users/ALUMNA~4/AppData/Local/Temp/jsreport/autocleanup/138bf286-4c1e-4b0c-a679-f04b0897041d-chrome-pdf.html","meta":{"rootId":"j83t6x6bimflfu4","id":"j83t6x6bimflfu4"},"id":"g9e5uxyv08shfyw","operationId":"7yhdlxcrcb0hlyr","previousOperationId":"d24okbz494qy6gm"}
{"type":"log","timestamp":1645809850127,"level":"debug","message":"Page request finished: GET (document) file:///C:/Users/ALUMNA~4/AppData/Local/Temp/jsreport/autocleanup/138bf286-4c1e-4b0c-a679-f04b0897041d-chrome-pdf.html","meta":{"rootId":"j83t6x6bimflfu4","id":"j83t6x6bimflfu4"},"id":"wmchsqczr0f1fwl","operationId":"27qosbr0zdpkz6o","previousOperationId":"d24okbz494qy6gm"}
{"type":"log","timestamp":1645809850127,"level":"debug","message":"Page request: GET (stylesheet) https://cdnjs.cloudflare.com/ajax/libs/metro/4.1.5/css/metro.min.css","meta":{"rootId":"j83t6x6bimflfu4","id":"j83t6x6bimflfu4"},"id":"v6fhjzn182q7mns","operationId":"qns9y6al45d7nja","previousOperationId":"d24okbz494qy6gm"}
{"type":"log","timestamp":1645809850127,"level":"debug","message":"Page request: GET (script) https://canvasjs.com/assets/script/canvasjs.min.js","meta":{"rootId":"j83t6x6bimflfu4","id":"j83t6x6bimflfu4"},"id":"4b45pfibthv2vps","operationId":"7n1qp3cyoemuy6m","previousOperationId":"d24okbz494qy6gm"}
{"type":"log","timestamp":1645809850150,"level":"debug","message":"Page request finished: GET (stylesheet) 200 https://cdnjs.cloudflare.com/ajax/libs/metro/4.1.5/css/metro.min.css","meta":{"rootId":"j83t6x6bimflfu4","id":"j83t6x6bimflfu4"},"id":"6hy8ciwc3evita6","operationId":"ipa87cvkip2vjns","previousOperationId":"d24okbz494qy6gm"}
{"type":"log","timestamp":1645809850250,"level":"debug","message":"Page request finished: GET (script) 200 https://canvasjs.com/assets/script/canvasjs.min.js","meta":{"rootId":"j83t6x6bimflfu4","id":"j83t6x6bimflfu4"},"id":"agtqwp54pcspe68","operationId":"s9slsacfvna9s3a","previousOperationId":"d24okbz494qy6gm"}
{"type":"log","timestamp":1645809850395,"level":"debug","message":"Running chrome with params {\"printBackground\":true,\"displayHeaderFooter\":true,\"timeout\":60000,\"margin\":{}}","meta":{"rootId":"j83t6x6bimflfu4","id":"j83t6x6bimflfu4"},"id":"vi1hro299673wxp","operationId":"0k0ji3xptto3hdz","previousOperationId":"d24okbz494qy6gm"}
{"type":"operationEnd","operationId":"d24okbz494qy6gm","timestamp":1645809850550,"id":"9mszjnp4eaxkscu","previousEventId":"whck0ufak0rhv4k","previousOperationId":"d24okbz494qy6gm"}
{"type":"log","timestamp":1645809850550,"level":"debug","message":"Skipping storing report.","meta":{"rootId":"j83t6x6bimflfu4","id":"j83t6x6bimflfu4"},"id":"p7v45n4ealnf0pn","operationId":"s69kt28u9nd0ood","previousOperationId":"d24okbz494qy6gm"}
{"type":"log","timestamp":1645809850551,"level":"info","message":"Rendering request 32 finished in 563 ms","meta":{"rootId":"j83t6x6bimflfu4","id":"j83t6x6bimflfu4"},"id":"9fcmyjf5gwllfxz","operationId":"yiq4xy2nkmh9igv","previousOperationId":"d24okbz494qy6gm"}
{"type":"operationEnd","subtype":"render","operationId":"rmnu7btgmsjgv35","timestamp":1645809850551,"id":"twv33zi2ttdf9fr","previousEventId":"9mszjnp4eaxkscu","previousOperationId":"d24okbz494qy6gm"}
