{"type":"operationStart","subtype":"render","name":"ReportView.pdf","previousOperationId":null,"profileId":"Q96A0gEjvOSQIHvh","timestamp":1645809782102,"id":"btbrsoy5xi91nh9","operationId":"71fvvpjwm77s1v2"}
{"type":"log","timestamp":1645809782103,"level":"info","message":"Starting rendering request 29 (user: null)","meta":{"rootId":"keysxxcqn6e0ujo","id":"keysxxcqn6e0ujo"},"id":"rxtr2wih84q1wlk","operationId":"qurwhu7lncje9zi","previousOperationId":"71fvvpjwm77s1v2"}
{"type":"log","timestamp":1645809782103,"level":"info","message":"Rendering template { name: ReportView.pdf, recipe: chrome-pdf, engine: handlebars, preview: true }","meta":{"rootId":"keysxxcqn6e0ujo","id":"keysxxcqn6e0ujo"},"id":"bs2nhy2gcdpgfjd","operationId":"vwhwg8w883oik9w","previousOperationId":"71fvvpjwm77s1v2"}
{"type":"log","timestamp":1645809782104,"level":"debug","message":"Data item not defined for this template.","meta":{"rootId":"keysxxcqn6e0ujo","id":"keysxxcqn6e0ujo"},"id":"edbmks5pwy43wmf","operationId":"sekzxk3o18vfpvj","previousOperationId":"71fvvpjwm77s1v2"}
{"type":"log","timestamp":1645809782106,"level":"debug","message":"Executing script view-script (beforeRender)","meta":{"rootId":"keysxxcqn6e0ujo","id":"keysxxcqn6e0ujo"},"id":"tkzna3iqfq162je","operationId":"0ff1qoivnhpt588","previousOperationId":"71fvvpjwm77s1v2"}
{"type":"operationStart","subtype":"scriptsBeforeRender","name":"scripts beforeRender","timestamp":1645809782119,"id":"rwhxswyz3my872w","previousEventId":"btbrsoy5xi91nh9","operationId":"rba3yyimmn806wn","previousOperationId":"71fvvpjwm77s1v2"}
{"type":"operationStart","subtype":"script","name":"scripts view-script","previousOperationId":"rba3yyimmn806wn","timestamp":1645809782119,"id":"l65rofx0x5s3o5o","previousEventId":"rwhxswyz3my872w","operationId":"57avolza7l1z4lp"}
{"type":"operationEnd","operationId":"57avolza7l1z4lp","timestamp":1645809782123,"id":"7cqhtnj77s72w1p","previousEventId":"btbrsoy5xi91nh9","previousOperationId":"71fvvpjwm77s1v2"}
{"type":"operationEnd","operationId":"rba3yyimmn806wn","timestamp":1645809782123,"id":"4g2ev9vc195iwtm","previousEventId":"7cqhtnj77s72w1p","previousOperationId":"71fvvpjwm77s1v2"}
{"type":"log","timestamp":1645809782123,"level":"debug","message":"Base url not specified, skipping its injection.","meta":{"rootId":"keysxxcqn6e0ujo","id":"keysxxcqn6e0ujo"},"id":"97kkt7ek2kwnzip","operationId":"yebrwiowlafe5a8","previousOperationId":"rba3yyimmn806wn"}
{"type":"operationStart","subtype":"engine","name":"handlebars","timestamp":1645809782123,"id":"wrgximrd5hs197o","previousEventId":"4g2ev9vc195iwtm","operationId":"15dlzsplhxbkjw6","previousOperationId":"rba3yyimmn806wn"}
{"type":"log","timestamp":1645809782123,"level":"debug","message":"Rendering engine handlebars","meta":{"rootId":"keysxxcqn6e0ujo","id":"keysxxcqn6e0ujo"},"id":"7k4pz6sklmw7ya3","operationId":"vbrtyxa0uu5mhnb","previousOperationId":"15dlzsplhxbkjw6"}
{"type":"operationEnd","operationId":"15dlzsplhxbkjw6","timestamp":1645809782135,"id":"1xc3d913kt9q3dd","previousEventId":"wrgximrd5hs197o","previousOperationId":"15dlzsplhxbkjw6"}
{"type":"operationStart","subtype":"recipe","name":"chrome-pdf","timestamp":1645809782136,"id":"ne7lsnz00k4iqkc","previousEventId":"1xc3d913kt9q3dd","operationId":"p7kzq5o39u44ek6","previousOperationId":"15dlzsplhxbkjw6"}
{"type":"log","timestamp":1645809782136,"level":"debug","message":"Executing recipe chrome-pdf","meta":{"rootId":"keysxxcqn6e0ujo","id":"keysxxcqn6e0ujo"},"id":"stw6udl6aybkua8","operationId":"m1wjk9gow1ccb3d","previousOperationId":"p7kzq5o39u44ek6"}
{"type":"log","timestamp":1645809782139,"level":"debug","message":"Converting with chrome HeadlessChrome/98.0.4758.0 using chrome-pool strategy","meta":{"rootId":"keysxxcqn6e0ujo","id":"keysxxcqn6e0ujo"},"id":"nqsvhzdi77hd85i","operationId":"305mc3vo7ft2b4o","previousOperationId":"p7kzq5o39u44ek6"}
{"type":"log","timestamp":1645809782232,"level":"debug","message":"Page request: GET (document) file:///C:/Users/ALUMNA~4/AppData/Local/Temp/jsreport/autocleanup/75ae06c3-b772-4a36-bc9f-c3818db95f1f-chrome-pdf.html","meta":{"rootId":"keysxxcqn6e0ujo","id":"keysxxcqn6e0ujo"},"id":"5pes621fdehp4j8","operationId":"00k93a9136pfap0","previousOperationId":"p7kzq5o39u44ek6"}
{"type":"log","timestamp":1645809782250,"level":"debug","message":"Page request finished: GET (document) file:///C:/Users/ALUMNA~4/AppData/Local/Temp/jsreport/autocleanup/75ae06c3-b772-4a36-bc9f-c3818db95f1f-chrome-pdf.html","meta":{"rootId":"keysxxcqn6e0ujo","id":"keysxxcqn6e0ujo"},"id":"jjj6q45x1wmrgjj","operationId":"jjz5diq7ifsa93z","previousOperationId":"p7kzq5o39u44ek6"}
{"type":"log","timestamp":1645809782251,"level":"debug","message":"Page request: GET (stylesheet) https://cdnjs.cloudflare.com/ajax/libs/metro/4.1.5/css/metro.min.css","meta":{"rootId":"keysxxcqn6e0ujo","id":"keysxxcqn6e0ujo"},"id":"wmfpoz63yxq0pd8","operationId":"kaqduuf1q7bjy26","previousOperationId":"p7kzq5o39u44ek6"}
{"type":"log","timestamp":1645809782252,"level":"debug","message":"Page request: GET (script) https://canvasjs.com/assets/script/canvasjs.min.js","meta":{"rootId":"keysxxcqn6e0ujo","id":"keysxxcqn6e0ujo"},"id":"eac1ke5zigh9hur","operationId":"uyodo7cqaglregp","previousOperationId":"p7kzq5o39u44ek6"}
{"type":"log","timestamp":1645809782274,"level":"debug","message":"Page request finished: GET (stylesheet) 200 https://cdnjs.cloudflare.com/ajax/libs/metro/4.1.5/css/metro.min.css","meta":{"rootId":"keysxxcqn6e0ujo","id":"keysxxcqn6e0ujo"},"id":"h22pid6390kylqg","operationId":"0k5duvuo6xf4157","previousOperationId":"p7kzq5o39u44ek6"}
{"type":"log","timestamp":1645809782363,"level":"debug","message":"Page request finished: GET (script) 200 https://canvasjs.com/assets/script/canvasjs.min.js","meta":{"rootId":"keysxxcqn6e0ujo","id":"keysxxcqn6e0ujo"},"id":"69h9scwg8bidm4p","operationId":"kqyj0cx5oek02y5","previousOperationId":"p7kzq5o39u44ek6"}
{"type":"log","timestamp":1645809782472,"level":"debug","message":"Running chrome with params {\"printBackground\":true,\"displayHeaderFooter\":true,\"timeout\":60000,\"margin\":{}}","meta":{"rootId":"keysxxcqn6e0ujo","id":"keysxxcqn6e0ujo"},"id":"e2dcjbgywxyrl4v","operationId":"78123jspts9g63c","previousOperationId":"p7kzq5o39u44ek6"}
{"type":"operationEnd","operationId":"p7kzq5o39u44ek6","timestamp":1645809782618,"id":"mcvk5x7o5fg2sfp","previousEventId":"ne7lsnz00k4iqkc","previousOperationId":"p7kzq5o39u44ek6"}
{"type":"log","timestamp":1645809782618,"level":"debug","message":"Skipping storing report.","meta":{"rootId":"keysxxcqn6e0ujo","id":"keysxxcqn6e0ujo"},"id":"q50u52zqanqneq3","operationId":"lw6085s462tnw0y","previousOperationId":"p7kzq5o39u44ek6"}
{"type":"log","timestamp":1645809782618,"level":"info","message":"Rendering request 29 finished in 515 ms","meta":{"rootId":"keysxxcqn6e0ujo","id":"keysxxcqn6e0ujo"},"id":"6244fdfp3xfkbvl","operationId":"a3m2d7i9hwqozye","previousOperationId":"p7kzq5o39u44ek6"}
{"type":"operationEnd","subtype":"render","operationId":"71fvvpjwm77s1v2","timestamp":1645809782618,"id":"96j13il52mvjs7i","previousEventId":"mcvk5x7o5fg2sfp","previousOperationId":"p7kzq5o39u44ek6"}
