{"type":"operationStart","subtype":"render","name":"ReportView.pdf","previousOperationId":null,"profileId":"91FpN46NOpKR5pnw","timestamp":1645809373692,"id":"j0iurrirh5w0fp4","operationId":"7fes98p2y9snqnz"}
{"type":"log","timestamp":1645809373692,"level":"info","message":"Starting rendering request 18 (user: null)","meta":{"rootId":"kk02vc6pa2utjy2","id":"kk02vc6pa2utjy2"},"id":"wvshup2s6hzt61o","operationId":"3a0amcr3ggsont6","previousOperationId":"7fes98p2y9snqnz"}
{"type":"log","timestamp":1645809373693,"level":"info","message":"Rendering template { name: ReportView.pdf, recipe: chrome-pdf, engine: handlebars, preview: true }","meta":{"rootId":"kk02vc6pa2utjy2","id":"kk02vc6pa2utjy2"},"id":"byd5lvvqzowbazd","operationId":"ife0vyvt1d6p8hw","previousOperationId":"7fes98p2y9snqnz"}
{"type":"log","timestamp":1645809373693,"level":"debug","message":"Data item not defined for this template.","meta":{"rootId":"kk02vc6pa2utjy2","id":"kk02vc6pa2utjy2"},"id":"wkx41o107rl7b9u","operationId":"66fixcss22h88eq","previousOperationId":"7fes98p2y9snqnz"}
{"type":"log","timestamp":1645809373695,"level":"debug","message":"Executing script view-script (beforeRender)","meta":{"rootId":"kk02vc6pa2utjy2","id":"kk02vc6pa2utjy2"},"id":"n6gf2xrz9ywwzdo","operationId":"oci2k0emv98q12s","previousOperationId":"7fes98p2y9snqnz"}
{"type":"operationStart","subtype":"scriptsBeforeRender","name":"scripts beforeRender","timestamp":1645809373705,"id":"ulox2glk3acx5la","previousEventId":"j0iurrirh5w0fp4","operationId":"qpywx8zr5vntd1b","previousOperationId":"7fes98p2y9snqnz"}
{"type":"operationStart","subtype":"script","name":"scripts view-script","previousOperationId":"qpywx8zr5vntd1b","timestamp":1645809373705,"id":"s3qr120zoe0myyr","previousEventId":"ulox2glk3acx5la","operationId":"ujivwdnx4zx36kr"}
{"type":"operationEnd","operationId":"ujivwdnx4zx36kr","timestamp":1645809373709,"id":"reiwz04bvus5418","previousEventId":"j0iurrirh5w0fp4","previousOperationId":"7fes98p2y9snqnz"}
{"type":"operationEnd","operationId":"qpywx8zr5vntd1b","timestamp":1645809373709,"id":"3f9c1cmcuq5jm89","previousEventId":"reiwz04bvus5418","previousOperationId":"7fes98p2y9snqnz"}
{"type":"log","timestamp":1645809373709,"level":"debug","message":"Base url not specified, skipping its injection.","meta":{"rootId":"kk02vc6pa2utjy2","id":"kk02vc6pa2utjy2"},"id":"a0zuy4o58lykzn9","operationId":"ws8ps8do7mqnths","previousOperationId":"qpywx8zr5vntd1b"}
{"type":"operationStart","subtype":"engine","name":"handlebars","timestamp":1645809373710,"id":"73fwzkpsrcre25v","previousEventId":"3f9c1cmcuq5jm89","operationId":"oqbml7rur01q0i0","previousOperationId":"qpywx8zr5vntd1b"}
{"type":"log","timestamp":1645809373710,"level":"debug","message":"Rendering engine handlebars","meta":{"rootId":"kk02vc6pa2utjy2","id":"kk02vc6pa2utjy2"},"id":"6q137x53xbxrr41","operationId":"w265sta40i5gntv","previousOperationId":"oqbml7rur01q0i0"}
{"type":"operationEnd","operationId":"oqbml7rur01q0i0","timestamp":1645809373723,"id":"450pprjh911jk3w","previousEventId":"73fwzkpsrcre25v","previousOperationId":"oqbml7rur01q0i0"}
{"type":"operationStart","subtype":"recipe","name":"chrome-pdf","timestamp":1645809373724,"id":"5qdz93lyu6y3ddn","previousEventId":"450pprjh911jk3w","operationId":"xpwrvfeepmsq3ra","previousOperationId":"oqbml7rur01q0i0"}
{"type":"log","timestamp":1645809373724,"level":"debug","message":"Executing recipe chrome-pdf","meta":{"rootId":"kk02vc6pa2utjy2","id":"kk02vc6pa2utjy2"},"id":"pskor4zf28njko0","operationId":"xn8k0jcbl7ljoad","previousOperationId":"xpwrvfeepmsq3ra"}
{"type":"log","timestamp":1645809373726,"level":"debug","message":"Converting with chrome HeadlessChrome/98.0.4758.0 using chrome-pool strategy","meta":{"rootId":"kk02vc6pa2utjy2","id":"kk02vc6pa2utjy2"},"id":"fxqeq0v3778g8p9","operationId":"xmgq35d9jfp0qx8","previousOperationId":"xpwrvfeepmsq3ra"}
{"type":"log","timestamp":1645809373830,"level":"debug","message":"Page request: GET (document) file:///C:/Users/ALUMNA~4/AppData/Local/Temp/jsreport/autocleanup/bd8f3f61-52d7-4bb6-adb4-59a2ded1df97-chrome-pdf.html","meta":{"rootId":"kk02vc6pa2utjy2","id":"kk02vc6pa2utjy2"},"id":"0ag3hbgse3ie3aq","operationId":"gm2johnttuca4i0","previousOperationId":"xpwrvfeepmsq3ra"}
{"type":"log","timestamp":1645809373848,"level":"debug","message":"Page request finished: GET (document) file:///C:/Users/ALUMNA~4/AppData/Local/Temp/jsreport/autocleanup/bd8f3f61-52d7-4bb6-adb4-59a2ded1df97-chrome-pdf.html","meta":{"rootId":"kk02vc6pa2utjy2","id":"kk02vc6pa2utjy2"},"id":"gn18t5cffa20c60","operationId":"iif0b8kosgo9ds6","previousOperationId":"xpwrvfeepmsq3ra"}
{"type":"log","timestamp":1645809373850,"level":"debug","message":"Page request: GET (stylesheet) https://cdnjs.cloudflare.com/ajax/libs/metro/4.1.5/css/metro.min.css","meta":{"rootId":"kk02vc6pa2utjy2","id":"kk02vc6pa2utjy2"},"id":"yk7qgv2eelvg1d3","operationId":"5sz0gemy3y7f1mi","previousOperationId":"xpwrvfeepmsq3ra"}
{"type":"log","timestamp":1645809373851,"level":"debug","message":"Page request: GET (script) https://cdnjs.cloudflare.com/ajax/libs/Chart.js/2.7.2/Chart.min.js","meta":{"rootId":"kk02vc6pa2utjy2","id":"kk02vc6pa2utjy2"},"id":"c8e9dplrijdxx0o","operationId":"2hybjbupl2e9c5l","previousOperationId":"xpwrvfeepmsq3ra"}
{"type":"log","timestamp":1645809373851,"level":"debug","message":"Page request: GET (script) http://code.jquery.com/jquery-1.11.0.min.js","meta":{"rootId":"kk02vc6pa2utjy2","id":"kk02vc6pa2utjy2"},"id":"yx673i4s575mjp0","operationId":"856bwk2z8cvzwb8","previousOperationId":"xpwrvfeepmsq3ra"}
{"type":"log","timestamp":1645809373851,"level":"debug","message":"Page request: GET (script) http://cdnjs.cloudflare.com/ajax/libs/flot/0.8.1/jquery.flot.min.js","meta":{"rootId":"kk02vc6pa2utjy2","id":"kk02vc6pa2utjy2"},"id":"r2alzrptt58asnk","operationId":"hcomeozy9m1kc3n","previousOperationId":"xpwrvfeepmsq3ra"}
{"type":"log","timestamp":1645809373858,"level":"warn","message":"Page request failed: GET (script) 307 http://cdnjs.cloudflare.com/ajax/libs/flot/0.8.1/jquery.flot.min.js (redirect to: https://cdnjs.cloudflare.com/ajax/libs/flot/0.8.1/jquery.flot.min.js)","meta":{"rootId":"kk02vc6pa2utjy2","id":"kk02vc6pa2utjy2"},"id":"eg77w204sqrk4ru","operationId":"dj6ghqllm3h05zx","previousOperationId":"xpwrvfeepmsq3ra"}
{"type":"log","timestamp":1645809373858,"level":"debug","message":"Page request: GET (script) https://cdnjs.cloudflare.com/ajax/libs/flot/0.8.1/jquery.flot.min.js (redirect from: http://cdnjs.cloudflare.com/ajax/libs/flot/0.8.1/jquery.flot.min.js)","meta":{"rootId":"kk02vc6pa2utjy2","id":"kk02vc6pa2utjy2"},"id":"qrxjzbr3oni9lb4","operationId":"6j5idz9jg0dsgfl","previousOperationId":"xpwrvfeepmsq3ra"}
{"type":"log","timestamp":1645809373859,"level":"debug","message":"Page request finished: GET (script) 200 https://cdnjs.cloudflare.com/ajax/libs/Chart.js/2.7.2/Chart.min.js","meta":{"rootId":"kk02vc6pa2utjy2","id":"kk02vc6pa2utjy2"},"id":"sax1etu4seibfuz","operationId":"8gyrpwswwzxzpj6","previousOperationId":"xpwrvfeepmsq3ra"}
{"type":"log","timestamp":1645809373877,"level":"debug","message":"Page request finished: GET (stylesheet) 200 https://cdnjs.cloudflare.com/ajax/libs/metro/4.1.5/css/metro.min.css","meta":{"rootId":"kk02vc6pa2utjy2","id":"kk02vc6pa2utjy2"},"id":"fo92wcooh6r0ihu","operationId":"w39239fi5j261o8","previousOperationId":"xpwrvfeepmsq3ra"}
{"type":"log","timestamp":1645809376315,"level":"debug","message":"Page request finished: GET (script) 200 https://cdnjs.cloudflare.com/ajax/libs/flot/0.8.1/jquery.flot.min.js","meta":{"rootId":"kk02vc6pa2utjy2","id":"kk02vc6pa2utjy2"},"id":"hn2nsjg3zjy42cc","operationId":"72w5av7kqew769h","previousOperationId":"xpwrvfeepmsq3ra"}
{"type":"log","timestamp":1645809376411,"level":"debug","message":"Page request finished: GET (script) 200 http://code.jquery.com/jquery-1.11.0.min.js","meta":{"rootId":"kk02vc6pa2utjy2","id":"kk02vc6pa2utjy2"},"id":"zy1n3sauigpaajv","operationId":"sda4drhkxm883p7","previousOperationId":"xpwrvfeepmsq3ra"}
{"type":"log","timestamp":1645809376428,"level":"warn","message":"Page error: TypeError: Cannot read properties of null (reading 'length')\n    at Object.acquireContext (https://cdnjs.cloudflare.com/ajax/libs/Chart.js/2.7.2/Chart.min.js:10:122612)\n    at t.construct (https://cdnjs.cloudflare.com/ajax/libs/Chart.js/2.7.2/Chart.min.js:10:53710)\n    at new t (https://cdnjs.cloudflare.com/ajax/libs/Chart.js/2.7.2/Chart.min.js:10:78025)\n    at file:///C:/Users/ALUMNA~4/AppData/Local/Temp/jsreport/autocleanup/bd8f3f61-52d7-4bb6-adb4-59a2ded1df97-chrome-pdf.html:63:16","meta":{"rootId":"kk02vc6pa2utjy2","id":"kk02vc6pa2utjy2"},"id":"s1o02axazv49yz7","operationId":"67t74bn82jw2c1k","previousOperationId":"xpwrvfeepmsq3ra"}
{"type":"log","timestamp":1645809376459,"level":"debug","message":"Running chrome with params {\"printBackground\":true,\"displayHeaderFooter\":true,\"timeout\":60000,\"margin\":{}}","meta":{"rootId":"kk02vc6pa2utjy2","id":"kk02vc6pa2utjy2"},"id":"0joqm167q1fid1i","operationId":"neg7xfnip5arct0","previousOperationId":"xpwrvfeepmsq3ra"}
{"type":"operationEnd","operationId":"xpwrvfeepmsq3ra","timestamp":1645809376596,"id":"vipyj3iyzujnstt","previousEventId":"5qdz93lyu6y3ddn","previousOperationId":"xpwrvfeepmsq3ra"}
{"type":"log","timestamp":1645809376596,"level":"debug","message":"Skipping storing report.","meta":{"rootId":"kk02vc6pa2utjy2","id":"kk02vc6pa2utjy2"},"id":"9zvll3d2jiop2p2","operationId":"qj6ruzvq8rws7nv","previousOperationId":"xpwrvfeepmsq3ra"}
{"type":"log","timestamp":1645809376596,"level":"info","message":"Rendering request 18 finished in 2904 ms","meta":{"rootId":"kk02vc6pa2utjy2","id":"kk02vc6pa2utjy2"},"id":"o8qqpczmzxxphd6","operationId":"czto66qw54yqovp","previousOperationId":"xpwrvfeepmsq3ra"}
{"type":"operationEnd","subtype":"render","operationId":"7fes98p2y9snqnz","timestamp":1645809376596,"id":"iu06b1zrntojsxg","previousEventId":"vipyj3iyzujnstt","previousOperationId":"xpwrvfeepmsq3ra"}
