{"type":"operationStart","subtype":"render","name":"ReportView.pdf","previousOperationId":null,"profileId":"nxcZUUTdPP12Chny","timestamp":1645807530844,"id":"1zjnsenal2r1oga","operationId":"1dey32rjiq6x2ep"}
{"type":"log","timestamp":1645807530844,"level":"info","message":"Starting rendering request 2 (user: null)","meta":{"rootId":"ni8rsbyvy003vs6","id":"ni8rsbyvy003vs6"},"id":"4qo9r90sm10tkee","operationId":"t5n4w8xnvuib2pj","previousOperationId":"1dey32rjiq6x2ep"}
{"type":"log","timestamp":1645807530845,"level":"info","message":"Rendering template { name: ReportView.pdf, recipe: chrome-pdf, engine: handlebars, preview: true }","meta":{"rootId":"ni8rsbyvy003vs6","id":"ni8rsbyvy003vs6"},"id":"faovqovze9vjo45","operationId":"8olshzkt5uymzdr","previousOperationId":"1dey32rjiq6x2ep"}
{"type":"log","timestamp":1645807530845,"level":"debug","message":"Data item not defined for this template.","meta":{"rootId":"ni8rsbyvy003vs6","id":"ni8rsbyvy003vs6"},"id":"6i0z6ekji8xv50a","operationId":"w6s2baby8mr66i9","previousOperationId":"1dey32rjiq6x2ep"}
{"type":"log","timestamp":1645807530857,"level":"debug","message":"Executing script view-script (beforeRender)","meta":{"rootId":"ni8rsbyvy003vs6","id":"ni8rsbyvy003vs6"},"id":"4y05wcpq0x2jf0d","operationId":"7ids1i98r6rvk9f","previousOperationId":"1dey32rjiq6x2ep"}
{"type":"operationStart","subtype":"scriptsBeforeRender","name":"scripts beforeRender","timestamp":1645807530871,"id":"pnsf9zjrj3e6fku","previousEventId":"1zjnsenal2r1oga","operationId":"nbpc3ipv62w7492","previousOperationId":"1dey32rjiq6x2ep"}
{"type":"operationStart","subtype":"script","name":"scripts view-script","previousOperationId":"nbpc3ipv62w7492","timestamp":1645807530871,"id":"54u6v15u5ztryzg","previousEventId":"pnsf9zjrj3e6fku","operationId":"f61eivdhrw7i18u"}
{"type":"operationEnd","operationId":"f61eivdhrw7i18u","timestamp":1645807530877,"id":"nwh5h0g5w10s25i","previousEventId":"1zjnsenal2r1oga","previousOperationId":"1dey32rjiq6x2ep"}
{"type":"operationEnd","operationId":"nbpc3ipv62w7492","timestamp":1645807530878,"id":"lz7tcx447l82dio","previousEventId":"nwh5h0g5w10s25i","previousOperationId":"1dey32rjiq6x2ep"}
{"type":"log","timestamp":1645807530878,"level":"debug","message":"Base url not specified, skipping its injection.","meta":{"rootId":"ni8rsbyvy003vs6","id":"ni8rsbyvy003vs6"},"id":"ieoss2k3y0zdivu","operationId":"6vg19u8cwz2jge6","previousOperationId":"nbpc3ipv62w7492"}
{"type":"operationStart","subtype":"engine","name":"handlebars","timestamp":1645807530878,"id":"26peuuvq3ux2vn9","previousEventId":"lz7tcx447l82dio","operationId":"mb9yf2xm7ztlm98","previousOperationId":"nbpc3ipv62w7492"}
{"type":"log","timestamp":1645807530878,"level":"debug","message":"Rendering engine handlebars","meta":{"rootId":"ni8rsbyvy003vs6","id":"ni8rsbyvy003vs6"},"id":"avfdqu274egt1l8","operationId":"k1wdsyi1yopmmce","previousOperationId":"mb9yf2xm7ztlm98"}
{"type":"operationEnd","operationId":"mb9yf2xm7ztlm98","timestamp":1645807530895,"id":"24shu880nohjbad","previousEventId":"26peuuvq3ux2vn9","previousOperationId":"mb9yf2xm7ztlm98"}
{"type":"operationStart","subtype":"recipe","name":"chrome-pdf","timestamp":1645807530895,"id":"krgunbiv34v0fbe","previousEventId":"24shu880nohjbad","operationId":"p0u4kd5jx3msmbz","previousOperationId":"mb9yf2xm7ztlm98"}
{"type":"log","timestamp":1645807530895,"level":"debug","message":"Executing recipe chrome-pdf","meta":{"rootId":"ni8rsbyvy003vs6","id":"ni8rsbyvy003vs6"},"id":"j4o6r099iivh4sx","operationId":"yzfxtdqnh1y9sfq","previousOperationId":"p0u4kd5jx3msmbz"}
{"type":"log","timestamp":1645807530898,"level":"debug","message":"Converting with chrome HeadlessChrome/98.0.4758.0 using chrome-pool strategy","meta":{"rootId":"ni8rsbyvy003vs6","id":"ni8rsbyvy003vs6"},"id":"i2zd1jkhfyufcsm","operationId":"bquohwesmrpf08l","previousOperationId":"p0u4kd5jx3msmbz"}
{"type":"log","timestamp":1645807530994,"level":"debug","message":"Page request: GET (document) file:///C:/Users/ALUMNA~4/AppData/Local/Temp/jsreport/autocleanup/c7b8c93a-9cdf-4af1-8c6b-b0078da5e1fb-chrome-pdf.html","meta":{"rootId":"ni8rsbyvy003vs6","id":"ni8rsbyvy003vs6"},"id":"ne8bi34iiit3idt","operationId":"72nyd32ltjejr8h","previousOperationId":"p0u4kd5jx3msmbz"}
{"type":"log","timestamp":1645807531015,"level":"debug","message":"Page request finished: GET (document) file:///C:/Users/ALUMNA~4/AppData/Local/Temp/jsreport/autocleanup/c7b8c93a-9cdf-4af1-8c6b-b0078da5e1fb-chrome-pdf.html","meta":{"rootId":"ni8rsbyvy003vs6","id":"ni8rsbyvy003vs6"},"id":"b3dz9wjkxpj2113","operationId":"ruiynjcz2drw3lu","previousOperationId":"p0u4kd5jx3msmbz"}
{"type":"log","timestamp":1645807531016,"level":"debug","message":"Page request: GET (stylesheet) https://cdnjs.cloudflare.com/ajax/libs/metro/4.1.5/css/metro.min.css","meta":{"rootId":"ni8rsbyvy003vs6","id":"ni8rsbyvy003vs6"},"id":"s9lfig0d94lvz1y","operationId":"h27perd3yg00q6f","previousOperationId":"p0u4kd5jx3msmbz"}
{"type":"log","timestamp":1645807531016,"level":"debug","message":"Page request: GET (script) https://cdnjs.cloudflare.com/ajax/libs/Chart.js/2.7.2/Chart.min.js","meta":{"rootId":"ni8rsbyvy003vs6","id":"ni8rsbyvy003vs6"},"id":"2q9tmwufvj9huh6","operationId":"2v4wzi73x33ez6k","previousOperationId":"p0u4kd5jx3msmbz"}
{"type":"log","timestamp":1645807531042,"level":"debug","message":"Page request finished: GET (stylesheet) 200 https://cdnjs.cloudflare.com/ajax/libs/metro/4.1.5/css/metro.min.css","meta":{"rootId":"ni8rsbyvy003vs6","id":"ni8rsbyvy003vs6"},"id":"sbnbsyi8jwk5m8k","operationId":"q6t99ikx6qh3gqp","previousOperationId":"p0u4kd5jx3msmbz"}
{"type":"log","timestamp":1645807531043,"level":"debug","message":"Page request finished: GET (script) 200 https://cdnjs.cloudflare.com/ajax/libs/Chart.js/2.7.2/Chart.min.js","meta":{"rootId":"ni8rsbyvy003vs6","id":"ni8rsbyvy003vs6"},"id":"3ils08zmyuknqwh","operationId":"inbnpt4mm7a75kd","previousOperationId":"p0u4kd5jx3msmbz"}
{"type":"log","timestamp":1645807531087,"level":"debug","message":"Running chrome with params {\"printBackground\":true,\"displayHeaderFooter\":true,\"timeout\":60000,\"margin\":{}}","meta":{"rootId":"ni8rsbyvy003vs6","id":"ni8rsbyvy003vs6"},"id":"4i00krgu2dqd2ed","operationId":"4qlwy6p78sqqf5o","previousOperationId":"p0u4kd5jx3msmbz"}
{"type":"operationEnd","operationId":"p0u4kd5jx3msmbz","timestamp":1645807531215,"id":"5wxbcmfrytu25q1","previousEventId":"krgunbiv34v0fbe","previousOperationId":"p0u4kd5jx3msmbz"}
{"type":"log","timestamp":1645807531215,"level":"debug","message":"Skipping storing report.","meta":{"rootId":"ni8rsbyvy003vs6","id":"ni8rsbyvy003vs6"},"id":"jm6oias5qlbfwos","operationId":"aq0atzznn6d82by","previousOperationId":"p0u4kd5jx3msmbz"}
{"type":"log","timestamp":1645807531216,"level":"info","message":"Rendering request 2 finished in 372 ms","meta":{"rootId":"ni8rsbyvy003vs6","id":"ni8rsbyvy003vs6"},"id":"yzn3t6au6nnkvqq","operationId":"yz71tmiln4sw7cn","previousOperationId":"p0u4kd5jx3msmbz"}
{"type":"operationEnd","subtype":"render","operationId":"1dey32rjiq6x2ep","timestamp":1645807531216,"id":"q8e5748pfef9x2e","previousEventId":"5wxbcmfrytu25q1","previousOperationId":"p0u4kd5jx3msmbz"}
