{"type":"operationStart","subtype":"render","name":"ReportView.pdf","previousOperationId":null,"profileId":"ytipf1cA4bwlXpKk","timestamp":1645809671422,"id":"phb8nuaexjovfz2","operationId":"ov684h69d99zf9s"}
{"type":"log","timestamp":1645809671422,"level":"info","message":"Starting rendering request 24 (user: null)","meta":{"rootId":"nqomrk8fn4g53ym","id":"nqomrk8fn4g53ym"},"id":"4g19v1vishol96v","operationId":"2flkyxpn0c3fub7","previousOperationId":"ov684h69d99zf9s"}
{"type":"log","timestamp":1645809671424,"level":"info","message":"Rendering template { name: ReportView.pdf, recipe: chrome-pdf, engine: handlebars, preview: true }","meta":{"rootId":"nqomrk8fn4g53ym","id":"nqomrk8fn4g53ym"},"id":"gh9q0oc91aaktoz","operationId":"trnh0oxkvjnzg1e","previousOperationId":"ov684h69d99zf9s"}
{"type":"log","timestamp":1645809671425,"level":"debug","message":"Data item not defined for this template.","meta":{"rootId":"nqomrk8fn4g53ym","id":"nqomrk8fn4g53ym"},"id":"8opvjtnxs7mkh9d","operationId":"54zvpfd8rkfqyb8","previousOperationId":"ov684h69d99zf9s"}
{"type":"log","timestamp":1645809671429,"level":"debug","message":"Executing script view-script (beforeRender)","meta":{"rootId":"nqomrk8fn4g53ym","id":"nqomrk8fn4g53ym"},"id":"9bx47kdh2mmtavz","operationId":"r9hhbti7xgcinfg","previousOperationId":"ov684h69d99zf9s"}
{"type":"operationStart","subtype":"scriptsBeforeRender","name":"scripts beforeRender","timestamp":1645809671444,"id":"u8n6u141c5jbb1e","previousEventId":"phb8nuaexjovfz2","operationId":"uesedpalvgcddqx","previousOperationId":"ov684h69d99zf9s"}
{"type":"operationStart","subtype":"script","name":"scripts view-script","previousOperationId":"uesedpalvgcddqx","timestamp":1645809671444,"id":"kq1k80ke32lzs8h","previousEventId":"u8n6u141c5jbb1e","operationId":"t3gtrb8b1qo7evy"}
{"type":"operationEnd","operationId":"t3gtrb8b1qo7evy","timestamp":1645809671449,"id":"qjhhhi0nwsvugpp","previousEventId":"phb8nuaexjovfz2","previousOperationId":"ov684h69d99zf9s"}
{"type":"operationEnd","operationId":"uesedpalvgcddqx","timestamp":1645809671449,"id":"202wytyu0ytwj3r","previousEventId":"qjhhhi0nwsvugpp","previousOperationId":"ov684h69d99zf9s"}
{"type":"log","timestamp":1645809671449,"level":"debug","message":"Base url not specified, skipping its injection.","meta":{"rootId":"nqomrk8fn4g53ym","id":"nqomrk8fn4g53ym"},"id":"akmdtpndtuqz144","operationId":"j3e48fzb6mw0zn0","previousOperationId":"uesedpalvgcddqx"}
{"type":"operationStart","subtype":"engine","name":"handlebars","timestamp":1645809671449,"id":"zxfko8hbqyb5542","previousEventId":"202wytyu0ytwj3r","operationId":"ex0crncev6wo57i","previousOperationId":"uesedpalvgcddqx"}
{"type":"log","timestamp":1645809671449,"level":"debug","message":"Rendering engine handlebars","meta":{"rootId":"nqomrk8fn4g53ym","id":"nqomrk8fn4g53ym"},"id":"enswjb8xphi6imd","operationId":"o678383x9hlk5f2","previousOperationId":"ex0crncev6wo57i"}
{"type":"operationEnd","operationId":"ex0crncev6wo57i","timestamp":1645809671460,"id":"yuvxmzvy3pxl9ic","previousEventId":"zxfko8hbqyb5542","previousOperationId":"ex0crncev6wo57i"}
{"type":"operationStart","subtype":"recipe","name":"chrome-pdf","timestamp":1645809671461,"id":"y88lnu1tyzud1sw","previousEventId":"yuvxmzvy3pxl9ic","operationId":"55t0a4iymfxm57t","previousOperationId":"ex0crncev6wo57i"}
{"type":"log","timestamp":1645809671461,"level":"debug","message":"Executing recipe chrome-pdf","meta":{"rootId":"nqomrk8fn4g53ym","id":"nqomrk8fn4g53ym"},"id":"2h5mwqcubozazy8","operationId":"gi8lu9xyf26mmnt","previousOperationId":"55t0a4iymfxm57t"}
{"type":"log","timestamp":1645809671463,"level":"debug","message":"Converting with chrome HeadlessChrome/98.0.4758.0 using chrome-pool strategy","meta":{"rootId":"nqomrk8fn4g53ym","id":"nqomrk8fn4g53ym"},"id":"obfs1ktx3w7kl3r","operationId":"nmst0e49egcf7ss","previousOperationId":"55t0a4iymfxm57t"}
{"type":"log","timestamp":1645809671552,"level":"debug","message":"Page request: GET (document) file:///C:/Users/ALUMNA~4/AppData/Local/Temp/jsreport/autocleanup/59594f77-390e-4c63-a911-bc0f50497142-chrome-pdf.html","meta":{"rootId":"nqomrk8fn4g53ym","id":"nqomrk8fn4g53ym"},"id":"iwryltsvk1g21eq","operationId":"kpyakr30hw65yg2","previousOperationId":"55t0a4iymfxm57t"}
{"type":"log","timestamp":1645809671561,"level":"debug","message":"Page request finished: GET (document) file:///C:/Users/ALUMNA~4/AppData/Local/Temp/jsreport/autocleanup/59594f77-390e-4c63-a911-bc0f50497142-chrome-pdf.html","meta":{"rootId":"nqomrk8fn4g53ym","id":"nqomrk8fn4g53ym"},"id":"9qyrs9lthn3usre","operationId":"q5h3c39y3nuczpz","previousOperationId":"55t0a4iymfxm57t"}
{"type":"log","timestamp":1645809671562,"level":"debug","message":"Page request: GET (stylesheet) https://cdnjs.cloudflare.com/ajax/libs/metro/4.1.5/css/metro.min.css","meta":{"rootId":"nqomrk8fn4g53ym","id":"nqomrk8fn4g53ym"},"id":"zb9mjbafhyw24nj","operationId":"js4ifmgtn2h2e2o","previousOperationId":"55t0a4iymfxm57t"}
{"type":"log","timestamp":1645809671562,"level":"debug","message":"Page request: GET (script) https://canvasjs.com/assets/script/canvasjs.min.js","meta":{"rootId":"nqomrk8fn4g53ym","id":"nqomrk8fn4g53ym"},"id":"p1cdd7gum21k6tc","operationId":"1uuxo7eu9m2iai6","previousOperationId":"55t0a4iymfxm57t"}
{"type":"log","timestamp":1645809671586,"level":"debug","message":"Page request finished: GET (stylesheet) 200 https://cdnjs.cloudflare.com/ajax/libs/metro/4.1.5/css/metro.min.css","meta":{"rootId":"nqomrk8fn4g53ym","id":"nqomrk8fn4g53ym"},"id":"z283g5nsi438efv","operationId":"dhmj6s61ug5nlhh","previousOperationId":"55t0a4iymfxm57t"}
{"type":"log","timestamp":1645809671682,"level":"debug","message":"Page request finished: GET (script) 200 https://canvasjs.com/assets/script/canvasjs.min.js","meta":{"rootId":"nqomrk8fn4g53ym","id":"nqomrk8fn4g53ym"},"id":"x8h8o6oyvgzauri","operationId":"1uon34nr5n0l99e","previousOperationId":"55t0a4iymfxm57t"}
{"type":"log","timestamp":1645809671688,"level":"warn","message":"Page error: SyntaxError: Unexpected end of input","meta":{"rootId":"nqomrk8fn4g53ym","id":"nqomrk8fn4g53ym"},"id":"jb9ed0iyxui9qcs","operationId":"lf4ql8jwnndhk47","previousOperationId":"55t0a4iymfxm57t"}
{"type":"log","timestamp":1645809671716,"level":"debug","message":"Running chrome with params {\"printBackground\":true,\"displayHeaderFooter\":true,\"timeout\":60000,\"margin\":{}}","meta":{"rootId":"nqomrk8fn4g53ym","id":"nqomrk8fn4g53ym"},"id":"x2q6ovwexituaum","operationId":"pebmyu7uuwqptbn","previousOperationId":"55t0a4iymfxm57t"}
{"type":"operationEnd","operationId":"55t0a4iymfxm57t","timestamp":1645809671850,"id":"zy9murel2i1kx4d","previousEventId":"y88lnu1tyzud1sw","previousOperationId":"55t0a4iymfxm57t"}
{"type":"log","timestamp":1645809671850,"level":"debug","message":"Skipping storing report.","meta":{"rootId":"nqomrk8fn4g53ym","id":"nqomrk8fn4g53ym"},"id":"gdzbn6ic5tgtwr0","operationId":"bdq7azjhf1izhho","previousOperationId":"55t0a4iymfxm57t"}
{"type":"log","timestamp":1645809671850,"level":"info","message":"Rendering request 24 finished in 428 ms","meta":{"rootId":"nqomrk8fn4g53ym","id":"nqomrk8fn4g53ym"},"id":"w21cs2nwapheh6x","operationId":"bmfehc8u34m7svl","previousOperationId":"55t0a4iymfxm57t"}
{"type":"operationEnd","subtype":"render","operationId":"ov684h69d99zf9s","timestamp":1645809671850,"id":"ufd63qi83vclwvn","previousEventId":"zy9murel2i1kx4d","previousOperationId":"55t0a4iymfxm57t"}
