{"type":"operationStart","subtype":"render","name":"ReportView.pdf","previousOperationId":null,"profileId":"qpW6Z47rFGXB9KDL","timestamp":1645809620277,"id":"qm4dqdyj0ptbyzc","operationId":"0fd19kuo7fgqz6u"}
{"type":"log","timestamp":1645809620277,"level":"info","message":"Starting rendering request 22 (user: null)","meta":{"rootId":"ny6kk0ab44cmjgb","id":"ny6kk0ab44cmjgb"},"id":"ry95r0eniu5eq18","operationId":"94sx7b4gpv8jz3a","previousOperationId":"0fd19kuo7fgqz6u"}
{"type":"log","timestamp":1645809620277,"level":"info","message":"Rendering template { name: ReportView.pdf, recipe: chrome-pdf, engine: handlebars, preview: true }","meta":{"rootId":"ny6kk0ab44cmjgb","id":"ny6kk0ab44cmjgb"},"id":"uznkblkl74ikhle","operationId":"0p17c7dn9ses8u8","previousOperationId":"0fd19kuo7fgqz6u"}
{"type":"log","timestamp":1645809620278,"level":"debug","message":"Data item not defined for this template.","meta":{"rootId":"ny6kk0ab44cmjgb","id":"ny6kk0ab44cmjgb"},"id":"247fc2sr7f82h0t","operationId":"ffr3q8mma7zehcg","previousOperationId":"0fd19kuo7fgqz6u"}
{"type":"log","timestamp":1645809620280,"level":"debug","message":"Executing script view-script (beforeRender)","meta":{"rootId":"ny6kk0ab44cmjgb","id":"ny6kk0ab44cmjgb"},"id":"lf5s4vlws25075y","operationId":"lmg3midmrm8bt3u","previousOperationId":"0fd19kuo7fgqz6u"}
{"type":"operationStart","subtype":"scriptsBeforeRender","name":"scripts beforeRender","timestamp":1645809620290,"id":"8lh0y9swtgovpwv","previousEventId":"qm4dqdyj0ptbyzc","operationId":"h8wx5lqcw6s5xzz","previousOperationId":"0fd19kuo7fgqz6u"}
{"type":"operationStart","subtype":"script","name":"scripts view-script","previousOperationId":"h8wx5lqcw6s5xzz","timestamp":1645809620290,"id":"xfyx4xvmgal1dfq","previousEventId":"8lh0y9swtgovpwv","operationId":"bo15tfft5frt3s4"}
{"type":"operationEnd","operationId":"bo15tfft5frt3s4","timestamp":1645809620294,"id":"e3uq8zd90g97g0k","previousEventId":"qm4dqdyj0ptbyzc","previousOperationId":"0fd19kuo7fgqz6u"}
{"type":"operationEnd","operationId":"h8wx5lqcw6s5xzz","timestamp":1645809620294,"id":"h77zbm31op9h4vp","previousEventId":"e3uq8zd90g97g0k","previousOperationId":"0fd19kuo7fgqz6u"}
{"type":"log","timestamp":1645809620294,"level":"debug","message":"Base url not specified, skipping its injection.","meta":{"rootId":"ny6kk0ab44cmjgb","id":"ny6kk0ab44cmjgb"},"id":"kiwkk341jsak732","operationId":"guuyue0vvilzjgw","previousOperationId":"h8wx5lqcw6s5xzz"}
{"type":"operationStart","subtype":"engine","name":"handlebars","timestamp":1645809620294,"id":"v9l48whuztd36s1","previousEventId":"h77zbm31op9h4vp","operationId":"czufszi2yeyi9td","previousOperationId":"h8wx5lqcw6s5xzz"}
{"type":"log","timestamp":1645809620294,"level":"debug","message":"Rendering engine handlebars","meta":{"rootId":"ny6kk0ab44cmjgb","id":"ny6kk0ab44cmjgb"},"id":"6dahmltp75zuupr","operationId":"4ichh8mr2qsdxmv","previousOperationId":"czufszi2yeyi9td"}
{"type":"operationEnd","operationId":"czufszi2yeyi9td","timestamp":1645809620307,"id":"r6exsnhrpd0lp3h","previousEventId":"v9l48whuztd36s1","previousOperationId":"czufszi2yeyi9td"}
{"type":"operationStart","subtype":"recipe","name":"chrome-pdf","timestamp":1645809620308,"id":"dqbk71ut8u8w6u6","previousEventId":"r6exsnhrpd0lp3h","operationId":"nkbzlsxcaxomooe","previousOperationId":"czufszi2yeyi9td"}
{"type":"log","timestamp":1645809620308,"level":"debug","message":"Executing recipe chrome-pdf","meta":{"rootId":"ny6kk0ab44cmjgb","id":"ny6kk0ab44cmjgb"},"id":"bzotoeklfngdzcn","operationId":"6lqnuom4dl9u9t3","previousOperationId":"nkbzlsxcaxomooe"}
{"type":"log","timestamp":1645809620310,"level":"debug","message":"Converting with chrome HeadlessChrome/98.0.4758.0 using chrome-pool strategy","meta":{"rootId":"ny6kk0ab44cmjgb","id":"ny6kk0ab44cmjgb"},"id":"boq16kylmx36s4t","operationId":"vm3v8agcybo948w","previousOperationId":"nkbzlsxcaxomooe"}
{"type":"log","timestamp":1645809620408,"level":"debug","message":"Page request: GET (document) file:///C:/Users/ALUMNA~4/AppData/Local/Temp/jsreport/autocleanup/feb9b781-4c09-4696-95e0-efa2de89ee68-chrome-pdf.html","meta":{"rootId":"ny6kk0ab44cmjgb","id":"ny6kk0ab44cmjgb"},"id":"c4g9fwjmq2v8cp0","operationId":"tws45r8877d9mt6","previousOperationId":"nkbzlsxcaxomooe"}
{"type":"log","timestamp":1645809620426,"level":"debug","message":"Page request finished: GET (document) file:///C:/Users/ALUMNA~4/AppData/Local/Temp/jsreport/autocleanup/feb9b781-4c09-4696-95e0-efa2de89ee68-chrome-pdf.html","meta":{"rootId":"ny6kk0ab44cmjgb","id":"ny6kk0ab44cmjgb"},"id":"mujedt1wz9isuk7","operationId":"ybkerxj6kl76743","previousOperationId":"nkbzlsxcaxomooe"}
{"type":"log","timestamp":1645809620430,"level":"debug","message":"Page request: GET (stylesheet) https://cdnjs.cloudflare.com/ajax/libs/metro/4.1.5/css/metro.min.css","meta":{"rootId":"ny6kk0ab44cmjgb","id":"ny6kk0ab44cmjgb"},"id":"uaaekxepp6kr8av","operationId":"a9to1vaqwwn1xwu","previousOperationId":"nkbzlsxcaxomooe"}
{"type":"log","timestamp":1645809620431,"level":"debug","message":"Page request: GET (script) https://cdnjs.cloudflare.com/ajax/libs/Chart.js/2.7.2/Chart.min.js","meta":{"rootId":"ny6kk0ab44cmjgb","id":"ny6kk0ab44cmjgb"},"id":"z04frxtw26slu7i","operationId":"yqnewanheymioni","previousOperationId":"nkbzlsxcaxomooe"}
{"type":"log","timestamp":1645809620431,"level":"debug","message":"Page request: GET (script) http://code.jquery.com/jquery-1.11.0.min.js","meta":{"rootId":"ny6kk0ab44cmjgb","id":"ny6kk0ab44cmjgb"},"id":"vukigwqyvw2ixlz","operationId":"q8l6fkp51onklqc","previousOperationId":"nkbzlsxcaxomooe"}
{"type":"log","timestamp":1645809620431,"level":"debug","message":"Page request: GET (script) http://cdnjs.cloudflare.com/ajax/libs/flot/0.8.1/jquery.flot.min.js","meta":{"rootId":"ny6kk0ab44cmjgb","id":"ny6kk0ab44cmjgb"},"id":"h6s232mq8n1q58a","operationId":"2jjdawhta7ur2gw","previousOperationId":"nkbzlsxcaxomooe"}
{"type":"log","timestamp":1645809620431,"level":"debug","message":"Page request: GET (script) https://canvasjs.com/assets/script/canvasjs.min.js","meta":{"rootId":"ny6kk0ab44cmjgb","id":"ny6kk0ab44cmjgb"},"id":"djl9pev91snojbh","operationId":"otmjdjumaq0jegm","previousOperationId":"nkbzlsxcaxomooe"}
{"type":"log","timestamp":1645809620434,"level":"warn","message":"Page request failed: GET (script) 307 http://cdnjs.cloudflare.com/ajax/libs/flot/0.8.1/jquery.flot.min.js (redirect to: https://cdnjs.cloudflare.com/ajax/libs/flot/0.8.1/jquery.flot.min.js)","meta":{"rootId":"ny6kk0ab44cmjgb","id":"ny6kk0ab44cmjgb"},"id":"1og2nu3s4ed9bhy","operationId":"dx39wzpp6xw08fx","previousOperationId":"nkbzlsxcaxomooe"}
{"type":"log","timestamp":1645809620434,"level":"debug","message":"Page request: GET (script) https://cdnjs.cloudflare.com/ajax/libs/flot/0.8.1/jquery.flot.min.js (redirect from: http://cdnjs.cloudflare.com/ajax/libs/flot/0.8.1/jquery.flot.min.js)","meta":{"rootId":"ny6kk0ab44cmjgb","id":"ny6kk0ab44cmjgb"},"id":"88aor6nh1gro86b","operationId":"j44ys6tcvumgse0","previousOperationId":"nkbzlsxcaxomooe"}
{"type":"log","timestamp":1645809620443,"level":"debug","message":"Page request finished: GET (script) 200 https://cdnjs.cloudflare.com/ajax/libs/Chart.js/2.7.2/Chart.min.js","meta":{"rootId":"ny6kk0ab44cmjgb","id":"ny6kk0ab44cmjgb"},"id":"3lk1ndygxign1rd","operationId":"kt3608gxtuu51sj","previousOperationId":"nkbzlsxcaxomooe"}
{"type":"log","timestamp":1645809620443,"level":"debug","message":"Page request finished: GET (script) 200 http://code.jquery.com/jquery-1.11.0.min.js","meta":{"rootId":"ny6kk0ab44cmjgb","id":"ny6kk0ab44cmjgb"},"id":"6f8ts7t99tun5sh","operationId":"4tibu5e1lisy7ac","previousOperationId":"nkbzlsxcaxomooe"}
{"type":"log","timestamp":1645809620460,"level":"debug","message":"Page request finished: GET (stylesheet) 200 https://cdnjs.cloudflare.com/ajax/libs/metro/4.1.5/css/metro.min.css","meta":{"rootId":"ny6kk0ab44cmjgb","id":"ny6kk0ab44cmjgb"},"id":"rmdr67ycv8gddt7","operationId":"c66a4qjwplo754u","previousOperationId":"nkbzlsxcaxomooe"}
{"type":"log","timestamp":1645809620476,"level":"debug","message":"Page request finished: GET (script) 200 https://cdnjs.cloudflare.com/ajax/libs/flot/0.8.1/jquery.flot.min.js","meta":{"rootId":"ny6kk0ab44cmjgb","id":"ny6kk0ab44cmjgb"},"id":"u9jquj0sdl76bhd","operationId":"nfuppw5lo5vywzt","previousOperationId":"nkbzlsxcaxomooe"}
{"type":"log","timestamp":1645809620705,"level":"debug","message":"Page request finished: GET (script) 200 https://canvasjs.com/assets/script/canvasjs.min.js","meta":{"rootId":"ny6kk0ab44cmjgb","id":"ny6kk0ab44cmjgb"},"id":"761e6chl8vhsiv5","operationId":"9jto7mf8ghvsdlk","previousOperationId":"nkbzlsxcaxomooe"}
{"type":"log","timestamp":1645809620720,"level":"warn","message":"Page error: SyntaxError: Unexpected end of input","meta":{"rootId":"ny6kk0ab44cmjgb","id":"ny6kk0ab44cmjgb"},"id":"i2lbndpmpxyn5nq","operationId":"l41h9yt4u3bnh0k","previousOperationId":"nkbzlsxcaxomooe"}
{"type":"log","timestamp":1645809620767,"level":"debug","message":"Running chrome with params {\"printBackground\":true,\"displayHeaderFooter\":true,\"timeout\":60000,\"margin\":{}}","meta":{"rootId":"ny6kk0ab44cmjgb","id":"ny6kk0ab44cmjgb"},"id":"tj0uq8zxv9njy2s","operationId":"eha3amjsnqftze8","previousOperationId":"nkbzlsxcaxomooe"}
{"type":"operationEnd","operationId":"nkbzlsxcaxomooe","timestamp":1645809620900,"id":"pelwu4fcv327bzi","previousEventId":"dqbk71ut8u8w6u6","previousOperationId":"nkbzlsxcaxomooe"}
{"type":"log","timestamp":1645809620900,"level":"debug","message":"Skipping storing report.","meta":{"rootId":"ny6kk0ab44cmjgb","id":"ny6kk0ab44cmjgb"},"id":"6zu9w9ny00ih58s","operationId":"e3sxnx4ete1q9pt","previousOperationId":"nkbzlsxcaxomooe"}
{"type":"log","timestamp":1645809620900,"level":"info","message":"Rendering request 22 finished in 623 ms","meta":{"rootId":"ny6kk0ab44cmjgb","id":"ny6kk0ab44cmjgb"},"id":"bjwnn7mzxzhbun6","operationId":"pi6b738ff7ip2a0","previousOperationId":"nkbzlsxcaxomooe"}
{"type":"operationEnd","subtype":"render","operationId":"0fd19kuo7fgqz6u","timestamp":1645809620900,"id":"3rbuemdbf1ciao7","previousEventId":"pelwu4fcv327bzi","previousOperationId":"nkbzlsxcaxomooe"}
