{"type":"operationStart","subtype":"render","name":"ReportView.pdf","previousOperationId":null,"profileId":"I1u3fI78bCw8qlAP","timestamp":1645809834626,"id":"iyahs633e8zuc4a","operationId":"6cfl7bbv33hg1i2"}
{"type":"log","timestamp":1645809834626,"level":"info","message":"Starting rendering request 31 (user: null)","meta":{"rootId":"saif5doztme3x6r","id":"saif5doztme3x6r"},"id":"a4rrnlulf90zuwz","operationId":"9au2f8cohrm37nt","previousOperationId":"6cfl7bbv33hg1i2"}
{"type":"log","timestamp":1645809834627,"level":"info","message":"Rendering template { name: ReportView.pdf, recipe: chrome-pdf, engine: handlebars, preview: true }","meta":{"rootId":"saif5doztme3x6r","id":"saif5doztme3x6r"},"id":"od19bxhva63srkh","operationId":"h4eo51r4d212xwy","previousOperationId":"6cfl7bbv33hg1i2"}
{"type":"log","timestamp":1645809834627,"level":"debug","message":"Data item not defined for this template.","meta":{"rootId":"saif5doztme3x6r","id":"saif5doztme3x6r"},"id":"k0de1suom7aym8s","operationId":"m9744kc6vg56onx","previousOperationId":"6cfl7bbv33hg1i2"}
{"type":"log","timestamp":1645809834630,"level":"debug","message":"Executing script view-script (beforeRender)","meta":{"rootId":"saif5doztme3x6r","id":"saif5doztme3x6r"},"id":"k1vldmztqfps1wj","operationId":"op7h830z2yn4416","previousOperationId":"6cfl7bbv33hg1i2"}
{"type":"operationStart","subtype":"scriptsBeforeRender","name":"scripts beforeRender","timestamp":1645809834642,"id":"8i1ue9nvgumgn37","previousEventId":"iyahs633e8zuc4a","operationId":"1e437q8kca91hbm","previousOperationId":"6cfl7bbv33hg1i2"}
{"type":"operationStart","subtype":"script","name":"scripts view-script","previousOperationId":"1e437q8kca91hbm","timestamp":1645809834642,"id":"mkwxb77jo70kij5","previousEventId":"8i1ue9nvgumgn37","operationId":"tqgg5qkkx311dgi"}
{"type":"operationEnd","operationId":"tqgg5qkkx311dgi","timestamp":1645809834645,"id":"06rc97af6bpcyvo","previousEventId":"iyahs633e8zuc4a","previousOperationId":"6cfl7bbv33hg1i2"}
{"type":"operationEnd","operationId":"1e437q8kca91hbm","timestamp":1645809834645,"id":"dxnujzvbfrok0x6","previousEventId":"06rc97af6bpcyvo","previousOperationId":"6cfl7bbv33hg1i2"}
{"type":"log","timestamp":1645809834645,"level":"debug","message":"Base url not specified, skipping its injection.","meta":{"rootId":"saif5doztme3x6r","id":"saif5doztme3x6r"},"id":"t3dj8dc9hc6na19","operationId":"jwqfs6kck6c3o1c","previousOperationId":"1e437q8kca91hbm"}
{"type":"operationStart","subtype":"engine","name":"handlebars","timestamp":1645809834645,"id":"f6433h6qll26dts","previousEventId":"dxnujzvbfrok0x6","operationId":"es8v799e823gv1i","previousOperationId":"1e437q8kca91hbm"}
{"type":"log","timestamp":1645809834645,"level":"debug","message":"Rendering engine handlebars","meta":{"rootId":"saif5doztme3x6r","id":"saif5doztme3x6r"},"id":"pkawtdy9c3dm8xh","operationId":"0pcxnbcm2o2iky4","previousOperationId":"es8v799e823gv1i"}
{"type":"operationEnd","operationId":"es8v799e823gv1i","timestamp":1645809834659,"id":"me8k20ayl4wfp0p","previousEventId":"f6433h6qll26dts","previousOperationId":"es8v799e823gv1i"}
{"type":"operationStart","subtype":"recipe","name":"chrome-pdf","timestamp":1645809834659,"id":"vojaqduc3nutfqy","previousEventId":"me8k20ayl4wfp0p","operationId":"1fotswmozzz30nv","previousOperationId":"es8v799e823gv1i"}
{"type":"log","timestamp":1645809834659,"level":"debug","message":"Executing recipe chrome-pdf","meta":{"rootId":"saif5doztme3x6r","id":"saif5doztme3x6r"},"id":"240c1hsk8ggqkfl","operationId":"a8go6btauv46jtc","previousOperationId":"1fotswmozzz30nv"}
{"type":"log","timestamp":1645809834662,"level":"debug","message":"Converting with chrome HeadlessChrome/98.0.4758.0 using chrome-pool strategy","meta":{"rootId":"saif5doztme3x6r","id":"saif5doztme3x6r"},"id":"26a0vicm3325lnb","operationId":"o66oihh7spibwch","previousOperationId":"1fotswmozzz30nv"}
{"type":"log","timestamp":1645809834755,"level":"debug","message":"Page request: GET (document) file:///C:/Users/ALUMNA~4/AppData/Local/Temp/jsreport/autocleanup/6b2626b4-334a-4479-aceb-0443ffe0c769-chrome-pdf.html","meta":{"rootId":"saif5doztme3x6r","id":"saif5doztme3x6r"},"id":"ynf1dfen8ovoo01","operationId":"q9alw9f8nctuq3c","previousOperationId":"1fotswmozzz30nv"}
{"type":"log","timestamp":1645809834778,"level":"debug","message":"Page request finished: GET (document) file:///C:/Users/ALUMNA~4/AppData/Local/Temp/jsreport/autocleanup/6b2626b4-334a-4479-aceb-0443ffe0c769-chrome-pdf.html","meta":{"rootId":"saif5doztme3x6r","id":"saif5doztme3x6r"},"id":"v5cu4zvbx14w8v6","operationId":"ch99btutnxd8v7l","previousOperationId":"1fotswmozzz30nv"}
{"type":"log","timestamp":1645809834779,"level":"debug","message":"Page request: GET (stylesheet) https://cdnjs.cloudflare.com/ajax/libs/metro/4.1.5/css/metro.min.css","meta":{"rootId":"saif5doztme3x6r","id":"saif5doztme3x6r"},"id":"mg2vq9jl9td0e9r","operationId":"oerev26xm0jewu1","previousOperationId":"1fotswmozzz30nv"}
{"type":"log","timestamp":1645809834779,"level":"debug","message":"Page request: GET (script) https://canvasjs.com/assets/script/canvasjs.min.js","meta":{"rootId":"saif5doztme3x6r","id":"saif5doztme3x6r"},"id":"tdwmtjn3hk5nba0","operationId":"a87l8pnzs8xe9wa","previousOperationId":"1fotswmozzz30nv"}
{"type":"log","timestamp":1645809834805,"level":"debug","message":"Page request finished: GET (stylesheet) 200 https://cdnjs.cloudflare.com/ajax/libs/metro/4.1.5/css/metro.min.css","meta":{"rootId":"saif5doztme3x6r","id":"saif5doztme3x6r"},"id":"gtgvzei7ip75x66","operationId":"ydwyypw0u36r3j9","previousOperationId":"1fotswmozzz30nv"}
{"type":"log","timestamp":1645809834900,"level":"debug","message":"Page request finished: GET (script) 200 https://canvasjs.com/assets/script/canvasjs.min.js","meta":{"rootId":"saif5doztme3x6r","id":"saif5doztme3x6r"},"id":"4xjivlts95keywi","operationId":"5nxo6ww6uajj3lv","previousOperationId":"1fotswmozzz30nv"}
{"type":"log","timestamp":1645809835011,"level":"debug","message":"Running chrome with params {\"printBackground\":true,\"displayHeaderFooter\":true,\"timeout\":60000,\"margin\":{}}","meta":{"rootId":"saif5doztme3x6r","id":"saif5doztme3x6r"},"id":"dsufgw1quow4jxk","operationId":"nw1tvdqrscy1vhe","previousOperationId":"1fotswmozzz30nv"}
{"type":"operationEnd","operationId":"1fotswmozzz30nv","timestamp":1645809835152,"id":"rzd5k4exhs3jjbt","previousEventId":"vojaqduc3nutfqy","previousOperationId":"1fotswmozzz30nv"}
{"type":"log","timestamp":1645809835152,"level":"debug","message":"Skipping storing report.","meta":{"rootId":"saif5doztme3x6r","id":"saif5doztme3x6r"},"id":"3d6u83cn4pqyvx9","operationId":"ev0a06ydwwue30d","previousOperationId":"1fotswmozzz30nv"}
{"type":"log","timestamp":1645809835152,"level":"info","message":"Rendering request 31 finished in 526 ms","meta":{"rootId":"saif5doztme3x6r","id":"saif5doztme3x6r"},"id":"l4ypwcwx4k0iblf","operationId":"r03uax7ix4kel41","previousOperationId":"1fotswmozzz30nv"}
{"type":"operationEnd","subtype":"render","operationId":"6cfl7bbv33hg1i2","timestamp":1645809835152,"id":"jnp4ganfhb4g9kp","previousEventId":"rzd5k4exhs3jjbt","previousOperationId":"1fotswmozzz30nv"}
