{"type":"operationStart","subtype":"render","name":"ReportView.pdf","previousOperationId":null,"profileId":"VzOeqK8B8ZQ0hk9B","timestamp":1645809574794,"id":"t53b7h8tb7osktu","operationId":"nydxsvfd32532vm"}
{"type":"log","timestamp":1645809574794,"level":"info","message":"Starting rendering request 20 (user: null)","meta":{"rootId":"sc1ym302xpaerh5","id":"sc1ym302xpaerh5"},"id":"d179errau488nez","operationId":"h56ox3woudlmmk3","previousOperationId":"nydxsvfd32532vm"}
{"type":"log","timestamp":1645809574795,"level":"info","message":"Rendering template { name: ReportView.pdf, recipe: chrome-pdf, engine: handlebars, preview: true }","meta":{"rootId":"sc1ym302xpaerh5","id":"sc1ym302xpaerh5"},"id":"dfrhxi4ajl2s5w7","operationId":"s3334xdzpsihcme","previousOperationId":"nydxsvfd32532vm"}
{"type":"log","timestamp":1645809574795,"level":"debug","message":"Data item not defined for this template.","meta":{"rootId":"sc1ym302xpaerh5","id":"sc1ym302xpaerh5"},"id":"sm4p6yi4rw3iofy","operationId":"1nfog0khiz8xwib","previousOperationId":"nydxsvfd32532vm"}
{"type":"log","timestamp":1645809574798,"level":"debug","message":"Executing script view-script (beforeRender)","meta":{"rootId":"sc1ym302xpaerh5","id":"sc1ym302xpaerh5"},"id":"mnz1n0wto4e62pj","operationId":"zs87zeysb3fgapx","previousOperationId":"nydxsvfd32532vm"}
{"type":"operationStart","subtype":"scriptsBeforeRender","name":"scripts beforeRender","timestamp":1645809574808,"id":"lgiakrq64ribojw","previousEventId":"t53b7h8tb7osktu","operationId":"dy2oa0jtqronpi4","previousOperationId":"nydxsvfd32532vm"}
{"type":"operationStart","subtype":"script","name":"scripts view-script","previousOperationId":"dy2oa0jtqronpi4","timestamp":1645809574808,"id":"4sh467xadr03nwa","previousEventId":"lgiakrq64ribojw","operationId":"jg2ognpl1d8n3d7"}
{"type":"operationEnd","operationId":"jg2ognpl1d8n3d7","timestamp":1645809574812,"id":"fpkrhs444bosrkb","previousEventId":"t53b7h8tb7osktu","previousOperationId":"nydxsvfd32532vm"}
{"type":"operationEnd","operationId":"dy2oa0jtqronpi4","timestamp":1645809574812,"id":"qna2g6dfn4abpzl","previousEventId":"fpkrhs444bosrkb","previousOperationId":"nydxsvfd32532vm"}
{"type":"log","timestamp":1645809574812,"level":"debug","message":"Base url not specified, skipping its injection.","meta":{"rootId":"sc1ym302xpaerh5","id":"sc1ym302xpaerh5"},"id":"bssrozuydkl3vrp","operationId":"f06sgekoleebqbw","previousOperationId":"dy2oa0jtqronpi4"}
{"type":"operationStart","subtype":"engine","name":"handlebars","timestamp":1645809574812,"id":"szx7gis423j323d","previousEventId":"qna2g6dfn4abpzl","operationId":"4mngyy244dpeqpc","previousOperationId":"dy2oa0jtqronpi4"}
{"type":"log","timestamp":1645809574812,"level":"debug","message":"Rendering engine handlebars","meta":{"rootId":"sc1ym302xpaerh5","id":"sc1ym302xpaerh5"},"id":"0yn9gmewpg9rted","operationId":"7biqkv3lwnimewa","previousOperationId":"4mngyy244dpeqpc"}
{"type":"operationEnd","operationId":"4mngyy244dpeqpc","timestamp":1645809574825,"id":"07xm7my84ku1xig","previousEventId":"szx7gis423j323d","previousOperationId":"4mngyy244dpeqpc"}
{"type":"operationStart","subtype":"recipe","name":"chrome-pdf","timestamp":1645809574826,"id":"ce8uq9794pakuow","previousEventId":"07xm7my84ku1xig","operationId":"1igxdx2ly9kwmho","previousOperationId":"4mngyy244dpeqpc"}
{"type":"log","timestamp":1645809574826,"level":"debug","message":"Executing recipe chrome-pdf","meta":{"rootId":"sc1ym302xpaerh5","id":"sc1ym302xpaerh5"},"id":"b3sikfmhk84qwr9","operationId":"b8zrjvagaifitx2","previousOperationId":"1igxdx2ly9kwmho"}
{"type":"log","timestamp":1645809574828,"level":"debug","message":"Converting with chrome HeadlessChrome/98.0.4758.0 using chrome-pool strategy","meta":{"rootId":"sc1ym302xpaerh5","id":"sc1ym302xpaerh5"},"id":"dn8smduuxp14hs0","operationId":"bzulrd1s2nm17m3","previousOperationId":"1igxdx2ly9kwmho"}
{"type":"log","timestamp":1645809574920,"level":"debug","message":"Page request: GET (document) file:///C:/Users/ALUMNA~4/AppData/Local/Temp/jsreport/autocleanup/a3eecb4b-9811-4bc1-a6ff-689f74494f63-chrome-pdf.html","meta":{"rootId":"sc1ym302xpaerh5","id":"sc1ym302xpaerh5"},"id":"gp1tu4k7rk54sd2","operationId":"shyzor8xn4lyooh","previousOperationId":"1igxdx2ly9kwmho"}
{"type":"log","timestamp":1645809574938,"level":"debug","message":"Page request finished: GET (document) file:///C:/Users/ALUMNA~4/AppData/Local/Temp/jsreport/autocleanup/a3eecb4b-9811-4bc1-a6ff-689f74494f63-chrome-pdf.html","meta":{"rootId":"sc1ym302xpaerh5","id":"sc1ym302xpaerh5"},"id":"v2j6gf87xwkq8gc","operationId":"qkxb9zo59sfsnyh","previousOperationId":"1igxdx2ly9kwmho"}
{"type":"log","timestamp":1645809574940,"level":"debug","message":"Page request: GET (stylesheet) https://cdnjs.cloudflare.com/ajax/libs/metro/4.1.5/css/metro.min.css","meta":{"rootId":"sc1ym302xpaerh5","id":"sc1ym302xpaerh5"},"id":"c3whpkw7p68z6ot","operationId":"1ngbzwxwfvmhgc7","previousOperationId":"1igxdx2ly9kwmho"}
{"type":"log","timestamp":1645809574941,"level":"debug","message":"Page request: GET (script) https://cdnjs.cloudflare.com/ajax/libs/Chart.js/2.7.2/Chart.min.js","meta":{"rootId":"sc1ym302xpaerh5","id":"sc1ym302xpaerh5"},"id":"7tsxsyh5svzruhd","operationId":"80bjrsmm57dzebn","previousOperationId":"1igxdx2ly9kwmho"}
{"type":"log","timestamp":1645809574941,"level":"debug","message":"Page request: GET (script) http://code.jquery.com/jquery-1.11.0.min.js","meta":{"rootId":"sc1ym302xpaerh5","id":"sc1ym302xpaerh5"},"id":"k1zgbtmnd8bumw9","operationId":"k33jgdq4kxxitk9","previousOperationId":"1igxdx2ly9kwmho"}
{"type":"log","timestamp":1645809574941,"level":"debug","message":"Page request: GET (script) http://cdnjs.cloudflare.com/ajax/libs/flot/0.8.1/jquery.flot.min.js","meta":{"rootId":"sc1ym302xpaerh5","id":"sc1ym302xpaerh5"},"id":"syjfjdqoleim5so","operationId":"9z13ejzs9qvt8ma","previousOperationId":"1igxdx2ly9kwmho"}
{"type":"log","timestamp":1645809574943,"level":"warn","message":"Page request failed: GET (script) 307 http://cdnjs.cloudflare.com/ajax/libs/flot/0.8.1/jquery.flot.min.js (redirect to: https://cdnjs.cloudflare.com/ajax/libs/flot/0.8.1/jquery.flot.min.js)","meta":{"rootId":"sc1ym302xpaerh5","id":"sc1ym302xpaerh5"},"id":"zwo01tll3wl12sn","operationId":"p06y4mqqu5axzwc","previousOperationId":"1igxdx2ly9kwmho"}
{"type":"log","timestamp":1645809574943,"level":"debug","message":"Page request: GET (script) https://cdnjs.cloudflare.com/ajax/libs/flot/0.8.1/jquery.flot.min.js (redirect from: http://cdnjs.cloudflare.com/ajax/libs/flot/0.8.1/jquery.flot.min.js)","meta":{"rootId":"sc1ym302xpaerh5","id":"sc1ym302xpaerh5"},"id":"mw28lbosisotpm5","operationId":"ya72biptbiyiym3","previousOperationId":"1igxdx2ly9kwmho"}
{"type":"log","timestamp":1645809574948,"level":"debug","message":"Page request finished: GET (script) 200 https://cdnjs.cloudflare.com/ajax/libs/Chart.js/2.7.2/Chart.min.js","meta":{"rootId":"sc1ym302xpaerh5","id":"sc1ym302xpaerh5"},"id":"k7l26dnyl9nxub9","operationId":"xhotgw62m70s7xt","previousOperationId":"1igxdx2ly9kwmho"}
{"type":"log","timestamp":1645809574948,"level":"debug","message":"Page request finished: GET (script) 200 http://code.jquery.com/jquery-1.11.0.min.js","meta":{"rootId":"sc1ym302xpaerh5","id":"sc1ym302xpaerh5"},"id":"mmwwnxh59h8d29e","operationId":"zmbwxo4abwzmry6","previousOperationId":"1igxdx2ly9kwmho"}
{"type":"log","timestamp":1645809574969,"level":"debug","message":"Page request finished: GET (stylesheet) 200 https://cdnjs.cloudflare.com/ajax/libs/metro/4.1.5/css/metro.min.css","meta":{"rootId":"sc1ym302xpaerh5","id":"sc1ym302xpaerh5"},"id":"crq6vismleay6hp","operationId":"ubnspftwikxewfc","previousOperationId":"1igxdx2ly9kwmho"}
{"type":"log","timestamp":1645809574969,"level":"debug","message":"Page request finished: GET (script) 200 https://cdnjs.cloudflare.com/ajax/libs/flot/0.8.1/jquery.flot.min.js","meta":{"rootId":"sc1ym302xpaerh5","id":"sc1ym302xpaerh5"},"id":"558vler90h7v6dc","operationId":"lgybe4e7mz2l4jr","previousOperationId":"1igxdx2ly9kwmho"}
{"type":"log","timestamp":1645809574985,"level":"warn","message":"Page error: SyntaxError: Unexpected end of input","meta":{"rootId":"sc1ym302xpaerh5","id":"sc1ym302xpaerh5"},"id":"4u4zm96ldlkb05g","operationId":"u55256lfbkqv8rw","previousOperationId":"1igxdx2ly9kwmho"}
{"type":"log","timestamp":1645809575019,"level":"debug","message":"Running chrome with params {\"printBackground\":true,\"displayHeaderFooter\":true,\"timeout\":60000,\"margin\":{}}","meta":{"rootId":"sc1ym302xpaerh5","id":"sc1ym302xpaerh5"},"id":"9utb04vz0bi2pyo","operationId":"2bxu0h34w05lx7c","previousOperationId":"1igxdx2ly9kwmho"}
{"type":"operationEnd","operationId":"1igxdx2ly9kwmho","timestamp":1645809575151,"id":"uwdlvjc2lccd7bg","previousEventId":"ce8uq9794pakuow","previousOperationId":"1igxdx2ly9kwmho"}
{"type":"log","timestamp":1645809575151,"level":"debug","message":"Skipping storing report.","meta":{"rootId":"sc1ym302xpaerh5","id":"sc1ym302xpaerh5"},"id":"64hhcyl9cdpi6sc","operationId":"bmjv1tqylhnfrgx","previousOperationId":"1igxdx2ly9kwmho"}
{"type":"log","timestamp":1645809575151,"level":"info","message":"Rendering request 20 finished in 357 ms","meta":{"rootId":"sc1ym302xpaerh5","id":"sc1ym302xpaerh5"},"id":"u66a9u8thw6hz9w","operationId":"5wl810wtoqz1k8k","previousOperationId":"1igxdx2ly9kwmho"}
{"type":"operationEnd","subtype":"render","operationId":"nydxsvfd32532vm","timestamp":1645809575151,"id":"4ksx3m8zd5vcy0x","previousEventId":"uwdlvjc2lccd7bg","previousOperationId":"1igxdx2ly9kwmho"}
