{"type":"operationStart","subtype":"render","name":"ReportView.pdf","previousOperationId":null,"profileId":"dGdtmLsm65Pv9vwF","timestamp":1645807545173,"id":"8qwzp069ek3wugr","operationId":"6ehtef63ynlrwou"}
{"type":"log","timestamp":1645807545173,"level":"info","message":"Starting rendering request 3 (user: null)","meta":{"rootId":"su48kmvcpjg0bfz","id":"su48kmvcpjg0bfz"},"id":"kdqagudqoku47eb","operationId":"hic3cv0j6cdcm0y","previousOperationId":"6ehtef63ynlrwou"}
{"type":"log","timestamp":1645807545173,"level":"info","message":"Rendering template { name: ReportView.pdf, recipe: chrome-pdf, engine: handlebars, preview: true }","meta":{"rootId":"su48kmvcpjg0bfz","id":"su48kmvcpjg0bfz"},"id":"e8yqjz9a34woqb2","operationId":"jmvqy5rvolxicwa","previousOperationId":"6ehtef63ynlrwou"}
{"type":"log","timestamp":1645807545174,"level":"debug","message":"Data item not defined for this template.","meta":{"rootId":"su48kmvcpjg0bfz","id":"su48kmvcpjg0bfz"},"id":"oa8aamota2rhlxy","operationId":"rou67i5ff17e4vk","previousOperationId":"6ehtef63ynlrwou"}
{"type":"log","timestamp":1645807545176,"level":"debug","message":"Executing script view-script (beforeRender)","meta":{"rootId":"su48kmvcpjg0bfz","id":"su48kmvcpjg0bfz"},"id":"hempfk8f7d58qx6","operationId":"nwzpprud6tjn1no","previousOperationId":"6ehtef63ynlrwou"}
{"type":"operationStart","subtype":"scriptsBeforeRender","name":"scripts beforeRender","timestamp":1645807545186,"id":"pgvd0y8ofv92rqe","previousEventId":"8qwzp069ek3wugr","operationId":"j7too3y596ln41v","previousOperationId":"6ehtef63ynlrwou"}
{"type":"operationStart","subtype":"script","name":"scripts view-script","previousOperationId":"j7too3y596ln41v","timestamp":1645807545186,"id":"gxpwf4ojifjb4ex","previousEventId":"pgvd0y8ofv92rqe","operationId":"bw0puwt31qhipe7"}
{"type":"operationEnd","operationId":"bw0puwt31qhipe7","timestamp":1645807545192,"id":"wzhvlr0m665wsb8","previousEventId":"8qwzp069ek3wugr","previousOperationId":"6ehtef63ynlrwou"}
{"type":"operationEnd","operationId":"j7too3y596ln41v","timestamp":1645807545192,"id":"l502xlwkwcrphcs","previousEventId":"wzhvlr0m665wsb8","previousOperationId":"6ehtef63ynlrwou"}
{"type":"log","timestamp":1645807545192,"level":"debug","message":"Base url not specified, skipping its injection.","meta":{"rootId":"su48kmvcpjg0bfz","id":"su48kmvcpjg0bfz"},"id":"545tzbrk5gcczap","operationId":"rw0bc6owekro8ap","previousOperationId":"j7too3y596ln41v"}
{"type":"operationStart","subtype":"engine","name":"handlebars","timestamp":1645807545192,"id":"uxf90g5r6ahts43","previousEventId":"l502xlwkwcrphcs","operationId":"dxq3zwk6rff7244","previousOperationId":"j7too3y596ln41v"}
{"type":"log","timestamp":1645807545192,"level":"debug","message":"Rendering engine handlebars","meta":{"rootId":"su48kmvcpjg0bfz","id":"su48kmvcpjg0bfz"},"id":"y3ledcmqd66rkvq","operationId":"tnzx0p707oltrqv","previousOperationId":"dxq3zwk6rff7244"}
{"type":"operationEnd","operationId":"dxq3zwk6rff7244","timestamp":1645807545207,"id":"wexwoeki46xyl4g","previousEventId":"uxf90g5r6ahts43","previousOperationId":"dxq3zwk6rff7244"}
{"type":"operationStart","subtype":"recipe","name":"chrome-pdf","timestamp":1645807545207,"id":"tvymdxk9710tk6c","previousEventId":"wexwoeki46xyl4g","operationId":"l8zwnf6zv39nint","previousOperationId":"dxq3zwk6rff7244"}
{"type":"log","timestamp":1645807545207,"level":"debug","message":"Executing recipe chrome-pdf","meta":{"rootId":"su48kmvcpjg0bfz","id":"su48kmvcpjg0bfz"},"id":"td22uq7cymrc6c0","operationId":"ka3a8o7fs6kec7w","previousOperationId":"l8zwnf6zv39nint"}
{"type":"log","timestamp":1645807545210,"level":"debug","message":"Converting with chrome HeadlessChrome/98.0.4758.0 using chrome-pool strategy","meta":{"rootId":"su48kmvcpjg0bfz","id":"su48kmvcpjg0bfz"},"id":"7vgn4fgu8r9ht3w","operationId":"fftqk31pi20goh3","previousOperationId":"l8zwnf6zv39nint"}
{"type":"log","timestamp":1645807545302,"level":"debug","message":"Page request: GET (document) file:///C:/Users/ALUMNA~4/AppData/Local/Temp/jsreport/autocleanup/f0e603a0-dc6a-425d-8930-09cbb614da7a-chrome-pdf.html","meta":{"rootId":"su48kmvcpjg0bfz","id":"su48kmvcpjg0bfz"},"id":"xjml2wuod9baob4","operationId":"35m12k71te0z95a","previousOperationId":"l8zwnf6zv39nint"}
{"type":"log","timestamp":1645807545319,"level":"debug","message":"Page request finished: GET (document) file:///C:/Users/ALUMNA~4/AppData/Local/Temp/jsreport/autocleanup/f0e603a0-dc6a-425d-8930-09cbb614da7a-chrome-pdf.html","meta":{"rootId":"su48kmvcpjg0bfz","id":"su48kmvcpjg0bfz"},"id":"yz3boxynm6ce4k7","operationId":"fml9t7al4v62pbk","previousOperationId":"l8zwnf6zv39nint"}
{"type":"log","timestamp":1645807545322,"level":"debug","message":"Page request: GET (stylesheet) https://cdnjs.cloudflare.com/ajax/libs/metro/4.1.5/css/metro.min.css","meta":{"rootId":"su48kmvcpjg0bfz","id":"su48kmvcpjg0bfz"},"id":"lrjx0z49dbcsufd","operationId":"uh82buvg0532k00","previousOperationId":"l8zwnf6zv39nint"}
{"type":"log","timestamp":1645807545322,"level":"debug","message":"Page request: GET (script) https://cdnjs.cloudflare.com/ajax/libs/Chart.js/2.7.2/Chart.min.js","meta":{"rootId":"su48kmvcpjg0bfz","id":"su48kmvcpjg0bfz"},"id":"x97yk88wk74mxrx","operationId":"09k6y5xjxrnfbhg","previousOperationId":"l8zwnf6zv39nint"}
{"type":"log","timestamp":1645807545328,"level":"debug","message":"Page request finished: GET (script) 200 https://cdnjs.cloudflare.com/ajax/libs/Chart.js/2.7.2/Chart.min.js","meta":{"rootId":"su48kmvcpjg0bfz","id":"su48kmvcpjg0bfz"},"id":"odgsf80iiei1p7z","operationId":"birf00ez0bbvuwl","previousOperationId":"l8zwnf6zv39nint"}
{"type":"log","timestamp":1645807545350,"level":"debug","message":"Page request finished: GET (stylesheet) 200 https://cdnjs.cloudflare.com/ajax/libs/metro/4.1.5/css/metro.min.css","meta":{"rootId":"su48kmvcpjg0bfz","id":"su48kmvcpjg0bfz"},"id":"vfnd7lyrdd8zp89","operationId":"xh7oqi5jc7f3rdv","previousOperationId":"l8zwnf6zv39nint"}
{"type":"log","timestamp":1645807545385,"level":"debug","message":"Running chrome with params {\"printBackground\":true,\"displayHeaderFooter\":true,\"timeout\":60000,\"margin\":{}}","meta":{"rootId":"su48kmvcpjg0bfz","id":"su48kmvcpjg0bfz"},"id":"e458bm82ttv8gw7","operationId":"qkfnr8w40uk3lik","previousOperationId":"l8zwnf6zv39nint"}
{"type":"operationEnd","operationId":"l8zwnf6zv39nint","timestamp":1645807545522,"id":"v17uzzo9hih6eqe","previousEventId":"tvymdxk9710tk6c","previousOperationId":"l8zwnf6zv39nint"}
{"type":"log","timestamp":1645807545522,"level":"debug","message":"Skipping storing report.","meta":{"rootId":"su48kmvcpjg0bfz","id":"su48kmvcpjg0bfz"},"id":"af3114gxeuoqpbw","operationId":"y003ijnfaiwltkc","previousOperationId":"l8zwnf6zv39nint"}
{"type":"log","timestamp":1645807545523,"level":"info","message":"Rendering request 3 finished in 350 ms","meta":{"rootId":"su48kmvcpjg0bfz","id":"su48kmvcpjg0bfz"},"id":"oqtk915xflipvn5","operationId":"ir8jufc3gf5658a","previousOperationId":"l8zwnf6zv39nint"}
{"type":"operationEnd","subtype":"render","operationId":"6ehtef63ynlrwou","timestamp":1645807545523,"id":"yl4csn1k0i2g19g","previousEventId":"v17uzzo9hih6eqe","previousOperationId":"l8zwnf6zv39nint"}
