{"type":"operationStart","subtype":"render","name":"ReportView.pdf","previousOperationId":null,"profileId":"Nsju8ZW0azLzDNch","timestamp":1645809256864,"id":"5vfuejl9yn28h2n","operationId":"40yvxtzox01hvah"}
{"type":"log","timestamp":1645809256864,"level":"info","message":"Starting rendering request 11 (user: null)","meta":{"rootId":"suojse6ihl7oa4y","id":"suojse6ihl7oa4y"},"id":"06iqww8l0nph0s0","operationId":"vcwuxzurhowa2bj","previousOperationId":"40yvxtzox01hvah"}
{"type":"log","timestamp":1645809256864,"level":"info","message":"Rendering template { name: ReportView.pdf, recipe: chrome-pdf, engine: handlebars, preview: true }","meta":{"rootId":"suojse6ihl7oa4y","id":"suojse6ihl7oa4y"},"id":"phqpnaaibhm2gaq","operationId":"ihkr9ut1o5knwss","previousOperationId":"40yvxtzox01hvah"}
{"type":"log","timestamp":1645809256865,"level":"debug","message":"Data item not defined for this template.","meta":{"rootId":"suojse6ihl7oa4y","id":"suojse6ihl7oa4y"},"id":"l8rjf9haghu6l9y","operationId":"uhfavdmdk5o89p2","previousOperationId":"40yvxtzox01hvah"}
{"type":"log","timestamp":1645809256867,"level":"debug","message":"Executing script view-script (beforeRender)","meta":{"rootId":"suojse6ihl7oa4y","id":"suojse6ihl7oa4y"},"id":"hhx4x5nup4govfw","operationId":"gh5wpd2ih9f6i8y","previousOperationId":"40yvxtzox01hvah"}
{"type":"operationStart","subtype":"scriptsBeforeRender","name":"scripts beforeRender","timestamp":1645809256881,"id":"ypt5jd12ef50ld3","previousEventId":"5vfuejl9yn28h2n","operationId":"8praumvdh1p3bn7","previousOperationId":"40yvxtzox01hvah"}
{"type":"operationStart","subtype":"script","name":"scripts view-script","previousOperationId":"8praumvdh1p3bn7","timestamp":1645809256881,"id":"wcli4wiiyw79kag","previousEventId":"ypt5jd12ef50ld3","operationId":"2u2jtm0eycesexi"}
{"type":"operationEnd","operationId":"2u2jtm0eycesexi","timestamp":1645809256885,"id":"lnf5vbv3ao2tbct","previousEventId":"5vfuejl9yn28h2n","previousOperationId":"40yvxtzox01hvah"}
{"type":"operationEnd","operationId":"8praumvdh1p3bn7","timestamp":1645809256885,"id":"92qps2alt4f3sq9","previousEventId":"lnf5vbv3ao2tbct","previousOperationId":"40yvxtzox01hvah"}
{"type":"log","timestamp":1645809256885,"level":"debug","message":"Base url not specified, skipping its injection.","meta":{"rootId":"suojse6ihl7oa4y","id":"suojse6ihl7oa4y"},"id":"96n1ik70j09x292","operationId":"cowijngqkaldik6","previousOperationId":"8praumvdh1p3bn7"}
{"type":"operationStart","subtype":"engine","name":"handlebars","timestamp":1645809256885,"id":"mmr0l4fys1svhu8","previousEventId":"92qps2alt4f3sq9","operationId":"2p6bq9wgcyjdttd","previousOperationId":"8praumvdh1p3bn7"}
{"type":"log","timestamp":1645809256885,"level":"debug","message":"Rendering engine handlebars","meta":{"rootId":"suojse6ihl7oa4y","id":"suojse6ihl7oa4y"},"id":"glqy3sics2gf0ip","operationId":"ptjfq9buwlqz8qs","previousOperationId":"2p6bq9wgcyjdttd"}
{"type":"operationEnd","operationId":"2p6bq9wgcyjdttd","timestamp":1645809256902,"id":"c2uvriiz1m4p65k","previousEventId":"mmr0l4fys1svhu8","previousOperationId":"2p6bq9wgcyjdttd"}
{"type":"operationStart","subtype":"recipe","name":"chrome-pdf","timestamp":1645809256902,"id":"71khwhyfnq4ggd4","previousEventId":"c2uvriiz1m4p65k","operationId":"z073ivsc23137us","previousOperationId":"2p6bq9wgcyjdttd"}
{"type":"log","timestamp":1645809256902,"level":"debug","message":"Executing recipe chrome-pdf","meta":{"rootId":"suojse6ihl7oa4y","id":"suojse6ihl7oa4y"},"id":"svsl7hsf6ao8lyw","operationId":"dwsjz3m1b8oxoay","previousOperationId":"z073ivsc23137us"}
{"type":"log","timestamp":1645809256905,"level":"debug","message":"Converting with chrome HeadlessChrome/98.0.4758.0 using chrome-pool strategy","meta":{"rootId":"suojse6ihl7oa4y","id":"suojse6ihl7oa4y"},"id":"h3zgmnkgjrzmvne","operationId":"706qhg05vwddani","previousOperationId":"z073ivsc23137us"}
{"type":"log","timestamp":1645809257001,"level":"debug","message":"Page request: GET (document) file:///C:/Users/ALUMNA~4/AppData/Local/Temp/jsreport/autocleanup/272c1a3f-6934-4e98-8473-58941cdf2a2d-chrome-pdf.html","meta":{"rootId":"suojse6ihl7oa4y","id":"suojse6ihl7oa4y"},"id":"2fu92w9r7xq5kbm","operationId":"r0iui7d6ijp8pfm","previousOperationId":"z073ivsc23137us"}
{"type":"log","timestamp":1645809257022,"level":"debug","message":"Page request finished: GET (document) file:///C:/Users/ALUMNA~4/AppData/Local/Temp/jsreport/autocleanup/272c1a3f-6934-4e98-8473-58941cdf2a2d-chrome-pdf.html","meta":{"rootId":"suojse6ihl7oa4y","id":"suojse6ihl7oa4y"},"id":"xuie0d7fjlw3qw5","operationId":"bvcky75r6w7wwgi","previousOperationId":"z073ivsc23137us"}
{"type":"log","timestamp":1645809257023,"level":"debug","message":"Page request: GET (stylesheet) https://cdnjs.cloudflare.com/ajax/libs/metro/4.1.5/css/metro.min.css","meta":{"rootId":"suojse6ihl7oa4y","id":"suojse6ihl7oa4y"},"id":"esbwog1w8j39fh6","operationId":"ckr79jehkb8fllq","previousOperationId":"z073ivsc23137us"}
{"type":"log","timestamp":1645809257023,"level":"debug","message":"Page request: GET (script) https://cdnjs.cloudflare.com/ajax/libs/Chart.js/2.7.2/Chart.min.js","meta":{"rootId":"suojse6ihl7oa4y","id":"suojse6ihl7oa4y"},"id":"59rc65zyqsykown","operationId":"l16b225tbht2hs3","previousOperationId":"z073ivsc23137us"}
{"type":"log","timestamp":1645809257030,"level":"debug","message":"Page request finished: GET (script) 200 https://cdnjs.cloudflare.com/ajax/libs/Chart.js/2.7.2/Chart.min.js","meta":{"rootId":"suojse6ihl7oa4y","id":"suojse6ihl7oa4y"},"id":"8hxl5ecjwrs4ztn","operationId":"ecvu19w7q5a5byg","previousOperationId":"z073ivsc23137us"}
{"type":"log","timestamp":1645809257050,"level":"debug","message":"Page request finished: GET (stylesheet) 200 https://cdnjs.cloudflare.com/ajax/libs/metro/4.1.5/css/metro.min.css","meta":{"rootId":"suojse6ihl7oa4y","id":"suojse6ihl7oa4y"},"id":"xbtca18q3tmrxtq","operationId":"7e9yntt1q4uzdvo","previousOperationId":"z073ivsc23137us"}
{"type":"log","timestamp":1645809257085,"level":"debug","message":"Running chrome with params {\"printBackground\":true,\"displayHeaderFooter\":true,\"timeout\":60000,\"margin\":{}}","meta":{"rootId":"suojse6ihl7oa4y","id":"suojse6ihl7oa4y"},"id":"9vbwhrwdboizw66","operationId":"1up3ja3c9uefmmd","previousOperationId":"z073ivsc23137us"}
{"type":"operationEnd","operationId":"z073ivsc23137us","timestamp":1645809257225,"id":"pn9leds2po4po5b","previousEventId":"71khwhyfnq4ggd4","previousOperationId":"z073ivsc23137us"}
{"type":"log","timestamp":1645809257225,"level":"debug","message":"Skipping storing report.","meta":{"rootId":"suojse6ihl7oa4y","id":"suojse6ihl7oa4y"},"id":"bspxi5i62403p8p","operationId":"2e3xatnskmg32m8","previousOperationId":"z073ivsc23137us"}
{"type":"log","timestamp":1645809257225,"level":"info","message":"Rendering request 11 finished in 361 ms","meta":{"rootId":"suojse6ihl7oa4y","id":"suojse6ihl7oa4y"},"id":"0q86u71g81u9myl","operationId":"cqrxnbgsv3gtebf","previousOperationId":"z073ivsc23137us"}
{"type":"operationEnd","subtype":"render","operationId":"40yvxtzox01hvah","timestamp":1645809257225,"id":"46okwamaj9yt95f","previousEventId":"pn9leds2po4po5b","previousOperationId":"z073ivsc23137us"}
