{"type":"operationStart","subtype":"render","name":"ReportView.pdf","previousOperationId":null,"profileId":"PZvJErLFluPLgadC","timestamp":1645809632554,"id":"ku5oalwbbyraie7","operationId":"1lpvdp1rxp8mguc"}
{"type":"log","timestamp":1645809632554,"level":"info","message":"Starting rendering request 23 (user: null)","meta":{"rootId":"vjuuk15feb8xqxn","id":"vjuuk15feb8xqxn"},"id":"5kypclr2601eq9u","operationId":"fja1cwnj0a1p5hb","previousOperationId":"1lpvdp1rxp8mguc"}
{"type":"log","timestamp":1645809632554,"level":"info","message":"Rendering template { name: ReportView.pdf, recipe: chrome-pdf, engine: handlebars, preview: true }","meta":{"rootId":"vjuuk15feb8xqxn","id":"vjuuk15feb8xqxn"},"id":"l6mdglt6pm6sdyq","operationId":"q3tut7idmoarrtf","previousOperationId":"1lpvdp1rxp8mguc"}
{"type":"log","timestamp":1645809632555,"level":"debug","message":"Data item not defined for this template.","meta":{"rootId":"vjuuk15feb8xqxn","id":"vjuuk15feb8xqxn"},"id":"p83rxx0js6sok41","operationId":"4cvsy6w72pbihy7","previousOperationId":"1lpvdp1rxp8mguc"}
{"type":"log","timestamp":1645809632557,"level":"debug","message":"Executing script view-script (beforeRender)","meta":{"rootId":"vjuuk15feb8xqxn","id":"vjuuk15feb8xqxn"},"id":"xgnxac8c8ckbuha","operationId":"mb7hhdggy14ev5m","previousOperationId":"1lpvdp1rxp8mguc"}
{"type":"operationStart","subtype":"scriptsBeforeRender","name":"scripts beforeRender","timestamp":1645809632568,"id":"9mqqdci8xwtg2i7","previousEventId":"ku5oalwbbyraie7","operationId":"rezay8sbd03dsql","previousOperationId":"1lpvdp1rxp8mguc"}
{"type":"operationStart","subtype":"script","name":"scripts view-script","previousOperationId":"rezay8sbd03dsql","timestamp":1645809632568,"id":"f4u36lfvryhp1ov","previousEventId":"9mqqdci8xwtg2i7","operationId":"6wvz12tg6i7g0jp"}
{"type":"operationEnd","operationId":"6wvz12tg6i7g0jp","timestamp":1645809632574,"id":"81902edbc81b42w","previousEventId":"ku5oalwbbyraie7","previousOperationId":"1lpvdp1rxp8mguc"}
{"type":"operationEnd","operationId":"rezay8sbd03dsql","timestamp":1645809632574,"id":"nzk9jwzkky0wpto","previousEventId":"81902edbc81b42w","previousOperationId":"1lpvdp1rxp8mguc"}
{"type":"log","timestamp":1645809632574,"level":"debug","message":"Base url not specified, skipping its injection.","meta":{"rootId":"vjuuk15feb8xqxn","id":"vjuuk15feb8xqxn"},"id":"g77s64dmkodxise","operationId":"ccek8fjl6xs8x37","previousOperationId":"rezay8sbd03dsql"}
{"type":"operationStart","subtype":"engine","name":"handlebars","timestamp":1645809632574,"id":"d4i875pc9yrnzkt","previousEventId":"nzk9jwzkky0wpto","operationId":"maihjw7vbui8pki","previousOperationId":"rezay8sbd03dsql"}
{"type":"log","timestamp":1645809632574,"level":"debug","message":"Rendering engine handlebars","meta":{"rootId":"vjuuk15feb8xqxn","id":"vjuuk15feb8xqxn"},"id":"53math9xyvl7z10","operationId":"qyvx2fzbmz8ohj8","previousOperationId":"maihjw7vbui8pki"}
{"type":"operationEnd","operationId":"maihjw7vbui8pki","timestamp":1645809632588,"id":"tyt703edvilfujb","previousEventId":"d4i875pc9yrnzkt","previousOperationId":"maihjw7vbui8pki"}
{"type":"operationStart","subtype":"recipe","name":"chrome-pdf","timestamp":1645809632589,"id":"9pri8b7xtqedgxb","previousEventId":"tyt703edvilfujb","operationId":"2xt8qgrdj0nmhiv","previousOperationId":"maihjw7vbui8pki"}
{"type":"log","timestamp":1645809632589,"level":"debug","message":"Executing recipe chrome-pdf","meta":{"rootId":"vjuuk15feb8xqxn","id":"vjuuk15feb8xqxn"},"id":"kte3cb8ufdfcd06","operationId":"l6s62anyaxly7z9","previousOperationId":"2xt8qgrdj0nmhiv"}
{"type":"log","timestamp":1645809632591,"level":"debug","message":"Converting with chrome HeadlessChrome/98.0.4758.0 using chrome-pool strategy","meta":{"rootId":"vjuuk15feb8xqxn","id":"vjuuk15feb8xqxn"},"id":"4t614k03dg91fdf","operationId":"uw76waylg29bg02","previousOperationId":"2xt8qgrdj0nmhiv"}
{"type":"log","timestamp":1645809632684,"level":"debug","message":"Page request: GET (document) file:///C:/Users/ALUMNA~4/AppData/Local/Temp/jsreport/autocleanup/4569dc26-cdf1-49b9-a7d0-1d272ac2747d-chrome-pdf.html","meta":{"rootId":"vjuuk15feb8xqxn","id":"vjuuk15feb8xqxn"},"id":"dfqlszaly66pebu","operationId":"kp0q2h1687ykhk8","previousOperationId":"2xt8qgrdj0nmhiv"}
{"type":"log","timestamp":1645809632702,"level":"debug","message":"Page request finished: GET (document) file:///C:/Users/ALUMNA~4/AppData/Local/Temp/jsreport/autocleanup/4569dc26-cdf1-49b9-a7d0-1d272ac2747d-chrome-pdf.html","meta":{"rootId":"vjuuk15feb8xqxn","id":"vjuuk15feb8xqxn"},"id":"azw0hjg2o3lh82g","operationId":"7a95gs52zbhpb0s","previousOperationId":"2xt8qgrdj0nmhiv"}
{"type":"log","timestamp":1645809632703,"level":"debug","message":"Page request: GET (stylesheet) https://cdnjs.cloudflare.com/ajax/libs/metro/4.1.5/css/metro.min.css","meta":{"rootId":"vjuuk15feb8xqxn","id":"vjuuk15feb8xqxn"},"id":"0kg6dpowe7fl1b8","operationId":"so09qymprx6a3bg","previousOperationId":"2xt8qgrdj0nmhiv"}
{"type":"log","timestamp":1645809632703,"level":"debug","message":"Page request: GET (script) https://canvasjs.com/assets/script/canvasjs.min.js","meta":{"rootId":"vjuuk15feb8xqxn","id":"vjuuk15feb8xqxn"},"id":"3lhl5iz8d2snjnv","operationId":"womjb5j0mhiinb2","previousOperationId":"2xt8qgrdj0nmhiv"}
{"type":"log","timestamp":1645809632728,"level":"debug","message":"Page request finished: GET (stylesheet) 200 https://cdnjs.cloudflare.com/ajax/libs/metro/4.1.5/css/metro.min.css","meta":{"rootId":"vjuuk15feb8xqxn","id":"vjuuk15feb8xqxn"},"id":"75gtbbfhjqj30zd","operationId":"52xkh4lpm9vr7fx","previousOperationId":"2xt8qgrdj0nmhiv"}
{"type":"log","timestamp":1645809632825,"level":"debug","message":"Page request finished: GET (script) 200 https://canvasjs.com/assets/script/canvasjs.min.js","meta":{"rootId":"vjuuk15feb8xqxn","id":"vjuuk15feb8xqxn"},"id":"r0nhd98uod6nfvu","operationId":"ef4intet03pir6n","previousOperationId":"2xt8qgrdj0nmhiv"}
{"type":"log","timestamp":1645809632831,"level":"warn","message":"Page error: SyntaxError: Unexpected end of input","meta":{"rootId":"vjuuk15feb8xqxn","id":"vjuuk15feb8xqxn"},"id":"zi41i6eljgfx4tl","operationId":"3e2cwlcm78vrkc6","previousOperationId":"2xt8qgrdj0nmhiv"}
{"type":"log","timestamp":1645809632861,"level":"debug","message":"Running chrome with params {\"printBackground\":true,\"displayHeaderFooter\":true,\"timeout\":60000,\"margin\":{}}","meta":{"rootId":"vjuuk15feb8xqxn","id":"vjuuk15feb8xqxn"},"id":"k7lupl86ac1cp0s","operationId":"knggcmufcwzip36","previousOperationId":"2xt8qgrdj0nmhiv"}
{"type":"operationEnd","operationId":"2xt8qgrdj0nmhiv","timestamp":1645809632993,"id":"midunlccgtdpi5e","previousEventId":"9pri8b7xtqedgxb","previousOperationId":"2xt8qgrdj0nmhiv"}
{"type":"log","timestamp":1645809632993,"level":"debug","message":"Skipping storing report.","meta":{"rootId":"vjuuk15feb8xqxn","id":"vjuuk15feb8xqxn"},"id":"8a7w3b44ew14t36","operationId":"j0j2j1adj6qiwfs","previousOperationId":"2xt8qgrdj0nmhiv"}
{"type":"log","timestamp":1645809632993,"level":"info","message":"Rendering request 23 finished in 439 ms","meta":{"rootId":"vjuuk15feb8xqxn","id":"vjuuk15feb8xqxn"},"id":"vth1es0xvgvjkmm","operationId":"ycgc1167l89y5jh","previousOperationId":"2xt8qgrdj0nmhiv"}
{"type":"operationEnd","subtype":"render","operationId":"1lpvdp1rxp8mguc","timestamp":1645809632993,"id":"vi4uquz092iiiv2","previousEventId":"midunlccgtdpi5e","previousOperationId":"2xt8qgrdj0nmhiv"}
