{"type":"operationStart","subtype":"render","name":"ReportView.pdf","previousOperationId":null,"profileId":"48vp40972hrdMsTv","timestamp":1645809441044,"id":"1hjxlbzdaemz1mw","operationId":"l00g6r0ot76podn"}
{"type":"log","timestamp":1645809441044,"level":"info","message":"Starting rendering request 19 (user: null)","meta":{"rootId":"vp797btos8yatjx","id":"vp797btos8yatjx"},"id":"hw1yqrtijzqgj4h","operationId":"bskg6t2sq84jg3r","previousOperationId":"l00g6r0ot76podn"}
{"type":"log","timestamp":1645809441044,"level":"info","message":"Rendering template { name: ReportView.pdf, recipe: chrome-pdf, engine: handlebars, preview: true }","meta":{"rootId":"vp797btos8yatjx","id":"vp797btos8yatjx"},"id":"an1hzmplj1ccao7","operationId":"tqvb4vrmcxgsnwd","previousOperationId":"l00g6r0ot76podn"}
{"type":"log","timestamp":1645809441045,"level":"debug","message":"Data item not defined for this template.","meta":{"rootId":"vp797btos8yatjx","id":"vp797btos8yatjx"},"id":"2q7foyt1z1ud23n","operationId":"0pj88e5ihqarmth","previousOperationId":"l00g6r0ot76podn"}
{"type":"log","timestamp":1645809441047,"level":"debug","message":"Executing script view-script (beforeRender)","meta":{"rootId":"vp797btos8yatjx","id":"vp797btos8yatjx"},"id":"g43ulqbmqd5xon2","operationId":"5vi4m9h3xahhyf2","previousOperationId":"l00g6r0ot76podn"}
{"type":"operationStart","subtype":"scriptsBeforeRender","name":"scripts beforeRender","timestamp":1645809441059,"id":"26ynjqs9015l0ne","previousEventId":"1hjxlbzdaemz1mw","operationId":"4k9qikxsvjj6nla","previousOperationId":"l00g6r0ot76podn"}
{"type":"operationStart","subtype":"script","name":"scripts view-script","previousOperationId":"4k9qikxsvjj6nla","timestamp":1645809441059,"id":"2lewis9k8l3mgg4","previousEventId":"26ynjqs9015l0ne","operationId":"q2c42fa3kxo677p"}
{"type":"operationEnd","operationId":"q2c42fa3kxo677p","timestamp":1645809441062,"id":"rlr7jjniuwtt2ee","previousEventId":"1hjxlbzdaemz1mw","previousOperationId":"l00g6r0ot76podn"}
{"type":"operationEnd","operationId":"4k9qikxsvjj6nla","timestamp":1645809441062,"id":"u8u20drathhmct7","previousEventId":"rlr7jjniuwtt2ee","previousOperationId":"l00g6r0ot76podn"}
{"type":"log","timestamp":1645809441062,"level":"debug","message":"Base url not specified, skipping its injection.","meta":{"rootId":"vp797btos8yatjx","id":"vp797btos8yatjx"},"id":"fga5omq6beyxu7l","operationId":"cbqn1ttm1pq9wo2","previousOperationId":"4k9qikxsvjj6nla"}
{"type":"operationStart","subtype":"engine","name":"handlebars","timestamp":1645809441063,"id":"38ysn32bbns8c57","previousEventId":"u8u20drathhmct7","operationId":"2weefeulchl4w5w","previousOperationId":"4k9qikxsvjj6nla"}
{"type":"log","timestamp":1645809441063,"level":"debug","message":"Rendering engine handlebars","meta":{"rootId":"vp797btos8yatjx","id":"vp797btos8yatjx"},"id":"s5ezghbw4i9augu","operationId":"oiap7sj8xjq1dy6","previousOperationId":"2weefeulchl4w5w"}
{"type":"operationEnd","operationId":"2weefeulchl4w5w","timestamp":1645809441076,"id":"eutpdxgwikag3w8","previousEventId":"38ysn32bbns8c57","previousOperationId":"2weefeulchl4w5w"}
{"type":"operationStart","subtype":"recipe","name":"chrome-pdf","timestamp":1645809441077,"id":"35p80glami6ungn","previousEventId":"eutpdxgwikag3w8","operationId":"7cds2br5ja3zajj","previousOperationId":"2weefeulchl4w5w"}
{"type":"log","timestamp":1645809441077,"level":"debug","message":"Executing recipe chrome-pdf","meta":{"rootId":"vp797btos8yatjx","id":"vp797btos8yatjx"},"id":"xirib5v29g2v9db","operationId":"8g4q99u8453f48k","previousOperationId":"7cds2br5ja3zajj"}
{"type":"log","timestamp":1645809441080,"level":"debug","message":"Converting with chrome HeadlessChrome/98.0.4758.0 using chrome-pool strategy","meta":{"rootId":"vp797btos8yatjx","id":"vp797btos8yatjx"},"id":"6bsr5qljgiy41mb","operationId":"560zw8flwtw5zqz","previousOperationId":"7cds2br5ja3zajj"}
{"type":"log","timestamp":1645809441172,"level":"debug","message":"Page request: GET (document) file:///C:/Users/ALUMNA~4/AppData/Local/Temp/jsreport/autocleanup/eb9ea94a-7479-4c57-ac35-24ebcce48315-chrome-pdf.html","meta":{"rootId":"vp797btos8yatjx","id":"vp797btos8yatjx"},"id":"xyqi0injidurgsz","operationId":"jbqhrstdrxlq8wl","previousOperationId":"7cds2br5ja3zajj"}
{"type":"log","timestamp":1645809441191,"level":"debug","message":"Page request finished: GET (document) file:///C:/Users/ALUMNA~4/AppData/Local/Temp/jsreport/autocleanup/eb9ea94a-7479-4c57-ac35-24ebcce48315-chrome-pdf.html","meta":{"rootId":"vp797btos8yatjx","id":"vp797btos8yatjx"},"id":"4bd5p3kirk6yikh","operationId":"tu4wcrhr5zev7f8","previousOperationId":"7cds2br5ja3zajj"}
{"type":"log","timestamp":1645809441193,"level":"debug","message":"Page request: GET (stylesheet) https://cdnjs.cloudflare.com/ajax/libs/metro/4.1.5/css/metro.min.css","meta":{"rootId":"vp797btos8yatjx","id":"vp797btos8yatjx"},"id":"miqvtto8nw9cslx","operationId":"sactsiplsq4hfbc","previousOperationId":"7cds2br5ja3zajj"}
{"type":"log","timestamp":1645809441194,"level":"debug","message":"Page request: GET (script) https://cdnjs.cloudflare.com/ajax/libs/Chart.js/2.7.2/Chart.min.js","meta":{"rootId":"vp797btos8yatjx","id":"vp797btos8yatjx"},"id":"wjqq2277dga1fdw","operationId":"b5ki6ahuwlirm93","previousOperationId":"7cds2br5ja3zajj"}
{"type":"log","timestamp":1645809441194,"level":"debug","message":"Page request: GET (script) http://code.jquery.com/jquery-1.11.0.min.js","meta":{"rootId":"vp797btos8yatjx","id":"vp797btos8yatjx"},"id":"wzzs4jer8l8et8x","operationId":"8zrizh8zzzanpv8","previousOperationId":"7cds2br5ja3zajj"}
{"type":"log","timestamp":1645809441194,"level":"debug","message":"Page request: GET (script) http://cdnjs.cloudflare.com/ajax/libs/flot/0.8.1/jquery.flot.min.js","meta":{"rootId":"vp797btos8yatjx","id":"vp797btos8yatjx"},"id":"47x4wpxfsvgcpw7","operationId":"hdkoyi9py4bc1vz","previousOperationId":"7cds2br5ja3zajj"}
{"type":"log","timestamp":1645809441200,"level":"warn","message":"Page request failed: GET (script) 307 http://cdnjs.cloudflare.com/ajax/libs/flot/0.8.1/jquery.flot.min.js (redirect to: https://cdnjs.cloudflare.com/ajax/libs/flot/0.8.1/jquery.flot.min.js)","meta":{"rootId":"vp797btos8yatjx","id":"vp797btos8yatjx"},"id":"z27re4pp631wubc","operationId":"8udeajhqar1fny9","previousOperationId":"7cds2br5ja3zajj"}
{"type":"log","timestamp":1645809441200,"level":"debug","message":"Page request: GET (script) https://cdnjs.cloudflare.com/ajax/libs/flot/0.8.1/jquery.flot.min.js (redirect from: http://cdnjs.cloudflare.com/ajax/libs/flot/0.8.1/jquery.flot.min.js)","meta":{"rootId":"vp797btos8yatjx","id":"vp797btos8yatjx"},"id":"pooi3vtgw90tye7","operationId":"6gxjqqlp3b96seu","previousOperationId":"7cds2br5ja3zajj"}
{"type":"log","timestamp":1645809441204,"level":"debug","message":"Page request finished: GET (script) 200 https://cdnjs.cloudflare.com/ajax/libs/Chart.js/2.7.2/Chart.min.js","meta":{"rootId":"vp797btos8yatjx","id":"vp797btos8yatjx"},"id":"iu8saybd753a3zo","operationId":"ajsdbuoelcl3ud1","previousOperationId":"7cds2br5ja3zajj"}
{"type":"log","timestamp":1645809441222,"level":"debug","message":"Page request finished: GET (stylesheet) 200 https://cdnjs.cloudflare.com/ajax/libs/metro/4.1.5/css/metro.min.css","meta":{"rootId":"vp797btos8yatjx","id":"vp797btos8yatjx"},"id":"fzuixts0hy1g1ox","operationId":"h0zy70t0rs1dlrs","previousOperationId":"7cds2br5ja3zajj"}
{"type":"log","timestamp":1645809441224,"level":"debug","message":"Page request finished: GET (script) 200 http://code.jquery.com/jquery-1.11.0.min.js","meta":{"rootId":"vp797btos8yatjx","id":"vp797btos8yatjx"},"id":"acgg2wx7297paor","operationId":"4piq5o7egwzc735","previousOperationId":"7cds2br5ja3zajj"}
{"type":"log","timestamp":1645809441242,"level":"debug","message":"Page request finished: GET (script) 200 https://cdnjs.cloudflare.com/ajax/libs/flot/0.8.1/jquery.flot.min.js","meta":{"rootId":"vp797btos8yatjx","id":"vp797btos8yatjx"},"id":"0xm5um3g8bi757z","operationId":"wrb82w1kkp0jj1x","previousOperationId":"7cds2br5ja3zajj"}
{"type":"log","timestamp":1645809441309,"level":"debug","message":"Running chrome with params {\"printBackground\":true,\"displayHeaderFooter\":true,\"timeout\":60000,\"margin\":{}}","meta":{"rootId":"vp797btos8yatjx","id":"vp797btos8yatjx"},"id":"vnevt24mfdw428j","operationId":"hukuv7vrhg13vu2","previousOperationId":"7cds2br5ja3zajj"}
{"type":"operationEnd","operationId":"7cds2br5ja3zajj","timestamp":1645809441473,"id":"obdytc2qjg3jhh4","previousEventId":"35p80glami6ungn","previousOperationId":"7cds2br5ja3zajj"}
{"type":"log","timestamp":1645809441473,"level":"debug","message":"Skipping storing report.","meta":{"rootId":"vp797btos8yatjx","id":"vp797btos8yatjx"},"id":"u9g54ujpihagbnq","operationId":"bdb747k3clip2zg","previousOperationId":"7cds2br5ja3zajj"}
{"type":"log","timestamp":1645809441473,"level":"info","message":"Rendering request 19 finished in 429 ms","meta":{"rootId":"vp797btos8yatjx","id":"vp797btos8yatjx"},"id":"3cs2b5zi9an2vps","operationId":"v59my26u8h3pxjv","previousOperationId":"7cds2br5ja3zajj"}
{"type":"operationEnd","subtype":"render","operationId":"l00g6r0ot76podn","timestamp":1645809441473,"id":"kj3pzkbpfwuftxs","previousEventId":"obdytc2qjg3jhh4","previousOperationId":"7cds2br5ja3zajj"}
