{"type":"operationStart","subtype":"render","name":"ReportView.pdf","previousOperationId":null,"profileId":"oNag4RFXSi5CGPn0","timestamp":1645809767590,"id":"ng6rve11yws6nl9","operationId":"sfs7pt7ulqvdwzy"}
{"type":"log","timestamp":1645809767590,"level":"info","message":"Starting rendering request 28 (user: null)","meta":{"rootId":"xnjzdghxh2lhjlc","id":"xnjzdghxh2lhjlc"},"id":"vleivdbrb4tymb1","operationId":"quw7s3dj2grg7cc","previousOperationId":"sfs7pt7ulqvdwzy"}
{"type":"log","timestamp":1645809767591,"level":"info","message":"Rendering template { name: ReportView.pdf, recipe: chrome-pdf, engine: handlebars, preview: true }","meta":{"rootId":"xnjzdghxh2lhjlc","id":"xnjzdghxh2lhjlc"},"id":"ztly9zce3if11kz","operationId":"f8ur35v78dxnmcq","previousOperationId":"sfs7pt7ulqvdwzy"}
{"type":"log","timestamp":1645809767591,"level":"debug","message":"Data item not defined for this template.","meta":{"rootId":"xnjzdghxh2lhjlc","id":"xnjzdghxh2lhjlc"},"id":"ld0ne06z5423zq7","operationId":"4pi2ldzloh3aq7o","previousOperationId":"sfs7pt7ulqvdwzy"}
{"type":"log","timestamp":1645809767593,"level":"debug","message":"Executing script view-script (beforeRender)","meta":{"rootId":"xnjzdghxh2lhjlc","id":"xnjzdghxh2lhjlc"},"id":"wtktjtm1xwyk13r","operationId":"ma4pe098daacde4","previousOperationId":"sfs7pt7ulqvdwzy"}
{"type":"operationStart","subtype":"scriptsBeforeRender","name":"scripts beforeRender","timestamp":1645809767605,"id":"1djahwdm24getod","previousEventId":"ng6rve11yws6nl9","operationId":"tk1ohawljsh0xro","previousOperationId":"sfs7pt7ulqvdwzy"}
{"type":"operationStart","subtype":"script","name":"scripts view-script","previousOperationId":"tk1ohawljsh0xro","timestamp":1645809767605,"id":"f7t03lj0pvuesb3","previousEventId":"1djahwdm24getod","operationId":"saptqa6fplo67dr"}
{"type":"operationEnd","operationId":"saptqa6fplo67dr","timestamp":1645809767608,"id":"sx6hrpptcrovig7","previousEventId":"ng6rve11yws6nl9","previousOperationId":"sfs7pt7ulqvdwzy"}
{"type":"operationEnd","operationId":"tk1ohawljsh0xro","timestamp":1645809767608,"id":"okol217svhknzum","previousEventId":"sx6hrpptcrovig7","previousOperationId":"sfs7pt7ulqvdwzy"}
{"type":"log","timestamp":1645809767608,"level":"debug","message":"Base url not specified, skipping its injection.","meta":{"rootId":"xnjzdghxh2lhjlc","id":"xnjzdghxh2lhjlc"},"id":"5uytmgncbid9h5j","operationId":"nkzd2twgvlgastr","previousOperationId":"tk1ohawljsh0xro"}
{"type":"operationStart","subtype":"engine","name":"handlebars","timestamp":1645809767608,"id":"wrsya3p7t378k96","previousEventId":"okol217svhknzum","operationId":"8ns0gjueo9t1jkc","previousOperationId":"tk1ohawljsh0xro"}
{"type":"log","timestamp":1645809767608,"level":"debug","message":"Rendering engine handlebars","meta":{"rootId":"xnjzdghxh2lhjlc","id":"xnjzdghxh2lhjlc"},"id":"7h8lrvbgp1caxiw","operationId":"h8eva5bchgkz7ow","previousOperationId":"8ns0gjueo9t1jkc"}
{"type":"operationEnd","operationId":"8ns0gjueo9t1jkc","timestamp":1645809767620,"id":"93aph0kcgydyqw7","previousEventId":"wrsya3p7t378k96","previousOperationId":"8ns0gjueo9t1jkc"}
{"type":"operationStart","subtype":"recipe","name":"chrome-pdf","timestamp":1645809767621,"id":"a4qrvava3mbr1nu","previousEventId":"93aph0kcgydyqw7","operationId":"f9f5iyfxfg4ja84","previousOperationId":"8ns0gjueo9t1jkc"}
{"type":"log","timestamp":1645809767621,"level":"debug","message":"Executing recipe chrome-pdf","meta":{"rootId":"xnjzdghxh2lhjlc","id":"xnjzdghxh2lhjlc"},"id":"dffmd7dw2c8ojij","operationId":"tq23iwxqj6zs9ut","previousOperationId":"f9f5iyfxfg4ja84"}
{"type":"log","timestamp":1645809767623,"level":"debug","message":"Converting with chrome HeadlessChrome/98.0.4758.0 using chrome-pool strategy","meta":{"rootId":"xnjzdghxh2lhjlc","id":"xnjzdghxh2lhjlc"},"id":"cr7wb5pymlb1twr","operationId":"x5ohxmhvypyick5","previousOperationId":"f9f5iyfxfg4ja84"}
{"type":"log","timestamp":1645809767740,"level":"debug","message":"Page request: GET (document) file:///C:/Users/ALUMNA~4/AppData/Local/Temp/jsreport/autocleanup/9fd9ae1b-b96d-49ee-ac98-d0fc6a9a689f-chrome-pdf.html","meta":{"rootId":"xnjzdghxh2lhjlc","id":"xnjzdghxh2lhjlc"},"id":"cs7wgez0lfzbt65","operationId":"5z6002ez94ob8vk","previousOperationId":"f9f5iyfxfg4ja84"}
{"type":"log","timestamp":1645809767759,"level":"debug","message":"Page request finished: GET (document) file:///C:/Users/ALUMNA~4/AppData/Local/Temp/jsreport/autocleanup/9fd9ae1b-b96d-49ee-ac98-d0fc6a9a689f-chrome-pdf.html","meta":{"rootId":"xnjzdghxh2lhjlc","id":"xnjzdghxh2lhjlc"},"id":"v4hqobr9g6x2iyf","operationId":"tiv8sruolr7kvcm","previousOperationId":"f9f5iyfxfg4ja84"}
{"type":"log","timestamp":1645809767762,"level":"debug","message":"Page request: GET (stylesheet) https://cdnjs.cloudflare.com/ajax/libs/metro/4.1.5/css/metro.min.css","meta":{"rootId":"xnjzdghxh2lhjlc","id":"xnjzdghxh2lhjlc"},"id":"r014qr1ofr4fxcc","operationId":"zzgukuk7y4dypop","previousOperationId":"f9f5iyfxfg4ja84"}
{"type":"log","timestamp":1645809767762,"level":"debug","message":"Page request: GET (script) https://canvasjs.com/assets/script/canvasjs.min.js","meta":{"rootId":"xnjzdghxh2lhjlc","id":"xnjzdghxh2lhjlc"},"id":"oc2jslf293pxuaq","operationId":"iwt5rb9rnh8rjo4","previousOperationId":"f9f5iyfxfg4ja84"}
{"type":"log","timestamp":1645809767787,"level":"debug","message":"Page request finished: GET (stylesheet) 200 https://cdnjs.cloudflare.com/ajax/libs/metro/4.1.5/css/metro.min.css","meta":{"rootId":"xnjzdghxh2lhjlc","id":"xnjzdghxh2lhjlc"},"id":"3tkk372yyk7vlot","operationId":"wg6rtseeujzinrv","previousOperationId":"f9f5iyfxfg4ja84"}
{"type":"log","timestamp":1645809767860,"level":"debug","message":"Page request finished: GET (script) 200 https://canvasjs.com/assets/script/canvasjs.min.js","meta":{"rootId":"xnjzdghxh2lhjlc","id":"xnjzdghxh2lhjlc"},"id":"h28a084uj7obbdp","operationId":"to27dws87uv8pah","previousOperationId":"f9f5iyfxfg4ja84"}
{"type":"log","timestamp":1645809767973,"level":"debug","message":"Running chrome with params {\"printBackground\":true,\"displayHeaderFooter\":true,\"timeout\":60000,\"margin\":{}}","meta":{"rootId":"xnjzdghxh2lhjlc","id":"xnjzdghxh2lhjlc"},"id":"vbhlyugnxfvbr1t","operationId":"mt6mi1tt9kzzwo3","previousOperationId":"f9f5iyfxfg4ja84"}
{"type":"operationEnd","operationId":"f9f5iyfxfg4ja84","timestamp":1645809768118,"id":"b4ommpn6x35r548","previousEventId":"a4qrvava3mbr1nu","previousOperationId":"f9f5iyfxfg4ja84"}
{"type":"log","timestamp":1645809768119,"level":"debug","message":"Skipping storing report.","meta":{"rootId":"xnjzdghxh2lhjlc","id":"xnjzdghxh2lhjlc"},"id":"zouincl1lll46xt","operationId":"ftss4663nqjdi58","previousOperationId":"f9f5iyfxfg4ja84"}
{"type":"log","timestamp":1645809768119,"level":"info","message":"Rendering request 28 finished in 529 ms","meta":{"rootId":"xnjzdghxh2lhjlc","id":"xnjzdghxh2lhjlc"},"id":"wwyvyopzjrj75q7","operationId":"z1u9nnin1c3hviw","previousOperationId":"f9f5iyfxfg4ja84"}
{"type":"operationEnd","subtype":"render","operationId":"sfs7pt7ulqvdwzy","timestamp":1645809768119,"id":"7hzo5758qdgggar","previousEventId":"b4ommpn6x35r548","previousOperationId":"f9f5iyfxfg4ja84"}
