{"type":"operationStart","subtype":"render","name":"ReportView.pdf","previousOperationId":null,"profileId":"ECAFRCGwU0IVNu0K","timestamp":1645809345828,"id":"up7ld998us8t1tp","operationId":"duffgo8msgyr3nk"}
{"type":"log","timestamp":1645809345829,"level":"info","message":"Starting rendering request 15 (user: null)","meta":{"rootId":"z65z0kok6esgw7d","id":"z65z0kok6esgw7d"},"id":"t3bop9fd1m56lo0","operationId":"krfbaos6i40vfij","previousOperationId":"duffgo8msgyr3nk"}
{"type":"log","timestamp":1645809345829,"level":"info","message":"Rendering template { name: ReportView.pdf, recipe: chrome-pdf, engine: handlebars, preview: true }","meta":{"rootId":"z65z0kok6esgw7d","id":"z65z0kok6esgw7d"},"id":"wgsipnll55lap2u","operationId":"nh0p853zdzirnv7","previousOperationId":"duffgo8msgyr3nk"}
{"type":"log","timestamp":1645809345829,"level":"debug","message":"Data item not defined for this template.","meta":{"rootId":"z65z0kok6esgw7d","id":"z65z0kok6esgw7d"},"id":"p0w128ov4d4klpj","operationId":"6chm3l3ryr0h74c","previousOperationId":"duffgo8msgyr3nk"}
{"type":"log","timestamp":1645809345831,"level":"debug","message":"Executing script view-script (beforeRender)","meta":{"rootId":"z65z0kok6esgw7d","id":"z65z0kok6esgw7d"},"id":"f7sika2c8wz20av","operationId":"k2kwbnzjgt5rj9q","previousOperationId":"duffgo8msgyr3nk"}
{"type":"operationStart","subtype":"scriptsBeforeRender","name":"scripts beforeRender","timestamp":1645809345843,"id":"rhps6tfobq0uzfw","previousEventId":"up7ld998us8t1tp","operationId":"000f7yc0k09dpiq","previousOperationId":"duffgo8msgyr3nk"}
{"type":"operationStart","subtype":"script","name":"scripts view-script","previousOperationId":"000f7yc0k09dpiq","timestamp":1645809345843,"id":"pk1mp9ggbiu3z81","previousEventId":"rhps6tfobq0uzfw","operationId":"2099554ryp5m5no"}
{"type":"operationEnd","operationId":"2099554ryp5m5no","timestamp":1645809345848,"id":"76qheelyxz2b7cl","previousEventId":"up7ld998us8t1tp","previousOperationId":"duffgo8msgyr3nk"}
{"type":"operationEnd","operationId":"000f7yc0k09dpiq","timestamp":1645809345848,"id":"r6vtsksu58u2lbg","previousEventId":"76qheelyxz2b7cl","previousOperationId":"duffgo8msgyr3nk"}
{"type":"log","timestamp":1645809345848,"level":"debug","message":"Base url not specified, skipping its injection.","meta":{"rootId":"z65z0kok6esgw7d","id":"z65z0kok6esgw7d"},"id":"gkitkbw006xtui4","operationId":"ip486e1lu3q15i6","previousOperationId":"000f7yc0k09dpiq"}
{"type":"operationStart","subtype":"engine","name":"handlebars","timestamp":1645809345848,"id":"c83uz1iyfstvs20","previousEventId":"r6vtsksu58u2lbg","operationId":"nb51q1xlckbuo9i","previousOperationId":"000f7yc0k09dpiq"}
{"type":"log","timestamp":1645809345848,"level":"debug","message":"Rendering engine handlebars","meta":{"rootId":"z65z0kok6esgw7d","id":"z65z0kok6esgw7d"},"id":"8taiauymm3g8jqe","operationId":"lqyzx5awbs7romq","previousOperationId":"nb51q1xlckbuo9i"}
{"type":"operationEnd","operationId":"nb51q1xlckbuo9i","timestamp":1645809345860,"id":"zvrpkhkyrh7nb3r","previousEventId":"c83uz1iyfstvs20","previousOperationId":"nb51q1xlckbuo9i"}
{"type":"operationStart","subtype":"recipe","name":"chrome-pdf","timestamp":1645809345861,"id":"245k8swzbm955de","previousEventId":"zvrpkhkyrh7nb3r","operationId":"eq7sqwg80cveqka","previousOperationId":"nb51q1xlckbuo9i"}
{"type":"log","timestamp":1645809345861,"level":"debug","message":"Executing recipe chrome-pdf","meta":{"rootId":"z65z0kok6esgw7d","id":"z65z0kok6esgw7d"},"id":"uclet82vykab2p9","operationId":"m0i47480zkyqf46","previousOperationId":"eq7sqwg80cveqka"}
{"type":"log","timestamp":1645809345863,"level":"debug","message":"Converting with chrome HeadlessChrome/98.0.4758.0 using chrome-pool strategy","meta":{"rootId":"z65z0kok6esgw7d","id":"z65z0kok6esgw7d"},"id":"4dsruogscgz5r1y","operationId":"hv2oc9elq99rky3","previousOperationId":"eq7sqwg80cveqka"}
{"type":"log","timestamp":1645809345951,"level":"debug","message":"Page request: GET (document) file:///C:/Users/ALUMNA~4/AppData/Local/Temp/jsreport/autocleanup/b40806bc-bc5a-4ec9-b88a-fde077f0f90b-chrome-pdf.html","meta":{"rootId":"z65z0kok6esgw7d","id":"z65z0kok6esgw7d"},"id":"u1y4vuucrcxhvft","operationId":"r3ktfeizqmxbxmt","previousOperationId":"eq7sqwg80cveqka"}
{"type":"log","timestamp":1645809345964,"level":"debug","message":"Page request finished: GET (document) file:///C:/Users/ALUMNA~4/AppData/Local/Temp/jsreport/autocleanup/b40806bc-bc5a-4ec9-b88a-fde077f0f90b-chrome-pdf.html","meta":{"rootId":"z65z0kok6esgw7d","id":"z65z0kok6esgw7d"},"id":"a0k3ywk3f4qtg52","operationId":"5qpq0cro9sg6fbc","previousOperationId":"eq7sqwg80cveqka"}
{"type":"log","timestamp":1645809345964,"level":"debug","message":"Page request: GET (stylesheet) https://cdnjs.cloudflare.com/ajax/libs/metro/4.1.5/css/metro.min.css","meta":{"rootId":"z65z0kok6esgw7d","id":"z65z0kok6esgw7d"},"id":"iabfz8zxizpgfuo","operationId":"mgqjg4esof5z0pw","previousOperationId":"eq7sqwg80cveqka"}
{"type":"log","timestamp":1645809345964,"level":"debug","message":"Page request: GET (script) https://cdnjs.cloudflare.com/ajax/libs/Chart.js/2.7.2/Chart.min.js","meta":{"rootId":"z65z0kok6esgw7d","id":"z65z0kok6esgw7d"},"id":"f3031vd5g8org9i","operationId":"w4qza48jkbxeciy","previousOperationId":"eq7sqwg80cveqka"}
{"type":"log","timestamp":1645809345971,"level":"debug","message":"Page request finished: GET (script) 200 https://cdnjs.cloudflare.com/ajax/libs/Chart.js/2.7.2/Chart.min.js","meta":{"rootId":"z65z0kok6esgw7d","id":"z65z0kok6esgw7d"},"id":"lrp97mba1gcj145","operationId":"p7q588a6yk3w1ri","previousOperationId":"eq7sqwg80cveqka"}
{"type":"log","timestamp":1645809345991,"level":"debug","message":"Page request finished: GET (stylesheet) 200 https://cdnjs.cloudflare.com/ajax/libs/metro/4.1.5/css/metro.min.css","meta":{"rootId":"z65z0kok6esgw7d","id":"z65z0kok6esgw7d"},"id":"xg4xnhjyp05v19x","operationId":"yy1n5sfxyz88q1x","previousOperationId":"eq7sqwg80cveqka"}
{"type":"log","timestamp":1645809346000,"level":"warn","message":"Page error: ReferenceError: $ is not defined\n    at file:///C:/Users/ALUMNA~4/AppData/Local/Temp/jsreport/autocleanup/b40806bc-bc5a-4ec9-b88a-fde077f0f90b-chrome-pdf.html:52:1","meta":{"rootId":"z65z0kok6esgw7d","id":"z65z0kok6esgw7d"},"id":"hjoh6npedbuntne","operationId":"0qfc19u98adjhpr","previousOperationId":"eq7sqwg80cveqka"}
{"type":"log","timestamp":1645809346029,"level":"debug","message":"Running chrome with params {\"printBackground\":true,\"displayHeaderFooter\":true,\"timeout\":60000,\"margin\":{}}","meta":{"rootId":"z65z0kok6esgw7d","id":"z65z0kok6esgw7d"},"id":"weuvde1avnh58uk","operationId":"l9ps4mrpfavrcyn","previousOperationId":"eq7sqwg80cveqka"}
{"type":"operationEnd","operationId":"eq7sqwg80cveqka","timestamp":1645809346168,"id":"yz37stgmzt6aykr","previousEventId":"245k8swzbm955de","previousOperationId":"eq7sqwg80cveqka"}
{"type":"log","timestamp":1645809346168,"level":"debug","message":"Skipping storing report.","meta":{"rootId":"z65z0kok6esgw7d","id":"z65z0kok6esgw7d"},"id":"c4thvhmnmzvg2b6","operationId":"w0nb6lrkotma2zn","previousOperationId":"eq7sqwg80cveqka"}
{"type":"log","timestamp":1645809346168,"level":"info","message":"Rendering request 15 finished in 339 ms","meta":{"rootId":"z65z0kok6esgw7d","id":"z65z0kok6esgw7d"},"id":"9rnn62icckse1bk","operationId":"wywpe60ebw3au26","previousOperationId":"eq7sqwg80cveqka"}
{"type":"operationEnd","subtype":"render","operationId":"duffgo8msgyr3nk","timestamp":1645809346168,"id":"tur7drkhscn99ez","previousEventId":"yz37stgmzt6aykr","previousOperationId":"eq7sqwg80cveqka"}
