{"type":"operationStart","subtype":"render","name":"ReportView.pdf","previousOperationId":null,"profileId":"1lWG05tRLP5fq0VY","timestamp":1645807590026,"id":"vs7zem8bcltcfqn","operationId":"nynx1peva71lva8"}
{"type":"log","timestamp":1645807590026,"level":"info","message":"Starting rendering request 4 (user: null)","meta":{"rootId":"z89k4an5rdqus7z","id":"z89k4an5rdqus7z"},"id":"1fjq3m7jlv9u1n0","operationId":"2ukfqhgo6jz5b3f","previousOperationId":"nynx1peva71lva8"}
{"type":"log","timestamp":1645807590027,"level":"info","message":"Rendering template { name: ReportView.pdf, recipe: chrome-pdf, engine: handlebars, preview: true }","meta":{"rootId":"z89k4an5rdqus7z","id":"z89k4an5rdqus7z"},"id":"h7qaof2uncukipp","operationId":"6mzwnsrsd0c8wgf","previousOperationId":"nynx1peva71lva8"}
{"type":"log","timestamp":1645807590027,"level":"debug","message":"Data item not defined for this template.","meta":{"rootId":"z89k4an5rdqus7z","id":"z89k4an5rdqus7z"},"id":"txll97ccsfdrw3f","operationId":"t77rw5gpsrq0b8j","previousOperationId":"nynx1peva71lva8"}
{"type":"log","timestamp":1645807590029,"level":"debug","message":"Executing script view-script (beforeRender)","meta":{"rootId":"z89k4an5rdqus7z","id":"z89k4an5rdqus7z"},"id":"r9pjdc7e367kx59","operationId":"b06i8n94d6j8eq3","previousOperationId":"nynx1peva71lva8"}
{"type":"operationStart","subtype":"scriptsBeforeRender","name":"scripts beforeRender","timestamp":1645807590041,"id":"bgqa9cty3fyo40o","previousEventId":"vs7zem8bcltcfqn","operationId":"nk1fpmgs2cwz9zb","previousOperationId":"nynx1peva71lva8"}
{"type":"operationStart","subtype":"script","name":"scripts view-script","previousOperationId":"nk1fpmgs2cwz9zb","timestamp":1645807590041,"id":"gzp4odql3xkn679","previousEventId":"bgqa9cty3fyo40o","operationId":"ab7w0mt6lxfrb6o"}
{"type":"operationEnd","operationId":"ab7w0mt6lxfrb6o","timestamp":1645807590045,"id":"ny8z63bhd216y0k","previousEventId":"vs7zem8bcltcfqn","previousOperationId":"nynx1peva71lva8"}
{"type":"operationEnd","operationId":"nk1fpmgs2cwz9zb","timestamp":1645807590045,"id":"bfvi9uypzuvup9t","previousEventId":"ny8z63bhd216y0k","previousOperationId":"nynx1peva71lva8"}
{"type":"log","timestamp":1645807590045,"level":"debug","message":"Base url not specified, skipping its injection.","meta":{"rootId":"z89k4an5rdqus7z","id":"z89k4an5rdqus7z"},"id":"nft9wwlxa8g3upb","operationId":"ap9v4g5umrgfwgq","previousOperationId":"nk1fpmgs2cwz9zb"}
{"type":"operationStart","subtype":"engine","name":"handlebars","timestamp":1645807590045,"id":"91wpf6c47viy7nv","previousEventId":"bfvi9uypzuvup9t","operationId":"5pxy4z2yolltl73","previousOperationId":"nk1fpmgs2cwz9zb"}
{"type":"log","timestamp":1645807590045,"level":"debug","message":"Rendering engine handlebars","meta":{"rootId":"z89k4an5rdqus7z","id":"z89k4an5rdqus7z"},"id":"op1tk5ohp4ubc1a","operationId":"0p8kfwty07rbp1m","previousOperationId":"5pxy4z2yolltl73"}
{"type":"operationEnd","operationId":"5pxy4z2yolltl73","timestamp":1645807590056,"id":"22d8vindeg2mdkp","previousEventId":"91wpf6c47viy7nv","previousOperationId":"5pxy4z2yolltl73"}
{"type":"operationStart","subtype":"recipe","name":"chrome-pdf","timestamp":1645807590057,"id":"o39mbhigbiauqzp","previousEventId":"22d8vindeg2mdkp","operationId":"xui6khtsmks6lt1","previousOperationId":"5pxy4z2yolltl73"}
{"type":"log","timestamp":1645807590058,"level":"debug","message":"Executing recipe chrome-pdf","meta":{"rootId":"z89k4an5rdqus7z","id":"z89k4an5rdqus7z"},"id":"8e2vl37f0ut8uu1","operationId":"w0zicemqa84edvx","previousOperationId":"xui6khtsmks6lt1"}
{"type":"log","timestamp":1645807590060,"level":"debug","message":"Converting with chrome HeadlessChrome/98.0.4758.0 using chrome-pool strategy","meta":{"rootId":"z89k4an5rdqus7z","id":"z89k4an5rdqus7z"},"id":"m8om4qk37jyxvql","operationId":"ytm1j8dh9s8136u","previousOperationId":"xui6khtsmks6lt1"}
{"type":"log","timestamp":1645807590151,"level":"debug","message":"Page request: GET (document) file:///C:/Users/ALUMNA~4/AppData/Local/Temp/jsreport/autocleanup/66ab2cab-5784-46c7-9e7f-5aed4fb50a9b-chrome-pdf.html","meta":{"rootId":"z89k4an5rdqus7z","id":"z89k4an5rdqus7z"},"id":"cyv5jznhnk8mij5","operationId":"wlwcy8dupdihrq3","previousOperationId":"xui6khtsmks6lt1"}
{"type":"log","timestamp":1645807590170,"level":"debug","message":"Page request finished: GET (document) file:///C:/Users/ALUMNA~4/AppData/Local/Temp/jsreport/autocleanup/66ab2cab-5784-46c7-9e7f-5aed4fb50a9b-chrome-pdf.html","meta":{"rootId":"z89k4an5rdqus7z","id":"z89k4an5rdqus7z"},"id":"6lbb66xnvanihw5","operationId":"ndcgrwfeuaznbb0","previousOperationId":"xui6khtsmks6lt1"}
{"type":"log","timestamp":1645807590170,"level":"debug","message":"Page request: GET (stylesheet) https://cdnjs.cloudflare.com/ajax/libs/metro/4.1.5/css/metro.min.css","meta":{"rootId":"z89k4an5rdqus7z","id":"z89k4an5rdqus7z"},"id":"roljf8env7snrsr","operationId":"1tgt80kh9b3n5az","previousOperationId":"xui6khtsmks6lt1"}
{"type":"log","timestamp":1645807590170,"level":"debug","message":"Page request: GET (script) https://cdnjs.cloudflare.com/ajax/libs/Chart.js/2.7.2/Chart.min.js","meta":{"rootId":"z89k4an5rdqus7z","id":"z89k4an5rdqus7z"},"id":"w8pv7as4rcua14r","operationId":"wv025sjibl382lw","previousOperationId":"xui6khtsmks6lt1"}
{"type":"log","timestamp":1645807590177,"level":"debug","message":"Page request finished: GET (script) 200 https://cdnjs.cloudflare.com/ajax/libs/Chart.js/2.7.2/Chart.min.js","meta":{"rootId":"z89k4an5rdqus7z","id":"z89k4an5rdqus7z"},"id":"j5w9ku7jrfgk49r","operationId":"o6du15bxma8v1yn","previousOperationId":"xui6khtsmks6lt1"}
{"type":"log","timestamp":1645807590197,"level":"debug","message":"Page request finished: GET (stylesheet) 200 https://cdnjs.cloudflare.com/ajax/libs/metro/4.1.5/css/metro.min.css","meta":{"rootId":"z89k4an5rdqus7z","id":"z89k4an5rdqus7z"},"id":"0k3m3l0qenh1zmi","operationId":"5jmg867bqud4hvw","previousOperationId":"xui6khtsmks6lt1"}
{"type":"log","timestamp":1645807590235,"level":"debug","message":"Running chrome with params {\"printBackground\":true,\"displayHeaderFooter\":true,\"timeout\":60000,\"margin\":{}}","meta":{"rootId":"z89k4an5rdqus7z","id":"z89k4an5rdqus7z"},"id":"h5u31wvd05ut312","operationId":"b5sgfw60qtoqp1w","previousOperationId":"xui6khtsmks6lt1"}
{"type":"operationEnd","operationId":"xui6khtsmks6lt1","timestamp":1645807590370,"id":"z4z6qm9r3njdtii","previousEventId":"o39mbhigbiauqzp","previousOperationId":"xui6khtsmks6lt1"}
{"type":"log","timestamp":1645807590370,"level":"debug","message":"Skipping storing report.","meta":{"rootId":"z89k4an5rdqus7z","id":"z89k4an5rdqus7z"},"id":"ldkpy108owxwgl6","operationId":"s4r99295r6zxp50","previousOperationId":"xui6khtsmks6lt1"}
{"type":"log","timestamp":1645807590371,"level":"info","message":"Rendering request 4 finished in 345 ms","meta":{"rootId":"z89k4an5rdqus7z","id":"z89k4an5rdqus7z"},"id":"sc2g0cnz5kwd6mx","operationId":"4oke5q7v30swx57","previousOperationId":"xui6khtsmks6lt1"}
{"type":"operationEnd","subtype":"render","operationId":"nynx1peva71lva8","timestamp":1645807590371,"id":"8kujr89ei9xx7oa","previousEventId":"z4z6qm9r3njdtii","previousOperationId":"xui6khtsmks6lt1"}
