{"type":"operationStart","subtype":"render","name":"ReportImage.pdf","previousOperationId":null,"profileId":"42Ya3Uo3NND1lo2t","timestamp":1645813927089,"id":"1r411yorui5rc94","operationId":"muo2ndwwssusli8"}
{"type":"log","timestamp":1645813927089,"level":"info","message":"Starting rendering request 4 (user: null)","meta":{"rootId":"2jfrx3ic7mh0jrd","id":"2jfrx3ic7mh0jrd"},"id":"2p5yhnwoshlcdz6","operationId":"vffqjb02m036qi2","previousOperationId":"muo2ndwwssusli8"}
{"type":"log","timestamp":1645813927089,"level":"info","message":"Rendering template { name: ReportImage.pdf, recipe: chrome-pdf, engine: handlebars, preview: false }","meta":{"rootId":"2jfrx3ic7mh0jrd","id":"2jfrx3ic7mh0jrd"},"id":"c8l0kcf1poziizq","operationId":"ls9ahl08dzi58zx","previousOperationId":"muo2ndwwssusli8"}
{"type":"log","timestamp":1645813927090,"level":"debug","message":"Data item not defined for this template.","meta":{"rootId":"2jfrx3ic7mh0jrd","id":"2jfrx3ic7mh0jrd"},"id":"av3bq3m8dib9lm7","operationId":"g9bfwxl0l38izkt","previousOperationId":"muo2ndwwssusli8"}
{"type":"log","timestamp":1645813927092,"level":"debug","message":"Executing script image-script (beforeRender)","meta":{"rootId":"2jfrx3ic7mh0jrd","id":"2jfrx3ic7mh0jrd"},"id":"k4er6js282crow8","operationId":"4o2gvnhpsg5rx0r","previousOperationId":"muo2ndwwssusli8"}
{"type":"operationStart","subtype":"scriptsBeforeRender","name":"scripts beforeRender","timestamp":1645813927107,"id":"hu7s2y3nzfba4cs","previousEventId":"1r411yorui5rc94","operationId":"y759nrsld4h0t3s","previousOperationId":"muo2ndwwssusli8"}
{"type":"operationStart","subtype":"script","name":"scripts image-script","previousOperationId":"y759nrsld4h0t3s","timestamp":1645813927107,"id":"ht22j73ys6av22x","previousEventId":"hu7s2y3nzfba4cs","operationId":"77ug96ukj4br1st"}
{"type":"operationEnd","operationId":"77ug96ukj4br1st","timestamp":1645813927112,"id":"y0fi4eald1bzn4f","previousEventId":"1r411yorui5rc94","previousOperationId":"muo2ndwwssusli8"}
{"type":"operationEnd","operationId":"y759nrsld4h0t3s","timestamp":1645813927112,"id":"y2uwakibpued8o6","previousEventId":"y0fi4eald1bzn4f","previousOperationId":"muo2ndwwssusli8"}
{"type":"log","timestamp":1645813927112,"level":"debug","message":"Base url not specified, skipping its injection.","meta":{"rootId":"2jfrx3ic7mh0jrd","id":"2jfrx3ic7mh0jrd"},"id":"ph594omzec3h37d","operationId":"bk88nwk1es4aorv","previousOperationId":"y759nrsld4h0t3s"}
{"type":"operationStart","subtype":"engine","name":"handlebars","timestamp":1645813927112,"id":"gzifn4eo9vjmov9","previousEventId":"y2uwakibpued8o6","operationId":"myyfb7t995h5f5a","previousOperationId":"y759nrsld4h0t3s"}
{"type":"log","timestamp":1645813927112,"level":"debug","message":"Rendering engine handlebars","meta":{"rootId":"2jfrx3ic7mh0jrd","id":"2jfrx3ic7mh0jrd"},"id":"eh31ofm8ckkmxwp","operationId":"s50u0vfssx4a8m5","previousOperationId":"myyfb7t995h5f5a"}
{"type":"operationEnd","operationId":"myyfb7t995h5f5a","timestamp":1645813927125,"id":"8x36d5191g5l8hy","previousEventId":"gzifn4eo9vjmov9","previousOperationId":"myyfb7t995h5f5a"}
{"type":"operationStart","subtype":"recipe","name":"chrome-pdf","timestamp":1645813927125,"id":"z52vj0t45s9u48w","previousEventId":"8x36d5191g5l8hy","operationId":"hqb1otvi864cut1","previousOperationId":"myyfb7t995h5f5a"}
{"type":"log","timestamp":1645813927125,"level":"debug","message":"Executing recipe chrome-pdf","meta":{"rootId":"2jfrx3ic7mh0jrd","id":"2jfrx3ic7mh0jrd"},"id":"o5xv9ih0fykdp0b","operationId":"y12pg97pv2smntv","previousOperationId":"hqb1otvi864cut1"}
{"type":"log","timestamp":1645813927128,"level":"debug","message":"Converting with chrome HeadlessChrome/98.0.4758.0 using chrome-pool strategy","meta":{"rootId":"2jfrx3ic7mh0jrd","id":"2jfrx3ic7mh0jrd"},"id":"ut0rp0ezfzwjhqp","operationId":"jxcg789esxt4vyr","previousOperationId":"hqb1otvi864cut1"}
{"type":"log","timestamp":1645813927224,"level":"debug","message":"Page request: GET (document) file:///C:/Users/ALUMNA~4/AppData/Local/Temp/jsreport/autocleanup/761b60ca-4372-4344-82a7-8c6e717af64f-chrome-pdf.html","meta":{"rootId":"2jfrx3ic7mh0jrd","id":"2jfrx3ic7mh0jrd"},"id":"pq37tu5on4twqt1","operationId":"53kwv4s2b4gi58x","previousOperationId":"hqb1otvi864cut1"}
{"type":"log","timestamp":1645813927244,"level":"debug","message":"Page request finished: GET (document) file:///C:/Users/ALUMNA~4/AppData/Local/Temp/jsreport/autocleanup/761b60ca-4372-4344-82a7-8c6e717af64f-chrome-pdf.html","meta":{"rootId":"2jfrx3ic7mh0jrd","id":"2jfrx3ic7mh0jrd"},"id":"r473ut7l0gxof6r","operationId":"6y0uuws7xvs92jn","previousOperationId":"hqb1otvi864cut1"}
{"type":"log","timestamp":1645813927246,"level":"debug","message":"Page request: GET (stylesheet) https://cdnjs.cloudflare.com/ajax/libs/metro/4.1.5/css/metro.min.css","meta":{"rootId":"2jfrx3ic7mh0jrd","id":"2jfrx3ic7mh0jrd"},"id":"eht4vy4oloxylsw","operationId":"wnku0k1tege0mam","previousOperationId":"hqb1otvi864cut1"}
{"type":"log","timestamp":1645813927247,"level":"debug","message":"Page request: GET (script) https://cdnjs.cloudflare.com/ajax/libs/Chart.js/2.7.2/Chart.min.js","meta":{"rootId":"2jfrx3ic7mh0jrd","id":"2jfrx3ic7mh0jrd"},"id":"zsajjzqeus0p0jb","operationId":"jfas4kidnlj9evi","previousOperationId":"hqb1otvi864cut1"}
{"type":"log","timestamp":1645813927254,"level":"debug","message":"Page request: GET (image) https://user-images.githubusercontent.com/81707462/141654892-327c44ef-7191-4d8a-b430-6216b25f9c03.png","meta":{"rootId":"2jfrx3ic7mh0jrd","id":"2jfrx3ic7mh0jrd"},"id":"zfsdwot5l4sngff","operationId":"1w5w0g50bjakgvl","previousOperationId":"hqb1otvi864cut1"}
{"type":"log","timestamp":1645813927272,"level":"debug","message":"Page request finished: GET (stylesheet) 200 https://cdnjs.cloudflare.com/ajax/libs/metro/4.1.5/css/metro.min.css","meta":{"rootId":"2jfrx3ic7mh0jrd","id":"2jfrx3ic7mh0jrd"},"id":"ts4juksvfnp6ljc","operationId":"30sdbkp7p318ipm","previousOperationId":"hqb1otvi864cut1"}
{"type":"log","timestamp":1645813927310,"level":"debug","message":"Page request finished: GET (script) 200 https://cdnjs.cloudflare.com/ajax/libs/Chart.js/2.7.2/Chart.min.js","meta":{"rootId":"2jfrx3ic7mh0jrd","id":"2jfrx3ic7mh0jrd"},"id":"c67h79jm3yvu1zq","operationId":"d4hzcspg27usdy0","previousOperationId":"hqb1otvi864cut1"}
{"type":"log","timestamp":1645813927619,"level":"debug","message":"Page request finished: GET (image) 200 https://user-images.githubusercontent.com/81707462/141654892-327c44ef-7191-4d8a-b430-6216b25f9c03.png","meta":{"rootId":"2jfrx3ic7mh0jrd","id":"2jfrx3ic7mh0jrd"},"id":"gsbyyhrqctwvdwy","operationId":"9befnia02ra0dfj","previousOperationId":"hqb1otvi864cut1"}
{"type":"log","timestamp":1645813927621,"level":"debug","message":"Running chrome with params {\"printBackground\":true,\"displayHeaderFooter\":true,\"timeout\":60000,\"margin\":{}}","meta":{"rootId":"2jfrx3ic7mh0jrd","id":"2jfrx3ic7mh0jrd"},"id":"n0qf2t4w5k22deo","operationId":"g6vadbzmmvsfp5y","previousOperationId":"hqb1otvi864cut1"}
{"type":"operationEnd","operationId":"hqb1otvi864cut1","timestamp":1645813927809,"id":"0pvv2tdw94hh9kv","previousEventId":"z52vj0t45s9u48w","previousOperationId":"hqb1otvi864cut1"}
{"type":"log","timestamp":1645813927809,"level":"debug","message":"Skipping storing report.","meta":{"rootId":"2jfrx3ic7mh0jrd","id":"2jfrx3ic7mh0jrd"},"id":"la0102wgnmp1nz6","operationId":"sraa8boicnj2svz","previousOperationId":"hqb1otvi864cut1"}
{"type":"log","timestamp":1645813927809,"level":"info","message":"Rendering request 4 finished in 720 ms","meta":{"rootId":"2jfrx3ic7mh0jrd","id":"2jfrx3ic7mh0jrd"},"id":"bq7que3h5ppqihp","operationId":"ziv28er342z1opk","previousOperationId":"hqb1otvi864cut1"}
{"type":"operationEnd","subtype":"render","operationId":"muo2ndwwssusli8","timestamp":1645813927810,"id":"d8qsup2o58hqfnf","previousEventId":"0pvv2tdw94hh9kv","previousOperationId":"hqb1otvi864cut1"}
