{"type":"operationStart","subtype":"render","name":"ReportImage.pdf","previousOperationId":null,"profileId":"EzzeRU73DKTWsdoi","timestamp":1645559260765,"id":"7jg1c9vv33yn5l7","operationId":"od40pns3b1i27e4"}
{"type":"log","timestamp":1645559260767,"level":"info","message":"Starting rendering request 1 (user: null)","meta":{"rootId":"c4z2veebvqjkh92","id":"c4z2veebvqjkh92"},"id":"fucjy8rl3pkvxal","operationId":"wi3vl2e06rudebl","previousOperationId":"od40pns3b1i27e4"}
{"type":"log","timestamp":1645559260769,"level":"info","message":"Rendering template { name: ReportImage.pdf, recipe: chrome-pdf, engine: handlebars, preview: false }","meta":{"rootId":"c4z2veebvqjkh92","id":"c4z2veebvqjkh92"},"id":"unroj6tm5j4du1l","operationId":"hivdhz37y3z4i6h","previousOperationId":"od40pns3b1i27e4"}
{"type":"log","timestamp":1645559260771,"level":"debug","message":"Data item not defined for this template.","meta":{"rootId":"c4z2veebvqjkh92","id":"c4z2veebvqjkh92"},"id":"go3aw0c0f6k4l1c","operationId":"vcdypgla0iqji27","previousOperationId":"od40pns3b1i27e4"}
{"type":"log","timestamp":1645559260777,"level":"debug","message":"Executing script image-script (beforeRender)","meta":{"rootId":"c4z2veebvqjkh92","id":"c4z2veebvqjkh92"},"id":"aahs3nbjr297e5v","operationId":"ptcziy1sax1hkpz","previousOperationId":"od40pns3b1i27e4"}
{"type":"operationStart","subtype":"scriptsBeforeRender","name":"scripts beforeRender","timestamp":1645559261977,"id":"r08fow8de9p5tei","previousEventId":"7jg1c9vv33yn5l7","operationId":"otc3junzinhwhli","previousOperationId":"od40pns3b1i27e4"}
{"type":"operationStart","subtype":"script","name":"scripts image-script","previousOperationId":"otc3junzinhwhli","timestamp":1645559261977,"id":"7dvq2gkpy660h5v","previousEventId":"r08fow8de9p5tei","operationId":"rx4wsq8c8hexlua"}
{"type":"operationEnd","operationId":"rx4wsq8c8hexlua","timestamp":1645559262078,"id":"vky1r6ptjpziwmc","previousEventId":"7jg1c9vv33yn5l7","previousOperationId":"od40pns3b1i27e4"}
{"type":"operationEnd","operationId":"otc3junzinhwhli","timestamp":1645559262078,"id":"o18h9jpjpub9ims","previousEventId":"vky1r6ptjpziwmc","previousOperationId":"od40pns3b1i27e4"}
{"type":"log","timestamp":1645559262078,"level":"debug","message":"Base url not specified, skipping its injection.","meta":{"rootId":"c4z2veebvqjkh92","id":"c4z2veebvqjkh92"},"id":"s8htt6hcirjcsuq","operationId":"ldcds4esbe8z4hc","previousOperationId":"otc3junzinhwhli"}
{"type":"operationStart","subtype":"engine","name":"handlebars","timestamp":1645559262079,"id":"5tdhaphpsogf4dk","previousEventId":"o18h9jpjpub9ims","operationId":"douiqgvqe4zk67y","previousOperationId":"otc3junzinhwhli"}
{"type":"log","timestamp":1645559262079,"level":"debug","message":"Rendering engine handlebars","meta":{"rootId":"c4z2veebvqjkh92","id":"c4z2veebvqjkh92"},"id":"7672wai5htj22zf","operationId":"s1sm8nffxpas3to","previousOperationId":"douiqgvqe4zk67y"}
{"type":"operationEnd","operationId":"douiqgvqe4zk67y","timestamp":1645559262518,"id":"90oduqn0o5v3kyt","previousEventId":"5tdhaphpsogf4dk","previousOperationId":"douiqgvqe4zk67y"}
{"type":"operationStart","subtype":"recipe","name":"chrome-pdf","timestamp":1645559262519,"id":"sjml7ffn1lijtj2","previousEventId":"90oduqn0o5v3kyt","operationId":"fyjcefukqmj93o4","previousOperationId":"douiqgvqe4zk67y"}
{"type":"log","timestamp":1645559262519,"level":"debug","message":"Executing recipe chrome-pdf","meta":{"rootId":"c4z2veebvqjkh92","id":"c4z2veebvqjkh92"},"id":"ocnk3v019f2xpgo","operationId":"nqjx2bcwl3ccxs3","previousOperationId":"fyjcefukqmj93o4"}
{"type":"log","timestamp":1645559266406,"level":"debug","message":"Converting with chrome HeadlessChrome/98.0.4758.0 using chrome-pool strategy","meta":{"rootId":"c4z2veebvqjkh92","id":"c4z2veebvqjkh92"},"id":"e5oa04w91e8c7z9","operationId":"endcqp6bfd65srp","previousOperationId":"fyjcefukqmj93o4"}
{"type":"log","timestamp":1645559267397,"level":"debug","message":"Page request: GET (document) file:///C:/Users/ALUMNA~4/AppData/Local/Temp/jsreport/autocleanup/18de6b75-a543-488e-9d9c-e1b2aef68225-chrome-pdf.html","meta":{"rootId":"c4z2veebvqjkh92","id":"c4z2veebvqjkh92"},"id":"foyrdh5qc52xkhk","operationId":"jrwh8lu9hgbdfja","previousOperationId":"fyjcefukqmj93o4"}
{"type":"log","timestamp":1645559267422,"level":"debug","message":"Page request finished: GET (document) file:///C:/Users/ALUMNA~4/AppData/Local/Temp/jsreport/autocleanup/18de6b75-a543-488e-9d9c-e1b2aef68225-chrome-pdf.html","meta":{"rootId":"c4z2veebvqjkh92","id":"c4z2veebvqjkh92"},"id":"hl4kbdo4kgqg9j2","operationId":"4g8aalykx8upp36","previousOperationId":"fyjcefukqmj93o4"}
{"type":"log","timestamp":1645559267424,"level":"debug","message":"Page request: GET (stylesheet) https://cdnjs.cloudflare.com/ajax/libs/metro/4.1.5/css/metro.min.css","meta":{"rootId":"c4z2veebvqjkh92","id":"c4z2veebvqjkh92"},"id":"j8oeculz8lf0r1o","operationId":"1vi4d1auf99jk50","previousOperationId":"fyjcefukqmj93o4"}
{"type":"log","timestamp":1645559267424,"level":"debug","message":"Page request: GET (script) https://cdnjs.cloudflare.com/ajax/libs/Chart.js/2.7.2/Chart.min.js","meta":{"rootId":"c4z2veebvqjkh92","id":"c4z2veebvqjkh92"},"id":"i5tfswos0oetph1","operationId":"9pmi72ozhsnlosx","previousOperationId":"fyjcefukqmj93o4"}
{"type":"log","timestamp":1645559269958,"level":"debug","message":"Page request finished: GET (script) 200 https://cdnjs.cloudflare.com/ajax/libs/Chart.js/2.7.2/Chart.min.js","meta":{"rootId":"c4z2veebvqjkh92","id":"c4z2veebvqjkh92"},"id":"lxa1upvlan6sx19","operationId":"ocs51ucv4l0x1vd","previousOperationId":"fyjcefukqmj93o4"}
{"type":"log","timestamp":1645559269958,"level":"debug","message":"Page request: GET (image) https://user-images.githubusercontent.com/81707462/141654892-327c44ef-7191-4d8a-b430-6216b25f9c03.png","meta":{"rootId":"c4z2veebvqjkh92","id":"c4z2veebvqjkh92"},"id":"3vmpr3feek5rc4l","operationId":"g5zxrlxa495o2hp","previousOperationId":"fyjcefukqmj93o4"}
{"type":"log","timestamp":1645559269985,"level":"debug","message":"Page request finished: GET (stylesheet) 200 https://cdnjs.cloudflare.com/ajax/libs/metro/4.1.5/css/metro.min.css","meta":{"rootId":"c4z2veebvqjkh92","id":"c4z2veebvqjkh92"},"id":"lku88admgq5mazk","operationId":"nmxtkwwgnug5jml","previousOperationId":"fyjcefukqmj93o4"}
{"type":"log","timestamp":1645559270321,"level":"debug","message":"Page request finished: GET (image) 200 https://user-images.githubusercontent.com/81707462/141654892-327c44ef-7191-4d8a-b430-6216b25f9c03.png","meta":{"rootId":"c4z2veebvqjkh92","id":"c4z2veebvqjkh92"},"id":"q1veuoko9c4z3qi","operationId":"nwbzwgt1i09ysth","previousOperationId":"fyjcefukqmj93o4"}
{"type":"log","timestamp":1645559270324,"level":"debug","message":"Running chrome with params {\"printBackground\":true,\"displayHeaderFooter\":true,\"timeout\":60000,\"margin\":{}}","meta":{"rootId":"c4z2veebvqjkh92","id":"c4z2veebvqjkh92"},"id":"lbild199h4q2zdo","operationId":"qiyl7dkjcn1pl4f","previousOperationId":"fyjcefukqmj93o4"}
{"type":"operationEnd","operationId":"fyjcefukqmj93o4","timestamp":1645559270785,"id":"zn3izdvmvkf9uzu","previousEventId":"sjml7ffn1lijtj2","previousOperationId":"fyjcefukqmj93o4"}
{"type":"log","timestamp":1645559270786,"level":"debug","message":"Skipping storing report.","meta":{"rootId":"c4z2veebvqjkh92","id":"c4z2veebvqjkh92"},"id":"9vxrkhe521gavvd","operationId":"sdhblr3dqii5otg","previousOperationId":"fyjcefukqmj93o4"}
{"type":"log","timestamp":1645559270787,"level":"info","message":"Rendering request 1 finished in 10020 ms","meta":{"rootId":"c4z2veebvqjkh92","id":"c4z2veebvqjkh92"},"id":"4rj9ufjdzykuubb","operationId":"4ma6bczfvjbc3vb","previousOperationId":"fyjcefukqmj93o4"}
{"type":"operationEnd","subtype":"render","operationId":"od40pns3b1i27e4","timestamp":1645559270787,"id":"44k8ypn4csdgidm","previousEventId":"zn3izdvmvkf9uzu","previousOperationId":"fyjcefukqmj93o4"}
