{"type":"operationStart","subtype":"render","name":"ReportImage.pdf","previousOperationId":null,"profileId":"6oWmehGw25I6DasB","timestamp":1645643001371,"id":"ypqdsoqhrxn71ht","operationId":"jtwn4yttjiyyt9h"}
{"type":"log","timestamp":1645643001373,"level":"info","message":"Starting rendering request 1 (user: null)","meta":{"rootId":"elbok2ig7498q9c","id":"elbok2ig7498q9c"},"id":"u0vj46s4ha5bfmy","operationId":"xese44pmq3x3f98","previousOperationId":"jtwn4yttjiyyt9h"}
{"type":"log","timestamp":1645643001376,"level":"info","message":"Rendering template { name: ReportImage.pdf, recipe: chrome-pdf, engine: handlebars, preview: false }","meta":{"rootId":"elbok2ig7498q9c","id":"elbok2ig7498q9c"},"id":"fxcwg6awra7kg7g","operationId":"t0eekjhb993gy52","previousOperationId":"jtwn4yttjiyyt9h"}
{"type":"log","timestamp":1645643001378,"level":"debug","message":"Data item not defined for this template.","meta":{"rootId":"elbok2ig7498q9c","id":"elbok2ig7498q9c"},"id":"7zby5byiq7yl902","operationId":"pstf9kb5ne6wba7","previousOperationId":"jtwn4yttjiyyt9h"}
{"type":"log","timestamp":1645643001382,"level":"debug","message":"Executing script image-script (beforeRender)","meta":{"rootId":"elbok2ig7498q9c","id":"elbok2ig7498q9c"},"id":"px4l0egss4893g8","operationId":"5tdu06cejseisbh","previousOperationId":"jtwn4yttjiyyt9h"}
{"type":"operationStart","subtype":"scriptsBeforeRender","name":"scripts beforeRender","timestamp":1645643002189,"id":"gwud7ytjh0ics60","previousEventId":"ypqdsoqhrxn71ht","operationId":"b6ipay3hknun6n4","previousOperationId":"jtwn4yttjiyyt9h"}
{"type":"operationStart","subtype":"script","name":"scripts image-script","previousOperationId":"b6ipay3hknun6n4","timestamp":1645643002189,"id":"obfk3bjimbvmrdk","previousEventId":"gwud7ytjh0ics60","operationId":"60lg2ovwc9cfmbq"}
{"type":"operationEnd","operationId":"60lg2ovwc9cfmbq","timestamp":1645643002261,"id":"6cbgq45m5qrhhgy","previousEventId":"ypqdsoqhrxn71ht","previousOperationId":"jtwn4yttjiyyt9h"}
{"type":"operationEnd","operationId":"b6ipay3hknun6n4","timestamp":1645643002261,"id":"5bmennhw65kvpeg","previousEventId":"6cbgq45m5qrhhgy","previousOperationId":"jtwn4yttjiyyt9h"}
{"type":"log","timestamp":1645643002262,"level":"debug","message":"Base url not specified, skipping its injection.","meta":{"rootId":"elbok2ig7498q9c","id":"elbok2ig7498q9c"},"id":"fipxs01nb233cxn","operationId":"alg1lp522gambq3","previousOperationId":"b6ipay3hknun6n4"}
{"type":"operationStart","subtype":"engine","name":"handlebars","timestamp":1645643002263,"id":"9s15cv7qzpdg6ac","previousEventId":"5bmennhw65kvpeg","operationId":"uh79yen7vsl9sxb","previousOperationId":"b6ipay3hknun6n4"}
{"type":"log","timestamp":1645643002263,"level":"debug","message":"Rendering engine handlebars","meta":{"rootId":"elbok2ig7498q9c","id":"elbok2ig7498q9c"},"id":"kycfmcwkop27ntw","operationId":"0fab9to9ggo5kis","previousOperationId":"uh79yen7vsl9sxb"}
{"type":"operationEnd","operationId":"uh79yen7vsl9sxb","timestamp":1645643002612,"id":"wr0d11ava55lka0","previousEventId":"9s15cv7qzpdg6ac","previousOperationId":"uh79yen7vsl9sxb"}
{"type":"operationStart","subtype":"recipe","name":"chrome-pdf","timestamp":1645643002613,"id":"w2x7zsz3j7zlpor","previousEventId":"wr0d11ava55lka0","operationId":"fyoe3s0qra6mpr7","previousOperationId":"uh79yen7vsl9sxb"}
{"type":"log","timestamp":1645643002613,"level":"debug","message":"Executing recipe chrome-pdf","meta":{"rootId":"elbok2ig7498q9c","id":"elbok2ig7498q9c"},"id":"mndr2f8lx41e0te","operationId":"17fxv6z4po7t75u","previousOperationId":"fyoe3s0qra6mpr7"}
{"type":"log","timestamp":1645643005410,"level":"debug","message":"Converting with chrome HeadlessChrome/98.0.4758.0 using chrome-pool strategy","meta":{"rootId":"elbok2ig7498q9c","id":"elbok2ig7498q9c"},"id":"aj7iqugs49fq30f","operationId":"ystspe5an0p08eq","previousOperationId":"fyoe3s0qra6mpr7"}
{"type":"log","timestamp":1645643006923,"level":"debug","message":"Page request: GET (document) file:///C:/Users/ALUMNA~4/AppData/Local/Temp/jsreport/autocleanup/1b77bd37-06ae-45c1-8b80-5dff76f220d4-chrome-pdf.html","meta":{"rootId":"elbok2ig7498q9c","id":"elbok2ig7498q9c"},"id":"mo1n4zi9ubla8gc","operationId":"n791pmrlkcnt9mb","previousOperationId":"fyoe3s0qra6mpr7"}
{"type":"log","timestamp":1645643006992,"level":"debug","message":"Page request finished: GET (document) file:///C:/Users/ALUMNA~4/AppData/Local/Temp/jsreport/autocleanup/1b77bd37-06ae-45c1-8b80-5dff76f220d4-chrome-pdf.html","meta":{"rootId":"elbok2ig7498q9c","id":"elbok2ig7498q9c"},"id":"m087tnzllaif6d3","operationId":"0ctt0fxsq3xkb3g","previousOperationId":"fyoe3s0qra6mpr7"}
{"type":"log","timestamp":1645643007006,"level":"debug","message":"Page request: GET (stylesheet) https://cdnjs.cloudflare.com/ajax/libs/metro/4.1.5/css/metro.min.css","meta":{"rootId":"elbok2ig7498q9c","id":"elbok2ig7498q9c"},"id":"1hum3k8rae2kuqt","operationId":"3uuz7phshvzny7x","previousOperationId":"fyoe3s0qra6mpr7"}
{"type":"log","timestamp":1645643007006,"level":"debug","message":"Page request: GET (script) https://cdnjs.cloudflare.com/ajax/libs/Chart.js/2.7.2/Chart.min.js","meta":{"rootId":"elbok2ig7498q9c","id":"elbok2ig7498q9c"},"id":"xk9n4k2t7v8op0j","operationId":"p2077snitvlg372","previousOperationId":"fyoe3s0qra6mpr7"}
{"type":"log","timestamp":1645643009628,"level":"debug","message":"Page request: GET (image) https://user-images.githubusercontent.com/81707462/141654892-327c44ef-7191-4d8a-b430-6216b25f9c03.png","meta":{"rootId":"elbok2ig7498q9c","id":"elbok2ig7498q9c"},"id":"76dz610151esv28","operationId":"846upsi4cxzwhvl","previousOperationId":"fyoe3s0qra6mpr7"}
{"type":"log","timestamp":1645643009657,"level":"debug","message":"Page request finished: GET (stylesheet) 200 https://cdnjs.cloudflare.com/ajax/libs/metro/4.1.5/css/metro.min.css","meta":{"rootId":"elbok2ig7498q9c","id":"elbok2ig7498q9c"},"id":"9z3egjve75zhyn3","operationId":"u9x7i9w6re7u9sb","previousOperationId":"fyoe3s0qra6mpr7"}
{"type":"log","timestamp":1645643009657,"level":"debug","message":"Page request finished: GET (script) 200 https://cdnjs.cloudflare.com/ajax/libs/Chart.js/2.7.2/Chart.min.js","meta":{"rootId":"elbok2ig7498q9c","id":"elbok2ig7498q9c"},"id":"15406dxajda5otk","operationId":"faaqq5lgsgpns27","previousOperationId":"fyoe3s0qra6mpr7"}
{"type":"log","timestamp":1645643009975,"level":"debug","message":"Page request finished: GET (image) 200 https://user-images.githubusercontent.com/81707462/141654892-327c44ef-7191-4d8a-b430-6216b25f9c03.png","meta":{"rootId":"elbok2ig7498q9c","id":"elbok2ig7498q9c"},"id":"5e9vj3x66qeoi2z","operationId":"rrj1bfq5s6smmug","previousOperationId":"fyoe3s0qra6mpr7"}
{"type":"log","timestamp":1645643009978,"level":"debug","message":"Running chrome with params {\"printBackground\":true,\"displayHeaderFooter\":true,\"timeout\":60000,\"margin\":{}}","meta":{"rootId":"elbok2ig7498q9c","id":"elbok2ig7498q9c"},"id":"4ju251vbwipbeox","operationId":"j5d3vgovztnrh6j","previousOperationId":"fyoe3s0qra6mpr7"}
{"type":"operationEnd","operationId":"fyoe3s0qra6mpr7","timestamp":1645643010505,"id":"144i9yabo8jj5c1","previousEventId":"w2x7zsz3j7zlpor","previousOperationId":"fyoe3s0qra6mpr7"}
{"type":"log","timestamp":1645643010506,"level":"debug","message":"Skipping storing report.","meta":{"rootId":"elbok2ig7498q9c","id":"elbok2ig7498q9c"},"id":"hckd6jt9d0ubo30","operationId":"8be2vhyjzsbpxc8","previousOperationId":"fyoe3s0qra6mpr7"}
{"type":"log","timestamp":1645643010506,"level":"info","message":"Rendering request 1 finished in 9133 ms","meta":{"rootId":"elbok2ig7498q9c","id":"elbok2ig7498q9c"},"id":"seeifbe185yn2wf","operationId":"xmssoekgp3nmmp3","previousOperationId":"fyoe3s0qra6mpr7"}
{"type":"operationEnd","subtype":"render","operationId":"jtwn4yttjiyyt9h","timestamp":1645643010507,"id":"samntva8y0gee9v","previousEventId":"144i9yabo8jj5c1","previousOperationId":"fyoe3s0qra6mpr7"}
