{"type":"operationStart","subtype":"render","name":"ReportImage.pdf","previousOperationId":null,"profileId":"GPuXYeIUHEx6qQdD","timestamp":1645806529918,"id":"q3ke0s0ovm0cbcr","operationId":"zlo04h4df4nl4yr"}
{"type":"log","timestamp":1645806529919,"level":"info","message":"Starting rendering request 1 (user: null)","meta":{"rootId":"g4xjb9q1uabmb20","id":"g4xjb9q1uabmb20"},"id":"y2p3hrfecp7n294","operationId":"7gsu8hio5dr368i","previousOperationId":"zlo04h4df4nl4yr"}
{"type":"log","timestamp":1645806529921,"level":"info","message":"Rendering template { name: ReportImage.pdf, recipe: chrome-pdf, engine: handlebars, preview: false }","meta":{"rootId":"g4xjb9q1uabmb20","id":"g4xjb9q1uabmb20"},"id":"jcxmjtr8zy71x8l","operationId":"u24juzcn3ygl90p","previousOperationId":"zlo04h4df4nl4yr"}
{"type":"log","timestamp":1645806529924,"level":"debug","message":"Data item not defined for this template.","meta":{"rootId":"g4xjb9q1uabmb20","id":"g4xjb9q1uabmb20"},"id":"i8h0g6sooaa7fh3","operationId":"yjahx05oa9t1mjt","previousOperationId":"zlo04h4df4nl4yr"}
{"type":"log","timestamp":1645806529927,"level":"debug","message":"Executing script image-script (beforeRender)","meta":{"rootId":"g4xjb9q1uabmb20","id":"g4xjb9q1uabmb20"},"id":"h5pv8cl9d2dcqkd","operationId":"rrbyouq45g0cc0a","previousOperationId":"zlo04h4df4nl4yr"}
{"type":"operationStart","subtype":"scriptsBeforeRender","name":"scripts beforeRender","timestamp":1645806530314,"id":"y387xnfpedru3e4","previousEventId":"q3ke0s0ovm0cbcr","operationId":"v8giny2yxyxfdxj","previousOperationId":"zlo04h4df4nl4yr"}
{"type":"operationStart","subtype":"script","name":"scripts image-script","previousOperationId":"v8giny2yxyxfdxj","timestamp":1645806530314,"id":"hnsftygpqetqvxb","previousEventId":"y387xnfpedru3e4","operationId":"7fpyaqe3tj09rhj"}
{"type":"operationEnd","operationId":"7fpyaqe3tj09rhj","timestamp":1645806530338,"id":"q95o62pjhmr5ayt","previousEventId":"q3ke0s0ovm0cbcr","previousOperationId":"zlo04h4df4nl4yr"}
{"type":"operationEnd","operationId":"v8giny2yxyxfdxj","timestamp":1645806530338,"id":"85q6y4ue9pe3k5l","previousEventId":"q95o62pjhmr5ayt","previousOperationId":"zlo04h4df4nl4yr"}
{"type":"log","timestamp":1645806530338,"level":"debug","message":"Base url not specified, skipping its injection.","meta":{"rootId":"g4xjb9q1uabmb20","id":"g4xjb9q1uabmb20"},"id":"ptko9ge82849uq6","operationId":"yy8724stqtlfbmg","previousOperationId":"v8giny2yxyxfdxj"}
{"type":"operationStart","subtype":"engine","name":"handlebars","timestamp":1645806530339,"id":"6lbjggpl1i4g0w1","previousEventId":"85q6y4ue9pe3k5l","operationId":"3ywqewisytigr0s","previousOperationId":"v8giny2yxyxfdxj"}
{"type":"log","timestamp":1645806530339,"level":"debug","message":"Rendering engine handlebars","meta":{"rootId":"g4xjb9q1uabmb20","id":"g4xjb9q1uabmb20"},"id":"xskq9zzp086sz3z","operationId":"pz6anykow5ccsgb","previousOperationId":"3ywqewisytigr0s"}
{"type":"operationEnd","operationId":"3ywqewisytigr0s","timestamp":1645806530579,"id":"l523fy0yrimrax6","previousEventId":"6lbjggpl1i4g0w1","previousOperationId":"3ywqewisytigr0s"}
{"type":"operationStart","subtype":"recipe","name":"chrome-pdf","timestamp":1645806530580,"id":"yl3k4hqfdv0t86d","previousEventId":"l523fy0yrimrax6","operationId":"8ey3btilvzkbdi5","previousOperationId":"3ywqewisytigr0s"}
{"type":"log","timestamp":1645806530580,"level":"debug","message":"Executing recipe chrome-pdf","meta":{"rootId":"g4xjb9q1uabmb20","id":"g4xjb9q1uabmb20"},"id":"6awoh4yroyvr4mi","operationId":"wgx878t0hyguait","previousOperationId":"8ey3btilvzkbdi5"}
{"type":"log","timestamp":1645806531341,"level":"debug","message":"Converting with chrome HeadlessChrome/98.0.4758.0 using chrome-pool strategy","meta":{"rootId":"g4xjb9q1uabmb20","id":"g4xjb9q1uabmb20"},"id":"kx5w7b5eqfw5fl8","operationId":"op8lov2wh7cvnzx","previousOperationId":"8ey3btilvzkbdi5"}
{"type":"log","timestamp":1645806531480,"level":"debug","message":"Page request: GET (document) file:///C:/Users/ALUMNA~4/AppData/Local/Temp/jsreport/autocleanup/6810be59-8bae-405d-965d-492a4d4de8f6-chrome-pdf.html","meta":{"rootId":"g4xjb9q1uabmb20","id":"g4xjb9q1uabmb20"},"id":"adn7ncf6ipqaozr","operationId":"1nxpuncw941sdjd","previousOperationId":"8ey3btilvzkbdi5"}
{"type":"log","timestamp":1645806531496,"level":"debug","message":"Page request finished: GET (document) file:///C:/Users/ALUMNA~4/AppData/Local/Temp/jsreport/autocleanup/6810be59-8bae-405d-965d-492a4d4de8f6-chrome-pdf.html","meta":{"rootId":"g4xjb9q1uabmb20","id":"g4xjb9q1uabmb20"},"id":"j07heyknfecnecf","operationId":"amjkzirnswc5mjt","previousOperationId":"8ey3btilvzkbdi5"}
{"type":"log","timestamp":1645806531498,"level":"debug","message":"Page request: GET (stylesheet) https://cdnjs.cloudflare.com/ajax/libs/metro/4.1.5/css/metro.min.css","meta":{"rootId":"g4xjb9q1uabmb20","id":"g4xjb9q1uabmb20"},"id":"sxqjv8uw2r5lql3","operationId":"l78utytzwvedn9h","previousOperationId":"8ey3btilvzkbdi5"}
{"type":"log","timestamp":1645806531499,"level":"debug","message":"Page request: GET (script) https://cdnjs.cloudflare.com/ajax/libs/Chart.js/2.7.2/Chart.min.js","meta":{"rootId":"g4xjb9q1uabmb20","id":"g4xjb9q1uabmb20"},"id":"bq5x9vs86qc7qdv","operationId":"pf1kz1r9p42t5my","previousOperationId":"8ey3btilvzkbdi5"}
{"type":"log","timestamp":1645806533999,"level":"debug","message":"Page request: GET (image) https://user-images.githubusercontent.com/81707462/141654892-327c44ef-7191-4d8a-b430-6216b25f9c03.png","meta":{"rootId":"g4xjb9q1uabmb20","id":"g4xjb9q1uabmb20"},"id":"8eaepcxf3iblzv7","operationId":"fxx2mw4kehs5cfl","previousOperationId":"8ey3btilvzkbdi5"}
{"type":"log","timestamp":1645806534015,"level":"debug","message":"Page request finished: GET (stylesheet) 200 https://cdnjs.cloudflare.com/ajax/libs/metro/4.1.5/css/metro.min.css","meta":{"rootId":"g4xjb9q1uabmb20","id":"g4xjb9q1uabmb20"},"id":"57i1seo180mn1ri","operationId":"os02luaam1ledom","previousOperationId":"8ey3btilvzkbdi5"}
{"type":"log","timestamp":1645806534015,"level":"debug","message":"Page request finished: GET (script) 200 https://cdnjs.cloudflare.com/ajax/libs/Chart.js/2.7.2/Chart.min.js","meta":{"rootId":"g4xjb9q1uabmb20","id":"g4xjb9q1uabmb20"},"id":"uh8dx8s7jb9f9tq","operationId":"xwxqknixfard2q7","previousOperationId":"8ey3btilvzkbdi5"}
{"type":"log","timestamp":1645806534351,"level":"debug","message":"Page request finished: GET (image) 200 https://user-images.githubusercontent.com/81707462/141654892-327c44ef-7191-4d8a-b430-6216b25f9c03.png","meta":{"rootId":"g4xjb9q1uabmb20","id":"g4xjb9q1uabmb20"},"id":"ejg0dlmi4zjzp41","operationId":"xxn1st4wnsyipzb","previousOperationId":"8ey3btilvzkbdi5"}
{"type":"log","timestamp":1645806534354,"level":"debug","message":"Running chrome with params {\"printBackground\":true,\"displayHeaderFooter\":true,\"timeout\":60000,\"margin\":{}}","meta":{"rootId":"g4xjb9q1uabmb20","id":"g4xjb9q1uabmb20"},"id":"u9pxdoyssvnj47t","operationId":"wrigwimeiwr42d3","previousOperationId":"8ey3btilvzkbdi5"}
{"type":"operationEnd","operationId":"8ey3btilvzkbdi5","timestamp":1645806534639,"id":"pn24vv5fbheau9j","previousEventId":"yl3k4hqfdv0t86d","previousOperationId":"8ey3btilvzkbdi5"}
{"type":"log","timestamp":1645806534640,"level":"debug","message":"Skipping storing report.","meta":{"rootId":"g4xjb9q1uabmb20","id":"g4xjb9q1uabmb20"},"id":"6rdmtaspaehjmw6","operationId":"lizs2gh5f54pajj","previousOperationId":"8ey3btilvzkbdi5"}
{"type":"log","timestamp":1645806534640,"level":"info","message":"Rendering request 1 finished in 4721 ms","meta":{"rootId":"g4xjb9q1uabmb20","id":"g4xjb9q1uabmb20"},"id":"b14tfe8nwp6ljzj","operationId":"vx00625s7r278f5","previousOperationId":"8ey3btilvzkbdi5"}
{"type":"operationEnd","subtype":"render","operationId":"zlo04h4df4nl4yr","timestamp":1645806534640,"id":"f1kbrqy82o7danm","previousEventId":"pn24vv5fbheau9j","previousOperationId":"8ey3btilvzkbdi5"}
