{"type":"operationStart","subtype":"render","name":"ReportImage.pdf","previousOperationId":null,"profileId":"spE5FSZ3GvyxwdxK","timestamp":1645814029911,"id":"w8odwfg35kh26de","operationId":"py0n0vjkj69tajl"}
{"type":"log","timestamp":1645814029911,"level":"info","message":"Starting rendering request 5 (user: null)","meta":{"rootId":"ha2w7xsdhi99ods","id":"ha2w7xsdhi99ods"},"id":"8d6svit7vbhrqa2","operationId":"y7q4v430h4a4stc","previousOperationId":"py0n0vjkj69tajl"}
{"type":"log","timestamp":1645814029911,"level":"info","message":"Rendering template { name: ReportImage.pdf, recipe: chrome-pdf, engine: handlebars, preview: false }","meta":{"rootId":"ha2w7xsdhi99ods","id":"ha2w7xsdhi99ods"},"id":"0wt2sgjfsvq6cv6","operationId":"y3u7sqdugi6ll27","previousOperationId":"py0n0vjkj69tajl"}
{"type":"log","timestamp":1645814029913,"level":"debug","message":"Data item not defined for this template.","meta":{"rootId":"ha2w7xsdhi99ods","id":"ha2w7xsdhi99ods"},"id":"7klchaac6dps3pe","operationId":"l45asa0j4u449uf","previousOperationId":"py0n0vjkj69tajl"}
{"type":"log","timestamp":1645814029915,"level":"debug","message":"Executing script image-script (beforeRender)","meta":{"rootId":"ha2w7xsdhi99ods","id":"ha2w7xsdhi99ods"},"id":"thugxdt40oczaf6","operationId":"ibz3ewc1ulk25d6","previousOperationId":"py0n0vjkj69tajl"}
{"type":"operationStart","subtype":"scriptsBeforeRender","name":"scripts beforeRender","timestamp":1645814029925,"id":"tvsjm1b7pt3xts3","previousEventId":"w8odwfg35kh26de","operationId":"9wul73uf9wow9d0","previousOperationId":"py0n0vjkj69tajl"}
{"type":"operationStart","subtype":"script","name":"scripts image-script","previousOperationId":"9wul73uf9wow9d0","timestamp":1645814029925,"id":"vv2d8v3do9drs2b","previousEventId":"tvsjm1b7pt3xts3","operationId":"9hk074dwidsa8j7"}
{"type":"operationEnd","operationId":"9hk074dwidsa8j7","timestamp":1645814029929,"id":"5ruoo4ghtwihoz5","previousEventId":"w8odwfg35kh26de","previousOperationId":"py0n0vjkj69tajl"}
{"type":"operationEnd","operationId":"9wul73uf9wow9d0","timestamp":1645814029929,"id":"60v1djpt08ata7q","previousEventId":"5ruoo4ghtwihoz5","previousOperationId":"py0n0vjkj69tajl"}
{"type":"log","timestamp":1645814029929,"level":"debug","message":"Base url not specified, skipping its injection.","meta":{"rootId":"ha2w7xsdhi99ods","id":"ha2w7xsdhi99ods"},"id":"ymjdp3bygpoxjz1","operationId":"a6ly17g5n8fy7dm","previousOperationId":"9wul73uf9wow9d0"}
{"type":"operationStart","subtype":"engine","name":"handlebars","timestamp":1645814029929,"id":"elqmf1au4eicbon","previousEventId":"60v1djpt08ata7q","operationId":"lpqdfqm58t3b8gr","previousOperationId":"9wul73uf9wow9d0"}
{"type":"log","timestamp":1645814029929,"level":"debug","message":"Rendering engine handlebars","meta":{"rootId":"ha2w7xsdhi99ods","id":"ha2w7xsdhi99ods"},"id":"0ay8wuvq8j7kfkj","operationId":"goxxgjfiw0u0klw","previousOperationId":"lpqdfqm58t3b8gr"}
{"type":"operationEnd","operationId":"lpqdfqm58t3b8gr","timestamp":1645814029940,"id":"rjchgpv48hi4i01","previousEventId":"elqmf1au4eicbon","previousOperationId":"lpqdfqm58t3b8gr"}
{"type":"operationStart","subtype":"recipe","name":"chrome-pdf","timestamp":1645814029941,"id":"3nnyqq2zf98kuyh","previousEventId":"rjchgpv48hi4i01","operationId":"6opdndhjteh2x1b","previousOperationId":"lpqdfqm58t3b8gr"}
{"type":"log","timestamp":1645814029941,"level":"debug","message":"Executing recipe chrome-pdf","meta":{"rootId":"ha2w7xsdhi99ods","id":"ha2w7xsdhi99ods"},"id":"4bifao7h73f6g2j","operationId":"7de0zdldj5tbmr1","previousOperationId":"6opdndhjteh2x1b"}
{"type":"log","timestamp":1645814029944,"level":"debug","message":"Converting with chrome HeadlessChrome/98.0.4758.0 using chrome-pool strategy","meta":{"rootId":"ha2w7xsdhi99ods","id":"ha2w7xsdhi99ods"},"id":"xsxe57s68uexac8","operationId":"ah2qu4k45vwuzjr","previousOperationId":"6opdndhjteh2x1b"}
{"type":"log","timestamp":1645814030035,"level":"debug","message":"Page request: GET (document) file:///C:/Users/ALUMNA~4/AppData/Local/Temp/jsreport/autocleanup/7a14180d-b6a5-4f18-8498-4d5a5dd8952c-chrome-pdf.html","meta":{"rootId":"ha2w7xsdhi99ods","id":"ha2w7xsdhi99ods"},"id":"enb3bpm1f75arep","operationId":"3u9re3np7wdvaly","previousOperationId":"6opdndhjteh2x1b"}
{"type":"log","timestamp":1645814030045,"level":"debug","message":"Page request finished: GET (document) file:///C:/Users/ALUMNA~4/AppData/Local/Temp/jsreport/autocleanup/7a14180d-b6a5-4f18-8498-4d5a5dd8952c-chrome-pdf.html","meta":{"rootId":"ha2w7xsdhi99ods","id":"ha2w7xsdhi99ods"},"id":"8j8fnu6tp05su9l","operationId":"wkiyk5v3xy1mnhr","previousOperationId":"6opdndhjteh2x1b"}
{"type":"log","timestamp":1645814030046,"level":"debug","message":"Page request: GET (stylesheet) https://cdnjs.cloudflare.com/ajax/libs/metro/4.1.5/css/metro.min.css","meta":{"rootId":"ha2w7xsdhi99ods","id":"ha2w7xsdhi99ods"},"id":"d8ah63ye4vx7q8l","operationId":"p7jlur3c77bckmc","previousOperationId":"6opdndhjteh2x1b"}
{"type":"log","timestamp":1645814030047,"level":"debug","message":"Page request: GET (script) https://cdnjs.cloudflare.com/ajax/libs/Chart.js/2.7.2/Chart.min.js","meta":{"rootId":"ha2w7xsdhi99ods","id":"ha2w7xsdhi99ods"},"id":"we6g59wppl375l2","operationId":"elwmqs4vbnonibb","previousOperationId":"6opdndhjteh2x1b"}
{"type":"log","timestamp":1645814030056,"level":"debug","message":"Page request: GET (image) https://user-images.githubusercontent.com/81707462/141654892-327c44ef-7191-4d8a-b430-6216b25f9c03.png","meta":{"rootId":"ha2w7xsdhi99ods","id":"ha2w7xsdhi99ods"},"id":"7lrrzq0n9zj6tez","operationId":"4awr9xcyec9q0t1","previousOperationId":"6opdndhjteh2x1b"}
{"type":"log","timestamp":1645814030074,"level":"debug","message":"Page request finished: GET (stylesheet) 200 https://cdnjs.cloudflare.com/ajax/libs/metro/4.1.5/css/metro.min.css","meta":{"rootId":"ha2w7xsdhi99ods","id":"ha2w7xsdhi99ods"},"id":"3noaaalvyg302fj","operationId":"aig8h9ycr3r4tgt","previousOperationId":"6opdndhjteh2x1b"}
{"type":"log","timestamp":1645814030075,"level":"debug","message":"Page request finished: GET (script) 200 https://cdnjs.cloudflare.com/ajax/libs/Chart.js/2.7.2/Chart.min.js","meta":{"rootId":"ha2w7xsdhi99ods","id":"ha2w7xsdhi99ods"},"id":"c0b295zzzj94zs9","operationId":"c23sff2gybltowk","previousOperationId":"6opdndhjteh2x1b"}
{"type":"log","timestamp":1645814030124,"level":"debug","message":"Page request finished: GET (image) 200 https://user-images.githubusercontent.com/81707462/141654892-327c44ef-7191-4d8a-b430-6216b25f9c03.png","meta":{"rootId":"ha2w7xsdhi99ods","id":"ha2w7xsdhi99ods"},"id":"jt7vrxgv7m3tzcp","operationId":"1dut09s920rgp36","previousOperationId":"6opdndhjteh2x1b"}
{"type":"log","timestamp":1645814030128,"level":"debug","message":"Running chrome with params {\"printBackground\":true,\"displayHeaderFooter\":true,\"timeout\":60000,\"margin\":{}}","meta":{"rootId":"ha2w7xsdhi99ods","id":"ha2w7xsdhi99ods"},"id":"3rqp49pzyo3rnyv","operationId":"gv61arubepq0akm","previousOperationId":"6opdndhjteh2x1b"}
{"type":"operationEnd","operationId":"6opdndhjteh2x1b","timestamp":1645814030322,"id":"si74s1mgdm5xiba","previousEventId":"3nnyqq2zf98kuyh","previousOperationId":"6opdndhjteh2x1b"}
{"type":"log","timestamp":1645814030322,"level":"debug","message":"Skipping storing report.","meta":{"rootId":"ha2w7xsdhi99ods","id":"ha2w7xsdhi99ods"},"id":"8s06bo3h1jyifwe","operationId":"7r7i1s4zkvgdkkv","previousOperationId":"6opdndhjteh2x1b"}
{"type":"log","timestamp":1645814030322,"level":"info","message":"Rendering request 5 finished in 411 ms","meta":{"rootId":"ha2w7xsdhi99ods","id":"ha2w7xsdhi99ods"},"id":"ctdk8nle6hrrjno","operationId":"4hlr3xi13laf62x","previousOperationId":"6opdndhjteh2x1b"}
{"type":"operationEnd","subtype":"render","operationId":"py0n0vjkj69tajl","timestamp":1645814030322,"id":"dvfe49hfcpbldzf","previousEventId":"si74s1mgdm5xiba","previousOperationId":"6opdndhjteh2x1b"}
