{"type":"operationStart","subtype":"render","name":"ReportImage.pdf","previousOperationId":null,"profileId":"I9A64ZE6FRpCmcEs","timestamp":1645806590530,"id":"yewvktf8kewavvi","operationId":"y57xvm849dpumry"}
{"type":"log","timestamp":1645806590532,"level":"info","message":"Starting rendering request 1 (user: null)","meta":{"rootId":"ku7nzdi0rennuef","id":"ku7nzdi0rennuef"},"id":"l5ak4x1jeae38oe","operationId":"hbqqmqdg9fak1bd","previousOperationId":"y57xvm849dpumry"}
{"type":"log","timestamp":1645806590533,"level":"info","message":"Rendering template { name: ReportImage.pdf, recipe: chrome-pdf, engine: handlebars, preview: false }","meta":{"rootId":"ku7nzdi0rennuef","id":"ku7nzdi0rennuef"},"id":"ita5lczsrbp3dqq","operationId":"584iipbxlhd1f3w","previousOperationId":"y57xvm849dpumry"}
{"type":"log","timestamp":1645806590535,"level":"debug","message":"Data item not defined for this template.","meta":{"rootId":"ku7nzdi0rennuef","id":"ku7nzdi0rennuef"},"id":"jgyckc91x7dukts","operationId":"w7k84m0cfhswsm9","previousOperationId":"y57xvm849dpumry"}
{"type":"log","timestamp":1645806590538,"level":"debug","message":"Executing script image-script (beforeRender)","meta":{"rootId":"ku7nzdi0rennuef","id":"ku7nzdi0rennuef"},"id":"cpm2he9s0f9or49","operationId":"kzrltcglb4o0rzd","previousOperationId":"y57xvm849dpumry"}
{"type":"operationStart","subtype":"scriptsBeforeRender","name":"scripts beforeRender","timestamp":1645806590837,"id":"sq3sqdzdbpcdcmk","previousEventId":"yewvktf8kewavvi","operationId":"mza08gppmr9fbpm","previousOperationId":"y57xvm849dpumry"}
{"type":"operationStart","subtype":"script","name":"scripts image-script","previousOperationId":"mza08gppmr9fbpm","timestamp":1645806590837,"id":"ov0jmu6fx8e7a4p","previousEventId":"sq3sqdzdbpcdcmk","operationId":"lvsy7cstog4xkwa"}
{"type":"operationEnd","operationId":"lvsy7cstog4xkwa","timestamp":1645806590855,"id":"cmejpor5e78o97m","previousEventId":"yewvktf8kewavvi","previousOperationId":"y57xvm849dpumry"}
{"type":"operationEnd","operationId":"mza08gppmr9fbpm","timestamp":1645806590855,"id":"xlouw5h07l3g8ja","previousEventId":"cmejpor5e78o97m","previousOperationId":"y57xvm849dpumry"}
{"type":"log","timestamp":1645806590855,"level":"debug","message":"Base url not specified, skipping its injection.","meta":{"rootId":"ku7nzdi0rennuef","id":"ku7nzdi0rennuef"},"id":"dun2h9bd9e7ph18","operationId":"dlt87axyyb7qu38","previousOperationId":"mza08gppmr9fbpm"}
{"type":"operationStart","subtype":"engine","name":"handlebars","timestamp":1645806590856,"id":"8g4kd25l2ngk2nf","previousEventId":"xlouw5h07l3g8ja","operationId":"osjg23syha4ez78","previousOperationId":"mza08gppmr9fbpm"}
{"type":"log","timestamp":1645806590856,"level":"debug","message":"Rendering engine handlebars","meta":{"rootId":"ku7nzdi0rennuef","id":"ku7nzdi0rennuef"},"id":"93mzkboij3y5777","operationId":"5mg9t87xrfd2gtz","previousOperationId":"osjg23syha4ez78"}
{"type":"operationEnd","operationId":"osjg23syha4ez78","timestamp":1645806591004,"id":"q2xng8aop9oqwbg","previousEventId":"8g4kd25l2ngk2nf","previousOperationId":"osjg23syha4ez78"}
{"type":"operationStart","subtype":"recipe","name":"chrome-pdf","timestamp":1645806591005,"id":"0nqnn7xf98yvcek","previousEventId":"q2xng8aop9oqwbg","operationId":"5jme4p3rlcocthm","previousOperationId":"osjg23syha4ez78"}
{"type":"log","timestamp":1645806591005,"level":"debug","message":"Executing recipe chrome-pdf","meta":{"rootId":"ku7nzdi0rennuef","id":"ku7nzdi0rennuef"},"id":"27zv5unmuj6pegu","operationId":"serwv183ya04bse","previousOperationId":"5jme4p3rlcocthm"}
{"type":"log","timestamp":1645806591286,"level":"debug","message":"Converting with chrome HeadlessChrome/98.0.4758.0 using chrome-pool strategy","meta":{"rootId":"ku7nzdi0rennuef","id":"ku7nzdi0rennuef"},"id":"ef457onwpn32kda","operationId":"91xo7tpkvqck9fj","previousOperationId":"5jme4p3rlcocthm"}
{"type":"log","timestamp":1645806591411,"level":"debug","message":"Page request: GET (document) file:///C:/Users/ALUMNA~4/AppData/Local/Temp/jsreport/autocleanup/1ba6abb3-f392-4477-80d0-44147c6e00e5-chrome-pdf.html","meta":{"rootId":"ku7nzdi0rennuef","id":"ku7nzdi0rennuef"},"id":"3ty1v5sdeo42uiz","operationId":"wu7k2mohhy9i337","previousOperationId":"5jme4p3rlcocthm"}
{"type":"log","timestamp":1645806591446,"level":"debug","message":"Page request finished: GET (document) file:///C:/Users/ALUMNA~4/AppData/Local/Temp/jsreport/autocleanup/1ba6abb3-f392-4477-80d0-44147c6e00e5-chrome-pdf.html","meta":{"rootId":"ku7nzdi0rennuef","id":"ku7nzdi0rennuef"},"id":"e7bza8kcqoh7vc4","operationId":"t6hic2qafmhpoae","previousOperationId":"5jme4p3rlcocthm"}
{"type":"log","timestamp":1645806591453,"level":"debug","message":"Page request: GET (stylesheet) https://cdnjs.cloudflare.com/ajax/libs/metro/4.1.5/css/metro.min.css","meta":{"rootId":"ku7nzdi0rennuef","id":"ku7nzdi0rennuef"},"id":"o27f1aunrz158ci","operationId":"k2xwgo033xppx5v","previousOperationId":"5jme4p3rlcocthm"}
{"type":"log","timestamp":1645806591454,"level":"debug","message":"Page request: GET (script) https://cdnjs.cloudflare.com/ajax/libs/Chart.js/2.7.2/Chart.min.js","meta":{"rootId":"ku7nzdi0rennuef","id":"ku7nzdi0rennuef"},"id":"r4je9lr3xvboroj","operationId":"jnkcfj6ehg2i7oe","previousOperationId":"5jme4p3rlcocthm"}
{"type":"log","timestamp":1645806591762,"level":"debug","message":"Page request: GET (image) https://user-images.githubusercontent.com/81707462/141654892-327c44ef-7191-4d8a-b430-6216b25f9c03.png","meta":{"rootId":"ku7nzdi0rennuef","id":"ku7nzdi0rennuef"},"id":"b7raps027v71kxk","operationId":"ss55ijpohxe11o5","previousOperationId":"5jme4p3rlcocthm"}
{"type":"log","timestamp":1645806591779,"level":"debug","message":"Page request finished: GET (stylesheet) 200 https://cdnjs.cloudflare.com/ajax/libs/metro/4.1.5/css/metro.min.css","meta":{"rootId":"ku7nzdi0rennuef","id":"ku7nzdi0rennuef"},"id":"rt7878h70r83ajv","operationId":"sxa4yzco3bcjx0o","previousOperationId":"5jme4p3rlcocthm"}
{"type":"log","timestamp":1645806591779,"level":"debug","message":"Page request finished: GET (script) 200 https://cdnjs.cloudflare.com/ajax/libs/Chart.js/2.7.2/Chart.min.js","meta":{"rootId":"ku7nzdi0rennuef","id":"ku7nzdi0rennuef"},"id":"lkzsuzixasfr27l","operationId":"xy2b8776mmw8glh","previousOperationId":"5jme4p3rlcocthm"}
{"type":"log","timestamp":1645806592091,"level":"debug","message":"Page request finished: GET (image) 200 https://user-images.githubusercontent.com/81707462/141654892-327c44ef-7191-4d8a-b430-6216b25f9c03.png","meta":{"rootId":"ku7nzdi0rennuef","id":"ku7nzdi0rennuef"},"id":"vmonwf6i11vyuve","operationId":"r18is62qp6ux9k8","previousOperationId":"5jme4p3rlcocthm"}
{"type":"log","timestamp":1645806592104,"level":"debug","message":"Running chrome with params {\"printBackground\":true,\"displayHeaderFooter\":true,\"timeout\":60000,\"margin\":{}}","meta":{"rootId":"ku7nzdi0rennuef","id":"ku7nzdi0rennuef"},"id":"wy9u8pccq8q28ja","operationId":"anjwo1adfxd5e1p","previousOperationId":"5jme4p3rlcocthm"}
{"type":"operationEnd","operationId":"5jme4p3rlcocthm","timestamp":1645806592323,"id":"oixz4srinj53qt6","previousEventId":"0nqnn7xf98yvcek","previousOperationId":"5jme4p3rlcocthm"}
{"type":"log","timestamp":1645806592324,"level":"debug","message":"Skipping storing report.","meta":{"rootId":"ku7nzdi0rennuef","id":"ku7nzdi0rennuef"},"id":"dcj97qccqo2j8wn","operationId":"w76b31d8lnf6av1","previousOperationId":"5jme4p3rlcocthm"}
{"type":"log","timestamp":1645806592325,"level":"info","message":"Rendering request 1 finished in 1794 ms","meta":{"rootId":"ku7nzdi0rennuef","id":"ku7nzdi0rennuef"},"id":"fzat1167uid0v02","operationId":"m5hjfmkbkp5lt3x","previousOperationId":"5jme4p3rlcocthm"}
{"type":"operationEnd","subtype":"render","operationId":"y57xvm849dpumry","timestamp":1645806592325,"id":"cpg1n4s6g2j115l","previousEventId":"oixz4srinj53qt6","previousOperationId":"5jme4p3rlcocthm"}
