{"type":"operationStart","subtype":"render","name":"ReportImage.pdf","previousOperationId":null,"profileId":"YU5nQcTF1H9VrLwP","timestamp":1645722929065,"id":"lcsbknl8bngg0jg","operationId":"4zhg32o1bhlgdl6"}
{"type":"log","timestamp":1645722929068,"level":"info","message":"Starting rendering request 1 (user: null)","meta":{"rootId":"x9n1y9mq14nelr0","id":"x9n1y9mq14nelr0"},"id":"d98iy40xety1l9q","operationId":"dmg8drx8fsxfmsc","previousOperationId":"4zhg32o1bhlgdl6"}
{"type":"log","timestamp":1645722929071,"level":"info","message":"Rendering template { name: ReportImage.pdf, recipe: chrome-pdf, engine: handlebars, preview: false }","meta":{"rootId":"x9n1y9mq14nelr0","id":"x9n1y9mq14nelr0"},"id":"i3417val764ailg","operationId":"vxv2kqj7frrr0ov","previousOperationId":"4zhg32o1bhlgdl6"}
{"type":"log","timestamp":1645722929076,"level":"debug","message":"Data item not defined for this template.","meta":{"rootId":"x9n1y9mq14nelr0","id":"x9n1y9mq14nelr0"},"id":"41iabhpjb6v3zb3","operationId":"0vi6vqkcpwsd9q8","previousOperationId":"4zhg32o1bhlgdl6"}
{"type":"log","timestamp":1645722929081,"level":"debug","message":"Executing script image-script (beforeRender)","meta":{"rootId":"x9n1y9mq14nelr0","id":"x9n1y9mq14nelr0"},"id":"vu1ulhkkwltmd2z","operationId":"lswbk0o4j103n1k","previousOperationId":"4zhg32o1bhlgdl6"}
{"type":"operationStart","subtype":"scriptsBeforeRender","name":"scripts beforeRender","timestamp":1645722930367,"id":"gcgo4ycrwsrdsy0","previousEventId":"lcsbknl8bngg0jg","operationId":"6fpfzty4s2cnutp","previousOperationId":"4zhg32o1bhlgdl6"}
{"type":"operationStart","subtype":"script","name":"scripts image-script","previousOperationId":"6fpfzty4s2cnutp","timestamp":1645722930367,"id":"vrsosfyoxw5bd4e","previousEventId":"gcgo4ycrwsrdsy0","operationId":"gu40glz7yl44pcy"}
{"type":"operationEnd","operationId":"gu40glz7yl44pcy","timestamp":1645722930427,"id":"0ylllm9jg0znv8v","previousEventId":"lcsbknl8bngg0jg","previousOperationId":"4zhg32o1bhlgdl6"}
{"type":"operationEnd","operationId":"6fpfzty4s2cnutp","timestamp":1645722930427,"id":"uphd5a8im66y1we","previousEventId":"0ylllm9jg0znv8v","previousOperationId":"4zhg32o1bhlgdl6"}
{"type":"log","timestamp":1645722930427,"level":"debug","message":"Base url not specified, skipping its injection.","meta":{"rootId":"x9n1y9mq14nelr0","id":"x9n1y9mq14nelr0"},"id":"9i9fdka98ytp40i","operationId":"imvobt5n76hcabv","previousOperationId":"6fpfzty4s2cnutp"}
{"type":"operationStart","subtype":"engine","name":"handlebars","timestamp":1645722930428,"id":"bkxwvmnokk2pkjv","previousEventId":"uphd5a8im66y1we","operationId":"uedki3vwre88q19","previousOperationId":"6fpfzty4s2cnutp"}
{"type":"log","timestamp":1645722930428,"level":"debug","message":"Rendering engine handlebars","meta":{"rootId":"x9n1y9mq14nelr0","id":"x9n1y9mq14nelr0"},"id":"hxi7w3c2wnpet9l","operationId":"hpevb5ll32jc62v","previousOperationId":"uedki3vwre88q19"}
{"type":"operationEnd","operationId":"uedki3vwre88q19","timestamp":1645722930949,"id":"40ymuxbvz643oj9","previousEventId":"bkxwvmnokk2pkjv","previousOperationId":"uedki3vwre88q19"}
{"type":"operationStart","subtype":"recipe","name":"chrome-pdf","timestamp":1645722930950,"id":"zx3fapypwdh9190","previousEventId":"40ymuxbvz643oj9","operationId":"nrvmaqaq4f1x7p9","previousOperationId":"uedki3vwre88q19"}
{"type":"log","timestamp":1645722930950,"level":"debug","message":"Executing recipe chrome-pdf","meta":{"rootId":"x9n1y9mq14nelr0","id":"x9n1y9mq14nelr0"},"id":"fzpw73269qrr8pc","operationId":"xgtpisv4jf3sfeb","previousOperationId":"nrvmaqaq4f1x7p9"}
{"type":"log","timestamp":1645722936013,"level":"debug","message":"Converting with chrome HeadlessChrome/98.0.4758.0 using chrome-pool strategy","meta":{"rootId":"x9n1y9mq14nelr0","id":"x9n1y9mq14nelr0"},"id":"1az7bp869fwmvc9","operationId":"gcndwj4u2lib5rm","previousOperationId":"nrvmaqaq4f1x7p9"}
{"type":"log","timestamp":1645722936627,"level":"debug","message":"Page request: GET (document) file:///C:/Users/ALUMNA~4/AppData/Local/Temp/jsreport/autocleanup/8bf20254-1cb8-4d0d-a094-64c45f95db39-chrome-pdf.html","meta":{"rootId":"x9n1y9mq14nelr0","id":"x9n1y9mq14nelr0"},"id":"15rtv29i4l2jfrr","operationId":"e7hrll5vdk18doi","previousOperationId":"nrvmaqaq4f1x7p9"}
{"type":"log","timestamp":1645722936650,"level":"debug","message":"Page request finished: GET (document) file:///C:/Users/ALUMNA~4/AppData/Local/Temp/jsreport/autocleanup/8bf20254-1cb8-4d0d-a094-64c45f95db39-chrome-pdf.html","meta":{"rootId":"x9n1y9mq14nelr0","id":"x9n1y9mq14nelr0"},"id":"2zzfzaffb8bbisv","operationId":"czvcd4tkdho7qgs","previousOperationId":"nrvmaqaq4f1x7p9"}
{"type":"log","timestamp":1645722936652,"level":"debug","message":"Page request: GET (stylesheet) https://cdnjs.cloudflare.com/ajax/libs/metro/4.1.5/css/metro.min.css","meta":{"rootId":"x9n1y9mq14nelr0","id":"x9n1y9mq14nelr0"},"id":"tbez5eqrsygyefj","operationId":"fph8kztucpwdn5v","previousOperationId":"nrvmaqaq4f1x7p9"}
{"type":"log","timestamp":1645722936652,"level":"debug","message":"Page request: GET (script) https://cdnjs.cloudflare.com/ajax/libs/Chart.js/2.7.2/Chart.min.js","meta":{"rootId":"x9n1y9mq14nelr0","id":"x9n1y9mq14nelr0"},"id":"ftbarjrsbkz7p1t","operationId":"osqd7t1ogyq331t","previousOperationId":"nrvmaqaq4f1x7p9"}
{"type":"log","timestamp":1645722939138,"level":"debug","message":"Page request: GET (image) https://user-images.githubusercontent.com/81707462/141654892-327c44ef-7191-4d8a-b430-6216b25f9c03.png","meta":{"rootId":"x9n1y9mq14nelr0","id":"x9n1y9mq14nelr0"},"id":"0dazs17ky1blc28","operationId":"rsv2w1nv2n2pmk6","previousOperationId":"nrvmaqaq4f1x7p9"}
{"type":"log","timestamp":1645722939157,"level":"debug","message":"Page request finished: GET (stylesheet) 200 https://cdnjs.cloudflare.com/ajax/libs/metro/4.1.5/css/metro.min.css","meta":{"rootId":"x9n1y9mq14nelr0","id":"x9n1y9mq14nelr0"},"id":"koj58n1tvrsr4dn","operationId":"p3fcbd9nzabj783","previousOperationId":"nrvmaqaq4f1x7p9"}
{"type":"log","timestamp":1645722939163,"level":"debug","message":"Page request finished: GET (script) 200 https://cdnjs.cloudflare.com/ajax/libs/Chart.js/2.7.2/Chart.min.js","meta":{"rootId":"x9n1y9mq14nelr0","id":"x9n1y9mq14nelr0"},"id":"xsoun368k2hru7k","operationId":"90i5w3txamerexi","previousOperationId":"nrvmaqaq4f1x7p9"}
{"type":"log","timestamp":1645722939536,"level":"debug","message":"Page request finished: GET (image) 200 https://user-images.githubusercontent.com/81707462/141654892-327c44ef-7191-4d8a-b430-6216b25f9c03.png","meta":{"rootId":"x9n1y9mq14nelr0","id":"x9n1y9mq14nelr0"},"id":"mqo7lckndexjy2m","operationId":"of1nwr6eq1us5ev","previousOperationId":"nrvmaqaq4f1x7p9"}
{"type":"log","timestamp":1645722939538,"level":"debug","message":"Running chrome with params {\"printBackground\":true,\"displayHeaderFooter\":true,\"timeout\":60000,\"margin\":{}}","meta":{"rootId":"x9n1y9mq14nelr0","id":"x9n1y9mq14nelr0"},"id":"pt4lvbhvj3tqhi2","operationId":"94valss6owdmh6g","previousOperationId":"nrvmaqaq4f1x7p9"}
{"type":"operationEnd","operationId":"nrvmaqaq4f1x7p9","timestamp":1645722939791,"id":"qdm1m70so5qhxvo","previousEventId":"zx3fapypwdh9190","previousOperationId":"nrvmaqaq4f1x7p9"}
{"type":"log","timestamp":1645722939792,"level":"debug","message":"Skipping storing report.","meta":{"rootId":"x9n1y9mq14nelr0","id":"x9n1y9mq14nelr0"},"id":"kk4zuns1p1g8whe","operationId":"q4ll2yz8zguw7hi","previousOperationId":"nrvmaqaq4f1x7p9"}
{"type":"log","timestamp":1645722939792,"level":"info","message":"Rendering request 1 finished in 10724 ms","meta":{"rootId":"x9n1y9mq14nelr0","id":"x9n1y9mq14nelr0"},"id":"cnydb7r6srb6uft","operationId":"jkk6qiyu17skapz","previousOperationId":"nrvmaqaq4f1x7p9"}
{"type":"operationEnd","subtype":"render","operationId":"4zhg32o1bhlgdl6","timestamp":1645722939792,"id":"yfxa4oejoly8pel","previousEventId":"qdm1m70so5qhxvo","previousOperationId":"nrvmaqaq4f1x7p9"}
