{"type":"operationStart","subtype":"render","name":"ReportImage.pdf","previousOperationId":null,"profileId":"ZSQGtvksBoC646az","timestamp":1645805551514,"id":"5yp4g2h3sa9g0pt","operationId":"scfx7h36tkhyiqo"}
{"type":"log","timestamp":1645805551515,"level":"info","message":"Starting rendering request 1 (user: null)","meta":{"rootId":"ynrldx8qcbbn3v5","id":"ynrldx8qcbbn3v5"},"id":"lqvwp7kklo9dju1","operationId":"624vovk7x94z94c","previousOperationId":"scfx7h36tkhyiqo"}
{"type":"log","timestamp":1645805551517,"level":"info","message":"Rendering template { name: ReportImage.pdf, recipe: chrome-pdf, engine: handlebars, preview: false }","meta":{"rootId":"ynrldx8qcbbn3v5","id":"ynrldx8qcbbn3v5"},"id":"18eoxm2nq23hkbh","operationId":"qj2wtksfoezd6h1","previousOperationId":"scfx7h36tkhyiqo"}
{"type":"log","timestamp":1645805551519,"level":"debug","message":"Data item not defined for this template.","meta":{"rootId":"ynrldx8qcbbn3v5","id":"ynrldx8qcbbn3v5"},"id":"99vkwi3zb89hj2c","operationId":"hzscutn4hf3pqup","previousOperationId":"scfx7h36tkhyiqo"}
{"type":"log","timestamp":1645805551523,"level":"debug","message":"Executing script image-script (beforeRender)","meta":{"rootId":"ynrldx8qcbbn3v5","id":"ynrldx8qcbbn3v5"},"id":"i0ik4y41nfl7iwf","operationId":"o6qy8amery6ewcm","previousOperationId":"scfx7h36tkhyiqo"}
{"type":"operationStart","subtype":"scriptsBeforeRender","name":"scripts beforeRender","timestamp":1645805552368,"id":"jhk7dxket6yl1x5","previousEventId":"5yp4g2h3sa9g0pt","operationId":"8bqgnkrsyz1vmz8","previousOperationId":"scfx7h36tkhyiqo"}
{"type":"operationStart","subtype":"script","name":"scripts image-script","previousOperationId":"8bqgnkrsyz1vmz8","timestamp":1645805552368,"id":"a9awwie5elx4zix","previousEventId":"jhk7dxket6yl1x5","operationId":"2mxcdpyx0rolrh1"}
{"type":"operationEnd","operationId":"2mxcdpyx0rolrh1","timestamp":1645805552452,"id":"chnctpspamwjewa","previousEventId":"5yp4g2h3sa9g0pt","previousOperationId":"scfx7h36tkhyiqo"}
{"type":"operationEnd","operationId":"8bqgnkrsyz1vmz8","timestamp":1645805552452,"id":"adwruk1jrmbb4bd","previousEventId":"chnctpspamwjewa","previousOperationId":"scfx7h36tkhyiqo"}
{"type":"log","timestamp":1645805552452,"level":"debug","message":"Base url not specified, skipping its injection.","meta":{"rootId":"ynrldx8qcbbn3v5","id":"ynrldx8qcbbn3v5"},"id":"911xnmgapap2438","operationId":"5n8ed6cx1d43fo4","previousOperationId":"8bqgnkrsyz1vmz8"}
{"type":"operationStart","subtype":"engine","name":"handlebars","timestamp":1645805552453,"id":"2ih40srxgsjkdtb","previousEventId":"adwruk1jrmbb4bd","operationId":"1ttyng3muwgdkf5","previousOperationId":"8bqgnkrsyz1vmz8"}
{"type":"log","timestamp":1645805552453,"level":"debug","message":"Rendering engine handlebars","meta":{"rootId":"ynrldx8qcbbn3v5","id":"ynrldx8qcbbn3v5"},"id":"xh9k1rb0cmyv8sa","operationId":"c2izp3f493qctt3","previousOperationId":"1ttyng3muwgdkf5"}
{"type":"operationEnd","operationId":"1ttyng3muwgdkf5","timestamp":1645805552849,"id":"yblhmmmy5n4l1i8","previousEventId":"2ih40srxgsjkdtb","previousOperationId":"1ttyng3muwgdkf5"}
{"type":"operationStart","subtype":"recipe","name":"chrome-pdf","timestamp":1645805552850,"id":"ye1voclcady2j2t","previousEventId":"yblhmmmy5n4l1i8","operationId":"e0faohe9d2v0kg9","previousOperationId":"1ttyng3muwgdkf5"}
{"type":"log","timestamp":1645805552850,"level":"debug","message":"Executing recipe chrome-pdf","meta":{"rootId":"ynrldx8qcbbn3v5","id":"ynrldx8qcbbn3v5"},"id":"8vb59x3y2idqu6p","operationId":"1r3d92hlzcn9ntg","previousOperationId":"e0faohe9d2v0kg9"}
{"type":"log","timestamp":1645805558153,"level":"debug","message":"Converting with chrome HeadlessChrome/98.0.4758.0 using chrome-pool strategy","meta":{"rootId":"ynrldx8qcbbn3v5","id":"ynrldx8qcbbn3v5"},"id":"q93uxjiz190jem5","operationId":"szesl380rwozfkk","previousOperationId":"e0faohe9d2v0kg9"}
{"type":"log","timestamp":1645805559250,"level":"debug","message":"Page request: GET (document) file:///C:/Users/ALUMNA~4/AppData/Local/Temp/jsreport/autocleanup/326bce4f-0075-480f-937b-1c2c71689c19-chrome-pdf.html","meta":{"rootId":"ynrldx8qcbbn3v5","id":"ynrldx8qcbbn3v5"},"id":"mm3u7zl4pdhzils","operationId":"0zduv3xuhtj6pg2","previousOperationId":"e0faohe9d2v0kg9"}
{"type":"log","timestamp":1645805559317,"level":"debug","message":"Page request finished: GET (document) file:///C:/Users/ALUMNA~4/AppData/Local/Temp/jsreport/autocleanup/326bce4f-0075-480f-937b-1c2c71689c19-chrome-pdf.html","meta":{"rootId":"ynrldx8qcbbn3v5","id":"ynrldx8qcbbn3v5"},"id":"sjtpkgiu47sfvi4","operationId":"5iue37jrjqzu6cy","previousOperationId":"e0faohe9d2v0kg9"}
{"type":"log","timestamp":1645805559359,"level":"debug","message":"Page request: GET (stylesheet) https://cdnjs.cloudflare.com/ajax/libs/metro/4.1.5/css/metro.min.css","meta":{"rootId":"ynrldx8qcbbn3v5","id":"ynrldx8qcbbn3v5"},"id":"je15m1zwnktzu4f","operationId":"zxfksazkkf9ua7l","previousOperationId":"e0faohe9d2v0kg9"}
{"type":"log","timestamp":1645805559359,"level":"debug","message":"Page request: GET (script) https://cdnjs.cloudflare.com/ajax/libs/Chart.js/2.7.2/Chart.min.js","meta":{"rootId":"ynrldx8qcbbn3v5","id":"ynrldx8qcbbn3v5"},"id":"vkapu4lln7auvza","operationId":"t3owxivk3lf6erv","previousOperationId":"e0faohe9d2v0kg9"}
{"type":"log","timestamp":1645805561975,"level":"debug","message":"Page request: GET (image) https://user-images.githubusercontent.com/81707462/141654892-327c44ef-7191-4d8a-b430-6216b25f9c03.png","meta":{"rootId":"ynrldx8qcbbn3v5","id":"ynrldx8qcbbn3v5"},"id":"eelh63x1m7krrpl","operationId":"22ztn102egnak1q","previousOperationId":"e0faohe9d2v0kg9"}
{"type":"log","timestamp":1645805562025,"level":"debug","message":"Page request finished: GET (stylesheet) 200 https://cdnjs.cloudflare.com/ajax/libs/metro/4.1.5/css/metro.min.css","meta":{"rootId":"ynrldx8qcbbn3v5","id":"ynrldx8qcbbn3v5"},"id":"cyp4nhqy1c96e0v","operationId":"anls9nzlfgazxlz","previousOperationId":"e0faohe9d2v0kg9"}
{"type":"log","timestamp":1645805562025,"level":"debug","message":"Page request finished: GET (script) 200 https://cdnjs.cloudflare.com/ajax/libs/Chart.js/2.7.2/Chart.min.js","meta":{"rootId":"ynrldx8qcbbn3v5","id":"ynrldx8qcbbn3v5"},"id":"raz4k9y8dv91a3c","operationId":"6w74yrvhipoqvqx","previousOperationId":"e0faohe9d2v0kg9"}
{"type":"log","timestamp":1645805562320,"level":"debug","message":"Page request finished: GET (image) 200 https://user-images.githubusercontent.com/81707462/141654892-327c44ef-7191-4d8a-b430-6216b25f9c03.png","meta":{"rootId":"ynrldx8qcbbn3v5","id":"ynrldx8qcbbn3v5"},"id":"lyxnfazgs6r4slp","operationId":"e0va85riq3az3m0","previousOperationId":"e0faohe9d2v0kg9"}
{"type":"log","timestamp":1645805562324,"level":"debug","message":"Running chrome with params {\"printBackground\":true,\"displayHeaderFooter\":true,\"timeout\":60000,\"margin\":{}}","meta":{"rootId":"ynrldx8qcbbn3v5","id":"ynrldx8qcbbn3v5"},"id":"m8qybsursox4y7a","operationId":"jzplrtc8mfqog2k","previousOperationId":"e0faohe9d2v0kg9"}
{"type":"operationEnd","operationId":"e0faohe9d2v0kg9","timestamp":1645805562755,"id":"ereeyclp0iwjbym","previousEventId":"ye1voclcady2j2t","previousOperationId":"e0faohe9d2v0kg9"}
{"type":"log","timestamp":1645805562756,"level":"debug","message":"Skipping storing report.","meta":{"rootId":"ynrldx8qcbbn3v5","id":"ynrldx8qcbbn3v5"},"id":"lzdkk4i8olhzr5o","operationId":"pgdyktzvr5f74hl","previousOperationId":"e0faohe9d2v0kg9"}
{"type":"log","timestamp":1645805562757,"level":"info","message":"Rendering request 1 finished in 11242 ms","meta":{"rootId":"ynrldx8qcbbn3v5","id":"ynrldx8qcbbn3v5"},"id":"tl75pcy8inl0wxr","operationId":"eqer8em3ath7h48","previousOperationId":"e0faohe9d2v0kg9"}
{"type":"operationEnd","subtype":"render","operationId":"scfx7h36tkhyiqo","timestamp":1645805562757,"id":"uftunvknlttav1p","previousEventId":"ereeyclp0iwjbym","previousOperationId":"e0faohe9d2v0kg9"}
