{"type":"operationStart","subtype":"render","name":"ReportReview.pdf","previousOperationId":null,"profileId":"aFP3KHDjqx3kdeCg","timestamp":1645814729686,"id":"ciamrw99uroc611","operationId":"6ib58zqtcrbiwtr"}
{"type":"log","timestamp":1645814729686,"level":"info","message":"Starting rendering request 2 (user: null)","meta":{"rootId":"6nk3idxcspjc6wb","id":"6nk3idxcspjc6wb"},"id":"lvagasvds8sum5d","operationId":"mzwuykpu105vcie","previousOperationId":"6ib58zqtcrbiwtr"}
{"type":"log","timestamp":1645814729687,"level":"info","message":"Rendering template { name: ReportReview.pdf, recipe: chrome-pdf, engine: handlebars, preview: true }","meta":{"rootId":"6nk3idxcspjc6wb","id":"6nk3idxcspjc6wb"},"id":"yoj8k8vozims0pq","operationId":"qq3htpgrcfz2fpa","previousOperationId":"6ib58zqtcrbiwtr"}
{"type":"log","timestamp":1645814729687,"level":"debug","message":"Data item not defined for this template.","meta":{"rootId":"6nk3idxcspjc6wb","id":"6nk3idxcspjc6wb"},"id":"8y0ho5p283ke8pd","operationId":"5h43e8nrf0rr6ro","previousOperationId":"6ib58zqtcrbiwtr"}
{"type":"log","timestamp":1645814729689,"level":"debug","message":"Executing script review-script (beforeRender)","meta":{"rootId":"6nk3idxcspjc6wb","id":"6nk3idxcspjc6wb"},"id":"0s6qx3520zcqhdy","operationId":"42wifvwyqp1u073","previousOperationId":"6ib58zqtcrbiwtr"}
{"type":"operationStart","subtype":"scriptsBeforeRender","name":"scripts beforeRender","timestamp":1645814729708,"id":"b20nbse3ndz3az4","previousEventId":"ciamrw99uroc611","operationId":"eao50c2m82mrj7z","previousOperationId":"6ib58zqtcrbiwtr"}
{"type":"operationStart","subtype":"script","name":"scripts review-script","previousOperationId":"eao50c2m82mrj7z","timestamp":1645814729708,"id":"rwzj9itym4me30j","previousEventId":"b20nbse3ndz3az4","operationId":"e3syzym0s78xyhx"}
{"type":"operationEnd","operationId":"e3syzym0s78xyhx","timestamp":1645814729714,"id":"nrkkbso7r57bdh2","previousEventId":"ciamrw99uroc611","previousOperationId":"6ib58zqtcrbiwtr"}
{"type":"operationEnd","operationId":"eao50c2m82mrj7z","timestamp":1645814729714,"id":"4rnwcvl8sw94v6m","previousEventId":"nrkkbso7r57bdh2","previousOperationId":"6ib58zqtcrbiwtr"}
{"type":"log","timestamp":1645814729714,"level":"debug","message":"Base url not specified, skipping its injection.","meta":{"rootId":"6nk3idxcspjc6wb","id":"6nk3idxcspjc6wb"},"id":"0hzv3aiq5yvocyg","operationId":"ne8ar3zwhj2w0z3","previousOperationId":"eao50c2m82mrj7z"}
{"type":"operationStart","subtype":"engine","name":"handlebars","timestamp":1645814729715,"id":"d086ha9gb7lc088","previousEventId":"4rnwcvl8sw94v6m","operationId":"mzw7q2wmgf375ue","previousOperationId":"eao50c2m82mrj7z"}
{"type":"log","timestamp":1645814729715,"level":"debug","message":"Rendering engine handlebars","meta":{"rootId":"6nk3idxcspjc6wb","id":"6nk3idxcspjc6wb"},"id":"253quebhyse4tvb","operationId":"a46ss4mt5g9co6t","previousOperationId":"mzw7q2wmgf375ue"}
{"type":"operationEnd","operationId":"mzw7q2wmgf375ue","timestamp":1645814729732,"id":"vsu95l9zevqnwo4","previousEventId":"d086ha9gb7lc088","previousOperationId":"mzw7q2wmgf375ue"}
{"type":"operationStart","subtype":"recipe","name":"chrome-pdf","timestamp":1645814729732,"id":"y49u1ksab3rdk30","previousEventId":"vsu95l9zevqnwo4","operationId":"vly2vjrbnle9ws9","previousOperationId":"mzw7q2wmgf375ue"}
{"type":"log","timestamp":1645814729732,"level":"debug","message":"Executing recipe chrome-pdf","meta":{"rootId":"6nk3idxcspjc6wb","id":"6nk3idxcspjc6wb"},"id":"l5t2ohelxs9qm0b","operationId":"3g4roam6mny7tfu","previousOperationId":"vly2vjrbnle9ws9"}
{"type":"log","timestamp":1645814729736,"level":"debug","message":"Converting with chrome HeadlessChrome/98.0.4758.0 using chrome-pool strategy","meta":{"rootId":"6nk3idxcspjc6wb","id":"6nk3idxcspjc6wb"},"id":"vg3o6njaxyd2rf0","operationId":"onf3opt1hlmufh2","previousOperationId":"vly2vjrbnle9ws9"}
{"type":"log","timestamp":1645814729827,"level":"debug","message":"Page request: GET (document) file:///C:/Users/ALUMNA~4/AppData/Local/Temp/jsreport/autocleanup/2fd64dbc-b38b-4e1e-8e02-7ccbcc147047-chrome-pdf.html","meta":{"rootId":"6nk3idxcspjc6wb","id":"6nk3idxcspjc6wb"},"id":"q43m5aia6gol3bx","operationId":"itu92rvy8bmmmc3","previousOperationId":"vly2vjrbnle9ws9"}
{"type":"log","timestamp":1645814729847,"level":"debug","message":"Page request finished: GET (document) file:///C:/Users/ALUMNA~4/AppData/Local/Temp/jsreport/autocleanup/2fd64dbc-b38b-4e1e-8e02-7ccbcc147047-chrome-pdf.html","meta":{"rootId":"6nk3idxcspjc6wb","id":"6nk3idxcspjc6wb"},"id":"vfzzwjnyf0noy8f","operationId":"2tdovsjzaedyj42","previousOperationId":"vly2vjrbnle9ws9"}
{"type":"log","timestamp":1645814729847,"level":"debug","message":"Page request: GET (stylesheet) https://cdnjs.cloudflare.com/ajax/libs/metro/4.1.5/css/metro.min.css","meta":{"rootId":"6nk3idxcspjc6wb","id":"6nk3idxcspjc6wb"},"id":"hrf9b9kv0p4d9r9","operationId":"ucnu8c2r28cj2hk","previousOperationId":"vly2vjrbnle9ws9"}
{"type":"log","timestamp":1645814729870,"level":"debug","message":"Page request finished: GET (stylesheet) 200 https://cdnjs.cloudflare.com/ajax/libs/metro/4.1.5/css/metro.min.css","meta":{"rootId":"6nk3idxcspjc6wb","id":"6nk3idxcspjc6wb"},"id":"zvqlapwsqiwpewc","operationId":"vxjue45hqdaqxbz","previousOperationId":"vly2vjrbnle9ws9"}
{"type":"log","timestamp":1645814729905,"level":"debug","message":"Running chrome with params {\"printBackground\":true,\"displayHeaderFooter\":true,\"timeout\":60000,\"margin\":{}}","meta":{"rootId":"6nk3idxcspjc6wb","id":"6nk3idxcspjc6wb"},"id":"dcztt5f0nwnmnyt","operationId":"gizx9fkg0192h3m","previousOperationId":"vly2vjrbnle9ws9"}
{"type":"operationEnd","operationId":"vly2vjrbnle9ws9","timestamp":1645814730074,"id":"1yzguvbkr303x6s","previousEventId":"y49u1ksab3rdk30","previousOperationId":"vly2vjrbnle9ws9"}
{"type":"log","timestamp":1645814730074,"level":"debug","message":"Skipping storing report.","meta":{"rootId":"6nk3idxcspjc6wb","id":"6nk3idxcspjc6wb"},"id":"wuhr99gcfz3k5vm","operationId":"7le1307n8vxe9kd","previousOperationId":"vly2vjrbnle9ws9"}
{"type":"log","timestamp":1645814730075,"level":"info","message":"Rendering request 2 finished in 389 ms","meta":{"rootId":"6nk3idxcspjc6wb","id":"6nk3idxcspjc6wb"},"id":"xdmj9yqj5h8s9ev","operationId":"r21pj2nj2u3jgzq","previousOperationId":"vly2vjrbnle9ws9"}
{"type":"operationEnd","subtype":"render","operationId":"6ib58zqtcrbiwtr","timestamp":1645814730075,"id":"ilqg0x8umhuwfie","previousEventId":"1yzguvbkr303x6s","previousOperationId":"vly2vjrbnle9ws9"}
