{"type":"operationStart","subtype":"render","name":"ReportReview.pdf","previousOperationId":null,"profileId":"EfbrrzZmhYrre99I","timestamp":1645816322147,"id":"kejwikpc9s2x3hz","operationId":"k2mh0iqvlq24ovi"}
{"type":"log","timestamp":1645816322148,"level":"info","message":"Starting rendering request 1 (user: null)","meta":{"rootId":"72w8z5bzv8rlz7w","id":"72w8z5bzv8rlz7w"},"id":"wkcgi8vgkmlkmv7","operationId":"fhgijxehqa5x1jz","previousOperationId":"k2mh0iqvlq24ovi"}
{"type":"log","timestamp":1645816322150,"level":"info","message":"Rendering template { name: ReportReview.pdf, recipe: chrome-pdf, engine: handlebars, preview: false }","meta":{"rootId":"72w8z5bzv8rlz7w","id":"72w8z5bzv8rlz7w"},"id":"mttrhf63f2chd47","operationId":"z43fqbhoyzj8kvo","previousOperationId":"k2mh0iqvlq24ovi"}
{"type":"log","timestamp":1645816322153,"level":"debug","message":"Data item not defined for this template.","meta":{"rootId":"72w8z5bzv8rlz7w","id":"72w8z5bzv8rlz7w"},"id":"9vpljasrg578dx5","operationId":"x31fz279r82nj2e","previousOperationId":"k2mh0iqvlq24ovi"}
{"type":"log","timestamp":1645816322155,"level":"debug","message":"Executing script review-script (beforeRender)","meta":{"rootId":"72w8z5bzv8rlz7w","id":"72w8z5bzv8rlz7w"},"id":"zrdjg8tx5s6n9ba","operationId":"2o3nv18l1hpfwba","previousOperationId":"k2mh0iqvlq24ovi"}
{"type":"operationStart","subtype":"scriptsBeforeRender","name":"scripts beforeRender","timestamp":1645816322483,"id":"it4yjdhz1yf78xw","previousEventId":"kejwikpc9s2x3hz","operationId":"lh1d21sz3ajatpt","previousOperationId":"k2mh0iqvlq24ovi"}
{"type":"operationStart","subtype":"script","name":"scripts review-script","previousOperationId":"lh1d21sz3ajatpt","timestamp":1645816322483,"id":"bitduw1vh99wpme","previousEventId":"it4yjdhz1yf78xw","operationId":"tdqzstjji9zp3v3"}
{"type":"operationEnd","operationId":"tdqzstjji9zp3v3","timestamp":1645816322508,"id":"elz03zpby97lvjm","previousEventId":"kejwikpc9s2x3hz","previousOperationId":"k2mh0iqvlq24ovi"}
{"type":"operationEnd","operationId":"lh1d21sz3ajatpt","timestamp":1645816322508,"id":"0z7e6i8w9fvamt4","previousEventId":"elz03zpby97lvjm","previousOperationId":"k2mh0iqvlq24ovi"}
{"type":"log","timestamp":1645816322508,"level":"debug","message":"Base url not specified, skipping its injection.","meta":{"rootId":"72w8z5bzv8rlz7w","id":"72w8z5bzv8rlz7w"},"id":"4m6nyr1p80pg16p","operationId":"d09t7iv2h6kuuxj","previousOperationId":"lh1d21sz3ajatpt"}
{"type":"operationStart","subtype":"engine","name":"handlebars","timestamp":1645816322509,"id":"lor9qsy1twp2n5l","previousEventId":"0z7e6i8w9fvamt4","operationId":"lu15mm7e2183xo7","previousOperationId":"lh1d21sz3ajatpt"}
{"type":"log","timestamp":1645816322509,"level":"debug","message":"Rendering engine handlebars","meta":{"rootId":"72w8z5bzv8rlz7w","id":"72w8z5bzv8rlz7w"},"id":"cbdnonkg0u9eu8o","operationId":"qot29gb85q89svv","previousOperationId":"lu15mm7e2183xo7"}
{"type":"operationEnd","operationId":"lu15mm7e2183xo7","timestamp":1645816322663,"id":"txh9x5aep52bl58","previousEventId":"lor9qsy1twp2n5l","previousOperationId":"lu15mm7e2183xo7"}
{"type":"operationStart","subtype":"recipe","name":"chrome-pdf","timestamp":1645816322664,"id":"sgfbvzhd3prcjop","previousEventId":"txh9x5aep52bl58","operationId":"z72ty9xcw8wi8a2","previousOperationId":"lu15mm7e2183xo7"}
{"type":"log","timestamp":1645816322664,"level":"debug","message":"Executing recipe chrome-pdf","meta":{"rootId":"72w8z5bzv8rlz7w","id":"72w8z5bzv8rlz7w"},"id":"5wb2igudb4y521g","operationId":"pqj6g5vyufcmg5i","previousOperationId":"z72ty9xcw8wi8a2"}
{"type":"log","timestamp":1645816324077,"level":"debug","message":"Converting with chrome HeadlessChrome/98.0.4758.0 using chrome-pool strategy","meta":{"rootId":"72w8z5bzv8rlz7w","id":"72w8z5bzv8rlz7w"},"id":"lzaetn9ckijwjb9","operationId":"dyvya9cy2s8s2m2","previousOperationId":"z72ty9xcw8wi8a2"}
{"type":"log","timestamp":1645816324221,"level":"debug","message":"Page request: GET (document) file:///C:/Users/ALUMNA~4/AppData/Local/Temp/jsreport/autocleanup/9d0a87b6-4188-40cc-9282-06ae77d60520-chrome-pdf.html","meta":{"rootId":"72w8z5bzv8rlz7w","id":"72w8z5bzv8rlz7w"},"id":"adlhwe5bak9gsy0","operationId":"t3kuxwetlrrtmj2","previousOperationId":"z72ty9xcw8wi8a2"}
{"type":"log","timestamp":1645816324244,"level":"debug","message":"Page request finished: GET (document) file:///C:/Users/ALUMNA~4/AppData/Local/Temp/jsreport/autocleanup/9d0a87b6-4188-40cc-9282-06ae77d60520-chrome-pdf.html","meta":{"rootId":"72w8z5bzv8rlz7w","id":"72w8z5bzv8rlz7w"},"id":"bpvduzdvc65sdk4","operationId":"yukdf2icl8jymjy","previousOperationId":"z72ty9xcw8wi8a2"}
{"type":"log","timestamp":1645816324245,"level":"debug","message":"Page request: GET (stylesheet) https://cdnjs.cloudflare.com/ajax/libs/metro/4.1.5/css/metro.min.css","meta":{"rootId":"72w8z5bzv8rlz7w","id":"72w8z5bzv8rlz7w"},"id":"6xg0lit61uz3aem","operationId":"a8l4qwtyzui2fi7","previousOperationId":"z72ty9xcw8wi8a2"}
{"type":"log","timestamp":1645816326687,"level":"debug","message":"Page request finished: GET (stylesheet) 200 https://cdnjs.cloudflare.com/ajax/libs/metro/4.1.5/css/metro.min.css","meta":{"rootId":"72w8z5bzv8rlz7w","id":"72w8z5bzv8rlz7w"},"id":"7a2fgj28zcmui03","operationId":"0xdehn458bzc65f","previousOperationId":"z72ty9xcw8wi8a2"}
{"type":"log","timestamp":1645816326744,"level":"debug","message":"Running chrome with params {\"printBackground\":true,\"displayHeaderFooter\":true,\"timeout\":60000,\"margin\":{}}","meta":{"rootId":"72w8z5bzv8rlz7w","id":"72w8z5bzv8rlz7w"},"id":"0fnvn3dd9b6zkx5","operationId":"5ox6q11sdeg77n7","previousOperationId":"z72ty9xcw8wi8a2"}
{"type":"operationEnd","operationId":"z72ty9xcw8wi8a2","timestamp":1645816326978,"id":"h9mhcmlwy329d0w","previousEventId":"sgfbvzhd3prcjop","previousOperationId":"z72ty9xcw8wi8a2"}
{"type":"log","timestamp":1645816326979,"level":"debug","message":"Skipping storing report.","meta":{"rootId":"72w8z5bzv8rlz7w","id":"72w8z5bzv8rlz7w"},"id":"6gvk63sri46tw7m","operationId":"2mpkc7snc0o6tba","previousOperationId":"z72ty9xcw8wi8a2"}
{"type":"log","timestamp":1645816326979,"level":"info","message":"Rendering request 1 finished in 4831 ms","meta":{"rootId":"72w8z5bzv8rlz7w","id":"72w8z5bzv8rlz7w"},"id":"v0zomi8n9ewahoc","operationId":"eq0o0ava5dpmj8r","previousOperationId":"z72ty9xcw8wi8a2"}
{"type":"operationEnd","subtype":"render","operationId":"k2mh0iqvlq24ovi","timestamp":1645816326979,"id":"chmm2g0y871mlns","previousEventId":"h9mhcmlwy329d0w","previousOperationId":"z72ty9xcw8wi8a2"}
