{"type":"operationStart","subtype":"render","name":"ReportReview.pdf","previousOperationId":null,"profileId":"qQ6vt0sbz5FOe5pd","timestamp":1645814769944,"id":"i5dk5eruhriv1rf","operationId":"bykjjmlzeypgkfd"}
{"type":"log","timestamp":1645814769944,"level":"info","message":"Starting rendering request 3 (user: null)","meta":{"rootId":"8lq6jdhyyt6nqdh","id":"8lq6jdhyyt6nqdh"},"id":"nfzgub95daaexj8","operationId":"ahctq5rnkv5158w","previousOperationId":"bykjjmlzeypgkfd"}
{"type":"log","timestamp":1645814769945,"level":"info","message":"Rendering template { name: ReportReview.pdf, recipe: chrome-pdf, engine: handlebars, preview: true }","meta":{"rootId":"8lq6jdhyyt6nqdh","id":"8lq6jdhyyt6nqdh"},"id":"w9drn9p1r6k87sm","operationId":"54o7ga7jawpjp4t","previousOperationId":"bykjjmlzeypgkfd"}
{"type":"log","timestamp":1645814769946,"level":"debug","message":"Data item not defined for this template.","meta":{"rootId":"8lq6jdhyyt6nqdh","id":"8lq6jdhyyt6nqdh"},"id":"dielj4m2gqj9xx0","operationId":"6jw41ake8lnp21b","previousOperationId":"bykjjmlzeypgkfd"}
{"type":"log","timestamp":1645814769948,"level":"debug","message":"Executing script review-script (beforeRender)","meta":{"rootId":"8lq6jdhyyt6nqdh","id":"8lq6jdhyyt6nqdh"},"id":"e48l03oymz70b9d","operationId":"phxt5olrwhilxe2","previousOperationId":"bykjjmlzeypgkfd"}
{"type":"operationStart","subtype":"scriptsBeforeRender","name":"scripts beforeRender","timestamp":1645814769962,"id":"9vx3jnou6n1ix2x","previousEventId":"i5dk5eruhriv1rf","operationId":"uc7lrb0khlc4aoa","previousOperationId":"bykjjmlzeypgkfd"}
{"type":"operationStart","subtype":"script","name":"scripts review-script","previousOperationId":"uc7lrb0khlc4aoa","timestamp":1645814769962,"id":"prerbx18blvpld5","previousEventId":"9vx3jnou6n1ix2x","operationId":"1xbkwxvjuut2bg4"}
{"type":"operationEnd","operationId":"1xbkwxvjuut2bg4","timestamp":1645814769968,"id":"aesyuwzwv98lj66","previousEventId":"i5dk5eruhriv1rf","previousOperationId":"bykjjmlzeypgkfd"}
{"type":"operationEnd","operationId":"uc7lrb0khlc4aoa","timestamp":1645814769968,"id":"qoz542jnrfp4xxh","previousEventId":"aesyuwzwv98lj66","previousOperationId":"bykjjmlzeypgkfd"}
{"type":"log","timestamp":1645814769968,"level":"debug","message":"Base url not specified, skipping its injection.","meta":{"rootId":"8lq6jdhyyt6nqdh","id":"8lq6jdhyyt6nqdh"},"id":"mpb92v1ix0ha07b","operationId":"yvf69yuz9jk3s2o","previousOperationId":"uc7lrb0khlc4aoa"}
{"type":"operationStart","subtype":"engine","name":"handlebars","timestamp":1645814769968,"id":"08yeg3i9ut31mms","previousEventId":"qoz542jnrfp4xxh","operationId":"uupt19ni6jypxyt","previousOperationId":"uc7lrb0khlc4aoa"}
{"type":"log","timestamp":1645814769968,"level":"debug","message":"Rendering engine handlebars","meta":{"rootId":"8lq6jdhyyt6nqdh","id":"8lq6jdhyyt6nqdh"},"id":"f1umzrhthcdn95y","operationId":"r4mdeqr7ohg99bp","previousOperationId":"uupt19ni6jypxyt"}
{"type":"operationEnd","operationId":"uupt19ni6jypxyt","timestamp":1645814769982,"id":"fybz3i5rsmk1k2p","previousEventId":"08yeg3i9ut31mms","previousOperationId":"uupt19ni6jypxyt"}
{"type":"operationStart","subtype":"recipe","name":"chrome-pdf","timestamp":1645814769982,"id":"2izapzyckoc61iw","previousEventId":"fybz3i5rsmk1k2p","operationId":"k0ph3nvlfrfkey4","previousOperationId":"uupt19ni6jypxyt"}
{"type":"log","timestamp":1645814769982,"level":"debug","message":"Executing recipe chrome-pdf","meta":{"rootId":"8lq6jdhyyt6nqdh","id":"8lq6jdhyyt6nqdh"},"id":"ah7oq0adm287wiv","operationId":"pvxpctdn4yya6lz","previousOperationId":"k0ph3nvlfrfkey4"}
{"type":"log","timestamp":1645814769985,"level":"debug","message":"Converting with chrome HeadlessChrome/98.0.4758.0 using chrome-pool strategy","meta":{"rootId":"8lq6jdhyyt6nqdh","id":"8lq6jdhyyt6nqdh"},"id":"whhm38oxgg40qq3","operationId":"mu25g2ajk6ba3re","previousOperationId":"k0ph3nvlfrfkey4"}
{"type":"log","timestamp":1645814770070,"level":"debug","message":"Page request: GET (document) file:///C:/Users/ALUMNA~4/AppData/Local/Temp/jsreport/autocleanup/a5c20867-0aa6-40f6-b99f-1a977bc74a32-chrome-pdf.html","meta":{"rootId":"8lq6jdhyyt6nqdh","id":"8lq6jdhyyt6nqdh"},"id":"eiz2khfbmax0qo8","operationId":"mm4mab157muv7vp","previousOperationId":"k0ph3nvlfrfkey4"}
{"type":"log","timestamp":1645814770088,"level":"debug","message":"Page request finished: GET (document) file:///C:/Users/ALUMNA~4/AppData/Local/Temp/jsreport/autocleanup/a5c20867-0aa6-40f6-b99f-1a977bc74a32-chrome-pdf.html","meta":{"rootId":"8lq6jdhyyt6nqdh","id":"8lq6jdhyyt6nqdh"},"id":"v979ddsiytcv5u8","operationId":"qrvonwjam8juj4y","previousOperationId":"k0ph3nvlfrfkey4"}
{"type":"log","timestamp":1645814770088,"level":"debug","message":"Page request: GET (stylesheet) https://cdnjs.cloudflare.com/ajax/libs/metro/4.1.5/css/metro.min.css","meta":{"rootId":"8lq6jdhyyt6nqdh","id":"8lq6jdhyyt6nqdh"},"id":"9mjdfgf582ed7y7","operationId":"cp0eu05h9osa56l","previousOperationId":"k0ph3nvlfrfkey4"}
{"type":"log","timestamp":1645814770111,"level":"debug","message":"Page request finished: GET (stylesheet) 200 https://cdnjs.cloudflare.com/ajax/libs/metro/4.1.5/css/metro.min.css","meta":{"rootId":"8lq6jdhyyt6nqdh","id":"8lq6jdhyyt6nqdh"},"id":"0719ahtc0ey2fdn","operationId":"c224b3vh74grwwf","previousOperationId":"k0ph3nvlfrfkey4"}
{"type":"log","timestamp":1645814770149,"level":"debug","message":"Running chrome with params {\"printBackground\":true,\"displayHeaderFooter\":true,\"timeout\":60000,\"margin\":{}}","meta":{"rootId":"8lq6jdhyyt6nqdh","id":"8lq6jdhyyt6nqdh"},"id":"1i3r5so9684a5qm","operationId":"sjhdmvs78l8cqoh","previousOperationId":"k0ph3nvlfrfkey4"}
{"type":"operationEnd","operationId":"k0ph3nvlfrfkey4","timestamp":1645814770321,"id":"p01qmvat96617t4","previousEventId":"2izapzyckoc61iw","previousOperationId":"k0ph3nvlfrfkey4"}
{"type":"log","timestamp":1645814770321,"level":"debug","message":"Skipping storing report.","meta":{"rootId":"8lq6jdhyyt6nqdh","id":"8lq6jdhyyt6nqdh"},"id":"wl1hwxv9kb73lrw","operationId":"ovqlqp4ftr5ayf2","previousOperationId":"k0ph3nvlfrfkey4"}
{"type":"log","timestamp":1645814770321,"level":"info","message":"Rendering request 3 finished in 377 ms","meta":{"rootId":"8lq6jdhyyt6nqdh","id":"8lq6jdhyyt6nqdh"},"id":"ibhl5rw5i6yp351","operationId":"35xtmy2cohkd782","previousOperationId":"k0ph3nvlfrfkey4"}
{"type":"operationEnd","subtype":"render","operationId":"bykjjmlzeypgkfd","timestamp":1645814770321,"id":"pxeu1txqq22vps1","previousEventId":"p01qmvat96617t4","previousOperationId":"k0ph3nvlfrfkey4"}
