{"type":"operationStart","subtype":"render","name":"ReportReview.pdf","previousOperationId":null,"profileId":"YLrVmXWtAAHtsA4E","timestamp":1645814791259,"id":"zixtqsg2avy9fsk","operationId":"t24i0zkhhikdjav"}
{"type":"log","timestamp":1645814791259,"level":"info","message":"Starting rendering request 4 (user: null)","meta":{"rootId":"f6aybrurygb03fd","id":"f6aybrurygb03fd"},"id":"4jgmx699wma781l","operationId":"j1is9fiup9yhrlu","previousOperationId":"t24i0zkhhikdjav"}
{"type":"log","timestamp":1645814791261,"level":"info","message":"Rendering template { name: ReportReview.pdf, recipe: chrome-pdf, engine: handlebars, preview: true }","meta":{"rootId":"f6aybrurygb03fd","id":"f6aybrurygb03fd"},"id":"3fdck77lk2yvi9s","operationId":"i1w84o3ltqtu72y","previousOperationId":"t24i0zkhhikdjav"}
{"type":"log","timestamp":1645814791261,"level":"debug","message":"Data item not defined for this template.","meta":{"rootId":"f6aybrurygb03fd","id":"f6aybrurygb03fd"},"id":"wn2xldr5zfqpy1t","operationId":"hwbjy4ae1vee5b7","previousOperationId":"t24i0zkhhikdjav"}
{"type":"log","timestamp":1645814791264,"level":"debug","message":"Executing script review-script (beforeRender)","meta":{"rootId":"f6aybrurygb03fd","id":"f6aybrurygb03fd"},"id":"f3p75reqhblyf8w","operationId":"ojb1ni3dys5fjft","previousOperationId":"t24i0zkhhikdjav"}
{"type":"operationStart","subtype":"scriptsBeforeRender","name":"scripts beforeRender","timestamp":1645814791305,"id":"arritakhvwolj5n","previousEventId":"zixtqsg2avy9fsk","operationId":"2j6z822sqcon76c","previousOperationId":"t24i0zkhhikdjav"}
{"type":"operationStart","subtype":"script","name":"scripts review-script","previousOperationId":"2j6z822sqcon76c","timestamp":1645814791305,"id":"r7i25jw81ih7eb7","previousEventId":"arritakhvwolj5n","operationId":"1jzqjhe251epihg"}
{"type":"operationEnd","operationId":"1jzqjhe251epihg","timestamp":1645814791309,"id":"sezeag31qnicenx","previousEventId":"zixtqsg2avy9fsk","previousOperationId":"t24i0zkhhikdjav"}
{"type":"operationEnd","operationId":"2j6z822sqcon76c","timestamp":1645814791309,"id":"5phzwfwko6d6or3","previousEventId":"sezeag31qnicenx","previousOperationId":"t24i0zkhhikdjav"}
{"type":"log","timestamp":1645814791309,"level":"debug","message":"Base url not specified, skipping its injection.","meta":{"rootId":"f6aybrurygb03fd","id":"f6aybrurygb03fd"},"id":"nufpw93gnqx8el9","operationId":"9e562a0w44t5dbi","previousOperationId":"2j6z822sqcon76c"}
{"type":"operationStart","subtype":"engine","name":"handlebars","timestamp":1645814791309,"id":"tw9c3e8m3ozc9p6","previousEventId":"5phzwfwko6d6or3","operationId":"enf5cx085b3gooo","previousOperationId":"2j6z822sqcon76c"}
{"type":"log","timestamp":1645814791309,"level":"debug","message":"Rendering engine handlebars","meta":{"rootId":"f6aybrurygb03fd","id":"f6aybrurygb03fd"},"id":"unqzit962ufmdtc","operationId":"oa2x2tvrh9drdho","previousOperationId":"enf5cx085b3gooo"}
{"type":"operationEnd","operationId":"enf5cx085b3gooo","timestamp":1645814791326,"id":"40i03xgydhrjfgy","previousEventId":"tw9c3e8m3ozc9p6","previousOperationId":"enf5cx085b3gooo"}
{"type":"operationStart","subtype":"recipe","name":"chrome-pdf","timestamp":1645814791326,"id":"3wl1h5ano43cjr2","previousEventId":"40i03xgydhrjfgy","operationId":"xmxgvbhkpaqsaj6","previousOperationId":"enf5cx085b3gooo"}
{"type":"log","timestamp":1645814791326,"level":"debug","message":"Executing recipe chrome-pdf","meta":{"rootId":"f6aybrurygb03fd","id":"f6aybrurygb03fd"},"id":"xmpfljv8mb9lme0","operationId":"v3q4ldolo1ebg3q","previousOperationId":"xmxgvbhkpaqsaj6"}
{"type":"log","timestamp":1645814791331,"level":"debug","message":"Converting with chrome HeadlessChrome/98.0.4758.0 using chrome-pool strategy","meta":{"rootId":"f6aybrurygb03fd","id":"f6aybrurygb03fd"},"id":"exwkfy32t3ldbr3","operationId":"58ijprm60dwhdvr","previousOperationId":"xmxgvbhkpaqsaj6"}
{"type":"log","timestamp":1645814791416,"level":"debug","message":"Page request: GET (document) file:///C:/Users/ALUMNA~4/AppData/Local/Temp/jsreport/autocleanup/4e99fd8e-118a-4dfb-9a91-50980aaac67e-chrome-pdf.html","meta":{"rootId":"f6aybrurygb03fd","id":"f6aybrurygb03fd"},"id":"d9thb76cf1zlsle","operationId":"imv14i6yj7epsff","previousOperationId":"xmxgvbhkpaqsaj6"}
{"type":"log","timestamp":1645814791433,"level":"debug","message":"Page request finished: GET (document) file:///C:/Users/ALUMNA~4/AppData/Local/Temp/jsreport/autocleanup/4e99fd8e-118a-4dfb-9a91-50980aaac67e-chrome-pdf.html","meta":{"rootId":"f6aybrurygb03fd","id":"f6aybrurygb03fd"},"id":"d9vb0eiimc8s8zn","operationId":"ypwef0iiibxoj4k","previousOperationId":"xmxgvbhkpaqsaj6"}
{"type":"log","timestamp":1645814791434,"level":"debug","message":"Page request: GET (stylesheet) https://cdnjs.cloudflare.com/ajax/libs/metro/4.1.5/css/metro.min.css","meta":{"rootId":"f6aybrurygb03fd","id":"f6aybrurygb03fd"},"id":"nefe4llyqg7oomf","operationId":"bu4xn9yzglsx9a7","previousOperationId":"xmxgvbhkpaqsaj6"}
{"type":"log","timestamp":1645814791456,"level":"debug","message":"Page request finished: GET (stylesheet) 200 https://cdnjs.cloudflare.com/ajax/libs/metro/4.1.5/css/metro.min.css","meta":{"rootId":"f6aybrurygb03fd","id":"f6aybrurygb03fd"},"id":"it2tyma9vv8c9l8","operationId":"ifeiqk1m2egjw1q","previousOperationId":"xmxgvbhkpaqsaj6"}
{"type":"log","timestamp":1645814791491,"level":"debug","message":"Running chrome with params {\"printBackground\":true,\"displayHeaderFooter\":true,\"timeout\":60000,\"margin\":{}}","meta":{"rootId":"f6aybrurygb03fd","id":"f6aybrurygb03fd"},"id":"7vbvefdmjrw8hbh","operationId":"9mddmvhlx9vwcf7","previousOperationId":"xmxgvbhkpaqsaj6"}
{"type":"operationEnd","operationId":"xmxgvbhkpaqsaj6","timestamp":1645814791660,"id":"y7rypajibrnrf7s","previousEventId":"3wl1h5ano43cjr2","previousOperationId":"xmxgvbhkpaqsaj6"}
{"type":"log","timestamp":1645814791661,"level":"debug","message":"Skipping storing report.","meta":{"rootId":"f6aybrurygb03fd","id":"f6aybrurygb03fd"},"id":"9l60by0ov3342y6","operationId":"n83gogi0zw0gllx","previousOperationId":"xmxgvbhkpaqsaj6"}
{"type":"log","timestamp":1645814791661,"level":"info","message":"Rendering request 4 finished in 402 ms","meta":{"rootId":"f6aybrurygb03fd","id":"f6aybrurygb03fd"},"id":"m4v6wbayy6yvrho","operationId":"0g16iw1r7khplh9","previousOperationId":"xmxgvbhkpaqsaj6"}
{"type":"operationEnd","subtype":"render","operationId":"t24i0zkhhikdjav","timestamp":1645814791661,"id":"ou7s3ikcdcalmd8","previousEventId":"y7rypajibrnrf7s","previousOperationId":"xmxgvbhkpaqsaj6"}
