{"type":"operationStart","subtype":"render","name":"ReportReview.pdf","previousOperationId":null,"profileId":"m3FSuaHUJnlNCxzY","timestamp":1645991018647,"id":"0f3bebr7v8lx4pa","operationId":"bupoxbnb4ltpcct"}
{"type":"log","timestamp":1645991018648,"level":"info","message":"Starting rendering request 1 (user: null)","meta":{"rootId":"fe6tjk8aoqulr45","id":"fe6tjk8aoqulr45"},"id":"hhfxknfq0txtqwa","operationId":"f5v1ddj5s55ms4i","previousOperationId":"bupoxbnb4ltpcct"}
{"type":"log","timestamp":1645991018649,"level":"info","message":"Rendering template { name: ReportReview.pdf, recipe: chrome-pdf, engine: handlebars, preview: false }","meta":{"rootId":"fe6tjk8aoqulr45","id":"fe6tjk8aoqulr45"},"id":"rl5rrawghtqgfbz","operationId":"b0ycx5y1qw5mhzj","previousOperationId":"bupoxbnb4ltpcct"}
{"type":"log","timestamp":1645991018651,"level":"debug","message":"Data item not defined for this template.","meta":{"rootId":"fe6tjk8aoqulr45","id":"fe6tjk8aoqulr45"},"id":"vjqjikwzed4xdw8","operationId":"vjxqgmwqylitckm","previousOperationId":"bupoxbnb4ltpcct"}
{"type":"log","timestamp":1645991018654,"level":"debug","message":"Executing script review-script (beforeRender)","meta":{"rootId":"fe6tjk8aoqulr45","id":"fe6tjk8aoqulr45"},"id":"ls552ir8fzgn254","operationId":"soyid4cc5c128ep","previousOperationId":"bupoxbnb4ltpcct"}
{"type":"operationStart","subtype":"scriptsBeforeRender","name":"scripts beforeRender","timestamp":1645991019071,"id":"pq2knsoq26q2tx3","previousEventId":"0f3bebr7v8lx4pa","operationId":"m0pou8gyvczvhbb","previousOperationId":"bupoxbnb4ltpcct"}
{"type":"operationStart","subtype":"script","name":"scripts review-script","previousOperationId":"m0pou8gyvczvhbb","timestamp":1645991019071,"id":"zhxd27d7bmz0o41","previousEventId":"pq2knsoq26q2tx3","operationId":"zfpe00bh1jt1p6f"}
{"type":"operationEnd","operationId":"zfpe00bh1jt1p6f","timestamp":1645991019088,"id":"w44ejndihn5zkv0","previousEventId":"0f3bebr7v8lx4pa","previousOperationId":"bupoxbnb4ltpcct"}
{"type":"operationEnd","operationId":"m0pou8gyvczvhbb","timestamp":1645991019088,"id":"tmdtry9yqhxndnh","previousEventId":"w44ejndihn5zkv0","previousOperationId":"bupoxbnb4ltpcct"}
{"type":"log","timestamp":1645991019089,"level":"debug","message":"Base url not specified, skipping its injection.","meta":{"rootId":"fe6tjk8aoqulr45","id":"fe6tjk8aoqulr45"},"id":"1mj7csuwyouvj6u","operationId":"n1am1ng6q0nttf1","previousOperationId":"m0pou8gyvczvhbb"}
{"type":"operationStart","subtype":"engine","name":"handlebars","timestamp":1645991019089,"id":"9x29oqxy2ctigeq","previousEventId":"tmdtry9yqhxndnh","operationId":"ee4fm43rzf2to81","previousOperationId":"m0pou8gyvczvhbb"}
{"type":"log","timestamp":1645991019089,"level":"debug","message":"Rendering engine handlebars","meta":{"rootId":"fe6tjk8aoqulr45","id":"fe6tjk8aoqulr45"},"id":"3v3qsfa20btg9xk","operationId":"0v03my29kg3jkwj","previousOperationId":"ee4fm43rzf2to81"}
{"type":"operationEnd","operationId":"ee4fm43rzf2to81","timestamp":1645991019245,"id":"xkv82aj6onp80w0","previousEventId":"9x29oqxy2ctigeq","previousOperationId":"ee4fm43rzf2to81"}
{"type":"operationStart","subtype":"recipe","name":"chrome-pdf","timestamp":1645991019245,"id":"exs18gy7icgjgly","previousEventId":"xkv82aj6onp80w0","operationId":"xwhbtqgibbgby0l","previousOperationId":"ee4fm43rzf2to81"}
{"type":"log","timestamp":1645991019245,"level":"debug","message":"Executing recipe chrome-pdf","meta":{"rootId":"fe6tjk8aoqulr45","id":"fe6tjk8aoqulr45"},"id":"vqj726dzx8qxxf9","operationId":"be8sjlckg0qk54l","previousOperationId":"xwhbtqgibbgby0l"}
{"type":"log","timestamp":1645991019543,"level":"debug","message":"Converting with chrome HeadlessChrome/98.0.4758.0 using chrome-pool strategy","meta":{"rootId":"fe6tjk8aoqulr45","id":"fe6tjk8aoqulr45"},"id":"htmmy0xjfdp4shs","operationId":"twha9puq84d8nq6","previousOperationId":"xwhbtqgibbgby0l"}
{"type":"log","timestamp":1645991019876,"level":"debug","message":"Page request: GET (document) file:///C:/Users/asore/AppData/Local/Temp/jsreport/autocleanup/67006ef7-41cb-412a-8c82-08cacf590df7-chrome-pdf.html","meta":{"rootId":"fe6tjk8aoqulr45","id":"fe6tjk8aoqulr45"},"id":"21jwzcxcwccdpyx","operationId":"9oaw2pvveqe9t2c","previousOperationId":"xwhbtqgibbgby0l"}
{"type":"log","timestamp":1645991019883,"level":"debug","message":"Page request finished: GET (document) file:///C:/Users/asore/AppData/Local/Temp/jsreport/autocleanup/67006ef7-41cb-412a-8c82-08cacf590df7-chrome-pdf.html","meta":{"rootId":"fe6tjk8aoqulr45","id":"fe6tjk8aoqulr45"},"id":"cqf0zqxax3u6b19","operationId":"ah4zhg5ewuicewt","previousOperationId":"xwhbtqgibbgby0l"}
{"type":"log","timestamp":1645991019883,"level":"debug","message":"Page request: GET (stylesheet) https://cdnjs.cloudflare.com/ajax/libs/metro/4.1.5/css/metro.min.css","meta":{"rootId":"fe6tjk8aoqulr45","id":"fe6tjk8aoqulr45"},"id":"80pc6em0s34hx7l","operationId":"46zys4z34ihyxao","previousOperationId":"xwhbtqgibbgby0l"}
{"type":"log","timestamp":1645991020756,"level":"debug","message":"Page request finished: GET (stylesheet) 200 https://cdnjs.cloudflare.com/ajax/libs/metro/4.1.5/css/metro.min.css","meta":{"rootId":"fe6tjk8aoqulr45","id":"fe6tjk8aoqulr45"},"id":"0s110wg61o19uij","operationId":"esty04jihp0rnxs","previousOperationId":"xwhbtqgibbgby0l"}
{"type":"log","timestamp":1645991020799,"level":"debug","message":"Running chrome with params {\"printBackground\":true,\"displayHeaderFooter\":true,\"timeout\":60000,\"margin\":{}}","meta":{"rootId":"fe6tjk8aoqulr45","id":"fe6tjk8aoqulr45"},"id":"juo3hts2h46rzr8","operationId":"xpboc1t8gy8us7p","previousOperationId":"xwhbtqgibbgby0l"}
{"type":"operationEnd","operationId":"xwhbtqgibbgby0l","timestamp":1645991020949,"id":"gequichdmzjmoi4","previousEventId":"exs18gy7icgjgly","previousOperationId":"xwhbtqgibbgby0l"}
{"type":"log","timestamp":1645991020950,"level":"debug","message":"Skipping storing report.","meta":{"rootId":"fe6tjk8aoqulr45","id":"fe6tjk8aoqulr45"},"id":"9zc55zlzihefrvx","operationId":"gmohbowhtyqc0ye","previousOperationId":"xwhbtqgibbgby0l"}
{"type":"log","timestamp":1645991020950,"level":"info","message":"Rendering request 1 finished in 2302 ms","meta":{"rootId":"fe6tjk8aoqulr45","id":"fe6tjk8aoqulr45"},"id":"0knm28z7ekxg0hz","operationId":"yotl8xxq7j9y8ae","previousOperationId":"xwhbtqgibbgby0l"}
{"type":"operationEnd","subtype":"render","operationId":"bupoxbnb4ltpcct","timestamp":1645991020951,"id":"g4od8gruzvtguj6","previousEventId":"gequichdmzjmoi4","previousOperationId":"xwhbtqgibbgby0l"}
