{"type":"operationStart","subtype":"render","name":"ReportReview.pdf","previousOperationId":null,"profileId":"cNnDPmZUC9cvkjmr","timestamp":1645817169391,"id":"zh93ear88y7crtw","operationId":"9tagw292a65s906"}
{"type":"log","timestamp":1645817169391,"level":"info","message":"Starting rendering request 3 (user: null)","meta":{"rootId":"lpstp2qszegsgfd","id":"lpstp2qszegsgfd"},"id":"kb7q1rxbawxsoba","operationId":"t4io9pwgody8qa3","previousOperationId":"9tagw292a65s906"}
{"type":"log","timestamp":1645817169391,"level":"info","message":"Rendering template { name: ReportReview.pdf, recipe: chrome-pdf, engine: handlebars, preview: false }","meta":{"rootId":"lpstp2qszegsgfd","id":"lpstp2qszegsgfd"},"id":"hszzpz8ozn1ce0n","operationId":"4omd7p0rxyyrfhv","previousOperationId":"9tagw292a65s906"}
{"type":"log","timestamp":1645817169391,"level":"debug","message":"Data item not defined for this template.","meta":{"rootId":"lpstp2qszegsgfd","id":"lpstp2qszegsgfd"},"id":"jjiuhe8igz5tm2l","operationId":"kl1qnxfc05s6pl8","previousOperationId":"9tagw292a65s906"}
{"type":"log","timestamp":1645817169395,"level":"debug","message":"Executing script review-script (beforeRender)","meta":{"rootId":"lpstp2qszegsgfd","id":"lpstp2qszegsgfd"},"id":"hsgmy711dagtjub","operationId":"wwryqap0m3njcsp","previousOperationId":"9tagw292a65s906"}
{"type":"operationStart","subtype":"scriptsBeforeRender","name":"scripts beforeRender","timestamp":1645817169409,"id":"riph65hpbn2yic5","previousEventId":"zh93ear88y7crtw","operationId":"m7xyr9o6eh4627d","previousOperationId":"9tagw292a65s906"}
{"type":"operationStart","subtype":"script","name":"scripts review-script","previousOperationId":"m7xyr9o6eh4627d","timestamp":1645817169409,"id":"g0u3bwwki2mvc2q","previousEventId":"riph65hpbn2yic5","operationId":"wcsik3jo7wp0s00"}
{"type":"operationEnd","operationId":"wcsik3jo7wp0s00","timestamp":1645817169413,"id":"mdyzqguy3y55966","previousEventId":"zh93ear88y7crtw","previousOperationId":"9tagw292a65s906"}
{"type":"operationEnd","operationId":"m7xyr9o6eh4627d","timestamp":1645817169413,"id":"5p5twmxqbrb9hl1","previousEventId":"mdyzqguy3y55966","previousOperationId":"9tagw292a65s906"}
{"type":"log","timestamp":1645817169413,"level":"debug","message":"Base url not specified, skipping its injection.","meta":{"rootId":"lpstp2qszegsgfd","id":"lpstp2qszegsgfd"},"id":"uvwrq95n7rnz7j0","operationId":"jb78uk7agia9yyh","previousOperationId":"m7xyr9o6eh4627d"}
{"type":"operationStart","subtype":"engine","name":"handlebars","timestamp":1645817169414,"id":"tburao7x7qbmdij","previousEventId":"5p5twmxqbrb9hl1","operationId":"csgsk41q26bwa2p","previousOperationId":"m7xyr9o6eh4627d"}
{"type":"log","timestamp":1645817169414,"level":"debug","message":"Rendering engine handlebars","meta":{"rootId":"lpstp2qszegsgfd","id":"lpstp2qszegsgfd"},"id":"nbeyq4dhizrzym8","operationId":"14tjx47ef7z6iqz","previousOperationId":"csgsk41q26bwa2p"}
{"type":"operationEnd","operationId":"csgsk41q26bwa2p","timestamp":1645817169427,"id":"7ds8pbi2jroz06l","previousEventId":"tburao7x7qbmdij","previousOperationId":"csgsk41q26bwa2p"}
{"type":"operationStart","subtype":"recipe","name":"chrome-pdf","timestamp":1645817169427,"id":"jh2z5fwvef824ow","previousEventId":"7ds8pbi2jroz06l","operationId":"v5jxag3ibfr6lh0","previousOperationId":"csgsk41q26bwa2p"}
{"type":"log","timestamp":1645817169427,"level":"debug","message":"Executing recipe chrome-pdf","meta":{"rootId":"lpstp2qszegsgfd","id":"lpstp2qszegsgfd"},"id":"p3y7w9n7o6m5jm2","operationId":"vqzsj9zuuoxn603","previousOperationId":"v5jxag3ibfr6lh0"}
{"type":"log","timestamp":1645817169431,"level":"debug","message":"Converting with chrome HeadlessChrome/98.0.4758.0 using chrome-pool strategy","meta":{"rootId":"lpstp2qszegsgfd","id":"lpstp2qszegsgfd"},"id":"j6fwyw9rn325ij7","operationId":"uaupft77mno5psk","previousOperationId":"v5jxag3ibfr6lh0"}
{"type":"log","timestamp":1645817169522,"level":"debug","message":"Page request: GET (document) file:///C:/Users/ALUMNA~4/AppData/Local/Temp/jsreport/autocleanup/b1abaed5-07fe-4eef-b45f-61aa6bee58d6-chrome-pdf.html","meta":{"rootId":"lpstp2qszegsgfd","id":"lpstp2qszegsgfd"},"id":"uxsnl7xhrgznqma","operationId":"uev5z80kd0s831q","previousOperationId":"v5jxag3ibfr6lh0"}
{"type":"log","timestamp":1645817169532,"level":"debug","message":"Page request finished: GET (document) file:///C:/Users/ALUMNA~4/AppData/Local/Temp/jsreport/autocleanup/b1abaed5-07fe-4eef-b45f-61aa6bee58d6-chrome-pdf.html","meta":{"rootId":"lpstp2qszegsgfd","id":"lpstp2qszegsgfd"},"id":"2xz4kcjmdkmw6qk","operationId":"5dt4shkw09l05yh","previousOperationId":"v5jxag3ibfr6lh0"}
{"type":"log","timestamp":1645817169533,"level":"debug","message":"Page request: GET (stylesheet) https://cdnjs.cloudflare.com/ajax/libs/metro/4.1.5/css/metro.min.css","meta":{"rootId":"lpstp2qszegsgfd","id":"lpstp2qszegsgfd"},"id":"ulxze4e5oif02zq","operationId":"7fsrjfhnztcjvh7","previousOperationId":"v5jxag3ibfr6lh0"}
{"type":"log","timestamp":1645817169558,"level":"debug","message":"Page request finished: GET (stylesheet) 200 https://cdnjs.cloudflare.com/ajax/libs/metro/4.1.5/css/metro.min.css","meta":{"rootId":"lpstp2qszegsgfd","id":"lpstp2qszegsgfd"},"id":"5r6nm03z6llt7mn","operationId":"4a7xd7uif465wq3","previousOperationId":"v5jxag3ibfr6lh0"}
{"type":"log","timestamp":1645817169596,"level":"debug","message":"Running chrome with params {\"printBackground\":true,\"displayHeaderFooter\":true,\"timeout\":60000,\"margin\":{}}","meta":{"rootId":"lpstp2qszegsgfd","id":"lpstp2qszegsgfd"},"id":"bjk3l7b6d30j33m","operationId":"8gpakjxgcmrxd0v","previousOperationId":"v5jxag3ibfr6lh0"}
{"type":"operationEnd","operationId":"v5jxag3ibfr6lh0","timestamp":1645817169774,"id":"e5ootetp7r7tkxu","previousEventId":"jh2z5fwvef824ow","previousOperationId":"v5jxag3ibfr6lh0"}
{"type":"log","timestamp":1645817169774,"level":"debug","message":"Skipping storing report.","meta":{"rootId":"lpstp2qszegsgfd","id":"lpstp2qszegsgfd"},"id":"x5u3yprhkzgjpxs","operationId":"gbl55xckuwvkkav","previousOperationId":"v5jxag3ibfr6lh0"}
{"type":"log","timestamp":1645817169774,"level":"info","message":"Rendering request 3 finished in 383 ms","meta":{"rootId":"lpstp2qszegsgfd","id":"lpstp2qszegsgfd"},"id":"w8de1a7gh5dzer6","operationId":"ia2nbfvs5zwec89","previousOperationId":"v5jxag3ibfr6lh0"}
{"type":"operationEnd","subtype":"render","operationId":"9tagw292a65s906","timestamp":1645817169775,"id":"2hnimxjlxj0anrt","previousEventId":"e5ootetp7r7tkxu","previousOperationId":"v5jxag3ibfr6lh0"}
