{"type":"operationStart","subtype":"render","name":"ReportReview.pdf","previousOperationId":null,"profileId":"GMrjPfbyNVXQvn35","timestamp":1646246263510,"id":"w5e4ybffgljdzu7","operationId":"s591pel68megklc"}
{"type":"log","timestamp":1646246263511,"level":"info","message":"Starting rendering request 1 (user: null)","meta":{"rootId":"nxzsjn03zgpnwmd","id":"nxzsjn03zgpnwmd"},"id":"zr3h7kskzdzk6ww","operationId":"o45pl3rrvkfj3r9","previousOperationId":"s591pel68megklc"}
{"type":"log","timestamp":1646246263512,"level":"info","message":"Rendering template { name: ReportReview.pdf, recipe: chrome-pdf, engine: handlebars, preview: false }","meta":{"rootId":"nxzsjn03zgpnwmd","id":"nxzsjn03zgpnwmd"},"id":"nshlg16oiutb1ya","operationId":"kldho41r07q2xav","previousOperationId":"s591pel68megklc"}
{"type":"log","timestamp":1646246263515,"level":"debug","message":"Data item not defined for this template.","meta":{"rootId":"nxzsjn03zgpnwmd","id":"nxzsjn03zgpnwmd"},"id":"vedvjk2iv7rssqr","operationId":"j2er20di3u5m84v","previousOperationId":"s591pel68megklc"}
{"type":"log","timestamp":1646246263519,"level":"debug","message":"Executing script review-script (beforeRender)","meta":{"rootId":"nxzsjn03zgpnwmd","id":"nxzsjn03zgpnwmd"},"id":"j6z2ge6yzvag2t3","operationId":"o6f6tap8q97k1tk","previousOperationId":"s591pel68megklc"}
{"type":"operationStart","subtype":"scriptsBeforeRender","name":"scripts beforeRender","timestamp":1646246263877,"id":"agbwmtt8r8ki8ft","previousEventId":"w5e4ybffgljdzu7","operationId":"bhy9en2i1rqtgqr","previousOperationId":"s591pel68megklc"}
{"type":"operationStart","subtype":"script","name":"scripts review-script","previousOperationId":"bhy9en2i1rqtgqr","timestamp":1646246263877,"id":"9wa8p0eu1vbhi6t","previousEventId":"agbwmtt8r8ki8ft","operationId":"sg4twj2gtx088js"}
{"type":"operationEnd","operationId":"sg4twj2gtx088js","timestamp":1646246263913,"id":"jeeu24fyn3fu8um","previousEventId":"w5e4ybffgljdzu7","previousOperationId":"s591pel68megklc"}
{"type":"operationEnd","operationId":"bhy9en2i1rqtgqr","timestamp":1646246263913,"id":"gi7tkyji635hca4","previousEventId":"jeeu24fyn3fu8um","previousOperationId":"s591pel68megklc"}
{"type":"log","timestamp":1646246263913,"level":"debug","message":"Base url not specified, skipping its injection.","meta":{"rootId":"nxzsjn03zgpnwmd","id":"nxzsjn03zgpnwmd"},"id":"71qwtf6xg493k6h","operationId":"dg5q8b893rpfhhg","previousOperationId":"bhy9en2i1rqtgqr"}
{"type":"operationStart","subtype":"engine","name":"handlebars","timestamp":1646246263914,"id":"lzhw61ou2sieyru","previousEventId":"gi7tkyji635hca4","operationId":"41w8hv80qh1izek","previousOperationId":"bhy9en2i1rqtgqr"}
{"type":"log","timestamp":1646246263914,"level":"debug","message":"Rendering engine handlebars","meta":{"rootId":"nxzsjn03zgpnwmd","id":"nxzsjn03zgpnwmd"},"id":"pbl5unxwwbm750o","operationId":"4a87loq35ci4g88","previousOperationId":"41w8hv80qh1izek"}
{"type":"operationEnd","operationId":"41w8hv80qh1izek","timestamp":1646246264083,"id":"gtkcoqyd9a7d7ei","previousEventId":"lzhw61ou2sieyru","previousOperationId":"41w8hv80qh1izek"}
{"type":"operationStart","subtype":"recipe","name":"chrome-pdf","timestamp":1646246264084,"id":"94usns0017txkhe","previousEventId":"gtkcoqyd9a7d7ei","operationId":"cfdqmd5u23nn7d0","previousOperationId":"41w8hv80qh1izek"}
{"type":"log","timestamp":1646246264084,"level":"debug","message":"Executing recipe chrome-pdf","meta":{"rootId":"nxzsjn03zgpnwmd","id":"nxzsjn03zgpnwmd"},"id":"j9ofn8zvz9qmc6g","operationId":"n1khntv8p4acy8k","previousOperationId":"cfdqmd5u23nn7d0"}
{"type":"log","timestamp":1646246264560,"level":"debug","message":"Converting with chrome HeadlessChrome/98.0.4758.0 using chrome-pool strategy","meta":{"rootId":"nxzsjn03zgpnwmd","id":"nxzsjn03zgpnwmd"},"id":"ro0k0st5d8bsmvb","operationId":"ihq2vguyiqg2lad","previousOperationId":"cfdqmd5u23nn7d0"}
{"type":"log","timestamp":1646246265144,"level":"debug","message":"Page request: GET (document) file:///C:/Users/ALUMNA~4/AppData/Local/Temp/jsreport/autocleanup/2220d0c4-5644-44b4-ad8c-f28ece4288e6-chrome-pdf.html","meta":{"rootId":"nxzsjn03zgpnwmd","id":"nxzsjn03zgpnwmd"},"id":"xt5bdjpptq1tz9f","operationId":"erg2d7uoaip4lcc","previousOperationId":"cfdqmd5u23nn7d0"}
{"type":"log","timestamp":1646246265167,"level":"debug","message":"Page request finished: GET (document) file:///C:/Users/ALUMNA~4/AppData/Local/Temp/jsreport/autocleanup/2220d0c4-5644-44b4-ad8c-f28ece4288e6-chrome-pdf.html","meta":{"rootId":"nxzsjn03zgpnwmd","id":"nxzsjn03zgpnwmd"},"id":"mekgz4skoasu14e","operationId":"qwgm909j57awzm2","previousOperationId":"cfdqmd5u23nn7d0"}
{"type":"log","timestamp":1646246265168,"level":"debug","message":"Page request: GET (stylesheet) https://cdnjs.cloudflare.com/ajax/libs/metro/4.1.5/css/metro.min.css","meta":{"rootId":"nxzsjn03zgpnwmd","id":"nxzsjn03zgpnwmd"},"id":"d7x5n2f4iu93zxh","operationId":"n67ce5kv9itjm87","previousOperationId":"cfdqmd5u23nn7d0"}
{"type":"log","timestamp":1646246267724,"level":"debug","message":"Page request finished: GET (stylesheet) 200 https://cdnjs.cloudflare.com/ajax/libs/metro/4.1.5/css/metro.min.css","meta":{"rootId":"nxzsjn03zgpnwmd","id":"nxzsjn03zgpnwmd"},"id":"fr68wte99xlhviy","operationId":"fc9jwz2atwtdlqw","previousOperationId":"cfdqmd5u23nn7d0"}
{"type":"log","timestamp":1646246267764,"level":"debug","message":"Running chrome with params {\"printBackground\":true,\"displayHeaderFooter\":true,\"timeout\":60000,\"margin\":{}}","meta":{"rootId":"nxzsjn03zgpnwmd","id":"nxzsjn03zgpnwmd"},"id":"lk1jt7mc3f0lhwr","operationId":"5x11pew31r27f5h","previousOperationId":"cfdqmd5u23nn7d0"}
{"type":"operationEnd","operationId":"cfdqmd5u23nn7d0","timestamp":1646246268061,"id":"avzlgwa3hljvi15","previousEventId":"94usns0017txkhe","previousOperationId":"cfdqmd5u23nn7d0"}
{"type":"log","timestamp":1646246268062,"level":"debug","message":"Skipping storing report.","meta":{"rootId":"nxzsjn03zgpnwmd","id":"nxzsjn03zgpnwmd"},"id":"p8tyx3ag57e9ltu","operationId":"g6furhmmc5opes1","previousOperationId":"cfdqmd5u23nn7d0"}
{"type":"log","timestamp":1646246268062,"level":"info","message":"Rendering request 1 finished in 4551 ms","meta":{"rootId":"nxzsjn03zgpnwmd","id":"nxzsjn03zgpnwmd"},"id":"cmhin29kd4si6i8","operationId":"4ujahak6nw26alf","previousOperationId":"cfdqmd5u23nn7d0"}
{"type":"operationEnd","subtype":"render","operationId":"s591pel68megklc","timestamp":1646246268062,"id":"kgsi87ny0wh7qn0","previousEventId":"avzlgwa3hljvi15","previousOperationId":"cfdqmd5u23nn7d0"}
