{"type":"operationStart","subtype":"render","name":"ReportReview.pdf","previousOperationId":null,"profileId":"7WHcqNn2iYrQbOqz","timestamp":1646168743108,"id":"xoiorf0or2wr7ng","operationId":"tj82xsfo842x1g2"}
{"type":"log","timestamp":1646168743109,"level":"info","message":"Starting rendering request 1 (user: null)","meta":{"rootId":"vgsv0mh6dpj3rik","id":"vgsv0mh6dpj3rik"},"id":"qvyf25dbb7gj5xo","operationId":"doee6kdw6bxkl5n","previousOperationId":"tj82xsfo842x1g2"}
{"type":"log","timestamp":1646168743111,"level":"info","message":"Rendering template { name: ReportReview.pdf, recipe: chrome-pdf, engine: handlebars, preview: false }","meta":{"rootId":"vgsv0mh6dpj3rik","id":"vgsv0mh6dpj3rik"},"id":"yz7yb813mrkd8v4","operationId":"lubmlhtnitvk6z5","previousOperationId":"tj82xsfo842x1g2"}
{"type":"log","timestamp":1646168743113,"level":"debug","message":"Data item not defined for this template.","meta":{"rootId":"vgsv0mh6dpj3rik","id":"vgsv0mh6dpj3rik"},"id":"qa8gyzopdc9zrqr","operationId":"nsr981q2suhmq2g","previousOperationId":"tj82xsfo842x1g2"}
{"type":"log","timestamp":1646168743116,"level":"debug","message":"Executing script review-script (beforeRender)","meta":{"rootId":"vgsv0mh6dpj3rik","id":"vgsv0mh6dpj3rik"},"id":"dr8tbuqsibtcbyq","operationId":"v6bvycsw2gtyoij","previousOperationId":"tj82xsfo842x1g2"}
{"type":"operationStart","subtype":"scriptsBeforeRender","name":"scripts beforeRender","timestamp":1646168744193,"id":"kakmzq58q6pxlq9","previousEventId":"xoiorf0or2wr7ng","operationId":"wtgb166v3cvz5o1","previousOperationId":"tj82xsfo842x1g2"}
{"type":"operationStart","subtype":"script","name":"scripts review-script","previousOperationId":"wtgb166v3cvz5o1","timestamp":1646168744193,"id":"vmywp1y1y5byci6","previousEventId":"kakmzq58q6pxlq9","operationId":"h4kejqrvrlgrrmk"}
{"type":"operationEnd","operationId":"h4kejqrvrlgrrmk","timestamp":1646168744242,"id":"smdvuri63zqckf9","previousEventId":"xoiorf0or2wr7ng","previousOperationId":"tj82xsfo842x1g2"}
{"type":"operationEnd","operationId":"wtgb166v3cvz5o1","timestamp":1646168744242,"id":"bdjbwmeo5whkaa1","previousEventId":"smdvuri63zqckf9","previousOperationId":"tj82xsfo842x1g2"}
{"type":"log","timestamp":1646168744243,"level":"debug","message":"Base url not specified, skipping its injection.","meta":{"rootId":"vgsv0mh6dpj3rik","id":"vgsv0mh6dpj3rik"},"id":"1o3njrgph86nuj1","operationId":"8sj1nem20ubu0be","previousOperationId":"wtgb166v3cvz5o1"}
{"type":"operationStart","subtype":"engine","name":"handlebars","timestamp":1646168744244,"id":"wofz2euzsbrkbrh","previousEventId":"bdjbwmeo5whkaa1","operationId":"uoihjmm31cziwmc","previousOperationId":"wtgb166v3cvz5o1"}
{"type":"log","timestamp":1646168744244,"level":"debug","message":"Rendering engine handlebars","meta":{"rootId":"vgsv0mh6dpj3rik","id":"vgsv0mh6dpj3rik"},"id":"gols3v4l480hugn","operationId":"3juoy7bn1amblyn","previousOperationId":"uoihjmm31cziwmc"}
{"type":"operationEnd","operationId":"uoihjmm31cziwmc","timestamp":1646168744947,"id":"yrm2swwl00sfelx","previousEventId":"wofz2euzsbrkbrh","previousOperationId":"uoihjmm31cziwmc"}
{"type":"operationStart","subtype":"recipe","name":"chrome-pdf","timestamp":1646168744948,"id":"h0vons37lv9iccg","previousEventId":"yrm2swwl00sfelx","operationId":"jta97eba51h5tpn","previousOperationId":"uoihjmm31cziwmc"}
{"type":"log","timestamp":1646168744948,"level":"debug","message":"Executing recipe chrome-pdf","meta":{"rootId":"vgsv0mh6dpj3rik","id":"vgsv0mh6dpj3rik"},"id":"sud7dx50bw6390w","operationId":"yn7ewbmggqc3gsc","previousOperationId":"jta97eba51h5tpn"}
{"type":"log","timestamp":1646168748054,"level":"debug","message":"Converting with chrome HeadlessChrome/98.0.4758.0 using chrome-pool strategy","meta":{"rootId":"vgsv0mh6dpj3rik","id":"vgsv0mh6dpj3rik"},"id":"koa81htcv3qotcb","operationId":"vr1ksi9p2z8ikaf","previousOperationId":"jta97eba51h5tpn"}
{"type":"log","timestamp":1646168749081,"level":"debug","message":"Page request: GET (document) file:///C:/Users/asore/AppData/Local/Temp/jsreport/autocleanup/e92a896c-445e-4bee-990e-a04b6b062c07-chrome-pdf.html","meta":{"rootId":"vgsv0mh6dpj3rik","id":"vgsv0mh6dpj3rik"},"id":"449okdl4ex4jr9p","operationId":"9a8x5z1h8xde783","previousOperationId":"jta97eba51h5tpn"}
{"type":"log","timestamp":1646168749090,"level":"debug","message":"Page request finished: GET (document) file:///C:/Users/asore/AppData/Local/Temp/jsreport/autocleanup/e92a896c-445e-4bee-990e-a04b6b062c07-chrome-pdf.html","meta":{"rootId":"vgsv0mh6dpj3rik","id":"vgsv0mh6dpj3rik"},"id":"sf90whso0kzyn26","operationId":"egw58gd8drw0zcz","previousOperationId":"jta97eba51h5tpn"}
{"type":"log","timestamp":1646168749090,"level":"debug","message":"Page request: GET (stylesheet) https://cdnjs.cloudflare.com/ajax/libs/metro/4.1.5/css/metro.min.css","meta":{"rootId":"vgsv0mh6dpj3rik","id":"vgsv0mh6dpj3rik"},"id":"2bzi289lgu39a2f","operationId":"zmmf5hb8wiq2wf5","previousOperationId":"jta97eba51h5tpn"}
{"type":"log","timestamp":1646168751720,"level":"debug","message":"Page request finished: GET (stylesheet) 200 https://cdnjs.cloudflare.com/ajax/libs/metro/4.1.5/css/metro.min.css","meta":{"rootId":"vgsv0mh6dpj3rik","id":"vgsv0mh6dpj3rik"},"id":"upo9lcv7zb4h0l0","operationId":"oeimk5c653sa7fq","previousOperationId":"jta97eba51h5tpn"}
{"type":"log","timestamp":1646168751786,"level":"debug","message":"Running chrome with params {\"printBackground\":true,\"displayHeaderFooter\":true,\"timeout\":60000,\"margin\":{}}","meta":{"rootId":"vgsv0mh6dpj3rik","id":"vgsv0mh6dpj3rik"},"id":"p38ui5dxcsqwsij","operationId":"cekduinsd6iwsd6","previousOperationId":"jta97eba51h5tpn"}
{"type":"operationEnd","operationId":"jta97eba51h5tpn","timestamp":1646168752065,"id":"qkci1muviah0uwf","previousEventId":"h0vons37lv9iccg","previousOperationId":"jta97eba51h5tpn"}
{"type":"log","timestamp":1646168752066,"level":"debug","message":"Skipping storing report.","meta":{"rootId":"vgsv0mh6dpj3rik","id":"vgsv0mh6dpj3rik"},"id":"hj6fan306y7guhi","operationId":"qy4a5xg6rpb5mwd","previousOperationId":"jta97eba51h5tpn"}
{"type":"log","timestamp":1646168752066,"level":"info","message":"Rendering request 1 finished in 8957 ms","meta":{"rootId":"vgsv0mh6dpj3rik","id":"vgsv0mh6dpj3rik"},"id":"rdnof4jhqbaox58","operationId":"kktr6vcgb6em63d","previousOperationId":"jta97eba51h5tpn"}
{"type":"operationEnd","subtype":"render","operationId":"tj82xsfo842x1g2","timestamp":1646168752067,"id":"vmgz8bnl29xnyz2","previousEventId":"qkci1muviah0uwf","previousOperationId":"jta97eba51h5tpn"}
