{"type":"operationStart","subtype":"render","name":"ReportReview.pdf","previousOperationId":null,"profileId":"IxYo0PWRePgZhyI1","timestamp":1645814801157,"id":"7en6f3f3ykku4ba","operationId":"aszdb9oqjr0nvuj"}
{"type":"log","timestamp":1645814801157,"level":"info","message":"Starting rendering request 5 (user: null)","meta":{"rootId":"z85fstm6u2zhjyk","id":"z85fstm6u2zhjyk"},"id":"cy0pci6zf600auu","operationId":"juatoo1grqfibzy","previousOperationId":"aszdb9oqjr0nvuj"}
{"type":"log","timestamp":1645814801157,"level":"info","message":"Rendering template { name: ReportReview.pdf, recipe: chrome-pdf, engine: handlebars, preview: true }","meta":{"rootId":"z85fstm6u2zhjyk","id":"z85fstm6u2zhjyk"},"id":"kx8ow339bau58v1","operationId":"vao6xikx1unonus","previousOperationId":"aszdb9oqjr0nvuj"}
{"type":"log","timestamp":1645814801158,"level":"debug","message":"Data item not defined for this template.","meta":{"rootId":"z85fstm6u2zhjyk","id":"z85fstm6u2zhjyk"},"id":"v3uw3csl3jdqyru","operationId":"l77eidsrols19ks","previousOperationId":"aszdb9oqjr0nvuj"}
{"type":"log","timestamp":1645814801161,"level":"debug","message":"Executing script review-script (beforeRender)","meta":{"rootId":"z85fstm6u2zhjyk","id":"z85fstm6u2zhjyk"},"id":"8i83w59xu0l1kpt","operationId":"trfn4lplb21uftv","previousOperationId":"aszdb9oqjr0nvuj"}
{"type":"operationStart","subtype":"scriptsBeforeRender","name":"scripts beforeRender","timestamp":1645814801173,"id":"eg12icx3fku4kha","previousEventId":"7en6f3f3ykku4ba","operationId":"blr2dcfsp9hskzx","previousOperationId":"aszdb9oqjr0nvuj"}
{"type":"operationStart","subtype":"script","name":"scripts review-script","previousOperationId":"blr2dcfsp9hskzx","timestamp":1645814801174,"id":"5w9wi1s7k9zovwa","previousEventId":"eg12icx3fku4kha","operationId":"vr38lt8auon4z7v"}
{"type":"operationEnd","operationId":"vr38lt8auon4z7v","timestamp":1645814801178,"id":"48l98iywxwutp2h","previousEventId":"7en6f3f3ykku4ba","previousOperationId":"aszdb9oqjr0nvuj"}
{"type":"operationEnd","operationId":"blr2dcfsp9hskzx","timestamp":1645814801178,"id":"iz8ky90bxgdyi36","previousEventId":"48l98iywxwutp2h","previousOperationId":"aszdb9oqjr0nvuj"}
{"type":"log","timestamp":1645814801178,"level":"debug","message":"Base url not specified, skipping its injection.","meta":{"rootId":"z85fstm6u2zhjyk","id":"z85fstm6u2zhjyk"},"id":"8vt5io652yn95iu","operationId":"ypbcrwsow5p5q6l","previousOperationId":"blr2dcfsp9hskzx"}
{"type":"operationStart","subtype":"engine","name":"handlebars","timestamp":1645814801179,"id":"vq18r1kfm2ye1yn","previousEventId":"iz8ky90bxgdyi36","operationId":"zy8zbca30t2v9tk","previousOperationId":"blr2dcfsp9hskzx"}
{"type":"log","timestamp":1645814801179,"level":"debug","message":"Rendering engine handlebars","meta":{"rootId":"z85fstm6u2zhjyk","id":"z85fstm6u2zhjyk"},"id":"qs4936kci244g73","operationId":"t54oxi384b0zzjx","previousOperationId":"zy8zbca30t2v9tk"}
{"type":"operationEnd","operationId":"zy8zbca30t2v9tk","timestamp":1645814801191,"id":"96acv0i7z0afran","previousEventId":"vq18r1kfm2ye1yn","previousOperationId":"zy8zbca30t2v9tk"}
{"type":"operationStart","subtype":"recipe","name":"chrome-pdf","timestamp":1645814801193,"id":"r6je1y79w1lykhe","previousEventId":"96acv0i7z0afran","operationId":"n3cyxc9179go9yr","previousOperationId":"zy8zbca30t2v9tk"}
{"type":"log","timestamp":1645814801193,"level":"debug","message":"Executing recipe chrome-pdf","meta":{"rootId":"z85fstm6u2zhjyk","id":"z85fstm6u2zhjyk"},"id":"1ybu4cu050go4vw","operationId":"2h8fq21ydy3g0or","previousOperationId":"n3cyxc9179go9yr"}
{"type":"log","timestamp":1645814801196,"level":"debug","message":"Converting with chrome HeadlessChrome/98.0.4758.0 using chrome-pool strategy","meta":{"rootId":"z85fstm6u2zhjyk","id":"z85fstm6u2zhjyk"},"id":"d7syvg4jqpogjhs","operationId":"9ir3i9w86e4qbvw","previousOperationId":"n3cyxc9179go9yr"}
{"type":"log","timestamp":1645814801290,"level":"debug","message":"Page request: GET (document) file:///C:/Users/ALUMNA~4/AppData/Local/Temp/jsreport/autocleanup/d1acc0af-bdc5-42a5-996d-81deded67ce4-chrome-pdf.html","meta":{"rootId":"z85fstm6u2zhjyk","id":"z85fstm6u2zhjyk"},"id":"f3a40dk8k77aa68","operationId":"3m1t6z8s0yn0sxy","previousOperationId":"n3cyxc9179go9yr"}
{"type":"log","timestamp":1645814801307,"level":"debug","message":"Page request finished: GET (document) file:///C:/Users/ALUMNA~4/AppData/Local/Temp/jsreport/autocleanup/d1acc0af-bdc5-42a5-996d-81deded67ce4-chrome-pdf.html","meta":{"rootId":"z85fstm6u2zhjyk","id":"z85fstm6u2zhjyk"},"id":"wu3kt1hnuxuog2k","operationId":"waxign5ww9s08p1","previousOperationId":"n3cyxc9179go9yr"}
{"type":"log","timestamp":1645814801308,"level":"debug","message":"Page request: GET (stylesheet) https://cdnjs.cloudflare.com/ajax/libs/metro/4.1.5/css/metro.min.css","meta":{"rootId":"z85fstm6u2zhjyk","id":"z85fstm6u2zhjyk"},"id":"2h0vfhhuer8fzf9","operationId":"g6pil6b0bz164ck","previousOperationId":"n3cyxc9179go9yr"}
{"type":"log","timestamp":1645814801332,"level":"debug","message":"Page request finished: GET (stylesheet) 200 https://cdnjs.cloudflare.com/ajax/libs/metro/4.1.5/css/metro.min.css","meta":{"rootId":"z85fstm6u2zhjyk","id":"z85fstm6u2zhjyk"},"id":"jc7yoau1jrx8bgg","operationId":"na47cl9gqjdvxfu","previousOperationId":"n3cyxc9179go9yr"}
{"type":"log","timestamp":1645814801368,"level":"debug","message":"Running chrome with params {\"printBackground\":true,\"displayHeaderFooter\":true,\"timeout\":60000,\"margin\":{}}","meta":{"rootId":"z85fstm6u2zhjyk","id":"z85fstm6u2zhjyk"},"id":"ybzr1f9rtwq69ie","operationId":"bgga59itxiy9b4n","previousOperationId":"n3cyxc9179go9yr"}
{"type":"operationEnd","operationId":"n3cyxc9179go9yr","timestamp":1645814801535,"id":"962ldrpsy6r5llo","previousEventId":"r6je1y79w1lykhe","previousOperationId":"n3cyxc9179go9yr"}
{"type":"log","timestamp":1645814801535,"level":"debug","message":"Skipping storing report.","meta":{"rootId":"z85fstm6u2zhjyk","id":"z85fstm6u2zhjyk"},"id":"0kzbdph7bsw3not","operationId":"uwyhnqg74nmf0uv","previousOperationId":"n3cyxc9179go9yr"}
{"type":"log","timestamp":1645814801535,"level":"info","message":"Rendering request 5 finished in 378 ms","meta":{"rootId":"z85fstm6u2zhjyk","id":"z85fstm6u2zhjyk"},"id":"vz8k3dbhanjuccb","operationId":"8x69o31qzi6a8uf","previousOperationId":"n3cyxc9179go9yr"}
{"type":"operationEnd","subtype":"render","operationId":"aszdb9oqjr0nvuj","timestamp":1645814801535,"id":"kk2txgfx8gcrg0c","previousEventId":"962ldrpsy6r5llo","previousOperationId":"n3cyxc9179go9yr"}
