{"type":"operationStart","subtype":"render","name":"ReportMessage.pdf","previousOperationId":null,"profileId":"MpWjDb4uMSPJSoi3","timestamp":1645991021242,"id":"pnys3tq7g3yw1uv","operationId":"g0ymgrqfhie9vp7"}
{"type":"log","timestamp":1645991021243,"level":"info","message":"Starting rendering request 2 (user: null)","meta":{"rootId":"7ydxhhlwtfo0p2e","id":"7ydxhhlwtfo0p2e"},"id":"y1uo24fbn1ohptd","operationId":"gkbzuilgdwzlnk3","previousOperationId":"g0ymgrqfhie9vp7"}
{"type":"log","timestamp":1645991021243,"level":"info","message":"Rendering template { name: ReportMessage.pdf, recipe: chrome-pdf, engine: handlebars, preview: false }","meta":{"rootId":"7ydxhhlwtfo0p2e","id":"7ydxhhlwtfo0p2e"},"id":"fcdgegezb3cq4am","operationId":"f9s4a1h6horht40","previousOperationId":"g0ymgrqfhie9vp7"}
{"type":"log","timestamp":1645991021244,"level":"debug","message":"Data item not defined for this template.","meta":{"rootId":"7ydxhhlwtfo0p2e","id":"7ydxhhlwtfo0p2e"},"id":"cfu8clt9lmdufhc","operationId":"dc4z7is4khtugjy","previousOperationId":"g0ymgrqfhie9vp7"}
{"type":"log","timestamp":1645991021246,"level":"debug","message":"Executing script message-script (beforeRender)","meta":{"rootId":"7ydxhhlwtfo0p2e","id":"7ydxhhlwtfo0p2e"},"id":"1bv6liz0sdjj6q8","operationId":"ems8iu7qixswfwt","previousOperationId":"g0ymgrqfhie9vp7"}
{"type":"operationStart","subtype":"scriptsBeforeRender","name":"scripts beforeRender","timestamp":1645991021262,"id":"8kmbmj7m1smhmug","previousEventId":"pnys3tq7g3yw1uv","operationId":"epbscnfx3cokoea","previousOperationId":"g0ymgrqfhie9vp7"}
{"type":"operationStart","subtype":"script","name":"scripts message-script","previousOperationId":"epbscnfx3cokoea","timestamp":1645991021262,"id":"71lf1pxn5jzcktd","previousEventId":"8kmbmj7m1smhmug","operationId":"hw6hov82v6vapfo"}
{"type":"operationEnd","operationId":"hw6hov82v6vapfo","timestamp":1645991021268,"id":"1hg3ur6lgjgb6o5","previousEventId":"pnys3tq7g3yw1uv","previousOperationId":"g0ymgrqfhie9vp7"}
{"type":"operationEnd","operationId":"epbscnfx3cokoea","timestamp":1645991021268,"id":"dg70c9yu1ntpvfy","previousEventId":"1hg3ur6lgjgb6o5","previousOperationId":"g0ymgrqfhie9vp7"}
{"type":"log","timestamp":1645991021268,"level":"debug","message":"Base url not specified, skipping its injection.","meta":{"rootId":"7ydxhhlwtfo0p2e","id":"7ydxhhlwtfo0p2e"},"id":"miodl5k2cv6dc1y","operationId":"ufmu0pbaqgdnbep","previousOperationId":"epbscnfx3cokoea"}
{"type":"operationStart","subtype":"engine","name":"handlebars","timestamp":1645991021268,"id":"x16cwgkkcukm6xc","previousEventId":"dg70c9yu1ntpvfy","operationId":"ry0kl83e8dznm84","previousOperationId":"epbscnfx3cokoea"}
{"type":"log","timestamp":1645991021268,"level":"debug","message":"Rendering engine handlebars","meta":{"rootId":"7ydxhhlwtfo0p2e","id":"7ydxhhlwtfo0p2e"},"id":"sj90ktv32n5vk7b","operationId":"n3352vbdh1y6ju9","previousOperationId":"ry0kl83e8dznm84"}
{"type":"operationEnd","operationId":"ry0kl83e8dznm84","timestamp":1645991021297,"id":"mk2crgm1wiq78q4","previousEventId":"x16cwgkkcukm6xc","previousOperationId":"ry0kl83e8dznm84"}
{"type":"operationStart","subtype":"recipe","name":"chrome-pdf","timestamp":1645991021297,"id":"iqpc1f0khrehsur","previousEventId":"mk2crgm1wiq78q4","operationId":"76wrpg2uql026jp","previousOperationId":"ry0kl83e8dznm84"}
{"type":"log","timestamp":1645991021297,"level":"debug","message":"Executing recipe chrome-pdf","meta":{"rootId":"7ydxhhlwtfo0p2e","id":"7ydxhhlwtfo0p2e"},"id":"atg5m2qjrxq37zb","operationId":"bxielp7c5x2vkez","previousOperationId":"76wrpg2uql026jp"}
{"type":"log","timestamp":1645991021299,"level":"debug","message":"Converting with chrome HeadlessChrome/98.0.4758.0 using chrome-pool strategy","meta":{"rootId":"7ydxhhlwtfo0p2e","id":"7ydxhhlwtfo0p2e"},"id":"zk0efhju9ojf5hs","operationId":"aksecm8sbbpthba","previousOperationId":"76wrpg2uql026jp"}
{"type":"log","timestamp":1645991021538,"level":"debug","message":"Page request: GET (document) file:///C:/Users/asore/AppData/Local/Temp/jsreport/autocleanup/ac0d6c9c-073c-4a0f-972c-8edca9560ee6-chrome-pdf.html","meta":{"rootId":"7ydxhhlwtfo0p2e","id":"7ydxhhlwtfo0p2e"},"id":"7wkv630v1jpers1","operationId":"8mgs1y4v8io4se9","previousOperationId":"76wrpg2uql026jp"}
{"type":"log","timestamp":1645991021545,"level":"debug","message":"Page request finished: GET (document) file:///C:/Users/asore/AppData/Local/Temp/jsreport/autocleanup/ac0d6c9c-073c-4a0f-972c-8edca9560ee6-chrome-pdf.html","meta":{"rootId":"7ydxhhlwtfo0p2e","id":"7ydxhhlwtfo0p2e"},"id":"v83uuxv5baoj3c2","operationId":"f3xkolhutvg8umz","previousOperationId":"76wrpg2uql026jp"}
{"type":"log","timestamp":1645991021545,"level":"debug","message":"Page request: GET (stylesheet) https://cdnjs.cloudflare.com/ajax/libs/metro/4.1.5/css/metro.min.css","meta":{"rootId":"7ydxhhlwtfo0p2e","id":"7ydxhhlwtfo0p2e"},"id":"oub0avjkxvc1txp","operationId":"lsuuttuqznrhf6j","previousOperationId":"76wrpg2uql026jp"}
{"type":"log","timestamp":1645991021567,"level":"debug","message":"Page request finished: GET (stylesheet) 200 https://cdnjs.cloudflare.com/ajax/libs/metro/4.1.5/css/metro.min.css","meta":{"rootId":"7ydxhhlwtfo0p2e","id":"7ydxhhlwtfo0p2e"},"id":"iytml87ffjn6w9z","operationId":"acrnudi9xb0l8n0","previousOperationId":"76wrpg2uql026jp"}
{"type":"log","timestamp":1645991021599,"level":"debug","message":"Running chrome with params {\"printBackground\":true,\"displayHeaderFooter\":true,\"timeout\":60000,\"margin\":{}}","meta":{"rootId":"7ydxhhlwtfo0p2e","id":"7ydxhhlwtfo0p2e"},"id":"nykwa52w31uptpz","operationId":"lab5zxwju8u0ujx","previousOperationId":"76wrpg2uql026jp"}
{"type":"operationEnd","operationId":"76wrpg2uql026jp","timestamp":1645991021726,"id":"o7qt5qp6nthmjg8","previousEventId":"iqpc1f0khrehsur","previousOperationId":"76wrpg2uql026jp"}
{"type":"log","timestamp":1645991021726,"level":"debug","message":"Skipping storing report.","meta":{"rootId":"7ydxhhlwtfo0p2e","id":"7ydxhhlwtfo0p2e"},"id":"dkqk63t2zyyn12v","operationId":"9ws26tw12kbqy5z","previousOperationId":"76wrpg2uql026jp"}
{"type":"log","timestamp":1645991021726,"level":"info","message":"Rendering request 2 finished in 483 ms","meta":{"rootId":"7ydxhhlwtfo0p2e","id":"7ydxhhlwtfo0p2e"},"id":"v7fo9fdqrscewxq","operationId":"uzn0a9b7y22b8cp","previousOperationId":"76wrpg2uql026jp"}
{"type":"operationEnd","subtype":"render","operationId":"g0ymgrqfhie9vp7","timestamp":1645991021726,"id":"lkli1b1a0jm3vso","previousEventId":"o7qt5qp6nthmjg8","previousOperationId":"76wrpg2uql026jp"}
