{"type":"operationStart","subtype":"render","name":"ReportMessage.pdf","previousOperationId":null,"profileId":"1D0FPmKOHhfdDJep","timestamp":1645815018039,"id":"5z4fb1qn0w86m2a","operationId":"8v2u9vzzoe3mczt"}
{"type":"log","timestamp":1645815018040,"level":"info","message":"Starting rendering request 2 (user: null)","meta":{"rootId":"9ogievuiztianfc","id":"9ogievuiztianfc"},"id":"4iemhzcuawyqdkb","operationId":"3k2cknkceyz8q54","previousOperationId":"8v2u9vzzoe3mczt"}
{"type":"log","timestamp":1645815018040,"level":"info","message":"Rendering template { name: ReportMessage.pdf, recipe: chrome-pdf, engine: handlebars, preview: true }","meta":{"rootId":"9ogievuiztianfc","id":"9ogievuiztianfc"},"id":"lv1anhtiwgk2h2d","operationId":"7tceix28hkf6kod","previousOperationId":"8v2u9vzzoe3mczt"}
{"type":"log","timestamp":1645815018041,"level":"debug","message":"Data item not defined for this template.","meta":{"rootId":"9ogievuiztianfc","id":"9ogievuiztianfc"},"id":"9wxqukcn87m50qt","operationId":"flihx59tyd7qx58","previousOperationId":"8v2u9vzzoe3mczt"}
{"type":"log","timestamp":1645815018044,"level":"debug","message":"Executing script message-script (beforeRender)","meta":{"rootId":"9ogievuiztianfc","id":"9ogievuiztianfc"},"id":"43emcqcfufo2brv","operationId":"08npp8pzkhyydvw","previousOperationId":"8v2u9vzzoe3mczt"}
{"type":"operationStart","subtype":"scriptsBeforeRender","name":"scripts beforeRender","timestamp":1645815018070,"id":"u6ei03k8cd6v0z9","previousEventId":"5z4fb1qn0w86m2a","operationId":"13mcqc90f51a9bh","previousOperationId":"8v2u9vzzoe3mczt"}
{"type":"operationStart","subtype":"script","name":"scripts message-script","previousOperationId":"13mcqc90f51a9bh","timestamp":1645815018070,"id":"knpno12k27sxhth","previousEventId":"u6ei03k8cd6v0z9","operationId":"tl6ze2w2uwl41u8"}
{"type":"operationEnd","operationId":"tl6ze2w2uwl41u8","timestamp":1645815018080,"id":"8sfh8gtzcrdayat","previousEventId":"5z4fb1qn0w86m2a","previousOperationId":"8v2u9vzzoe3mczt"}
{"type":"operationEnd","operationId":"13mcqc90f51a9bh","timestamp":1645815018080,"id":"oxwwp5b1jm5bhs3","previousEventId":"8sfh8gtzcrdayat","previousOperationId":"8v2u9vzzoe3mczt"}
{"type":"log","timestamp":1645815018080,"level":"debug","message":"Base url not specified, skipping its injection.","meta":{"rootId":"9ogievuiztianfc","id":"9ogievuiztianfc"},"id":"j0no6c7cclq1bx0","operationId":"xnkxm8bwsw5h0hv","previousOperationId":"13mcqc90f51a9bh"}
{"type":"operationStart","subtype":"engine","name":"handlebars","timestamp":1645815018080,"id":"yrt2fgmap73bvnq","previousEventId":"oxwwp5b1jm5bhs3","operationId":"co4ajtuo8ny6n65","previousOperationId":"13mcqc90f51a9bh"}
{"type":"log","timestamp":1645815018080,"level":"debug","message":"Rendering engine handlebars","meta":{"rootId":"9ogievuiztianfc","id":"9ogievuiztianfc"},"id":"hha9oq0g10546ta","operationId":"a3gst9h6raqjp8o","previousOperationId":"co4ajtuo8ny6n65"}
{"type":"operationEnd","operationId":"co4ajtuo8ny6n65","timestamp":1645815018099,"id":"a6woddo64njidc3","previousEventId":"yrt2fgmap73bvnq","previousOperationId":"co4ajtuo8ny6n65"}
{"type":"operationStart","subtype":"recipe","name":"chrome-pdf","timestamp":1645815018099,"id":"txgm9cya1c7cil7","previousEventId":"a6woddo64njidc3","operationId":"3vkf4tavrilb5l7","previousOperationId":"co4ajtuo8ny6n65"}
{"type":"log","timestamp":1645815018099,"level":"debug","message":"Executing recipe chrome-pdf","meta":{"rootId":"9ogievuiztianfc","id":"9ogievuiztianfc"},"id":"sp0a8fpqgmstwqp","operationId":"kr9ef104x394uv3","previousOperationId":"3vkf4tavrilb5l7"}
{"type":"log","timestamp":1645815018103,"level":"debug","message":"Converting with chrome HeadlessChrome/98.0.4758.0 using chrome-pool strategy","meta":{"rootId":"9ogievuiztianfc","id":"9ogievuiztianfc"},"id":"xx0hetg38hp2d6u","operationId":"lbksiqna0zr879j","previousOperationId":"3vkf4tavrilb5l7"}
{"type":"log","timestamp":1645815018194,"level":"debug","message":"Page request: GET (document) file:///C:/Users/ALUMNA~4/AppData/Local/Temp/jsreport/autocleanup/7e604cee-9e6b-4fde-afd2-7b45062f77ae-chrome-pdf.html","meta":{"rootId":"9ogievuiztianfc","id":"9ogievuiztianfc"},"id":"o8uihtoirum2sfd","operationId":"u2voyibe24t4v0h","previousOperationId":"3vkf4tavrilb5l7"}
{"type":"log","timestamp":1645815018215,"level":"debug","message":"Page request finished: GET (document) file:///C:/Users/ALUMNA~4/AppData/Local/Temp/jsreport/autocleanup/7e604cee-9e6b-4fde-afd2-7b45062f77ae-chrome-pdf.html","meta":{"rootId":"9ogievuiztianfc","id":"9ogievuiztianfc"},"id":"5c9ax0xy0tksruh","operationId":"q793ew6alm2ugc0","previousOperationId":"3vkf4tavrilb5l7"}
{"type":"log","timestamp":1645815018216,"level":"debug","message":"Page request: GET (stylesheet) https://cdnjs.cloudflare.com/ajax/libs/metro/4.1.5/css/metro.min.css","meta":{"rootId":"9ogievuiztianfc","id":"9ogievuiztianfc"},"id":"ghkwis0pvoffd3a","operationId":"55dbos5rce94zym","previousOperationId":"3vkf4tavrilb5l7"}
{"type":"log","timestamp":1645815018240,"level":"debug","message":"Page request finished: GET (stylesheet) 200 https://cdnjs.cloudflare.com/ajax/libs/metro/4.1.5/css/metro.min.css","meta":{"rootId":"9ogievuiztianfc","id":"9ogievuiztianfc"},"id":"xg3eqicrf7j7ckk","operationId":"vm3dru7r91ktbt5","previousOperationId":"3vkf4tavrilb5l7"}
{"type":"log","timestamp":1645815018271,"level":"debug","message":"Running chrome with params {\"printBackground\":true,\"displayHeaderFooter\":true,\"timeout\":60000,\"margin\":{}}","meta":{"rootId":"9ogievuiztianfc","id":"9ogievuiztianfc"},"id":"qe4k7xgq6mzhj3p","operationId":"lqd14kjz4bgivq8","previousOperationId":"3vkf4tavrilb5l7"}
{"type":"operationEnd","operationId":"3vkf4tavrilb5l7","timestamp":1645815018416,"id":"kcs8idcupz9wo8k","previousEventId":"txgm9cya1c7cil7","previousOperationId":"3vkf4tavrilb5l7"}
{"type":"log","timestamp":1645815018416,"level":"debug","message":"Skipping storing report.","meta":{"rootId":"9ogievuiztianfc","id":"9ogievuiztianfc"},"id":"b4vxwhjnuz2jh9s","operationId":"w64oflmrq7hpb98","previousOperationId":"3vkf4tavrilb5l7"}
{"type":"log","timestamp":1645815018416,"level":"info","message":"Rendering request 2 finished in 376 ms","meta":{"rootId":"9ogievuiztianfc","id":"9ogievuiztianfc"},"id":"6wmfjwa4zkj1dqm","operationId":"ysrehfdo4y1beck","previousOperationId":"3vkf4tavrilb5l7"}
{"type":"operationEnd","subtype":"render","operationId":"8v2u9vzzoe3mczt","timestamp":1645815018416,"id":"5oh4rl9rdtyynui","previousEventId":"kcs8idcupz9wo8k","previousOperationId":"3vkf4tavrilb5l7"}
