{"type":"operationStart","subtype":"render","name":"ReportMessage.pdf","previousOperationId":null,"profileId":"mHfuwki98edY7RY3","timestamp":1646168752107,"id":"0qsj1f468cypaeh","operationId":"qee1i10x6urzl66"}
{"type":"log","timestamp":1646168752107,"level":"info","message":"Starting rendering request 2 (user: null)","meta":{"rootId":"9rws5ryq3ysvv79","id":"9rws5ryq3ysvv79"},"id":"pxnmx3dqyljpy2s","operationId":"4iglsm3uinu0jen","previousOperationId":"qee1i10x6urzl66"}
{"type":"log","timestamp":1646168752108,"level":"info","message":"Rendering template { name: ReportMessage.pdf, recipe: chrome-pdf, engine: handlebars, preview: false }","meta":{"rootId":"9rws5ryq3ysvv79","id":"9rws5ryq3ysvv79"},"id":"0k1w93z9kk3ffxz","operationId":"na1k5qcctdid7ry","previousOperationId":"qee1i10x6urzl66"}
{"type":"log","timestamp":1646168752108,"level":"debug","message":"Data item not defined for this template.","meta":{"rootId":"9rws5ryq3ysvv79","id":"9rws5ryq3ysvv79"},"id":"np3yg9bxnru963q","operationId":"f2y0e2alggtyg4j","previousOperationId":"qee1i10x6urzl66"}
{"type":"log","timestamp":1646168752110,"level":"debug","message":"Executing script message-script (beforeRender)","meta":{"rootId":"9rws5ryq3ysvv79","id":"9rws5ryq3ysvv79"},"id":"c42nzv9e4ekhrru","operationId":"6yc7b8ol77cus4l","previousOperationId":"qee1i10x6urzl66"}
{"type":"operationStart","subtype":"scriptsBeforeRender","name":"scripts beforeRender","timestamp":1646168752124,"id":"5lz9a2p1dj13lp7","previousEventId":"0qsj1f468cypaeh","operationId":"zzqdnmjzg7mk7j4","previousOperationId":"qee1i10x6urzl66"}
{"type":"operationStart","subtype":"script","name":"scripts message-script","previousOperationId":"zzqdnmjzg7mk7j4","timestamp":1646168752124,"id":"0a4zg8892th3blt","previousEventId":"5lz9a2p1dj13lp7","operationId":"zdffrv16nfgaz17"}
{"type":"operationEnd","operationId":"zdffrv16nfgaz17","timestamp":1646168752131,"id":"3nikdp86tarcty5","previousEventId":"0qsj1f468cypaeh","previousOperationId":"qee1i10x6urzl66"}
{"type":"operationEnd","operationId":"zzqdnmjzg7mk7j4","timestamp":1646168752131,"id":"3rn0843hh979dsg","previousEventId":"3nikdp86tarcty5","previousOperationId":"qee1i10x6urzl66"}
{"type":"log","timestamp":1646168752132,"level":"debug","message":"Base url not specified, skipping its injection.","meta":{"rootId":"9rws5ryq3ysvv79","id":"9rws5ryq3ysvv79"},"id":"4cwnmb8b8c1o499","operationId":"lsmsnz8j4b9raq8","previousOperationId":"zzqdnmjzg7mk7j4"}
{"type":"operationStart","subtype":"engine","name":"handlebars","timestamp":1646168752132,"id":"adrousz2612hahn","previousEventId":"3rn0843hh979dsg","operationId":"8l0odrdna6dhcyl","previousOperationId":"zzqdnmjzg7mk7j4"}
{"type":"log","timestamp":1646168752132,"level":"debug","message":"Rendering engine handlebars","meta":{"rootId":"9rws5ryq3ysvv79","id":"9rws5ryq3ysvv79"},"id":"h6ydbaaxcek3w0e","operationId":"lbxenjdjw7iexwl","previousOperationId":"8l0odrdna6dhcyl"}
{"type":"operationEnd","operationId":"8l0odrdna6dhcyl","timestamp":1646168752166,"id":"aise05jpbtkwq3j","previousEventId":"adrousz2612hahn","previousOperationId":"8l0odrdna6dhcyl"}
{"type":"operationStart","subtype":"recipe","name":"chrome-pdf","timestamp":1646168752166,"id":"wu8al7qxeh1i1oc","previousEventId":"aise05jpbtkwq3j","operationId":"w3k8rgxhg1fekyw","previousOperationId":"8l0odrdna6dhcyl"}
{"type":"log","timestamp":1646168752166,"level":"debug","message":"Executing recipe chrome-pdf","meta":{"rootId":"9rws5ryq3ysvv79","id":"9rws5ryq3ysvv79"},"id":"gxjf8ucb5vfmm4k","operationId":"qwh7m9xgqyg6t9t","previousOperationId":"w3k8rgxhg1fekyw"}
{"type":"log","timestamp":1646168752170,"level":"debug","message":"Converting with chrome HeadlessChrome/98.0.4758.0 using chrome-pool strategy","meta":{"rootId":"9rws5ryq3ysvv79","id":"9rws5ryq3ysvv79"},"id":"5zjsp2k3gq6zjzf","operationId":"otpwhwfr4dh2fnv","previousOperationId":"w3k8rgxhg1fekyw"}
{"type":"log","timestamp":1646168752381,"level":"debug","message":"Page request: GET (document) file:///C:/Users/asore/AppData/Local/Temp/jsreport/autocleanup/6011e19f-117d-4901-8e6a-d25bdb092536-chrome-pdf.html","meta":{"rootId":"9rws5ryq3ysvv79","id":"9rws5ryq3ysvv79"},"id":"3qmsk9x4v2kk5md","operationId":"61t2clufbkr6zd0","previousOperationId":"w3k8rgxhg1fekyw"}
{"type":"log","timestamp":1646168752389,"level":"debug","message":"Page request finished: GET (document) file:///C:/Users/asore/AppData/Local/Temp/jsreport/autocleanup/6011e19f-117d-4901-8e6a-d25bdb092536-chrome-pdf.html","meta":{"rootId":"9rws5ryq3ysvv79","id":"9rws5ryq3ysvv79"},"id":"d3j4s2t0s17ms6e","operationId":"ut7yzywy8bfyfg4","previousOperationId":"w3k8rgxhg1fekyw"}
{"type":"log","timestamp":1646168752390,"level":"debug","message":"Page request: GET (stylesheet) https://cdnjs.cloudflare.com/ajax/libs/metro/4.1.5/css/metro.min.css","meta":{"rootId":"9rws5ryq3ysvv79","id":"9rws5ryq3ysvv79"},"id":"y00konmlk4vri62","operationId":"jclgvbox02atghg","previousOperationId":"w3k8rgxhg1fekyw"}
{"type":"log","timestamp":1646168752415,"level":"debug","message":"Page request finished: GET (stylesheet) 200 https://cdnjs.cloudflare.com/ajax/libs/metro/4.1.5/css/metro.min.css","meta":{"rootId":"9rws5ryq3ysvv79","id":"9rws5ryq3ysvv79"},"id":"v2d0naadplxvhdl","operationId":"y1w1fvr7in2jjwh","previousOperationId":"w3k8rgxhg1fekyw"}
{"type":"log","timestamp":1646168752450,"level":"debug","message":"Running chrome with params {\"printBackground\":true,\"displayHeaderFooter\":true,\"timeout\":60000,\"margin\":{}}","meta":{"rootId":"9rws5ryq3ysvv79","id":"9rws5ryq3ysvv79"},"id":"10vy07h3teb9fro","operationId":"bl8wr7w3jbw5vyf","previousOperationId":"w3k8rgxhg1fekyw"}
{"type":"operationEnd","operationId":"w3k8rgxhg1fekyw","timestamp":1646168752594,"id":"vbptrbkpq2nwimo","previousEventId":"wu8al7qxeh1i1oc","previousOperationId":"w3k8rgxhg1fekyw"}
{"type":"log","timestamp":1646168752594,"level":"debug","message":"Skipping storing report.","meta":{"rootId":"9rws5ryq3ysvv79","id":"9rws5ryq3ysvv79"},"id":"npnqj3hiqbeife1","operationId":"6n2fenvp5noh2k2","previousOperationId":"w3k8rgxhg1fekyw"}
{"type":"log","timestamp":1646168752594,"level":"info","message":"Rendering request 2 finished in 487 ms","meta":{"rootId":"9rws5ryq3ysvv79","id":"9rws5ryq3ysvv79"},"id":"cbtu0f304c1eg8g","operationId":"c4nd551jzou0xdv","previousOperationId":"w3k8rgxhg1fekyw"}
{"type":"operationEnd","subtype":"render","operationId":"qee1i10x6urzl66","timestamp":1646168752594,"id":"1287bjnh760qhdl","previousEventId":"vbptrbkpq2nwimo","previousOperationId":"w3k8rgxhg1fekyw"}
