{"type":"operationStart","subtype":"render","name":"ReportMessage.pdf","previousOperationId":null,"profileId":"ZMEvvZ3JpABKljMG","timestamp":1645817172867,"id":"vbydbu1xan2egoy","operationId":"hb26n4xnveaj7nv"}
{"type":"log","timestamp":1645817172867,"level":"info","message":"Starting rendering request 4 (user: null)","meta":{"rootId":"atopyhcjpsofkqh","id":"atopyhcjpsofkqh"},"id":"9p5a93z2h3ygh7v","operationId":"b5l0pbch8vd8fu6","previousOperationId":"hb26n4xnveaj7nv"}
{"type":"log","timestamp":1645817172867,"level":"info","message":"Rendering template { name: ReportMessage.pdf, recipe: chrome-pdf, engine: handlebars, preview: false }","meta":{"rootId":"atopyhcjpsofkqh","id":"atopyhcjpsofkqh"},"id":"foukaqiy9ru25bh","operationId":"93uccxqm4oy5xnt","previousOperationId":"hb26n4xnveaj7nv"}
{"type":"log","timestamp":1645817172868,"level":"debug","message":"Data item not defined for this template.","meta":{"rootId":"atopyhcjpsofkqh","id":"atopyhcjpsofkqh"},"id":"nwfhteh4nh9q1ti","operationId":"rbbpzm12pnplnq0","previousOperationId":"hb26n4xnveaj7nv"}
{"type":"log","timestamp":1645817172871,"level":"debug","message":"Executing script message-script (beforeRender)","meta":{"rootId":"atopyhcjpsofkqh","id":"atopyhcjpsofkqh"},"id":"ymfdo70wqcnx0sx","operationId":"rix7bsk8d8a0sgv","previousOperationId":"hb26n4xnveaj7nv"}
{"type":"operationStart","subtype":"scriptsBeforeRender","name":"scripts beforeRender","timestamp":1645817172883,"id":"h7sfaq7x6ilmgq9","previousEventId":"vbydbu1xan2egoy","operationId":"zutiv1feqx5fr2s","previousOperationId":"hb26n4xnveaj7nv"}
{"type":"operationStart","subtype":"script","name":"scripts message-script","previousOperationId":"zutiv1feqx5fr2s","timestamp":1645817172883,"id":"mfbxmtip0iauz3a","previousEventId":"h7sfaq7x6ilmgq9","operationId":"ccqcx5sd2xre0e8"}
{"type":"operationEnd","operationId":"ccqcx5sd2xre0e8","timestamp":1645817172887,"id":"zy3ybudzmageef7","previousEventId":"vbydbu1xan2egoy","previousOperationId":"hb26n4xnveaj7nv"}
{"type":"operationEnd","operationId":"zutiv1feqx5fr2s","timestamp":1645817172887,"id":"0uk5wdceinbx8sb","previousEventId":"zy3ybudzmageef7","previousOperationId":"hb26n4xnveaj7nv"}
{"type":"log","timestamp":1645817172887,"level":"debug","message":"Base url not specified, skipping its injection.","meta":{"rootId":"atopyhcjpsofkqh","id":"atopyhcjpsofkqh"},"id":"jyngjqx33u36qau","operationId":"9bb5iqkg5obuxkd","previousOperationId":"zutiv1feqx5fr2s"}
{"type":"operationStart","subtype":"engine","name":"handlebars","timestamp":1645817172887,"id":"9aoj5w1y8tq91v5","previousEventId":"0uk5wdceinbx8sb","operationId":"sroz6vkcogtif4w","previousOperationId":"zutiv1feqx5fr2s"}
{"type":"log","timestamp":1645817172887,"level":"debug","message":"Rendering engine handlebars","meta":{"rootId":"atopyhcjpsofkqh","id":"atopyhcjpsofkqh"},"id":"9v1jzaadqetdb7q","operationId":"t68oqiwu4s2x51d","previousOperationId":"sroz6vkcogtif4w"}
{"type":"operationEnd","operationId":"sroz6vkcogtif4w","timestamp":1645817172899,"id":"zk6oaihwy1cjze3","previousEventId":"9aoj5w1y8tq91v5","previousOperationId":"sroz6vkcogtif4w"}
{"type":"operationStart","subtype":"recipe","name":"chrome-pdf","timestamp":1645817172900,"id":"c4b9dflbm90q5lk","previousEventId":"zk6oaihwy1cjze3","operationId":"cxeg2wfpcf8f8rn","previousOperationId":"sroz6vkcogtif4w"}
{"type":"log","timestamp":1645817172900,"level":"debug","message":"Executing recipe chrome-pdf","meta":{"rootId":"atopyhcjpsofkqh","id":"atopyhcjpsofkqh"},"id":"wau0uaxzqj2hwuh","operationId":"6edd8b0vpi09zq3","previousOperationId":"cxeg2wfpcf8f8rn"}
{"type":"log","timestamp":1645817172902,"level":"debug","message":"Converting with chrome HeadlessChrome/98.0.4758.0 using chrome-pool strategy","meta":{"rootId":"atopyhcjpsofkqh","id":"atopyhcjpsofkqh"},"id":"qlcjsamtcdtyair","operationId":"53x9sdhojrh1upl","previousOperationId":"cxeg2wfpcf8f8rn"}
{"type":"log","timestamp":1645817172992,"level":"debug","message":"Page request: GET (document) file:///C:/Users/ALUMNA~4/AppData/Local/Temp/jsreport/autocleanup/97e21bc8-3537-45bd-84ba-9f6acf5aca9c-chrome-pdf.html","meta":{"rootId":"atopyhcjpsofkqh","id":"atopyhcjpsofkqh"},"id":"wbm3cqmszgmi0w0","operationId":"s6jchl54no3xdqe","previousOperationId":"cxeg2wfpcf8f8rn"}
{"type":"log","timestamp":1645817173000,"level":"debug","message":"Page request finished: GET (document) file:///C:/Users/ALUMNA~4/AppData/Local/Temp/jsreport/autocleanup/97e21bc8-3537-45bd-84ba-9f6acf5aca9c-chrome-pdf.html","meta":{"rootId":"atopyhcjpsofkqh","id":"atopyhcjpsofkqh"},"id":"ae0niy8ppleo8q4","operationId":"sj2ojalwoe5y2eh","previousOperationId":"cxeg2wfpcf8f8rn"}
{"type":"log","timestamp":1645817173001,"level":"debug","message":"Page request: GET (stylesheet) https://cdnjs.cloudflare.com/ajax/libs/metro/4.1.5/css/metro.min.css","meta":{"rootId":"atopyhcjpsofkqh","id":"atopyhcjpsofkqh"},"id":"c2c61aduoz4iju1","operationId":"bi4mxnvdl1gvig5","previousOperationId":"cxeg2wfpcf8f8rn"}
{"type":"log","timestamp":1645817173025,"level":"debug","message":"Page request finished: GET (stylesheet) 200 https://cdnjs.cloudflare.com/ajax/libs/metro/4.1.5/css/metro.min.css","meta":{"rootId":"atopyhcjpsofkqh","id":"atopyhcjpsofkqh"},"id":"jessekkvqiyjg87","operationId":"xhj3m0b2zhtxpbl","previousOperationId":"cxeg2wfpcf8f8rn"}
{"type":"log","timestamp":1645817173058,"level":"debug","message":"Running chrome with params {\"printBackground\":true,\"displayHeaderFooter\":true,\"timeout\":60000,\"margin\":{}}","meta":{"rootId":"atopyhcjpsofkqh","id":"atopyhcjpsofkqh"},"id":"rl7kg77214nwkp7","operationId":"0wuxfyrrrri7t1b","previousOperationId":"cxeg2wfpcf8f8rn"}
{"type":"operationEnd","operationId":"cxeg2wfpcf8f8rn","timestamp":1645817173204,"id":"ptajjr4z7d4x45d","previousEventId":"c4b9dflbm90q5lk","previousOperationId":"cxeg2wfpcf8f8rn"}
{"type":"log","timestamp":1645817173204,"level":"debug","message":"Skipping storing report.","meta":{"rootId":"atopyhcjpsofkqh","id":"atopyhcjpsofkqh"},"id":"au6jlgyx3pkzp8f","operationId":"xjprvun3wjhfnh7","previousOperationId":"cxeg2wfpcf8f8rn"}
{"type":"log","timestamp":1645817173204,"level":"info","message":"Rendering request 4 finished in 337 ms","meta":{"rootId":"atopyhcjpsofkqh","id":"atopyhcjpsofkqh"},"id":"88u8s72mhhi4mcv","operationId":"jjgl8amo0e41ia8","previousOperationId":"cxeg2wfpcf8f8rn"}
{"type":"operationEnd","subtype":"render","operationId":"hb26n4xnveaj7nv","timestamp":1645817173204,"id":"lhmlz914078mrq1","previousEventId":"ptajjr4z7d4x45d","previousOperationId":"cxeg2wfpcf8f8rn"}
