{"type":"operationStart","subtype":"render","name":"ReportMessage.pdf","previousOperationId":null,"profileId":"CilgErVDmrw7vQvn","timestamp":1645815001405,"id":"lu4owl57yea9ipy","operationId":"qb020vqtbdcl0bo"}
{"type":"log","timestamp":1645815001406,"level":"info","message":"Starting rendering request 1 (user: null)","meta":{"rootId":"crm8ied4zilg9vy","id":"crm8ied4zilg9vy"},"id":"qs3npq77qqjvbo5","operationId":"u2hykpl5x3lq7f3","previousOperationId":"qb020vqtbdcl0bo"}
{"type":"log","timestamp":1645815001407,"level":"info","message":"Rendering template { name: ReportMessage.pdf, recipe: chrome-pdf, engine: handlebars, preview: true }","meta":{"rootId":"crm8ied4zilg9vy","id":"crm8ied4zilg9vy"},"id":"atcqrfp5f3e4lk2","operationId":"z56l4ju9mxuoyuu","previousOperationId":"qb020vqtbdcl0bo"}
{"type":"log","timestamp":1645815001408,"level":"debug","message":"Data item not defined for this template.","meta":{"rootId":"crm8ied4zilg9vy","id":"crm8ied4zilg9vy"},"id":"ttr4m5cdoryz4rb","operationId":"8bu2tcx8s99i9qm","previousOperationId":"qb020vqtbdcl0bo"}
{"type":"log","timestamp":1645815001411,"level":"debug","message":"Executing script message-script (beforeRender)","meta":{"rootId":"crm8ied4zilg9vy","id":"crm8ied4zilg9vy"},"id":"ifxanf3c3mlp29n","operationId":"0e0aga0gmtxtnfq","previousOperationId":"qb020vqtbdcl0bo"}
{"type":"operationStart","subtype":"scriptsBeforeRender","name":"scripts beforeRender","timestamp":1645815001725,"id":"nldh9c6fsfhm6sx","previousEventId":"lu4owl57yea9ipy","operationId":"yvxn7nkjhg5rle9","previousOperationId":"qb020vqtbdcl0bo"}
{"type":"operationStart","subtype":"script","name":"scripts message-script","previousOperationId":"yvxn7nkjhg5rle9","timestamp":1645815001725,"id":"vw2ibcm01hf9dhe","previousEventId":"nldh9c6fsfhm6sx","operationId":"blh40m2guh110qq"}
{"type":"operationEnd","operationId":"blh40m2guh110qq","timestamp":1645815001748,"id":"kkb21o7rd7m36jx","previousEventId":"lu4owl57yea9ipy","previousOperationId":"qb020vqtbdcl0bo"}
{"type":"operationEnd","operationId":"yvxn7nkjhg5rle9","timestamp":1645815001748,"id":"pf6jv1i3fpvmixa","previousEventId":"kkb21o7rd7m36jx","previousOperationId":"qb020vqtbdcl0bo"}
{"type":"log","timestamp":1645815001748,"level":"debug","message":"Base url not specified, skipping its injection.","meta":{"rootId":"crm8ied4zilg9vy","id":"crm8ied4zilg9vy"},"id":"qpwrk633t632vix","operationId":"ygz06tzot1mkdpc","previousOperationId":"yvxn7nkjhg5rle9"}
{"type":"operationStart","subtype":"engine","name":"handlebars","timestamp":1645815001749,"id":"ui69e5c75f4gnej","previousEventId":"pf6jv1i3fpvmixa","operationId":"uiutldjy73qx2se","previousOperationId":"yvxn7nkjhg5rle9"}
{"type":"log","timestamp":1645815001749,"level":"debug","message":"Rendering engine handlebars","meta":{"rootId":"crm8ied4zilg9vy","id":"crm8ied4zilg9vy"},"id":"ho335tmb1t4x9f3","operationId":"1y6ck8zw5tea9ld","previousOperationId":"uiutldjy73qx2se"}
{"type":"operationEnd","operationId":"uiutldjy73qx2se","timestamp":1645815001904,"id":"5r2kpm74ao330uw","previousEventId":"ui69e5c75f4gnej","previousOperationId":"uiutldjy73qx2se"}
{"type":"operationStart","subtype":"recipe","name":"chrome-pdf","timestamp":1645815001905,"id":"2n7ojm2q9owzhmm","previousEventId":"5r2kpm74ao330uw","operationId":"pmg9a5adqe76hr2","previousOperationId":"uiutldjy73qx2se"}
{"type":"log","timestamp":1645815001905,"level":"debug","message":"Executing recipe chrome-pdf","meta":{"rootId":"crm8ied4zilg9vy","id":"crm8ied4zilg9vy"},"id":"r51bhgqsvuj2gqf","operationId":"naavz5pe74w2rqq","previousOperationId":"pmg9a5adqe76hr2"}
{"type":"log","timestamp":1645815002186,"level":"debug","message":"Converting with chrome HeadlessChrome/98.0.4758.0 using chrome-pool strategy","meta":{"rootId":"crm8ied4zilg9vy","id":"crm8ied4zilg9vy"},"id":"burom6n1b605oce","operationId":"lgv7s1o0zo9ld9o","previousOperationId":"pmg9a5adqe76hr2"}
{"type":"log","timestamp":1645815002305,"level":"debug","message":"Page request: GET (document) file:///C:/Users/ALUMNA~4/AppData/Local/Temp/jsreport/autocleanup/fed24d35-47a5-4096-b7e2-bfaaf32bfc5e-chrome-pdf.html","meta":{"rootId":"crm8ied4zilg9vy","id":"crm8ied4zilg9vy"},"id":"hhkfissw0slnvr7","operationId":"4rziuwwqs1qydk9","previousOperationId":"pmg9a5adqe76hr2"}
{"type":"log","timestamp":1645815002323,"level":"debug","message":"Page request finished: GET (document) file:///C:/Users/ALUMNA~4/AppData/Local/Temp/jsreport/autocleanup/fed24d35-47a5-4096-b7e2-bfaaf32bfc5e-chrome-pdf.html","meta":{"rootId":"crm8ied4zilg9vy","id":"crm8ied4zilg9vy"},"id":"sw66swig6zqe8c8","operationId":"0b6q4uuvbp01fij","previousOperationId":"pmg9a5adqe76hr2"}
{"type":"log","timestamp":1645815002324,"level":"debug","message":"Page request: GET (stylesheet) https://cdnjs.cloudflare.com/ajax/libs/metro/4.1.5/css/metro.min.css","meta":{"rootId":"crm8ied4zilg9vy","id":"crm8ied4zilg9vy"},"id":"wwf97gxs1ioyh75","operationId":"0p54o8s6o8mn2i4","previousOperationId":"pmg9a5adqe76hr2"}
{"type":"log","timestamp":1645815002571,"level":"debug","message":"Page request finished: GET (stylesheet) 200 https://cdnjs.cloudflare.com/ajax/libs/metro/4.1.5/css/metro.min.css","meta":{"rootId":"crm8ied4zilg9vy","id":"crm8ied4zilg9vy"},"id":"lv6ovb7anto3jy8","operationId":"p36de288rimq7s3","previousOperationId":"pmg9a5adqe76hr2"}
{"type":"log","timestamp":1645815002605,"level":"debug","message":"Running chrome with params {\"printBackground\":true,\"displayHeaderFooter\":true,\"timeout\":60000,\"margin\":{}}","meta":{"rootId":"crm8ied4zilg9vy","id":"crm8ied4zilg9vy"},"id":"htdjnpuhk01us2l","operationId":"und6ydpidhmpmc3","previousOperationId":"pmg9a5adqe76hr2"}
{"type":"operationEnd","operationId":"pmg9a5adqe76hr2","timestamp":1645815002748,"id":"bjlxpzudsj1pn8q","previousEventId":"2n7ojm2q9owzhmm","previousOperationId":"pmg9a5adqe76hr2"}
{"type":"log","timestamp":1645815002749,"level":"debug","message":"Skipping storing report.","meta":{"rootId":"crm8ied4zilg9vy","id":"crm8ied4zilg9vy"},"id":"0vewhjtn46jsmjr","operationId":"6pvm6qf5glschi4","previousOperationId":"pmg9a5adqe76hr2"}
{"type":"log","timestamp":1645815002749,"level":"info","message":"Rendering request 1 finished in 1344 ms","meta":{"rootId":"crm8ied4zilg9vy","id":"crm8ied4zilg9vy"},"id":"cv4xo3kkbi4q3yo","operationId":"sq8s6df5guk7mlf","previousOperationId":"pmg9a5adqe76hr2"}
{"type":"operationEnd","subtype":"render","operationId":"qb020vqtbdcl0bo","timestamp":1645815002750,"id":"rckm5ttucqr7yfm","previousEventId":"bjlxpzudsj1pn8q","previousOperationId":"pmg9a5adqe76hr2"}
