{"type":"operationStart","subtype":"render","name":"ReportMessage.pdf","previousOperationId":null,"profileId":"lDgPqfKDheGiRHMY","timestamp":1646246268122,"id":"0xnb83x0ce2vjfz","operationId":"zw4jie50qbrasnq"}
{"type":"log","timestamp":1646246268122,"level":"info","message":"Starting rendering request 2 (user: null)","meta":{"rootId":"oi4lxki6xijx4vn","id":"oi4lxki6xijx4vn"},"id":"bxoswn2v1y1kwhp","operationId":"xe95jku06hukc47","previousOperationId":"zw4jie50qbrasnq"}
{"type":"log","timestamp":1646246268122,"level":"info","message":"Rendering template { name: ReportMessage.pdf, recipe: chrome-pdf, engine: handlebars, preview: false }","meta":{"rootId":"oi4lxki6xijx4vn","id":"oi4lxki6xijx4vn"},"id":"5d8rwjp9qn6i4nh","operationId":"qk569mie2y6mrtv","previousOperationId":"zw4jie50qbrasnq"}
{"type":"log","timestamp":1646246268123,"level":"debug","message":"Data item not defined for this template.","meta":{"rootId":"oi4lxki6xijx4vn","id":"oi4lxki6xijx4vn"},"id":"w1roafb8ks92v6e","operationId":"3f9u1vg7loyt4iq","previousOperationId":"zw4jie50qbrasnq"}
{"type":"log","timestamp":1646246268126,"level":"debug","message":"Executing script message-script (beforeRender)","meta":{"rootId":"oi4lxki6xijx4vn","id":"oi4lxki6xijx4vn"},"id":"qhs2t2nud0lpxuy","operationId":"zmbgkbpg2q4c77o","previousOperationId":"zw4jie50qbrasnq"}
{"type":"operationStart","subtype":"scriptsBeforeRender","name":"scripts beforeRender","timestamp":1646246268142,"id":"30siq4i70qaysgw","previousEventId":"0xnb83x0ce2vjfz","operationId":"ggppsi1x6exlzvn","previousOperationId":"zw4jie50qbrasnq"}
{"type":"operationStart","subtype":"script","name":"scripts message-script","previousOperationId":"ggppsi1x6exlzvn","timestamp":1646246268142,"id":"toacut1svh0yc5s","previousEventId":"30siq4i70qaysgw","operationId":"f794votowqz6q44"}
{"type":"operationEnd","operationId":"f794votowqz6q44","timestamp":1646246268147,"id":"jy79lxy96a7qywd","previousEventId":"0xnb83x0ce2vjfz","previousOperationId":"zw4jie50qbrasnq"}
{"type":"operationEnd","operationId":"ggppsi1x6exlzvn","timestamp":1646246268147,"id":"od2w232bj62dfnu","previousEventId":"jy79lxy96a7qywd","previousOperationId":"zw4jie50qbrasnq"}
{"type":"log","timestamp":1646246268148,"level":"debug","message":"Base url not specified, skipping its injection.","meta":{"rootId":"oi4lxki6xijx4vn","id":"oi4lxki6xijx4vn"},"id":"ypraay9olkmvj5h","operationId":"1qilx5tx72r80d5","previousOperationId":"ggppsi1x6exlzvn"}
{"type":"operationStart","subtype":"engine","name":"handlebars","timestamp":1646246268148,"id":"81c4spbg60s6npj","previousEventId":"od2w232bj62dfnu","operationId":"qclsyofn48fdkih","previousOperationId":"ggppsi1x6exlzvn"}
{"type":"log","timestamp":1646246268148,"level":"debug","message":"Rendering engine handlebars","meta":{"rootId":"oi4lxki6xijx4vn","id":"oi4lxki6xijx4vn"},"id":"7loowf8t0z10q1t","operationId":"67pdliaf10x496d","previousOperationId":"qclsyofn48fdkih"}
{"type":"operationEnd","operationId":"qclsyofn48fdkih","timestamp":1646246268166,"id":"6ddkrx08dt9kkrh","previousEventId":"81c4spbg60s6npj","previousOperationId":"qclsyofn48fdkih"}
{"type":"operationStart","subtype":"recipe","name":"chrome-pdf","timestamp":1646246268166,"id":"a2awlblz27dlabt","previousEventId":"6ddkrx08dt9kkrh","operationId":"zabblzlqfzhz0mq","previousOperationId":"qclsyofn48fdkih"}
{"type":"log","timestamp":1646246268166,"level":"debug","message":"Executing recipe chrome-pdf","meta":{"rootId":"oi4lxki6xijx4vn","id":"oi4lxki6xijx4vn"},"id":"4tcb4b8h7iz2e9h","operationId":"jjcwywocar6r6xm","previousOperationId":"zabblzlqfzhz0mq"}
{"type":"log","timestamp":1646246268172,"level":"debug","message":"Converting with chrome HeadlessChrome/98.0.4758.0 using chrome-pool strategy","meta":{"rootId":"oi4lxki6xijx4vn","id":"oi4lxki6xijx4vn"},"id":"18jjv8nd4kkygpz","operationId":"6c67rbvmqfu0svu","previousOperationId":"zabblzlqfzhz0mq"}
{"type":"log","timestamp":1646246268274,"level":"debug","message":"Page request: GET (document) file:///C:/Users/ALUMNA~4/AppData/Local/Temp/jsreport/autocleanup/8ff809b5-0950-44a2-92eb-8c68141ae828-chrome-pdf.html","meta":{"rootId":"oi4lxki6xijx4vn","id":"oi4lxki6xijx4vn"},"id":"qrsjvtxs57jcmpg","operationId":"yhdxilihat2u6kw","previousOperationId":"zabblzlqfzhz0mq"}
{"type":"log","timestamp":1646246268294,"level":"debug","message":"Page request finished: GET (document) file:///C:/Users/ALUMNA~4/AppData/Local/Temp/jsreport/autocleanup/8ff809b5-0950-44a2-92eb-8c68141ae828-chrome-pdf.html","meta":{"rootId":"oi4lxki6xijx4vn","id":"oi4lxki6xijx4vn"},"id":"qys3qlef7agdh9g","operationId":"hxoi1sgixkrusck","previousOperationId":"zabblzlqfzhz0mq"}
{"type":"log","timestamp":1646246268295,"level":"debug","message":"Page request: GET (stylesheet) https://cdnjs.cloudflare.com/ajax/libs/metro/4.1.5/css/metro.min.css","meta":{"rootId":"oi4lxki6xijx4vn","id":"oi4lxki6xijx4vn"},"id":"np38sdg4wgk7nhx","operationId":"ewypi0vld5omvrb","previousOperationId":"zabblzlqfzhz0mq"}
{"type":"log","timestamp":1646246268322,"level":"debug","message":"Page request finished: GET (stylesheet) 200 https://cdnjs.cloudflare.com/ajax/libs/metro/4.1.5/css/metro.min.css","meta":{"rootId":"oi4lxki6xijx4vn","id":"oi4lxki6xijx4vn"},"id":"u2waef1fg1c6pla","operationId":"aeop1durgg33pho","previousOperationId":"zabblzlqfzhz0mq"}
{"type":"log","timestamp":1646246268383,"level":"debug","message":"Running chrome with params {\"printBackground\":true,\"displayHeaderFooter\":true,\"timeout\":60000,\"margin\":{}}","meta":{"rootId":"oi4lxki6xijx4vn","id":"oi4lxki6xijx4vn"},"id":"odw8cvr40zwyxbh","operationId":"fzuprbl0jod95q8","previousOperationId":"zabblzlqfzhz0mq"}
{"type":"operationEnd","operationId":"zabblzlqfzhz0mq","timestamp":1646246268581,"id":"uc2zrxw2m0dlucu","previousEventId":"a2awlblz27dlabt","previousOperationId":"zabblzlqfzhz0mq"}
{"type":"log","timestamp":1646246268581,"level":"debug","message":"Skipping storing report.","meta":{"rootId":"oi4lxki6xijx4vn","id":"oi4lxki6xijx4vn"},"id":"p1qblpoc6auf3nr","operationId":"yf1dje4p44asoid","previousOperationId":"zabblzlqfzhz0mq"}
{"type":"log","timestamp":1646246268581,"level":"info","message":"Rendering request 2 finished in 459 ms","meta":{"rootId":"oi4lxki6xijx4vn","id":"oi4lxki6xijx4vn"},"id":"pfabh4ma1k2v0dq","operationId":"hh84ydimn6jkysz","previousOperationId":"zabblzlqfzhz0mq"}
{"type":"operationEnd","subtype":"render","operationId":"zw4jie50qbrasnq","timestamp":1646246268581,"id":"v3e34e9b5own4f6","previousEventId":"uc2zrxw2m0dlucu","previousOperationId":"zabblzlqfzhz0mq"}
