{"type":"operationStart","subtype":"render","name":"ReportMessage.pdf","previousOperationId":null,"profileId":"dBT9VdJg45ResMFj","timestamp":1645815488064,"id":"rt8glqu0ly7itd3","operationId":"0mw3rg0o79akol8"}
{"type":"log","timestamp":1645815488065,"level":"info","message":"Starting rendering request 1 (user: null)","meta":{"rootId":"pd4tvi8ii1nsvqb","id":"pd4tvi8ii1nsvqb"},"id":"jc2nmhii36xzkrx","operationId":"asz0eqfs31o17v0","previousOperationId":"0mw3rg0o79akol8"}
{"type":"log","timestamp":1645815488067,"level":"info","message":"Rendering template { name: ReportMessage.pdf, recipe: chrome-pdf, engine: handlebars, preview: false }","meta":{"rootId":"pd4tvi8ii1nsvqb","id":"pd4tvi8ii1nsvqb"},"id":"8u9a741ifs3h9sa","operationId":"6ba0fascka88989","previousOperationId":"0mw3rg0o79akol8"}
{"type":"log","timestamp":1645815488069,"level":"debug","message":"Data item not defined for this template.","meta":{"rootId":"pd4tvi8ii1nsvqb","id":"pd4tvi8ii1nsvqb"},"id":"ogly6853d3w1gyj","operationId":"ltnd1f2n6v2thw3","previousOperationId":"0mw3rg0o79akol8"}
{"type":"log","timestamp":1645815488072,"level":"debug","message":"Executing script message-script (beforeRender)","meta":{"rootId":"pd4tvi8ii1nsvqb","id":"pd4tvi8ii1nsvqb"},"id":"js88y6pv8zf3p34","operationId":"bshaxpyeeleq97h","previousOperationId":"0mw3rg0o79akol8"}
{"type":"operationStart","subtype":"scriptsBeforeRender","name":"scripts beforeRender","timestamp":1645815488387,"id":"iyq9rrv0q4hqk37","previousEventId":"rt8glqu0ly7itd3","operationId":"mx8ymynjl8umbwa","previousOperationId":"0mw3rg0o79akol8"}
{"type":"operationStart","subtype":"script","name":"scripts message-script","previousOperationId":"mx8ymynjl8umbwa","timestamp":1645815488387,"id":"f2fvmugkvjmjfsb","previousEventId":"iyq9rrv0q4hqk37","operationId":"7ax1o8w9axw390s"}
{"type":"operationEnd","operationId":"7ax1o8w9axw390s","timestamp":1645815488408,"id":"gdldosff9qiby95","previousEventId":"rt8glqu0ly7itd3","previousOperationId":"0mw3rg0o79akol8"}
{"type":"operationEnd","operationId":"mx8ymynjl8umbwa","timestamp":1645815488408,"id":"5rdf45ohw9p7hax","previousEventId":"gdldosff9qiby95","previousOperationId":"0mw3rg0o79akol8"}
{"type":"log","timestamp":1645815488408,"level":"debug","message":"Base url not specified, skipping its injection.","meta":{"rootId":"pd4tvi8ii1nsvqb","id":"pd4tvi8ii1nsvqb"},"id":"lsfwj9895gquer4","operationId":"9c0iv5eem01drw1","previousOperationId":"mx8ymynjl8umbwa"}
{"type":"operationStart","subtype":"engine","name":"handlebars","timestamp":1645815488409,"id":"3jy1k1p7xvzl0sn","previousEventId":"5rdf45ohw9p7hax","operationId":"nmx6dvhl4scnv68","previousOperationId":"mx8ymynjl8umbwa"}
{"type":"log","timestamp":1645815488409,"level":"debug","message":"Rendering engine handlebars","meta":{"rootId":"pd4tvi8ii1nsvqb","id":"pd4tvi8ii1nsvqb"},"id":"9352dsgesdifygz","operationId":"vun70qqqsru4tsm","previousOperationId":"nmx6dvhl4scnv68"}
{"type":"operationEnd","operationId":"nmx6dvhl4scnv68","timestamp":1645815488554,"id":"qu95xy493t0i9d7","previousEventId":"3jy1k1p7xvzl0sn","previousOperationId":"nmx6dvhl4scnv68"}
{"type":"operationStart","subtype":"recipe","name":"chrome-pdf","timestamp":1645815488555,"id":"fpoa860ey6wvfj1","previousEventId":"qu95xy493t0i9d7","operationId":"43ej0egvvsfti8j","previousOperationId":"nmx6dvhl4scnv68"}
{"type":"log","timestamp":1645815488555,"level":"debug","message":"Executing recipe chrome-pdf","meta":{"rootId":"pd4tvi8ii1nsvqb","id":"pd4tvi8ii1nsvqb"},"id":"8c2j8jhb6hr4xnn","operationId":"pwe9ykru50g5cjx","previousOperationId":"43ej0egvvsfti8j"}
{"type":"log","timestamp":1645815488874,"level":"debug","message":"Converting with chrome HeadlessChrome/98.0.4758.0 using chrome-pool strategy","meta":{"rootId":"pd4tvi8ii1nsvqb","id":"pd4tvi8ii1nsvqb"},"id":"4h3ssu3xj4djgti","operationId":"71ew5aklnffialq","previousOperationId":"43ej0egvvsfti8j"}
{"type":"log","timestamp":1645815489002,"level":"debug","message":"Page request: GET (document) file:///C:/Users/ALUMNA~4/AppData/Local/Temp/jsreport/autocleanup/1779b2dd-5ec2-4510-af82-83c2f2110651-chrome-pdf.html","meta":{"rootId":"pd4tvi8ii1nsvqb","id":"pd4tvi8ii1nsvqb"},"id":"9128g2yukk0mqx3","operationId":"nohlake7c3jkev1","previousOperationId":"43ej0egvvsfti8j"}
{"type":"log","timestamp":1645815489021,"level":"debug","message":"Page request finished: GET (document) file:///C:/Users/ALUMNA~4/AppData/Local/Temp/jsreport/autocleanup/1779b2dd-5ec2-4510-af82-83c2f2110651-chrome-pdf.html","meta":{"rootId":"pd4tvi8ii1nsvqb","id":"pd4tvi8ii1nsvqb"},"id":"xyo6vcqkrnvx3l0","operationId":"0pa39htath1sm95","previousOperationId":"43ej0egvvsfti8j"}
{"type":"log","timestamp":1645815489022,"level":"debug","message":"Page request: GET (stylesheet) https://cdnjs.cloudflare.com/ajax/libs/metro/4.1.5/css/metro.min.css","meta":{"rootId":"pd4tvi8ii1nsvqb","id":"pd4tvi8ii1nsvqb"},"id":"gr8brnmqj6bdydq","operationId":"up5cfyzt8891rug","previousOperationId":"43ej0egvvsfti8j"}
{"type":"log","timestamp":1645815489345,"level":"debug","message":"Page request finished: GET (stylesheet) 200 https://cdnjs.cloudflare.com/ajax/libs/metro/4.1.5/css/metro.min.css","meta":{"rootId":"pd4tvi8ii1nsvqb","id":"pd4tvi8ii1nsvqb"},"id":"cnr0vojdzwkurzj","operationId":"ss3mekzbuueoxnb","previousOperationId":"43ej0egvvsfti8j"}
{"type":"log","timestamp":1645815489381,"level":"debug","message":"Running chrome with params {\"printBackground\":true,\"displayHeaderFooter\":true,\"timeout\":60000,\"margin\":{}}","meta":{"rootId":"pd4tvi8ii1nsvqb","id":"pd4tvi8ii1nsvqb"},"id":"wcuys3pdhl3xn8h","operationId":"ipwxind0ny6ioid","previousOperationId":"43ej0egvvsfti8j"}
{"type":"operationEnd","operationId":"43ej0egvvsfti8j","timestamp":1645815489527,"id":"btiydon9p0z5pzb","previousEventId":"fpoa860ey6wvfj1","previousOperationId":"43ej0egvvsfti8j"}
{"type":"log","timestamp":1645815489528,"level":"debug","message":"Skipping storing report.","meta":{"rootId":"pd4tvi8ii1nsvqb","id":"pd4tvi8ii1nsvqb"},"id":"ey54dp1peq4jfml","operationId":"ig5ztkuot44f1on","previousOperationId":"43ej0egvvsfti8j"}
{"type":"log","timestamp":1645815489528,"level":"info","message":"Rendering request 1 finished in 1463 ms","meta":{"rootId":"pd4tvi8ii1nsvqb","id":"pd4tvi8ii1nsvqb"},"id":"d5eq9zizhx6eb7t","operationId":"era36zxc7qrief1","previousOperationId":"43ej0egvvsfti8j"}
{"type":"operationEnd","subtype":"render","operationId":"0mw3rg0o79akol8","timestamp":1645815489529,"id":"19jftqysbc025kw","previousEventId":"btiydon9p0z5pzb","previousOperationId":"43ej0egvvsfti8j"}
