{"type":"operationStart","subtype":"render","name":"ReportMessage.pdf","previousOperationId":null,"profileId":"TdbJf7jFwt8WHmJL","timestamp":1645816327022,"id":"so2yjo6upp9ikr7","operationId":"3guetbukbbdej8w"}
{"type":"log","timestamp":1645816327022,"level":"info","message":"Starting rendering request 2 (user: null)","meta":{"rootId":"unf1hfso3itdrv3","id":"unf1hfso3itdrv3"},"id":"56sulls0r5ssdez","operationId":"gs0svnrdgpk8ajr","previousOperationId":"3guetbukbbdej8w"}
{"type":"log","timestamp":1645816327023,"level":"info","message":"Rendering template { name: ReportMessage.pdf, recipe: chrome-pdf, engine: handlebars, preview: false }","meta":{"rootId":"unf1hfso3itdrv3","id":"unf1hfso3itdrv3"},"id":"5vc50w4w67zkwbv","operationId":"lwajpyxw7samixi","previousOperationId":"3guetbukbbdej8w"}
{"type":"log","timestamp":1645816327024,"level":"debug","message":"Data item not defined for this template.","meta":{"rootId":"unf1hfso3itdrv3","id":"unf1hfso3itdrv3"},"id":"242t9rogscppkyl","operationId":"vzebxbud8pm6xkv","previousOperationId":"3guetbukbbdej8w"}
{"type":"log","timestamp":1645816327027,"level":"debug","message":"Executing script message-script (beforeRender)","meta":{"rootId":"unf1hfso3itdrv3","id":"unf1hfso3itdrv3"},"id":"73co0hlvq3z8qg2","operationId":"p1udqqpmwam8ike","previousOperationId":"3guetbukbbdej8w"}
{"type":"operationStart","subtype":"scriptsBeforeRender","name":"scripts beforeRender","timestamp":1645816327046,"id":"5zq3hvyf0691wzo","previousEventId":"so2yjo6upp9ikr7","operationId":"u7uba8x525pxjak","previousOperationId":"3guetbukbbdej8w"}
{"type":"operationStart","subtype":"script","name":"scripts message-script","previousOperationId":"u7uba8x525pxjak","timestamp":1645816327046,"id":"7lf4sg05m5ss54x","previousEventId":"5zq3hvyf0691wzo","operationId":"06dam7lw7c4kbj9"}
{"type":"operationEnd","operationId":"06dam7lw7c4kbj9","timestamp":1645816327051,"id":"77zpvxzvr3evzqi","previousEventId":"so2yjo6upp9ikr7","previousOperationId":"3guetbukbbdej8w"}
{"type":"operationEnd","operationId":"u7uba8x525pxjak","timestamp":1645816327051,"id":"aadf219sjt7otl9","previousEventId":"77zpvxzvr3evzqi","previousOperationId":"3guetbukbbdej8w"}
{"type":"log","timestamp":1645816327052,"level":"debug","message":"Base url not specified, skipping its injection.","meta":{"rootId":"unf1hfso3itdrv3","id":"unf1hfso3itdrv3"},"id":"2s4d7h0xushdtub","operationId":"y5qmw5etdq5jrof","previousOperationId":"u7uba8x525pxjak"}
{"type":"operationStart","subtype":"engine","name":"handlebars","timestamp":1645816327052,"id":"5zp5k11tllxgx9y","previousEventId":"aadf219sjt7otl9","operationId":"loto8bndslsoxyg","previousOperationId":"u7uba8x525pxjak"}
{"type":"log","timestamp":1645816327052,"level":"debug","message":"Rendering engine handlebars","meta":{"rootId":"unf1hfso3itdrv3","id":"unf1hfso3itdrv3"},"id":"qhbgltxdeyppdjd","operationId":"5wwjwdp41mgo0v0","previousOperationId":"loto8bndslsoxyg"}
{"type":"operationEnd","operationId":"loto8bndslsoxyg","timestamp":1645816327097,"id":"nd7dke24cbqoymd","previousEventId":"5zp5k11tllxgx9y","previousOperationId":"loto8bndslsoxyg"}
{"type":"operationStart","subtype":"recipe","name":"chrome-pdf","timestamp":1645816327097,"id":"oe2h2dfl5me073k","previousEventId":"nd7dke24cbqoymd","operationId":"kkezslcmsotfgmx","previousOperationId":"loto8bndslsoxyg"}
{"type":"log","timestamp":1645816327097,"level":"debug","message":"Executing recipe chrome-pdf","meta":{"rootId":"unf1hfso3itdrv3","id":"unf1hfso3itdrv3"},"id":"nnj6xkscddo978b","operationId":"qj4j7ubzsgk4i3i","previousOperationId":"kkezslcmsotfgmx"}
{"type":"log","timestamp":1645816327124,"level":"debug","message":"Converting with chrome HeadlessChrome/98.0.4758.0 using chrome-pool strategy","meta":{"rootId":"unf1hfso3itdrv3","id":"unf1hfso3itdrv3"},"id":"5ehkzxnrpwn4tst","operationId":"vxq95baeiulteon","previousOperationId":"kkezslcmsotfgmx"}
{"type":"log","timestamp":1645816327243,"level":"debug","message":"Page request: GET (document) file:///C:/Users/ALUMNA~4/AppData/Local/Temp/jsreport/autocleanup/936b9355-6b53-49d5-b48b-2c096e668bee-chrome-pdf.html","meta":{"rootId":"unf1hfso3itdrv3","id":"unf1hfso3itdrv3"},"id":"8rh2k4ok1fo6k86","operationId":"0sis0jjsfmy134n","previousOperationId":"kkezslcmsotfgmx"}
{"type":"log","timestamp":1645816327264,"level":"debug","message":"Page request finished: GET (document) file:///C:/Users/ALUMNA~4/AppData/Local/Temp/jsreport/autocleanup/936b9355-6b53-49d5-b48b-2c096e668bee-chrome-pdf.html","meta":{"rootId":"unf1hfso3itdrv3","id":"unf1hfso3itdrv3"},"id":"075yu9x00tw6zbz","operationId":"1xpsfgv3cg3cv36","previousOperationId":"kkezslcmsotfgmx"}
{"type":"log","timestamp":1645816327273,"level":"debug","message":"Page request: GET (stylesheet) https://cdnjs.cloudflare.com/ajax/libs/metro/4.1.5/css/metro.min.css","meta":{"rootId":"unf1hfso3itdrv3","id":"unf1hfso3itdrv3"},"id":"3k78pbnerhcdq3p","operationId":"pjruabfxlob3su5","previousOperationId":"kkezslcmsotfgmx"}
{"type":"log","timestamp":1645816327307,"level":"debug","message":"Page request finished: GET (stylesheet) 200 https://cdnjs.cloudflare.com/ajax/libs/metro/4.1.5/css/metro.min.css","meta":{"rootId":"unf1hfso3itdrv3","id":"unf1hfso3itdrv3"},"id":"ymr96okc4szzztl","operationId":"60o3qdb9wtzps0q","previousOperationId":"kkezslcmsotfgmx"}
{"type":"log","timestamp":1645816327364,"level":"debug","message":"Running chrome with params {\"printBackground\":true,\"displayHeaderFooter\":true,\"timeout\":60000,\"margin\":{}}","meta":{"rootId":"unf1hfso3itdrv3","id":"unf1hfso3itdrv3"},"id":"a79vfils8gvdoba","operationId":"q0z8r9f6s4cbzi1","previousOperationId":"kkezslcmsotfgmx"}
{"type":"operationEnd","operationId":"kkezslcmsotfgmx","timestamp":1645816327679,"id":"7758mzfv91ouulc","previousEventId":"oe2h2dfl5me073k","previousOperationId":"kkezslcmsotfgmx"}
{"type":"log","timestamp":1645816327679,"level":"debug","message":"Skipping storing report.","meta":{"rootId":"unf1hfso3itdrv3","id":"unf1hfso3itdrv3"},"id":"zs0vxn2dd3cz3n3","operationId":"c47vuviavy12c50","previousOperationId":"kkezslcmsotfgmx"}
{"type":"log","timestamp":1645816327679,"level":"info","message":"Rendering request 2 finished in 657 ms","meta":{"rootId":"unf1hfso3itdrv3","id":"unf1hfso3itdrv3"},"id":"l2325fabtqt319a","operationId":"ytck6cjftjut6ah","previousOperationId":"kkezslcmsotfgmx"}
{"type":"operationEnd","subtype":"render","operationId":"3guetbukbbdej8w","timestamp":1645816327679,"id":"xrp7p1dmv9epxir","previousEventId":"7758mzfv91ouulc","previousOperationId":"kkezslcmsotfgmx"}
